Copyright 1986-2017 Xilinx, Inc. All Rights Reserved.
---------------------------------------------------------------------------------------------------
| Tool Version : Vivado v.2017.3 (lin64) Build 2018833 Wed Oct  4 19:58:07 MDT 2017
| Date         : Tue Dec 18 06:50:45 2018
| Host         : travis-job-9e271fa3-a23e-4a73-9014-84d83f0c61d9 running 64-bit Ubuntu 14.04.5 LTS
| Command      : report_utilization -hierarchical -file top_utilization_hierarchical_place.rpt
| Design       : top
| Device       : 7a35tcsg324-1
| Design State : Fully Placed
---------------------------------------------------------------------------------------------------

Utilization Design Information

Table of Contents
-----------------
1. Utilization by Hierarchy

1. Utilization by Hierarchy
---------------------------

+------------+----------+------------+------------+---------+------+------+--------+--------+--------------+
|  Instance  |  Module  | Total LUTs | Logic LUTs | LUTRAMs | SRLs |  FFs | RAMB36 | RAMB18 | DSP48 Blocks |
+------------+----------+------------+------------+---------+------+------+--------+--------+--------------+
| top        |    (top) |       3519 |       3285 |     232 |    2 | 2880 |     16 |     17 |            0 |
|   (top)    |    (top) |       2178 |       2032 |     144 |    2 | 2399 |     16 |     17 |            0 |
|   picorv32 | picorv32 |       1341 |       1253 |      88 |    0 |  481 |      0 |      0 |            0 |
+------------+----------+------------+------------+---------+------+------+--------+--------+--------------+
* Note: The sum of lower-level cells may be larger than their parent cells total, due to cross-hierarchy LUT combining


