Copyright 1986-2017 Xilinx, Inc. All Rights Reserved.
--------------------------------------------------------------------------------------------------------------
| Tool Version : Vivado v.2017.3 (lin64) Build 2018833 Wed Oct  4 19:58:07 MDT 2017
| Date         : Sun Nov 18 01:07:13 2018
| Host         : travis-job-timvideos-hdmi2usb-litex-456468519.travisci.net running 64-bit Ubuntu 14.04.5 LTS
| Command      : report_utilization -hierarchical -file top_utilization_hierarchical_synth.rpt
| Design       : top
| Device       : 7a35tcsg324-1
| Design State : Synthesized
--------------------------------------------------------------------------------------------------------------

Utilization Design Information

Table of Contents
-----------------
1. Utilization by Hierarchy

1. Utilization by Hierarchy
---------------------------

+------------------------+------------------+------------+------------+---------+------+------+--------+--------+--------------+
|        Instance        |      Module      | Total LUTs | Logic LUTs | LUTRAMs | SRLs |  FFs | RAMB36 | RAMB18 | DSP48 Blocks |
+------------------------+------------------+------------+------------+---------+------+------+--------+--------+--------------+
| top                    |            (top) |       4316 |       4146 |     168 |    2 | 3851 |     17 |     25 |            4 |
|   (top)                |            (top) |       2186 |       2040 |     144 |    2 | 2399 |     16 |     17 |            0 |
|   VexRiscv             |         VexRiscv |       2130 |       2106 |      24 |    0 | 1452 |      1 |      8 |            4 |
|     (VexRiscv)         |         VexRiscv |        769 |        769 |       0 |    0 |  931 |      0 |      2 |            4 |
|     dataCache_1        |        DataCache |       1213 |       1189 |      24 |    0 |  456 |      0 |      5 |            0 |
|     instructionCache_1 | InstructionCache |        149 |        149 |       0 |    0 |   65 |      1 |      1 |            0 |
+------------------------+------------------+------------+------------+---------+------+------+--------+--------+--------------+


