Copyright 1986-2017 Xilinx, Inc. All Rights Reserved.
---------------------------------------------------------------------------------------------------
| Tool Version : Vivado v.2017.3 (lin64) Build 2018833 Wed Oct  4 19:58:07 MDT 2017
| Date         : Wed Jul  3 05:36:57 2019
| Host         : travis-job-ed5bf32b-abad-49e2-ad1c-dc695406088b running 64-bit Ubuntu 14.04.5 LTS
| Command      : report_utilization -hierarchical -file top_utilization_hierarchical_synth.rpt
| Design       : top
| Device       : 7a50tfgg484-1
| Design State : Synthesized
---------------------------------------------------------------------------------------------------

Utilization Design Information

Table of Contents
-----------------
1. Utilization by Hierarchy

1. Utilization by Hierarchy
---------------------------

+----------------+-------------------+------------+------------+---------+------+------+--------+--------+--------------+
|    Instance    |       Module      | Total LUTs | Logic LUTs | LUTRAMs | SRLs |  FFs | RAMB36 | RAMB18 | DSP48 Blocks |
+----------------+-------------------+------------+------------+---------+------+------+--------+--------+--------------+
| top            |             (top) |       4926 |       4652 |     272 |    2 | 3963 |     26 |     27 |            0 |
|   (top)        |             (top) |       2576 |       2390 |     184 |    2 | 2790 |     26 |     27 |            0 |
|   picorv32     |          picorv32 |       2350 |       2262 |      88 |    0 | 1173 |      0 |      0 |            0 |
|     (picorv32) |          picorv32 |       1701 |       1613 |      88 |    0 |  718 |      0 |      0 |            0 |
|     pcpi_div   | picorv32_pcpi_div |        374 |        374 |       0 |    0 |  200 |      0 |      0 |            0 |
|     pcpi_mul   | picorv32_pcpi_mul |        275 |        275 |       0 |    0 |  255 |      0 |      0 |            0 |
+----------------+-------------------+------------+------------+---------+------+------+--------+--------+--------------+


