Copyright 1986-2017 Xilinx, Inc. All Rights Reserved.
---------------------------------------------------------------------------------------------------
| Tool Version : Vivado v.2017.3 (lin64) Build 2018833 Wed Oct  4 19:58:07 MDT 2017
| Date         : Mon Jun  3 04:46:18 2019
| Host         : travis-job-06809262-b794-42ee-a16f-cd0ae6a58286 running 64-bit Ubuntu 14.04.5 LTS
| Command      : report_utilization -hierarchical -file top_utilization_hierarchical_place.rpt
| Design       : top
| Device       : 7a35tcsg324-1
| Design State : Fully Placed
---------------------------------------------------------------------------------------------------

Utilization Design Information

Table of Contents
-----------------
1. Utilization by Hierarchy

1. Utilization by Hierarchy
---------------------------

+----------------------------+------------------+------------+------------+---------+------+------+--------+--------+--------------+
|          Instance          |      Module      | Total LUTs | Logic LUTs | LUTRAMs | SRLs |  FFs | RAMB36 | RAMB18 | DSP48 Blocks |
+----------------------------+------------------+------------+------------+---------+------+------+--------+--------+--------------+
| top                        |            (top) |       4983 |       4773 |     208 |    2 | 4364 |     19 |     35 |            4 |
|   (top)                    |            (top) |       2739 |       2553 |     184 |    2 | 2906 |     18 |     27 |            0 |
|   VexRiscv                 |         VexRiscv |       2244 |       2220 |      24 |    0 | 1458 |      1 |      8 |            4 |
|     (VexRiscv)             |         VexRiscv |        850 |        850 |       0 |    0 |  905 |      0 |      2 |            4 |
|     IBusCachedPlugin_cache | InstructionCache |        372 |        372 |       0 |    0 |   97 |      1 |      1 |            0 |
|     dataCache_1            |        DataCache |       1022 |        998 |      24 |    0 |  456 |      0 |      5 |            0 |
+----------------------------+------------------+------------+------------+---------+------+------+--------+--------+--------------+
* Note: The sum of lower-level cells may be larger than their parent cells total, due to cross-hierarchy LUT combining


