Copyright 1986-2017 Xilinx, Inc. All Rights Reserved.
---------------------------------------------------------------------------------------------------
| Tool Version : Vivado v.2017.3 (lin64) Build 2018833 Wed Oct  4 19:58:07 MDT 2017
| Date         : Sun Jun  2 21:57:41 2019
| Host         : travis-job-62d108a1-f2fc-457a-b88f-ef30f01569d4 running 64-bit Ubuntu 14.04.5 LTS
| Command      : report_utilization -hierarchical -file top_utilization_hierarchical_synth.rpt
| Design       : top
| Device       : 7a35tcsg324-1
| Design State : Synthesized
---------------------------------------------------------------------------------------------------

Utilization Design Information

Table of Contents
-----------------
1. Utilization by Hierarchy

1. Utilization by Hierarchy
---------------------------

+----------------+-------------------+------------+------------+---------+------+------+--------+--------+--------------+
|    Instance    |       Module      | Total LUTs | Logic LUTs | LUTRAMs | SRLs |  FFs | RAMB36 | RAMB18 | DSP48 Blocks |
+----------------+-------------------+------------+------------+---------+------+------+--------+--------+--------------+
| top            |             (top) |       4427 |       4193 |     232 |    2 | 3560 |     16 |     17 |            0 |
|   (top)        |             (top) |       2166 |       2020 |     144 |    2 | 2401 |     16 |     17 |            0 |
|   picorv32     |          picorv32 |       2261 |       2173 |      88 |    0 | 1159 |      0 |      0 |            0 |
|     (picorv32) |          picorv32 |       1611 |       1523 |      88 |    0 |  704 |      0 |      0 |            0 |
|     pcpi_div   | picorv32_pcpi_div |        377 |        377 |       0 |    0 |  200 |      0 |      0 |            0 |
|     pcpi_mul   | picorv32_pcpi_mul |        273 |        273 |       0 |    0 |  255 |      0 |      0 |            0 |
+----------------+-------------------+------------+------------+---------+------+------+--------+--------+--------------+


