Copyright 1986-2017 Xilinx, Inc. All Rights Reserved.
--------------------------------------------------------------------------------------------------------------
| Tool Version : Vivado v.2017.3 (lin64) Build 2018833 Wed Oct  4 19:58:07 MDT 2017
| Date         : Fri Dec  8 01:37:50 2017
| Host         : travis-job-timvideos-hdmi2usb-litex-313239407.travisci.net running 64-bit Ubuntu 14.04.5 LTS
| Command      : report_control_sets -verbose -file top_control_sets.rpt
| Design       : top
| Device       : xc7a200t
--------------------------------------------------------------------------------------------------------------

Control Set Information

Table of Contents
-----------------
1. Summary
2. Flip-Flop Distribution
3. Detailed Control Set Information

1. Summary
----------

+----------------------------------------------------------+-------+
|                          Status                          | Count |
+----------------------------------------------------------+-------+
| Number of unique control sets                            |   180 |
| Unused register locations in slices containing registers |   349 |
+----------------------------------------------------------+-------+


2. Flip-Flop Distribution
-------------------------

+--------------+-----------------------+------------------------+-----------------+--------------+
| Clock Enable | Synchronous Set/Reset | Asynchronous Set/Reset | Total Registers | Total Slices |
+--------------+-----------------------+------------------------+-----------------+--------------+
| No           | No                    | No                     |             184 |           83 |
| No           | No                    | Yes                    |               8 |            4 |
| No           | Yes                   | No                     |             718 |          319 |
| Yes          | No                    | No                     |             324 |          109 |
| Yes          | No                    | Yes                    |               0 |            0 |
| Yes          | Yes                   | No                     |            1969 |          645 |
+--------------+-----------------------+------------------------+-----------------+--------------+


3. Detailed Control Set Information
-----------------------------------

+--------------+-----------------------------------------------------------------------------------------------+------------------------------------------------------+------------------+----------------+
| Clock Signal |                                         Enable Signal                                         |                   Set/Reset Signal                   | Slice Load Count | Bel Load Count |
+--------------+-----------------------------------------------------------------------------------------------+------------------------------------------------------+------------------+----------------+
|  clk200_clk  |                                                                                               |                                                      |                1 |              1 |
|  sys_clk     | netsoc_i_i_1_n_0                                                                              | sys_rst                                              |                1 |              1 |
|  sys_clk     | netsoc_oled_spi_pads_mosi                                                                     | sys_rst                                              |                1 |              1 |
|  sys_clk     | serial_tx_i_1_n_0                                                                             | sys_rst                                              |                1 |              1 |
|  sys_clk     | netsoc_oled_spimaster_set_clk                                                                 | netsoc_oled_spi_pads_clk_i_1_n_0                     |                1 |              1 |
|  clk200_clk  |                                                                                               | xilinxasyncresetsynchronizerimpl0                    |                1 |              2 |
|  sys_clk     | lm32_cpu/instruction_unit/icache/refill_offset[3]_i_1_n_0                                     | sys_rst                                              |                2 |              2 |
|  sys_clk     |                                                                                               | xilinxasyncresetsynchronizerimpl0                    |                1 |              2 |
|  eth_tx_clk  |                                                                                               | ethphy_reset0                                        |                1 |              2 |
|  eth_rx_clk  |                                                                                               | ethphy_reset0                                        |                1 |              2 |
|  sys_clk     |                                                                                               | netsoc_oled_spi_pads_clk_i_1_n_0                     |                1 |              4 |
|  clk200_clk  | netsoc_reset_counter[3]_i_1_n_0                                                               | clk200_rst                                           |                1 |              4 |
|  sys_clk     | netsoc_csrbank6_bitbang0_re                                                                   | sys_rst                                              |                3 |              4 |
|  eth_rx_clk  | clockdomainsrenamer1_state                                                                    | ethmac_rx_gap_checker_counter_reset                  |                1 |              4 |
|  sys_clk     | netsoc_csrbank4_gpio_out0_re                                                                  | sys_rst                                              |                1 |              4 |
|  sys_clk     | multiplexer_next_state                                                                        | sys_rst                                              |                3 |              4 |
|  sys_clk     | netsoc_uart_phy_sink_ready1240_out                                                            | netsoc_uart_phy_tx_bitcount[3]_i_1_n_0               |                2 |              4 |
|  sys_clk     | netsoc_uart_tx_fifo_wrport_we__0                                                              | sys_rst                                              |                1 |              4 |
|  sys_clk     | netsoc_controllerinjector_counter[4]_i_2_n_0                                                  | netsoc_controllerinjector_counter[4]                 |                2 |              4 |
|  sys_clk     | netsoc_uart_phy_rx_bitcount[3]_i_2_n_0                                                        | netsoc_uart_phy_rx_bitcount[3]_i_1_n_0               |                1 |              4 |
|  eth_tx_clk  | clockdomainsrenamer0_state                                                                    | ethmac_tx_gap_inserter_sink_ready                    |                1 |              4 |
|  sys_clk     | lm32_cpu/instruction_unit/netsoc_controllerinjector_bankmachine6_level_reg[0][0]              | sys_rst                                              |                2 |              4 |
|  sys_clk     | lm32_cpu/instruction_unit/netsoc_controllerinjector_bankmachine5_level_reg[0][0]              | sys_rst                                              |                2 |              4 |
|  sys_clk     | netsoc_controllerinjector_time1[3]_i_1_n_0                                                    | sys_rst                                              |                1 |              4 |
|  sys_clk     | lm32_cpu/instruction_unit/netsoc_controllerinjector_bankmachine2_level_reg[0][0]              | sys_rst                                              |                1 |              4 |
|  sys_clk     |                                                                                               | netsoc_interface6_dat_r[3]_i_1_n_0                   |                2 |              4 |
|  sys_clk     | netsoc_uart_tx_fifo_do_read                                                                   | sys_rst                                              |                1 |              4 |
|  sys_clk     | lm32_cpu/instruction_unit/icache/state[3]_i_1_n_0                                             | sys_rst                                              |                1 |              4 |
|  sys_clk     | netsoc_uart_rx_fifo_wrport_we                                                                 | sys_rst                                              |                1 |              4 |
|  sys_clk     | netsoc_uart_rx_fifo_do_read                                                                   | sys_rst                                              |                1 |              4 |
|  sys_clk     | lm32_cpu/instruction_unit/netsoc_controllerinjector_bankmachine0_level_reg[0][0]              | sys_rst                                              |                1 |              4 |
|  sys_clk     | lm32_cpu/instruction_unit/netsoc_controllerinjector_bankmachine1_level_reg[0][0]              | sys_rst                                              |                1 |              4 |
|  sys_clk     | lm32_cpu/instruction_unit/netsoc_controllerinjector_bankmachine7_level_reg[0][0]              | sys_rst                                              |                1 |              4 |
|  sys_clk     | lm32_cpu/instruction_unit/netsoc_controllerinjector_bankmachine4_level_reg[0][0]              | sys_rst                                              |                2 |              4 |
|  sys_clk     | lm32_cpu/instruction_unit/netsoc_controllerinjector_bankmachine3_level_reg[0][0]              | sys_rst                                              |                1 |              4 |
|  sys_clk     | netsoc_controllerinjector_time0[4]_i_1_n_0                                                    | sys_rst                                              |                2 |              5 |
|  sys_clk     | netsoc_uart_rx_fifo_level[4]_i_1_n_0                                                          | sys_rst                                              |                2 |              5 |
|  sys_clk     | netsoc_uart_tx_fifo_level[4]_i_1_n_0                                                          | sys_rst                                              |                1 |              5 |
|  sys_clk     | lm32_cpu/load_store_unit/dcache/memories[0].data_memories.way_0_data_ram/byte_enable_m_reg[0] | lm32_cpu/load_store_unit/dcache/SR[0]                |                3 |              6 |
|  sys_clk     | netsoc_csrbank5_dfii_pi0_command0_re                                                          | sys_rst                                              |                2 |              6 |
|  sys_clk     | netsoc_csrbank5_dfii_pi1_command0_re                                                          | sys_rst                                              |                2 |              6 |
|  sys_clk     | netsoc_csrbank5_dfii_control0_re                                                              | sys_rst                                              |                2 |              6 |
|  sys_clk     | netsoc_csrbank5_dfii_pi3_command0_re                                                          | sys_rst                                              |                2 |              6 |
|  sys_clk     | netsoc_csrbank5_dfii_pi2_command0_re                                                          | sys_rst                                              |                3 |              6 |
|  sys_clk     | netsoc_controllerinjector_phaseinjector3_address_storage_full[14]_i_1_n_0                     | sys_rst                                              |                2 |              7 |
|  sys_clk     | netsoc_info_dna_cnt[6]_i_1_n_0                                                                | sys_rst                                              |                2 |              7 |
|  sys_clk     | netsoc_controllerinjector_phaseinjector1_address_storage_full[14]_i_1_n_0                     | sys_rst                                              |                2 |              7 |
|  sys_clk     | netsoc_controllerinjector_phaseinjector0_address_storage_full[14]_i_1_n_0                     | sys_rst                                              |                1 |              7 |
|  sys_clk     | netsoc_oled_spimaster_sr_mosi[7]                                                              | sys_rst                                              |                1 |              7 |
|  sys_clk     | netsoc_controllerinjector_phaseinjector2_address_storage_full[14]_i_1_n_0                     | sys_rst                                              |                2 |              7 |
|  sys_clk     | netsoc_controllerinjector_phaseinjector1_wrdata_storage_full[31]_i_1_n_0                      | sys_rst                                              |                3 |              8 |
|  sys_clk     | netsoc_controllerinjector_phaseinjector1_wrdata_storage_full[15]_i_1_n_0                      | sys_rst                                              |                3 |              8 |
|  sys_clk     | netsoc_csrbank4_spi_mosi0_re                                                                  | sys_rst                                              |                3 |              8 |
|  sys_clk     | netsoc_controllerinjector_phaseinjector1_wrdata_storage_full[7]_i_1_n_0                       | sys_rst                                              |                3 |              8 |
|  sys_clk     | netsoc_uart_phy_storage_full[31]_i_1_n_0                                                      | sys_rst                                              |                3 |              8 |
|  sys_clk     | netsoc_controllerinjector_phaseinjector0_wrdata_storage_full[23]_i_1_n_0                      | sys_rst                                              |                2 |              8 |
|  sys_clk     | netsoc_controllerinjector_phaseinjector1_address_storage_full[7]_i_1_n_0                      | sys_rst                                              |                2 |              8 |
|  sys_clk     | netsoc_controllerinjector_phaseinjector0_wrdata_storage_full[15]_i_1_n_0                      | sys_rst                                              |                3 |              8 |
|  sys_clk     | ethmac_reader_length_storage_full[7]_i_1_n_0                                                  | sys_rst                                              |                2 |              8 |
|  sys_clk     | netsoc_controllerinjector_phaseinjector3_wrdata_storage_full[23]_i_1_n_0                      | sys_rst                                              |                3 |              8 |
|  sys_clk     | netsoc_controllerinjector_phaseinjector0_wrdata_storage_full[7]_i_1_n_0                       | sys_rst                                              |                2 |              8 |
|  sys_clk     | netsoc_netsoc_load_storage_full[23]_i_1_n_0                                                   | sys_rst                                              |                5 |              8 |
|  sys_clk     | netsoc_netsoc_load_storage_full[31]_i_1_n_0                                                   | sys_rst                                              |                2 |              8 |
|  sys_clk     | netsoc_netsoc_load_storage_full[7]_i_1_n_0                                                    | sys_rst                                              |                2 |              8 |
|  sys_clk     | p_4_out[21]                                                                                   | sys_rst                                              |                5 |              8 |
|  sys_clk     | p_4_out[11]                                                                                   | sys_rst                                              |                1 |              8 |
|  sys_clk     | p_4_out[5]                                                                                    | sys_rst                                              |                2 |              8 |
|  sys_clk     | netsoc_csrbank4_spi_length0_re                                                                | sys_rst                                              |                2 |              8 |
|  sys_clk     | netsoc_controllerinjector_phaseinjector2_wrdata_storage_full[31]_i_1_n_0                      | sys_rst                                              |                3 |              8 |
|  sys_clk     | netsoc_controllerinjector_phaseinjector3_wrdata_storage_full[7]_i_1_n_0                       | sys_rst                                              |                6 |              8 |
|  sys_clk     | lm32_cpu/instruction_unit/E[0]                                                                | sys_rst                                              |                2 |              8 |
|  sys_clk     | lm32_cpu/instruction_unit/netsoc_sr_reg[31][0]                                                | sys_rst                                              |                3 |              8 |
|  sys_clk     | lm32_cpu/instruction_unit/icache/flush_set[7]_i_1_n_0                                         | sys_rst                                              |                3 |              8 |
|  sys_clk     | netsoc_oled_spimaster_inc_cnt                                                                 | netsoc_oled_spimaster_cnt[7]_i_1_n_0                 |                3 |              8 |
|  sys_clk     | lm32_cpu/load_store_unit/dcache/flush_set[7]_i_1__0_n_0                                       | sys_rst                                              |                3 |              8 |
|  sys_clk     |                                                                                               | netsoc_interface5_dat_r[7]_i_1_n_0                   |                7 |              8 |
|  sys_clk     | netsoc_controllerinjector_phaseinjector0_address_storage_full[7]_i_1_n_0                      | sys_rst                                              |                2 |              8 |
|  sys_clk     | netsoc_controllerinjector_phaseinjector0_wrdata_storage_full[31]_i_1_n_0                      | sys_rst                                              |                5 |              8 |
|  sys_clk     | netsoc_controllerinjector_phaseinjector1_wrdata_storage_full[23]_i_1_n_0                      | sys_rst                                              |                2 |              8 |
|  sys_clk     | netsoc_controllerinjector_phaseinjector2_address_storage_full[7]_i_1_n_0                      | sys_rst                                              |                2 |              8 |
|  sys_clk     | netsoc_bridge_length_ce                                                                       |                                                      |                3 |              8 |
|  sys_clk     |                                                                                               | netsoc_interface4_dat_r[7]_i_1_n_0                   |                3 |              8 |
|  sys_clk     | netsoc_uart_phy_storage_full[7]_i_1_n_0                                                       | sys_rst                                              |                1 |              8 |
|  sys_clk     | netsoc_controllerinjector_phaseinjector2_wrdata_storage_full[7]_i_1_n_0                       | sys_rst                                              |                2 |              8 |
|  sys_clk     | netsoc_controllerinjector_phaseinjector2_wrdata_storage_full[15]_i_1_n_0                      | sys_rst                                              |                1 |              8 |
|  sys_clk     | netsoc_uart_phy_rx_reg                                                                        | sys_rst                                              |                1 |              8 |
|  sys_clk     | netsoc_controllerinjector_phaseinjector2_wrdata_storage_full[23]_i_1_n_0                      | sys_rst                                              |                3 |              8 |
|  sys_clk     |                                                                                               | netsoc_interface1_dat_r[7]_i_1_n_0                   |                5 |              8 |
|  sys_clk     |                                                                                               | netsoc_interface3_dat_r[7]_i_1_n_0                   |                7 |              8 |
|  sys_clk     |                                                                                               | netsoc_interface9_dat_r[7]_i_1_n_0                   |                5 |              8 |
|  sys_clk     | netsoc_uart_phy_source_payload_data                                                           |                                                      |                2 |              8 |
|  sys_clk     | netsoc_controllerinjector_phaseinjector3_wrdata_storage_full[31]_i_1_n_0                      | sys_rst                                              |                3 |              8 |
|  sys_clk     |                                                                                               | netsoc_interface7_dat_r[7]_i_1_n_0                   |                7 |              8 |
|  sys_clk     | netsoc_controllerinjector_phaseinjector3_wrdata_storage_full[15]_i_1_n_0                      | sys_rst                                              |                4 |              8 |
|  sys_clk     |                                                                                               | netsoc_interface8_dat_r[7]_i_1_n_0                   |                2 |              8 |
|  sys_clk     | netsoc_controllerinjector_phaseinjector3_address_storage_full[7]_i_1_n_0                      | sys_rst                                              |                3 |              8 |
|  sys_clk     | netsoc_uart_phy_tx_reg[7]_i_1_n_0                                                             | sys_rst                                              |                3 |              8 |
|  sys_clk     | netsoc_bridge_cmd_ce                                                                          |                                                      |                2 |              8 |
|  sys_clk     | netsoc_netsoc_load_storage_full[15]_i_1_n_0                                                   | sys_rst                                              |                3 |              8 |
|  sys_clk     | netsoc_i                                                                                      | sys_rst                                              |                2 |              8 |
|  sys_clk     | p_4_out[27]                                                                                   | sys_rst                                              |                3 |              8 |
|  sys_clk     | netsoc_uart_phy_storage_full[15]_i_1_n_0                                                      | sys_rst                                              |                3 |              8 |
|  sys_clk     | netsoc_uart_phy_storage_full[23]_i_1_n_0                                                      | sys_rst                                              |                2 |              8 |
|  sys_clk     | ethphy_counter_ce                                                                             | sys_rst                                              |                3 |              9 |
|  eth_rx_clk  |                                                                                               | ethmac_crc32_checker_syncfifo_level                  |                3 |              9 |
|  eth_rx_clk  | ethmac_rx_converter_converter_source_payload_data[39]_i_1_n_0                                 |                                                      |                4 |             10 |
|  eth_rx_clk  | ethmac_rx_converter_converter_source_payload_data[19]_i_1_n_0                                 |                                                      |                3 |             10 |
|  sys_clk     | lm32_cpu/load_store_unit/dcache/memories[0].data_memories.way_0_data_ram/mem_reg_0            |                                                      |                5 |             10 |
|  sys_clk     | lm32_cpu/instruction_unit/pc_f_reg[2]_0[0]                                                    |                                                      |                5 |             10 |
|  sys_clk     |                                                                                               | netsoc_controllerinjector_count[9]_i_1_n_0           |                3 |             10 |
|  eth_rx_clk  | ethmac_rx_converter_converter_source_payload_data[29]_i_1_n_0                                 |                                                      |                3 |             10 |
|  eth_rx_clk  | ethmac_rx_converter_converter_source_payload_data[9]_i_1_n_0                                  |                                                      |                3 |             10 |
|  sys_clk     | netsoc_info_vccint_status                                                                     | sys_rst                                              |                3 |             12 |
|  sys_clk     | netsoc_info_temperature_status                                                                | sys_rst                                              |                5 |             12 |
|  sys_clk     | netsoc_info_vccbram_status                                                                    | sys_rst                                              |                3 |             12 |
|  sys_clk     | netsoc_info_vccaux_status                                                                     | sys_rst                                              |                3 |             12 |
|  sys_clk     | netsoc_sr[23]_i_1_n_0                                                                         | sys_rst                                              |                5 |             14 |
|  sys_clk     | netsoc_controllerinjector_bankmachine6_openrow                                                |                                                      |                5 |             15 |
|  eth_tx_clk  | ethmac_padding_inserter_counter_ce                                                            | ethmac_padding_inserter_counter[14]                  |                4 |             15 |
|  sys_clk     | netsoc_controllerinjector_bankmachine3_openrow                                                |                                                      |                4 |             15 |
|  sys_clk     | netsoc_controllerinjector_bankmachine0_openrow                                                |                                                      |                4 |             15 |
|  sys_clk     | netsoc_controllerinjector_bankmachine1_openrow                                                |                                                      |                4 |             15 |
|  sys_clk     | netsoc_controllerinjector_bankmachine2_openrow                                                |                                                      |                4 |             15 |
|  sys_clk     | netsoc_controllerinjector_bankmachine7_openrow                                                |                                                      |                6 |             15 |
|  sys_clk     | netsoc_controllerinjector_bankmachine5_openrow                                                |                                                      |                6 |             15 |
|  sys_clk     | netsoc_controllerinjector_bankmachine4_openrow                                                |                                                      |                6 |             15 |
|  sys_clk     | storage_14_reg_0_1_0_5_i_1_n_0                                                                |                                                      |                2 |             16 |
|  sys_clk     | netsoc_uart_rx_fifo_wrport_we                                                                 |                                                      |                2 |             16 |
|  sys_clk     | netsoc_uart_tx_fifo_wrport_we                                                                 |                                                      |                2 |             16 |
|  eth_rx_clk  | ethmac_crc32_checker_syncfifo_wrport_we                                                       |                                                      |                2 |             16 |
|  sys_clk     |                                                                                               | netsoc_controllerinjector_dfi_p1_address[14]_i_1_n_0 |                5 |             18 |
|  sys_clk     | ethmac_reader_counter_ce                                                                      | ethmac_reader_counter[10]_i_1_n_0                    |                6 |             18 |
|  sys_clk     |                                                                                               | netsoc_controllerinjector_dfi_p2_address[14]_i_1_n_0 |                6 |             18 |
|  eth_tx_clk  |                                                                                               | eth_tx_rst                                           |                9 |             21 |
|  eth_tx_clk  |                                                                                               |                                                      |                7 |             22 |
|  eth_rx_clk  |                                                                                               | eth_rx_rst                                           |                8 |             22 |
|  sys_clk     | lm32_cpu/load_store_unit/dcache/eba_reg[9][0]                                                 | sys_rst                                              |                7 |             23 |
|  sys_clk     | netsoc_controllerinjector_bandwidth_nwrites[0]_i_1_n_0                                        | netsoc_controllerinjector_bandwidth_nwrites          |                6 |             24 |
|  sys_clk     | sel                                                                                           | netsoc_bridge_count[0]_i_1_n_0                       |                6 |             24 |
|  sys_clk     | netsoc_controllerinjector_bandwidth_nreads                                                    | netsoc_controllerinjector_bandwidth_nwrites          |                6 |             24 |
|  eth_rx_clk  |                                                                                               |                                                      |                8 |             28 |
|  sys_clk     | lm32_cpu/load_store_unit/dcache/refill_address[31]_i_1_n_0                                    |                                                      |               11 |             28 |
|  sys_clk     | lm32_cpu/instruction_unit/icache/i_adr_o_reg[30]                                              | sys_rst                                              |                9 |             28 |
|  sys_clk     | lm32_cpu/load_store_unit/dcache/restart_address_reg[31][0]                                    | sys_rst                                              |                6 |             30 |
|  sys_clk     | netsoc_bridge_address_ce                                                                      |                                                      |               11 |             30 |
|  sys_clk     | lm32_cpu/instruction_unit/icache/refill_address[31]_i_1__0_n_0                                |                                                      |                8 |             30 |
|  sys_clk     |                                                                                               | netsoc_uart_phy_phase_accumulator_rx[30]_i_1_n_0     |                8 |             31 |
|  eth_tx_clk  | ethmac_crc32_inserter_ce                                                                      | ethmac_crc32_inserter_reg                            |               11 |             32 |
|  sys_clk     | lm32_cpu/load_store_unit/dcache/im_reg[31][0]                                                 | sys_rst                                              |               18 |             32 |
|  sys_clk     | lm32_cpu/instruction_unit/netsoc_controllerinjector_bankmachine0_openrow_reg[11]              |                                                      |                4 |             32 |
|  sys_clk     | lm32_cpu/instruction_unit/wb_load_complete                                                    | sys_rst                                              |                8 |             32 |
|  sys_clk     | lm32_cpu/instruction_unit/netsoc_controllerinjector_bankmachine5_openrow_reg[11]              |                                                      |                4 |             32 |
|  sys_clk     | ethmac_writer_counter_ce                                                                      | ethmac_writer_counter[0]_i_1_n_0                     |                8 |             32 |
|  sys_clk     | netsoc_netsoc_update_value_re                                                                 | sys_rst                                              |                6 |             32 |
|  eth_rx_clk  | ethmac_crc32_checker_crc_reg[31]_i_1_n_0                                                      | ethmac_crc32_checker_syncfifo_level                  |               14 |             32 |
|  sys_clk     | lm32_cpu/mc_arithmetic/result_x_reg[0]_0                                                      | sys_rst                                              |                7 |             32 |
|  sys_clk     | lm32_cpu/instruction_unit/icache_refill_data[31]_i_1_n_0                                      | sys_rst                                              |                8 |             32 |
|  sys_clk     | lm32_cpu/instruction_unit/netsoc_bridge_data_reg[0][0]                                        |                                                      |               10 |             32 |
|  sys_clk     | lm32_cpu/instruction_unit/netsoc_controllerinjector_bankmachine7_openrow_reg[11]              |                                                      |                4 |             32 |
|  sys_clk     | lm32_cpu/instruction_unit/netsoc_controllerinjector_bankmachine6_openrow_reg[11]              |                                                      |                4 |             32 |
|  sys_clk     | lm32_cpu/instruction_unit/netsoc_controllerinjector_bankmachine4_openrow_reg[11]              |                                                      |                4 |             32 |
|  sys_clk     | lm32_cpu/instruction_unit/netsoc_controllerinjector_bankmachine2_openrow_reg[11]              |                                                      |                4 |             32 |
|  sys_clk     | lm32_cpu/instruction_unit/netsoc_controllerinjector_bankmachine1_openrow_reg[11]              |                                                      |                4 |             32 |
|  sys_clk     | lm32_cpu/instruction_unit/netsoc_controllerinjector_bankmachine3_openrow_reg[11]              |                                                      |                4 |             32 |
|  sys_clk     |                                                                                               | netsoc_uart_phy_phase_accumulator_tx[31]_i_1_n_0     |                8 |             32 |
|  sys_clk     | lm32_cpu/load_store_unit/dcache/d_cyc_o6_out                                                  | sys_rst                                              |               11 |             32 |
|  sys_clk     | lm32_cpu/load_store_unit/dcache/d_cyc_o116_out                                                | sys_rst                                              |               14 |             32 |
|  sys_clk     | lm32_cpu/instruction_unit/b_reg[31][0]                                                        | sys_rst                                              |               11 |             32 |
|  sys_clk     | netsoc_controllerinjector_bandwidth_update_re                                                 | sys_rst                                              |               14 |             48 |
|  sys_clk     | ethmac_writer_fifo_wrport_we__0                                                               |                                                      |                6 |             48 |
|  sys_clk     | netsoc_controllerinjector_bandwidth_period                                                    | sys_rst                                              |               10 |             48 |
|  sys_clk     | netsoc_info_dna_status                                                                        | sys_rst                                              |               17 |             57 |
|  sys_clk     | lm32_cpu/mc_arithmetic/cycles[5]_i_1_n_0                                                      | sys_rst                                              |               23 |             70 |
|  sys_clk     | lm32_cpu/instruction_unit/pc_f_reg[2]_0[0]                                                    | sys_rst                                              |               34 |             92 |
|  sys_clk     | lm32_cpu/load_store_unit/dcache/reg_write_enable_q_w                                          |                                                      |               12 |             96 |
|  sys_clk     | netsoc_controllerinjector_inti_p0_rddata_valid                                                | sys_rst                                              |               46 |            128 |
|  sys_clk     |                                                                                               |                                                      |               69 |            135 |
|  sys_clk     | lm32_cpu/load_store_unit/dcache/memories[0].data_memories.way_0_data_ram/byte_enable_m_reg[0] | sys_rst                                              |               58 |            161 |
|  sys_clk     | lm32_cpu/load_store_unit/dcache/memories[0].data_memories.way_0_data_ram/mem_reg_0            | sys_rst                                              |               72 |            221 |
|  sys_clk     |                                                                                               | sys_rst                                              |              230 |            493 |
+--------------+-----------------------------------------------------------------------------------------------+------------------------------------------------------+------------------+----------------+


+--------+-----------------------+
| Fanout | Number of ControlSets |
+--------+-----------------------+
| 1      |                     5 |
| 2      |                     5 |
| 4      |                    25 |
| 5      |                     3 |
| 6      |                     6 |
| 7      |                     6 |
| 8      |                    53 |
| 9      |                     2 |
| 10     |                     7 |
| 12     |                     4 |
| 14     |                     1 |
| 15     |                     9 |
| 16+    |                    54 |
+--------+-----------------------+


