Copyright 1986-2017 Xilinx, Inc. All Rights Reserved.
---------------------------------------------------------------------------------------------------
| Tool Version : Vivado v.2017.3 (lin64) Build 2018833 Wed Oct  4 19:58:07 MDT 2017
| Date         : Fri May  3 02:11:31 2019
| Host         : travis-job-964eca3a-196f-4904-884b-45e7e13fcd11 running 64-bit Ubuntu 14.04.5 LTS
| Command      : report_utilization -hierarchical -file top_utilization_hierarchical_synth.rpt
| Design       : top
| Device       : 7a50tfgg484-1
| Design State : Synthesized
---------------------------------------------------------------------------------------------------

Utilization Design Information

Table of Contents
-----------------
1. Utilization by Hierarchy

1. Utilization by Hierarchy
---------------------------

+----------------------------+------------------+------------+------------+---------+------+------+--------+--------+--------------+
|          Instance          |      Module      | Total LUTs | Logic LUTs | LUTRAMs | SRLs |  FFs | RAMB36 | RAMB18 | DSP48 Blocks |
+----------------------------+------------------+------------+------------+---------+------+------+--------+--------+--------------+
| top                        |            (top) |       4234 |       4064 |     168 |    2 | 3752 |     25 |     25 |            4 |
|   (top)                    |            (top) |       2062 |       1916 |     144 |    2 | 2295 |     24 |     17 |            0 |
|   VexRiscv                 |         VexRiscv |       2172 |       2148 |      24 |    0 | 1457 |      1 |      8 |            4 |
|     (VexRiscv)             |         VexRiscv |        784 |        784 |       0 |    0 |  901 |      0 |      2 |            4 |
|     IBusCachedPlugin_cache | InstructionCache |        393 |        393 |       0 |    0 |  100 |      1 |      1 |            0 |
|     dataCache_1            |        DataCache |        995 |        971 |      24 |    0 |  456 |      0 |      5 |            0 |
+----------------------------+------------------+------------+------------+---------+------+------+--------+--------+--------------+


