Copyright 1986-2017 Xilinx, Inc. All Rights Reserved.
---------------------------------------------------------------------------------------------------
| Tool Version : Vivado v.2017.3 (lin64) Build 2018833 Wed Oct  4 19:58:07 MDT 2017
| Date         : Fri Oct 25 07:08:32 2019
| Host         : travis-job-5b58ad1d-2988-4955-8dc3-cd8aeb7eb568 running 64-bit Ubuntu 16.04.6 LTS
| Command      : report_control_sets -verbose -file top_control_sets.rpt
| Design       : top
| Device       : xc7a35t
---------------------------------------------------------------------------------------------------

Control Set Information

Table of Contents
-----------------
1. Summary
2. Flip-Flop Distribution
3. Detailed Control Set Information

1. Summary
----------

+----------------------------------------------------------+-------+
|                          Status                          | Count |
+----------------------------------------------------------+-------+
| Number of unique control sets                            |   177 |
| Unused register locations in slices containing registers |   341 |
+----------------------------------------------------------+-------+


2. Flip-Flop Distribution
-------------------------

+--------------+-----------------------+------------------------+-----------------+--------------+
| Clock Enable | Synchronous Set/Reset | Asynchronous Set/Reset | Total Registers | Total Slices |
+--------------+-----------------------+------------------------+-----------------+--------------+
| No           | No                    | No                     |              87 |           51 |
| No           | No                    | Yes                    |               4 |            2 |
| No           | Yes                   | No                     |             989 |          348 |
| Yes          | No                    | No                     |              55 |           17 |
| Yes          | No                    | Yes                    |               0 |            0 |
| Yes          | Yes                   | No                     |            2260 |          725 |
+--------------+-----------------------+------------------------+-----------------+--------------+


3. Detailed Control Set Information
-----------------------------------

+--------------+-------------------------------------------------------------------------------------------+-----------------------------------------------------------+------------------+----------------+
| Clock Signal |                                       Enable Signal                                       |                      Set/Reset Signal                     | Slice Load Count | Bel Load Count |
+--------------+-------------------------------------------------------------------------------------------+-----------------------------------------------------------+------------------+----------------+
|  clk200_clk  |                                                                                           |                                                           |                1 |              1 |
|  sys_clk     | spiflash_i_i_1_n_0                                                                        | sys_rst                                                   |                1 |              1 |
|  sys_clk     |                                                                                           | basesoc_sdram_tccdcon_ready_i_1_n_0                       |                1 |              1 |
|  sys_clk     | basesoc_sdram_tfawcon_ready_reg014_in                                                     | basesoc_sdram_tfawcon_ready_i_1_n_0                       |                1 |              1 |
|  sys_clk     | serial_tx_i_1_n_0                                                                         | sys_rst                                                   |                1 |              1 |
|  clk200_clk  |                                                                                           | xilinxasyncresetsynchronizerimpl0                         |                1 |              2 |
|  sys_clk     |                                                                                           | xilinxasyncresetsynchronizerimpl0                         |                1 |              2 |
|  sys_clk     | lm32_cpu/instruction_unit/icache/memories[0].way_0_tag_ram/E[0]                           | lm32_cpu/instruction_unit/icache/flush_set_reg[0]_0       |                1 |              2 |
|  sys_clk     | bankmachine3_next_state                                                                   | sys_rst                                                   |                3 |              4 |
|  sys_clk     | leds_storage_full[3]_i_1_n_0                                                              | sys_rst                                                   |                2 |              4 |
|  sys_clk     | basesoc_uart_tx_fifo_syncfifo_re                                                          | sys_rst                                                   |                1 |              4 |
|  sys_clk     | basesoc_uart_rx_fifo_syncfifo_re                                                          | sys_rst                                                   |                1 |              4 |
|  sys_clk     | basesoc_uart_rx_fifo_wrport_we                                                            | sys_rst                                                   |                1 |              4 |
|  sys_clk     | bankmachine2_next_state                                                                   | sys_rst                                                   |                2 |              4 |
|  sys_clk     | lm32_cpu/instruction_unit/icache/memories[0].way_0_tag_ram/state_reg[0][0]                | lm32_cpu/instruction_unit/icache/flush_set_reg[0]_0       |                1 |              4 |
|  sys_clk     | basesoc_sdram_time1[3]_i_1_n_0                                                            | sys_rst                                                   |                2 |              4 |
|  sys_clk     | bankmachine0_next_state                                                                   | sys_rst                                                   |                2 |              4 |
|  sys_clk     | bankmachine7_next_state                                                                   | sys_rst                                                   |                2 |              4 |
|  sys_clk     | bankmachine1_next_state                                                                   | sys_rst                                                   |                1 |              4 |
|  sys_clk     | multiplexer_next_state                                                                    | sys_rst                                                   |                1 |              4 |
|  sys_clk     | lm32_cpu/load_store_unit/basesoc_sdram_bankmachine3_cmd_buffer_lookahead_level_reg[3][0]  | sys_rst                                                   |                1 |              4 |
|  sys_clk     | basesoc_uart_phy_sink_ready1349_out                                                       | basesoc_uart_phy_tx_bitcount[3]_i_1_n_0                   |                1 |              4 |
|  clk200_clk  | reset_counter[3]_i_1_n_0                                                                  | clk200_rst                                                |                1 |              4 |
|  sys_clk     | spiflash_bitbang_storage_full[3]_i_1_n_0                                                  | sys_rst                                                   |                1 |              4 |
|  sys_clk     | lm32_cpu/load_store_unit/basesoc_sdram_bankmachine4_cmd_buffer_lookahead_level_reg[3][0]  | sys_rst                                                   |                2 |              4 |
|  sys_clk     | bankmachine6_next_state                                                                   | sys_rst                                                   |                2 |              4 |
|  sys_clk     | bankmachine5_next_state                                                                   | sys_rst                                                   |                3 |              4 |
|  sys_clk     | lm32_cpu/instruction_unit/basesoc_sdram_bankmachine1_cmd_buffer_lookahead_level_reg[3][0] | sys_rst                                                   |                1 |              4 |
|  sys_clk     | basesoc_uart_phy_rx_bitcount                                                              | basesoc_uart_phy_rx_bitcount[3]_i_1_n_0                   |                1 |              4 |
|  sys_clk     |                                                                                           | basesoc_csrbankarray_interface5_bank_bus_dat_r[3]_i_1_n_0 |                2 |              4 |
|  sys_clk     | lm32_cpu/instruction_unit/basesoc_sdram_bankmachine5_cmd_buffer_lookahead_level_reg[3][0] | sys_rst                                                   |                1 |              4 |
|  sys_clk     | lm32_cpu/load_store_unit/branch_flushX_m0                                                 | lm32_cpu/mc_arithmetic/SR[0]                              |                1 |              4 |
|  sys_clk     | lm32_cpu/instruction_unit/basesoc_sdram_bankmachine2_cmd_buffer_lookahead_level_reg[3][0] | sys_rst                                                   |                1 |              4 |
|  sys_clk     | lm32_cpu/load_store_unit/basesoc_sdram_bankmachine6_cmd_buffer_lookahead_level_reg[3][0]  | sys_rst                                                   |                2 |              4 |
|  sys_clk     |                                                                                           | basesoc_csrbankarray_interface0_bank_bus_dat_r[3]_i_1_n_0 |                1 |              4 |
|  sys_clk     | eventmanager_storage_full[3]_i_1_n_0                                                      | sys_rst                                                   |                1 |              4 |
|  sys_clk     | lm32_cpu/load_store_unit/basesoc_sdram_bankmachine7_cmd_buffer_lookahead_level_reg[3][0]  | sys_rst                                                   |                2 |              4 |
|  sys_clk     | lm32_cpu/load_store_unit/basesoc_sdram_bankmachine0_cmd_buffer_lookahead_level_reg[3][0]  | sys_rst                                                   |                1 |              4 |
|  sys_clk     | basesoc_uart_tx_fifo_wrport_we                                                            | sys_rst                                                   |                1 |              4 |
|  sys_clk     | bankmachine4_next_state                                                                   | sys_rst                                                   |                3 |              4 |
|  sys_clk     |                                                                                           | basesoc_csrbankarray_interface2_bank_bus_dat_r[4]_i_1_n_0 |                2 |              5 |
|  sys_clk     | basesoc_uart_tx_fifo_level0[4]_i_1_n_0                                                    | sys_rst                                                   |                2 |              5 |
|  sys_clk     | basesoc_uart_rx_fifo_level0[4]_i_1_n_0                                                    | sys_rst                                                   |                2 |              5 |
|  sys_clk     | basesoc_csrbankarray_csrbank4_dfii_control0_re                                            | sys_rst                                                   |                1 |              5 |
|  sys_clk     | basesoc_sdram_time0[4]_i_1_n_0                                                            | sys_rst                                                   |                2 |              5 |
|  sys_clk     | basesoc_csrbankarray_csrbank2_half_sys8x_taps0_re                                         | sys_rst                                                   |                1 |              5 |
|  sys_clk     | basesoc_sdram_phaseinjector1_command_storage_full[5]_i_1_n_0                              | sys_rst                                                   |                2 |              6 |
|  sys_clk     | basesoc_sdram_phaseinjector3_address_storage_full[13]_i_1_n_0                             | sys_rst                                                   |                3 |              6 |
|  sys_clk     | basesoc_sdram_phaseinjector2_address_storage_full[13]_i_1_n_0                             | sys_rst                                                   |                1 |              6 |
|  sys_clk     | basesoc_sdram_phaseinjector0_address_storage_full[13]_i_1_n_0                             | sys_rst                                                   |                2 |              6 |
|  sys_clk     | basesoc_csrbankarray_csrbank4_dfii_pi2_command0_re                                        | sys_rst                                                   |                4 |              6 |
|  sys_clk     | lm32_cpu/mc_arithmetic/cycles                                                             | lm32_cpu/instruction_unit/icache/flush_set_reg[0]_0       |                3 |              6 |
|  sys_clk     | basesoc_sdram_phaseinjector1_address_storage_full[13]_i_1_n_0                             | sys_rst                                                   |                1 |              6 |
|  sys_clk     | basesoc_sdram_phaseinjector0_command_storage_full[5]_i_1_n_0                              | sys_rst                                                   |                2 |              6 |
|  sys_clk     | basesoc_sdram_generator_counter                                                           | sys_rst                                                   |                1 |              6 |
|  sys_clk     | basesoc_sdram_phaseinjector3_command_storage_full[5]_i_1_n_0                              | sys_rst                                                   |                3 |              6 |
|  sys_clk     | lm32_cpu/instruction_unit/icache/flush_set[6]_i_1_n_0                                     | lm32_cpu/instruction_unit/icache/flush_set_reg[0]_0       |                2 |              7 |
|  sys_clk     | dna_cnt[6]_i_1_n_0                                                                        | sys_rst                                                   |                2 |              7 |
|  sys_clk     | basesoc_sdram_phaseinjector2_wrdata_storage_full[15]_i_1_n_0                              | sys_rst                                                   |                4 |              8 |
|  sys_clk     | basesoc_sdram_phaseinjector0_wrdata_storage_full[7]_i_1_n_0                               | sys_rst                                                   |                2 |              8 |
|  sys_clk     | basesoc_timer0_reload_storage_full[31]_i_1_n_0                                            | sys_rst                                                   |                2 |              8 |
|  sys_clk     | basesoc_timer0_load_storage_full[15]_i_1_n_0                                              | sys_rst                                                   |                4 |              8 |
|  sys_clk     | basesoc_timer0_load_storage_full[7]_i_1_n_0                                               | sys_rst                                                   |                2 |              8 |
|  sys_clk     | basesoc_timer0_load_storage_full[23]_i_1_n_0                                              | sys_rst                                                   |                1 |              8 |
|  sys_clk     | basesoc_sdram_phaseinjector0_address_storage_full[7]_i_1_n_0                              | sys_rst                                                   |                2 |              8 |
|  sys_clk     | basesoc_timer0_reload_storage_full[23]_i_1_n_0                                            | sys_rst                                                   |                2 |              8 |
|  sys_clk     | basesoc_sdram_phaseinjector3_wrdata_storage_full[7]_i_1_n_0                               | sys_rst                                                   |                2 |              8 |
|  sys_clk     | basesoc_sdram_phaseinjector1_wrdata_storage_full[15]_i_1_n_0                              | sys_rst                                                   |                4 |              8 |
|  sys_clk     | basesoc_sdram_phaseinjector1_wrdata_storage_full[7]_i_1_n_0                               | sys_rst                                                   |                2 |              8 |
|  sys_clk     | basesoc_sdram_phaseinjector3_wrdata_storage_full[15]_i_1_n_0                              | sys_rst                                                   |                3 |              8 |
|  sys_clk     | basesoc_sdram_phaseinjector3_wrdata_storage_full[31]_i_1_n_0                              | sys_rst                                                   |                3 |              8 |
|  sys_clk     | basesoc_timer0_load_storage_full[31]_i_1_n_0                                              | sys_rst                                                   |                2 |              8 |
|  sys_clk     | basesoc_sdram_phaseinjector2_wrdata_storage_full[7]_i_1_n_0                               | sys_rst                                                   |                3 |              8 |
|  sys_clk     | spiflash_i                                                                                | sys_rst                                                   |                3 |              8 |
|  sys_clk     | basesoc_sdram_phaseinjector2_address_storage_full[7]_i_1_n_0                              | sys_rst                                                   |                2 |              8 |
|  sys_clk     | lm32_cpu/load_store_unit/E[0]                                                             | sys_rst                                                   |                3 |              8 |
|  sys_clk     | basesoc_uart_phy_source_payload_data[7]_i_1_n_0                                           | sys_rst                                                   |                1 |              8 |
|  sys_clk     | basesoc_sdram_phaseinjector3_address_storage_full[7]_i_1_n_0                              | sys_rst                                                   |                2 |              8 |
|  sys_clk     | basesoc_uart_rx_fifo_syncfifo_re                                                          |                                                           |                2 |              8 |
|  sys_clk     | basesoc_ctrl_storage_full[7]_i_1_n_0                                                      | sys_rst                                                   |                3 |              8 |
|  sys_clk     | basesoc_ctrl_storage_full[15]_i_1_n_0                                                     | sys_rst                                                   |                3 |              8 |
|  sys_clk     | basesoc_sdram_phaseinjector2_wrdata_storage_full[31]_i_1_n_0                              | sys_rst                                                   |                4 |              8 |
|  sys_clk     | basesoc_uart_phy_tx_reg[7]_i_1_n_0                                                        | sys_rst                                                   |                3 |              8 |
|  sys_clk     | basesoc_uart_phy_rx_reg                                                                   | sys_rst                                                   |                1 |              8 |
|  sys_clk     | basesoc_sdram_phaseinjector2_wrdata_storage_full[23]_i_1_n_0                              | sys_rst                                                   |                2 |              8 |
|  sys_clk     | basesoc_ctrl_storage_full[31]_i_1_n_0                                                     | sys_rst                                                   |                2 |              8 |
|  sys_clk     | basesoc_ctrl_storage_full[23]_i_1_n_0                                                     | sys_rst                                                   |                1 |              8 |
|  sys_clk     | p_3_out[7]                                                                                | sys_rst                                                   |                1 |              8 |
|  sys_clk     | p_3_out[15]                                                                               | sys_rst                                                   |                2 |              8 |
|  sys_clk     | p_3_out[31]                                                                               | sys_rst                                                   |                1 |              8 |
|  sys_clk     | basesoc_uart_tx_fifo_syncfifo_re                                                          |                                                           |                2 |              8 |
|  sys_clk     | basesoc_sdram_phaseinjector3_wrdata_storage_full[23]_i_1_n_0                              | sys_rst                                                   |                2 |              8 |
|  sys_clk     | basesoc_sdram_phaseinjector1_address_storage_full[7]_i_1_n_0                              | sys_rst                                                   |                2 |              8 |
|  sys_clk     | p_3_out[23]                                                                               | sys_rst                                                   |                1 |              8 |
|  sys_clk     | basesoc_sdram_phaseinjector0_wrdata_storage_full[15]_i_1_n_0                              | sys_rst                                                   |                3 |              8 |
|  sys_clk     |                                                                                           | basesoc_csrbankarray_interface1_bank_bus_dat_r[7]_i_1_n_0 |                5 |              8 |
|  sys_clk     |                                                                                           | basesoc_csrbankarray_interface7_bank_bus_dat_r[7]_i_1_n_0 |                3 |              8 |
|  sys_clk     | basesoc_timer0_reload_storage_full[15]_i_1_n_0                                            | sys_rst                                                   |                2 |              8 |
|  sys_clk     |                                                                                           | basesoc_csrbankarray_interface8_bank_bus_dat_r[7]_i_1_n_0 |                3 |              8 |
|  sys_clk     |                                                                                           | basesoc_csrbankarray_interface6_bank_bus_dat_r[7]_i_1_n_0 |                6 |              8 |
|  sys_clk     | basesoc_timer0_reload_storage_full[7]_i_1_n_0                                             | sys_rst                                                   |                2 |              8 |
|  sys_clk     |                                                                                           | basesoc_csrbankarray_interface4_bank_bus_dat_r[7]_i_1_n_0 |                7 |              8 |
|  sys_clk     | basesoc_sdram_phaseinjector1_wrdata_storage_full[23]_i_1_n_0                              | sys_rst                                                   |                3 |              8 |
|  sys_clk     |                                                                                           | basesoc_csrbankarray_interface3_bank_bus_dat_r[7]_i_1_n_0 |                5 |              8 |
|  sys_clk     | basesoc_sdram_phaseinjector0_wrdata_storage_full[23]_i_1_n_0                              | sys_rst                                                   |                2 |              8 |
|  sys_clk     | basesoc_sdram_phaseinjector0_wrdata_storage_full[31]_i_1_n_0                              | sys_rst                                                   |                4 |              8 |
|  sys_clk     | basesoc_sdram_phaseinjector1_wrdata_storage_full[31]_i_1_n_0                              | sys_rst                                                   |                4 |              8 |
|  sys_clk     | lm32_cpu/instruction_unit/E[0]                                                            |                                                           |                5 |              9 |
|  sys_clk     | basesoc_sdram_timer_count[9]_i_2_n_0                                                      | basesoc_sdram_timer_count[9]_i_1_n_0                      |                3 |             10 |
|  sys_clk     | vccaux_status                                                                             | sys_rst                                                   |                2 |             12 |
|  sys_clk     | vccbram_status                                                                            | sys_rst                                                   |                3 |             12 |
|  sys_clk     | vccint_status                                                                             | sys_rst                                                   |                5 |             12 |
|  sys_clk     | temperature_status                                                                        | sys_rst                                                   |                3 |             12 |
|  sys_clk     | basesoc_sdram_bankmachine1_row                                                            | sys_rst                                                   |                4 |             14 |
|  sys_clk     | basesoc_sdram_bankmachine7_row                                                            | sys_rst                                                   |                3 |             14 |
|  sys_clk     | basesoc_sdram_bankmachine0_row[13]_i_1_n_0                                                | sys_rst                                                   |                4 |             14 |
|  sys_clk     | basesoc_sdram_bankmachine4_row                                                            | sys_rst                                                   |                3 |             14 |
|  sys_clk     | basesoc_sdram_bankmachine5_row                                                            | sys_rst                                                   |                3 |             14 |
|  sys_clk     | basesoc_sdram_bankmachine2_row                                                            | sys_rst                                                   |                2 |             14 |
|  sys_clk     | basesoc_sdram_bankmachine6_row                                                            | sys_rst                                                   |                4 |             14 |
|  sys_clk     | basesoc_sdram_bankmachine3_row                                                            | sys_rst                                                   |                4 |             14 |
|  sys_clk     | basesoc_uart_tx_fifo_wrport_we                                                            |                                                           |                2 |             16 |
|  sys_clk     | basesoc_uart_rx_fifo_wrport_we                                                            |                                                           |                2 |             16 |
|  sys_clk     | lm32_cpu/instruction_unit/icache_refill_data_reg[31]_1                                    | lm32_cpu/load_store_unit/basesoc_count_reg[19]            |                5 |             20 |
|  sys_clk     | eventsourceprocess1_trigger                                                               | waittimer1_count[0]_i_1_n_0                               |                5 |             20 |
|  sys_clk     | eventsourceprocess0_trigger                                                               | waittimer0_count[0]_i_1_n_0                               |                5 |             20 |
|  sys_clk     | eventsourceprocess3_trigger                                                               | waittimer3_count[0]_i_1_n_0                               |                5 |             20 |
|  sys_clk     | eventsourceprocess2_trigger                                                               | waittimer2_count[0]_i_1_n_0                               |                5 |             20 |
|  sys_clk     | spiflash_sr[31]_i_1_n_0                                                                   | sys_rst                                                   |               13 |             22 |
|  sys_clk     | basesoc_sdram_bankmachine6_cmd_buffer_pipe_ce                                             | sys_rst                                                   |                7 |             23 |
|  sys_clk     | basesoc_sdram_bankmachine3_cmd_buffer_pipe_ce                                             | sys_rst                                                   |                7 |             23 |
|  sys_clk     | basesoc_sdram_bankmachine4_cmd_buffer_pipe_ce                                             | sys_rst                                                   |                8 |             23 |
|  sys_clk     | lm32_cpu/load_store_unit/eba_reg[9]_0[0]                                                  | lm32_cpu/instruction_unit/icache/flush_set_reg[0]_0       |               11 |             23 |
|  sys_clk     | basesoc_sdram_bankmachine5_cmd_buffer_pipe_ce                                             | sys_rst                                                   |                6 |             23 |
|  sys_clk     | basesoc_sdram_bankmachine1_cmd_buffer_pipe_ce                                             | sys_rst                                                   |                5 |             23 |
|  sys_clk     | basesoc_sdram_bankmachine0_cmd_buffer_pipe_ce                                             | sys_rst                                                   |                7 |             23 |
|  sys_clk     | basesoc_sdram_bankmachine7_cmd_buffer_pipe_ce                                             | sys_rst                                                   |                7 |             23 |
|  sys_clk     | basesoc_sdram_bankmachine2_cmd_buffer_pipe_ce                                             | sys_rst                                                   |                8 |             23 |
|  sys_clk     | basesoc_sdram_bandwidth_nwrites[0]_i_1_n_0                                                | basesoc_sdram_bandwidth_nwrites                           |                6 |             24 |
|  sys_clk     | a7ddrphy_bitslip8_value                                                                   | a7ddrphy_bitslip15_value                                  |               12 |             24 |
|  sys_clk     | basesoc_sdram_bandwidth_nreads                                                            | basesoc_sdram_bandwidth_nwrites                           |                6 |             24 |
|  sys_clk     | a7ddrphy_bitslip0_value                                                                   | a7ddrphy_bitslip7_value                                   |               11 |             24 |
|  sys_clk     | lm32_cpu/instruction_unit/icache/i_adr_o_reg[30]                                          | lm32_cpu/instruction_unit/icache/flush_set_reg[0]_0       |                5 |             28 |
|  sys_clk     | lm32_cpu/instruction_unit/icache/memories[0].way_0_tag_ram/refill_address_reg[2][0]       |                                                           |                8 |             30 |
|  sys_clk     | lm32_cpu/instruction_unit/icache/refilling_reg_0[0]                                       | lm32_cpu/instruction_unit/icache/flush_set_reg[0]_0       |                7 |             30 |
|  sys_clk     |                                                                                           | basesoc_uart_phy_phase_accumulator_rx[30]_i_1_n_0         |                8 |             31 |
|  sys_clk     | lm32_cpu/load_store_unit/basesoc_sdram_bankmachine6_cmd_buffer_lookahead_level_reg[1]     |                                                           |                4 |             32 |
|  sys_clk     | lm32_cpu/load_store_unit/basesoc_sdram_bankmachine3_cmd_buffer_lookahead_level_reg[1]     |                                                           |                4 |             32 |
|  sys_clk     | lm32_cpu/mc_arithmetic/E[0]                                                               | lm32_cpu/instruction_unit/icache/flush_set_reg[0]_0       |               18 |             32 |
|  sys_clk     | lm32_cpu/load_store_unit/basesoc_sdram_bankmachine4_cmd_buffer_lookahead_level_reg[1]     |                                                           |                4 |             32 |
|  sys_clk     | lm32_cpu/instruction_unit/basesoc_sdram_bankmachine5_cmd_buffer_lookahead_level_reg[1]    |                                                           |                4 |             32 |
|  sys_clk     | lm32_cpu/instruction_unit/basesoc_sdram_bankmachine1_cmd_buffer_lookahead_level_reg[1]    |                                                           |                4 |             32 |
|  sys_clk     | lm32_cpu/instruction_unit/basesoc_sdram_bankmachine2_cmd_buffer_lookahead_level_reg[1]    |                                                           |                4 |             32 |
|  sys_clk     |                                                                                           | basesoc_uart_phy_phase_accumulator_tx[31]_i_1_n_0         |                8 |             32 |
|  sys_clk     | basesoc_timer0_update_value_re                                                            | sys_rst                                                   |                7 |             32 |
|  sys_clk     | lm32_cpu/load_store_unit/basesoc_sdram_bankmachine0_cmd_buffer_lookahead_level_reg[1]     |                                                           |                4 |             32 |
|  sys_clk     | lm32_cpu/mc_arithmetic/p                                                                  | lm32_cpu/instruction_unit/icache/flush_set_reg[0]_0       |               11 |             32 |
|  sys_clk     | lm32_cpu/load_store_unit/wb_data_m[31]_i_1_n_0                                            | lm32_cpu/instruction_unit/icache/flush_set_reg[0]_0       |                8 |             32 |
|  sys_clk     | lm32_cpu/load_store_unit/icache_refill_data_reg[31]                                       | lm32_cpu/instruction_unit/icache/flush_set_reg[0]_0       |                5 |             32 |
|  sys_clk     | basesoc_ctrl_bus_errors                                                                   | sys_rst                                                   |                8 |             32 |
|  sys_clk     | lm32_cpu/mc_arithmetic/a                                                                  | lm32_cpu/instruction_unit/icache/flush_set_reg[0]_0       |               11 |             32 |
|  sys_clk     | lm32_cpu/mc_arithmetic/b                                                                  | lm32_cpu/instruction_unit/icache/flush_set_reg[0]_0       |               14 |             32 |
|  sys_clk     | lm32_cpu/load_store_unit/d_cyc_o15_out                                                    | lm32_cpu/instruction_unit/icache/flush_set_reg[0]_0       |               10 |             32 |
|  sys_clk     | lm32_cpu/load_store_unit/basesoc_sdram_bankmachine7_cmd_buffer_lookahead_level_reg[1]     |                                                           |                4 |             32 |
|  sys_clk     | lm32_cpu/mc_arithmetic/result_x[31]_i_1_n_0                                               | lm32_cpu/instruction_unit/icache/flush_set_reg[0]_0       |               11 |             32 |
|  sys_clk     | lm32_cpu/load_store_unit/d_we_o_i_1_n_0                                                   | lm32_cpu/instruction_unit/icache/flush_set_reg[0]_0       |                9 |             35 |
|  sys_clk     | basesoc_sdram_bandwidth_period                                                            | sys_rst                                                   |               10 |             48 |
|  sys_clk     | basesoc_sdram_bandwidth_update_re                                                         | sys_rst                                                   |               10 |             48 |
|  sys_clk     | dna_status                                                                                | sys_rst                                                   |               17 |             57 |
|  sys_clk     |                                                                                           |                                                           |               51 |             88 |
|  sys_clk     | lm32_cpu/instruction_unit/E[0]                                                            | lm32_cpu/instruction_unit/icache/flush_set_reg[0]_0       |               28 |             92 |
|  sys_clk     | lm32_cpu/mc_arithmetic/p_10_in                                                            |                                                           |               12 |             96 |
|  sys_clk     |                                                                                           | lm32_cpu/instruction_unit/icache/flush_set_reg[0]_0       |               48 |            117 |
|  sys_clk     | basesoc_sdram_inti_p0_rddata_valid                                                        | sys_rst                                                   |               62 |            128 |
|  sys_clk     | lm32_cpu/load_store_unit/branch_flushX_m0                                                 | lm32_cpu/instruction_unit/icache/flush_set_reg[0]_0       |               48 |            141 |
|  sys_clk     | lm32_cpu/mc_arithmetic/pc_x_reg[31]_0                                                     | lm32_cpu/instruction_unit/icache/flush_set_reg[0]_0       |               64 |            186 |
|  sys_clk     |                                                                                           | sys_rst                                                   |              249 |            747 |
+--------------+-------------------------------------------------------------------------------------------+-----------------------------------------------------------+------------------+----------------+


+--------+-----------------------+
| Fanout | Number of ControlSets |
+--------+-----------------------+
| 1      |                     5 |
| 2      |                     3 |
| 4      |                    32 |
| 5      |                     6 |
| 6      |                    10 |
| 7      |                     2 |
| 8      |                    49 |
| 9      |                     1 |
| 10     |                     1 |
| 12     |                     4 |
| 14     |                     8 |
| 16+    |                    56 |
+--------+-----------------------+


