Copyright 1986-2017 Xilinx, Inc. All Rights Reserved.
--------------------------------------------------------------------------------------------------------------
| Tool Version : Vivado v.2017.3 (lin64) Build 2018833 Wed Oct  4 19:58:07 MDT 2017
| Date         : Sun Oct 28 00:09:35 2018
| Host         : travis-job-timvideos-hdmi2usb-litex-447192688.travisci.net running 64-bit Ubuntu 14.04.5 LTS
| Command      : report_timing_summary -datasheet -max_paths 10 -file top_timing.rpt
| Design       : top
| Device       : 7a35t-cpg236
| Speed File   : -1  PRODUCTION 1.19 2017-08-11
--------------------------------------------------------------------------------------------------------------

Timing Summary Report

------------------------------------------------------------------------------------------------
| Timer Settings
| --------------
------------------------------------------------------------------------------------------------

  Enable Multi Corner Analysis               :  Yes
  Enable Pessimism Removal                   :  Yes
  Pessimism Removal Resolution               :  Nearest Common Node
  Enable Input Delay Default Clock           :  No
  Enable Preset / Clear Arcs                 :  No
  Disable Flight Delays                      :  No
  Ignore I/O Paths                           :  No
  Timing Early Launch at Borrowing Latches   :  false

  Corner  Analyze    Analyze    
  Name    Max Paths  Min Paths  
  ------  ---------  ---------  
  Slow    Yes        Yes        
  Fast    Yes        Yes        



check_timing report

Table of Contents
-----------------
1. checking no_clock
2. checking constant_clock
3. checking pulse_width_clock
4. checking unconstrained_internal_endpoints
5. checking no_input_delay
6. checking no_output_delay
7. checking multiple_clock
8. checking generated_clocks
9. checking loops
10. checking partial_input_delay
11. checking partial_output_delay
12. checking latch_loops

1. checking no_clock
--------------------
 There is 1 register/latch pin with no clock driven by root clock pin: dna_cnt_reg[0]/Q (HIGH)


2. checking constant_clock
--------------------------
 There are 0 register/latch pins with constant_clock.


3. checking pulse_width_clock
-----------------------------
 There are 0 register/latch pins which need pulse_width check


4. checking unconstrained_internal_endpoints
--------------------------------------------
 There are 2 pins that are not constrained for maximum delay. (HIGH)

 There are 0 pins that are not constrained for maximum delay due to constant clock.


5. checking no_input_delay
--------------------------
 There are 3 input ports with no input delay specified. (HIGH)

 There are 0 input ports with no input delay but user has a false path constraint.


6. checking no_output_delay
---------------------------
 There are 3 ports with no output delay specified. (HIGH)

 There are 0 ports with no output delay but user has a false path constraint

 There are 0 ports with no output delay but with a timing clock defined on it or propagating through it


7. checking multiple_clock
--------------------------
 There are 0 register/latch pins with multiple clocks.


8. checking generated_clocks
----------------------------
 There are 0 generated clocks that are not connected to a clock source.


9. checking loops
-----------------
 There are 0 combinational loops in the design.


10. checking partial_input_delay
--------------------------------
 There are 0 input ports with partial input delay specified.


11. checking partial_output_delay
---------------------------------
 There are 0 ports with partial output delay specified.


12. checking latch_loops
------------------------
 There are 0 combinational latch loops in the design through latch input



------------------------------------------------------------------------------------------------
| Design Timing Summary
| ---------------------
------------------------------------------------------------------------------------------------

    WNS(ns)      TNS(ns)  TNS Failing Endpoints  TNS Total Endpoints      WHS(ns)      THS(ns)  THS Failing Endpoints  THS Total Endpoints     WPWS(ns)     TPWS(ns)  TPWS Failing Endpoints  TPWS Total Endpoints  
    -------      -------  ---------------------  -------------------      -------      -------  ---------------------  -------------------     --------     --------  ----------------------  --------------------  
      0.807        0.000                      0                 6177        0.024        0.000                      0                 6176        3.750        0.000                       0                  1935  


All user specified timing constraints are met.


------------------------------------------------------------------------------------------------
| Clock Summary
| -------------
------------------------------------------------------------------------------------------------

Clock    Waveform(ns)       Period(ns)      Frequency(MHz)
-----    ------------       ----------      --------------
clk12    {0.000 41.666}     83.333          12.000          
sys_clk  {0.000 5.000}      10.000          100.000         


------------------------------------------------------------------------------------------------
| Intra Clock Table
| -----------------
------------------------------------------------------------------------------------------------

Clock             WNS(ns)      TNS(ns)  TNS Failing Endpoints  TNS Total Endpoints      WHS(ns)      THS(ns)  THS Failing Endpoints  THS Total Endpoints     WPWS(ns)     TPWS(ns)  TPWS Failing Endpoints  TPWS Total Endpoints  
-----             -------      -------  ---------------------  -------------------      -------      -------  ---------------------  -------------------     --------     --------  ----------------------  --------------------  
clk12                                                                                                                                                          81.178        0.000                       0                     1  
sys_clk             0.807        0.000                      0                 6176        0.024        0.000                      0                 6176        3.750        0.000                       0                  1934  


------------------------------------------------------------------------------------------------
| Inter Clock Table
| -----------------
------------------------------------------------------------------------------------------------

From Clock    To Clock          WNS(ns)      TNS(ns)  TNS Failing Endpoints  TNS Total Endpoints      WHS(ns)      THS(ns)  THS Failing Endpoints  THS Total Endpoints  
----------    --------          -------      -------  ---------------------  -------------------      -------      -------  ---------------------  -------------------  
              sys_clk             2.568        0.000                      0                    1                                                                        


------------------------------------------------------------------------------------------------
| Other Path Groups Table
| -----------------------
------------------------------------------------------------------------------------------------

Path Group    From Clock    To Clock          WNS(ns)      TNS(ns)  TNS Failing Endpoints  TNS Total Endpoints      WHS(ns)      THS(ns)  THS Failing Endpoints  THS Total Endpoints  
----------    ----------    --------          -------      -------  ---------------------  -------------------      -------      -------  ---------------------  -------------------  


------------------------------------------------------------------------------------------------
| Timing Details
| --------------
------------------------------------------------------------------------------------------------


---------------------------------------------------------------------------------------------------
From Clock:  clk12
  To Clock:  clk12

Setup :           NA  Failing Endpoints,  Worst Slack           NA  ,  Total Violation           NA
Hold  :           NA  Failing Endpoints,  Worst Slack           NA  ,  Total Violation           NA
PW    :            0  Failing Endpoints,  Worst Slack       81.178ns,  Total Violation        0.000ns
---------------------------------------------------------------------------------------------------


Pulse Width Checks
--------------------------------------------------------------------------------------
Clock Name:         clk12
Waveform(ns):       { 0.000 41.667 }
Period(ns):         83.333
Sources:            { clk12 }

Check Type  Corner  Lib Pin  Reference Pin  Required(ns)  Actual(ns)  Slack(ns)  Location       Pin
Min Period  n/a     BUFG/I   n/a            2.155         83.333      81.178     BUFGCTRL_X0Y0  BUFG/I



---------------------------------------------------------------------------------------------------
From Clock:  sys_clk
  To Clock:  sys_clk

Setup :            0  Failing Endpoints,  Worst Slack        0.807ns,  Total Violation        0.000ns
Hold  :            0  Failing Endpoints,  Worst Slack        0.024ns,  Total Violation        0.000ns
PW    :            0  Failing Endpoints,  Worst Slack        3.750ns,  Total Violation        0.000ns
---------------------------------------------------------------------------------------------------


Max Delay Paths
--------------------------------------------------------------------------------------
Slack (MET) :             0.807ns  (required time - arrival time)
  Source:                 FDPE_1/C
                            (rising edge-triggered cell FDPE clocked by sys_clk  {rise@0.000ns fall@5.000ns period=10.000ns})
  Destination:            spiflash_sr_reg[20]/R
                            (rising edge-triggered cell FDRE clocked by sys_clk  {rise@0.000ns fall@5.000ns period=10.000ns})
  Path Group:             sys_clk
  Path Type:              Setup (Max at Slow Process Corner)
  Requirement:            10.000ns  (sys_clk rise@10.000ns - sys_clk rise@0.000ns)
  Data Path Delay:        8.179ns  (logic 0.419ns (5.123%)  route 7.760ns (94.877%))
  Logic Levels:           0  
  Clock Path Skew:        -0.375ns (DCD - SCD + CPR)
    Destination Clock Delay (DCD):    1.431ns = ( 11.431 - 10.000 ) 
    Source Clock Delay      (SCD):    1.806ns
    Clock Pessimism Removal (CPR):    0.000ns
  Clock Uncertainty:      0.035ns  ((TSJ^2 + TIJ^2)^1/2 + DJ) / 2 + PE
    Total System Jitter     (TSJ):    0.071ns
    Total Input Jitter      (TIJ):    0.000ns
    Discrete Jitter          (DJ):    0.000ns
    Phase Error              (PE):    0.000ns

    Location             Delay type                Incr(ns)  Path(ns)    Netlist Resource(s)
  -------------------------------------------------------------------    -------------------
                         (clock sys_clk rise edge)    0.000     0.000 r  
    BUFGCTRL_X0Y0        BUFG                         0.000     0.000 r  BUFG/O
                         net (fo=1935, routed)        1.806     1.806    sys_clk
    SLICE_X0Y111         FDPE                                         r  FDPE_1/C
  -------------------------------------------------------------------    -------------------
    SLICE_X0Y111         FDPE (Prop_fdpe_C_Q)         0.419     2.225 r  FDPE_1/Q
                         net (fo=507, routed)         7.760     9.985    sys_rst
    SLICE_X33Y22         FDRE                                         r  spiflash_sr_reg[20]/R
  -------------------------------------------------------------------    -------------------

                         (clock sys_clk rise edge)   10.000    10.000 r  
    BUFGCTRL_X0Y0        BUFG                         0.000    10.000 r  BUFG/O
                         net (fo=1935, routed)        1.431    11.431    sys_clk
    SLICE_X33Y22         FDRE                                         r  spiflash_sr_reg[20]/C
                         clock pessimism              0.000    11.431    
                         clock uncertainty           -0.035    11.396    
    SLICE_X33Y22         FDRE (Setup_fdre_C_R)       -0.604    10.792    spiflash_sr_reg[20]
  -------------------------------------------------------------------
                         required time                         10.792    
                         arrival time                          -9.985    
  -------------------------------------------------------------------
                         slack                                  0.807    

Slack (MET) :             0.891ns  (required time - arrival time)
  Source:                 basesoc_uart_tx_pending_reg/C
                            (rising edge-triggered cell FDRE clocked by sys_clk  {rise@0.000ns fall@5.000ns period=10.000ns})
  Destination:            lm32_cpu/instruction_unit/icache/memories[0].way_0_tag_ram/mem_reg/ADDRARDADDR[10]
                            (rising edge-triggered cell RAMB18E1 clocked by sys_clk  {rise@0.000ns fall@5.000ns period=10.000ns})
  Path Group:             sys_clk
  Path Type:              Setup (Max at Slow Process Corner)
  Requirement:            10.000ns  (sys_clk rise@10.000ns - sys_clk rise@0.000ns)
  Data Path Delay:        8.437ns  (logic 1.552ns (18.395%)  route 6.885ns (81.605%))
  Logic Levels:           7  (LUT3=1 LUT4=2 LUT5=3 LUT6=1)
  Clock Path Skew:        -0.071ns (DCD - SCD + CPR)
    Destination Clock Delay (DCD):    1.482ns = ( 11.482 - 10.000 ) 
    Source Clock Delay      (SCD):    1.553ns
    Clock Pessimism Removal (CPR):    0.000ns
  Clock Uncertainty:      0.035ns  ((TSJ^2 + TIJ^2)^1/2 + DJ) / 2 + PE
    Total System Jitter     (TSJ):    0.071ns
    Total Input Jitter      (TIJ):    0.000ns
    Discrete Jitter          (DJ):    0.000ns
    Phase Error              (PE):    0.000ns

    Location             Delay type                Incr(ns)  Path(ns)    Netlist Resource(s)
  -------------------------------------------------------------------    -------------------
                         (clock sys_clk rise edge)    0.000     0.000 r  
    BUFGCTRL_X0Y0        BUFG                         0.000     0.000 r  BUFG/O
                         net (fo=1935, routed)        1.553     1.553    sys_clk
    SLICE_X36Y56         FDRE                                         r  basesoc_uart_tx_pending_reg/C
  -------------------------------------------------------------------    -------------------
    SLICE_X36Y56         FDRE (Prop_fdre_C_Q)         0.456     2.009 f  basesoc_uart_tx_pending_reg/Q
                         net (fo=4, routed)           0.670     2.679    lm32_cpu/load_store_unit/dcache/memories[0].data_memories.way_0_data_ram/basesoc_uart_tx_pending
    SLICE_X36Y55         LUT4 (Prop_lut4_I0_O)        0.124     2.803 f  lm32_cpu/load_store_unit/dcache/memories[0].data_memories.way_0_data_ram/pc_m[31]_i_5/O
                         net (fo=1, routed)           1.054     3.857    lm32_cpu/interrupt_unit/basesoc_lm32_interrupt[1]
    SLICE_X37Y38         LUT6 (Prop_lut6_I4_O)        0.124     3.981 r  lm32_cpu/interrupt_unit/pc_m[31]_i_2/O
                         net (fo=4, routed)           0.644     4.625    lm32_cpu/load_store_unit/dcache/memories[0].data_memories.way_0_data_ram/ie_reg
    SLICE_X33Y34         LUT5 (Prop_lut5_I2_O)        0.124     4.749 r  lm32_cpu/load_store_unit/dcache/memories[0].data_memories.way_0_data_ram/pc_m[31]_i_1/O
                         net (fo=187, routed)         0.551     5.300    lm32_cpu/mc_arithmetic/branch_flushX_m0
    SLICE_X33Y34         LUT5 (Prop_lut5_I4_O)        0.124     5.424 r  lm32_cpu/mc_arithmetic/pc_x[31]_i_2/O
                         net (fo=255, routed)         0.775     6.198    lm32_cpu/load_store_unit/dcache/state_reg[0]_0
    SLICE_X35Y34         LUT4 (Prop_lut4_I3_O)        0.150     6.348 f  lm32_cpu/load_store_unit/dcache/b[31]_i_8/O
                         net (fo=2, routed)           0.878     7.227    lm32_cpu/load_store_unit/dcache/b[31]_i_8_n_0
    SLICE_X35Y34         LUT5 (Prop_lut5_I0_O)        0.326     7.553 r  lm32_cpu/load_store_unit/dcache/mem_reg_i_12/O
                         net (fo=156, routed)         1.277     8.830    lm32_cpu/load_store_unit/dcache/valid_f2
    SLICE_X45Y22         LUT3 (Prop_lut3_I1_O)        0.124     8.954 r  lm32_cpu/load_store_unit/dcache/mem_reg_i_3__2/O
                         net (fo=2, routed)           1.036     9.990    lm32_cpu/instruction_unit/icache/memories[0].way_0_tag_ram/ADDRBWRADDR[5]
    RAMB18_X1Y10         RAMB18E1                                     r  lm32_cpu/instruction_unit/icache/memories[0].way_0_tag_ram/mem_reg/ADDRARDADDR[10]
  -------------------------------------------------------------------    -------------------

                         (clock sys_clk rise edge)   10.000    10.000 r  
    BUFGCTRL_X0Y0        BUFG                         0.000    10.000 r  BUFG/O
                         net (fo=1935, routed)        1.482    11.482    lm32_cpu/instruction_unit/icache/memories[0].way_0_tag_ram/out
    RAMB18_X1Y10         RAMB18E1                                     r  lm32_cpu/instruction_unit/icache/memories[0].way_0_tag_ram/mem_reg/CLKARDCLK
                         clock pessimism              0.000    11.482    
                         clock uncertainty           -0.035    11.447    
    RAMB18_X1Y10         RAMB18E1 (Setup_ramb18e1_CLKARDCLK_ADDRARDADDR[10])
                                                     -0.566    10.881    lm32_cpu/instruction_unit/icache/memories[0].way_0_tag_ram/mem_reg
  -------------------------------------------------------------------
                         required time                         10.881    
                         arrival time                          -9.990    
  -------------------------------------------------------------------
                         slack                                  0.891    

Slack (MET) :             0.942ns  (required time - arrival time)
  Source:                 FDPE_1/C
                            (rising edge-triggered cell FDPE clocked by sys_clk  {rise@0.000ns fall@5.000ns period=10.000ns})
  Destination:            spiflash_sr_reg[21]/R
                            (rising edge-triggered cell FDRE clocked by sys_clk  {rise@0.000ns fall@5.000ns period=10.000ns})
  Path Group:             sys_clk
  Path Type:              Setup (Max at Slow Process Corner)
  Requirement:            10.000ns  (sys_clk rise@10.000ns - sys_clk rise@0.000ns)
  Data Path Delay:        8.042ns  (logic 0.419ns (5.210%)  route 7.623ns (94.790%))
  Logic Levels:           0  
  Clock Path Skew:        -0.376ns (DCD - SCD + CPR)
    Destination Clock Delay (DCD):    1.430ns = ( 11.430 - 10.000 ) 
    Source Clock Delay      (SCD):    1.806ns
    Clock Pessimism Removal (CPR):    0.000ns
  Clock Uncertainty:      0.035ns  ((TSJ^2 + TIJ^2)^1/2 + DJ) / 2 + PE
    Total System Jitter     (TSJ):    0.071ns
    Total Input Jitter      (TIJ):    0.000ns
    Discrete Jitter          (DJ):    0.000ns
    Phase Error              (PE):    0.000ns

    Location             Delay type                Incr(ns)  Path(ns)    Netlist Resource(s)
  -------------------------------------------------------------------    -------------------
                         (clock sys_clk rise edge)    0.000     0.000 r  
    BUFGCTRL_X0Y0        BUFG                         0.000     0.000 r  BUFG/O
                         net (fo=1935, routed)        1.806     1.806    sys_clk
    SLICE_X0Y111         FDPE                                         r  FDPE_1/C
  -------------------------------------------------------------------    -------------------
    SLICE_X0Y111         FDPE (Prop_fdpe_C_Q)         0.419     2.225 r  FDPE_1/Q
                         net (fo=507, routed)         7.623     9.849    sys_rst
    SLICE_X32Y23         FDRE                                         r  spiflash_sr_reg[21]/R
  -------------------------------------------------------------------    -------------------

                         (clock sys_clk rise edge)   10.000    10.000 r  
    BUFGCTRL_X0Y0        BUFG                         0.000    10.000 r  BUFG/O
                         net (fo=1935, routed)        1.430    11.430    sys_clk
    SLICE_X32Y23         FDRE                                         r  spiflash_sr_reg[21]/C
                         clock pessimism              0.000    11.430    
                         clock uncertainty           -0.035    11.395    
    SLICE_X32Y23         FDRE (Setup_fdre_C_R)       -0.604    10.791    spiflash_sr_reg[21]
  -------------------------------------------------------------------
                         required time                         10.791    
                         arrival time                          -9.849    
  -------------------------------------------------------------------
                         slack                                  0.942    

Slack (MET) :             0.973ns  (required time - arrival time)
  Source:                 basesoc_uart_tx_pending_reg/C
                            (rising edge-triggered cell FDRE clocked by sys_clk  {rise@0.000ns fall@5.000ns period=10.000ns})
  Destination:            lm32_cpu/instruction_unit/icache/memories[0].way_0_tag_ram/mem_reg/ADDRARDADDR[8]
                            (rising edge-triggered cell RAMB18E1 clocked by sys_clk  {rise@0.000ns fall@5.000ns period=10.000ns})
  Path Group:             sys_clk
  Path Type:              Setup (Max at Slow Process Corner)
  Requirement:            10.000ns  (sys_clk rise@10.000ns - sys_clk rise@0.000ns)
  Data Path Delay:        8.354ns  (logic 1.552ns (18.577%)  route 6.802ns (81.423%))
  Logic Levels:           7  (LUT3=1 LUT4=2 LUT5=3 LUT6=1)
  Clock Path Skew:        -0.071ns (DCD - SCD + CPR)
    Destination Clock Delay (DCD):    1.482ns = ( 11.482 - 10.000 ) 
    Source Clock Delay      (SCD):    1.553ns
    Clock Pessimism Removal (CPR):    0.000ns
  Clock Uncertainty:      0.035ns  ((TSJ^2 + TIJ^2)^1/2 + DJ) / 2 + PE
    Total System Jitter     (TSJ):    0.071ns
    Total Input Jitter      (TIJ):    0.000ns
    Discrete Jitter          (DJ):    0.000ns
    Phase Error              (PE):    0.000ns

    Location             Delay type                Incr(ns)  Path(ns)    Netlist Resource(s)
  -------------------------------------------------------------------    -------------------
                         (clock sys_clk rise edge)    0.000     0.000 r  
    BUFGCTRL_X0Y0        BUFG                         0.000     0.000 r  BUFG/O
                         net (fo=1935, routed)        1.553     1.553    sys_clk
    SLICE_X36Y56         FDRE                                         r  basesoc_uart_tx_pending_reg/C
  -------------------------------------------------------------------    -------------------
    SLICE_X36Y56         FDRE (Prop_fdre_C_Q)         0.456     2.009 f  basesoc_uart_tx_pending_reg/Q
                         net (fo=4, routed)           0.670     2.679    lm32_cpu/load_store_unit/dcache/memories[0].data_memories.way_0_data_ram/basesoc_uart_tx_pending
    SLICE_X36Y55         LUT4 (Prop_lut4_I0_O)        0.124     2.803 f  lm32_cpu/load_store_unit/dcache/memories[0].data_memories.way_0_data_ram/pc_m[31]_i_5/O
                         net (fo=1, routed)           1.054     3.857    lm32_cpu/interrupt_unit/basesoc_lm32_interrupt[1]
    SLICE_X37Y38         LUT6 (Prop_lut6_I4_O)        0.124     3.981 r  lm32_cpu/interrupt_unit/pc_m[31]_i_2/O
                         net (fo=4, routed)           0.644     4.625    lm32_cpu/load_store_unit/dcache/memories[0].data_memories.way_0_data_ram/ie_reg
    SLICE_X33Y34         LUT5 (Prop_lut5_I2_O)        0.124     4.749 r  lm32_cpu/load_store_unit/dcache/memories[0].data_memories.way_0_data_ram/pc_m[31]_i_1/O
                         net (fo=187, routed)         0.551     5.300    lm32_cpu/mc_arithmetic/branch_flushX_m0
    SLICE_X33Y34         LUT5 (Prop_lut5_I4_O)        0.124     5.424 r  lm32_cpu/mc_arithmetic/pc_x[31]_i_2/O
                         net (fo=255, routed)         0.775     6.198    lm32_cpu/load_store_unit/dcache/state_reg[0]_0
    SLICE_X35Y34         LUT4 (Prop_lut4_I3_O)        0.150     6.348 f  lm32_cpu/load_store_unit/dcache/b[31]_i_8/O
                         net (fo=2, routed)           0.878     7.227    lm32_cpu/load_store_unit/dcache/b[31]_i_8_n_0
    SLICE_X35Y34         LUT5 (Prop_lut5_I0_O)        0.326     7.553 r  lm32_cpu/load_store_unit/dcache/mem_reg_i_12/O
                         net (fo=156, routed)         1.420     8.972    lm32_cpu/load_store_unit/dcache/valid_f2
    SLICE_X48Y21         LUT3 (Prop_lut3_I1_O)        0.124     9.096 r  lm32_cpu/load_store_unit/dcache/mem_reg_i_5__2/O
                         net (fo=2, routed)           0.811     9.907    lm32_cpu/instruction_unit/icache/memories[0].way_0_tag_ram/ADDRBWRADDR[3]
    RAMB18_X1Y10         RAMB18E1                                     r  lm32_cpu/instruction_unit/icache/memories[0].way_0_tag_ram/mem_reg/ADDRARDADDR[8]
  -------------------------------------------------------------------    -------------------

                         (clock sys_clk rise edge)   10.000    10.000 r  
    BUFGCTRL_X0Y0        BUFG                         0.000    10.000 r  BUFG/O
                         net (fo=1935, routed)        1.482    11.482    lm32_cpu/instruction_unit/icache/memories[0].way_0_tag_ram/out
    RAMB18_X1Y10         RAMB18E1                                     r  lm32_cpu/instruction_unit/icache/memories[0].way_0_tag_ram/mem_reg/CLKARDCLK
                         clock pessimism              0.000    11.482    
                         clock uncertainty           -0.035    11.447    
    RAMB18_X1Y10         RAMB18E1 (Setup_ramb18e1_CLKARDCLK_ADDRARDADDR[8])
                                                     -0.566    10.881    lm32_cpu/instruction_unit/icache/memories[0].way_0_tag_ram/mem_reg
  -------------------------------------------------------------------
                         required time                         10.881    
                         arrival time                          -9.907    
  -------------------------------------------------------------------
                         slack                                  0.973    

Slack (MET) :             0.986ns  (required time - arrival time)
  Source:                 basesoc_uart_tx_pending_reg/C
                            (rising edge-triggered cell FDRE clocked by sys_clk  {rise@0.000ns fall@5.000ns period=10.000ns})
  Destination:            lm32_cpu/instruction_unit/icache/memories[0].way_0_tag_ram/mem_reg/ADDRARDADDR[12]
                            (rising edge-triggered cell RAMB18E1 clocked by sys_clk  {rise@0.000ns fall@5.000ns period=10.000ns})
  Path Group:             sys_clk
  Path Type:              Setup (Max at Slow Process Corner)
  Requirement:            10.000ns  (sys_clk rise@10.000ns - sys_clk rise@0.000ns)
  Data Path Delay:        8.342ns  (logic 1.552ns (18.605%)  route 6.790ns (81.395%))
  Logic Levels:           7  (LUT3=1 LUT4=2 LUT5=3 LUT6=1)
  Clock Path Skew:        -0.071ns (DCD - SCD + CPR)
    Destination Clock Delay (DCD):    1.482ns = ( 11.482 - 10.000 ) 
    Source Clock Delay      (SCD):    1.553ns
    Clock Pessimism Removal (CPR):    0.000ns
  Clock Uncertainty:      0.035ns  ((TSJ^2 + TIJ^2)^1/2 + DJ) / 2 + PE
    Total System Jitter     (TSJ):    0.071ns
    Total Input Jitter      (TIJ):    0.000ns
    Discrete Jitter          (DJ):    0.000ns
    Phase Error              (PE):    0.000ns

    Location             Delay type                Incr(ns)  Path(ns)    Netlist Resource(s)
  -------------------------------------------------------------------    -------------------
                         (clock sys_clk rise edge)    0.000     0.000 r  
    BUFGCTRL_X0Y0        BUFG                         0.000     0.000 r  BUFG/O
                         net (fo=1935, routed)        1.553     1.553    sys_clk
    SLICE_X36Y56         FDRE                                         r  basesoc_uart_tx_pending_reg/C
  -------------------------------------------------------------------    -------------------
    SLICE_X36Y56         FDRE (Prop_fdre_C_Q)         0.456     2.009 f  basesoc_uart_tx_pending_reg/Q
                         net (fo=4, routed)           0.670     2.679    lm32_cpu/load_store_unit/dcache/memories[0].data_memories.way_0_data_ram/basesoc_uart_tx_pending
    SLICE_X36Y55         LUT4 (Prop_lut4_I0_O)        0.124     2.803 f  lm32_cpu/load_store_unit/dcache/memories[0].data_memories.way_0_data_ram/pc_m[31]_i_5/O
                         net (fo=1, routed)           1.054     3.857    lm32_cpu/interrupt_unit/basesoc_lm32_interrupt[1]
    SLICE_X37Y38         LUT6 (Prop_lut6_I4_O)        0.124     3.981 r  lm32_cpu/interrupt_unit/pc_m[31]_i_2/O
                         net (fo=4, routed)           0.644     4.625    lm32_cpu/load_store_unit/dcache/memories[0].data_memories.way_0_data_ram/ie_reg
    SLICE_X33Y34         LUT5 (Prop_lut5_I2_O)        0.124     4.749 r  lm32_cpu/load_store_unit/dcache/memories[0].data_memories.way_0_data_ram/pc_m[31]_i_1/O
                         net (fo=187, routed)         0.551     5.300    lm32_cpu/mc_arithmetic/branch_flushX_m0
    SLICE_X33Y34         LUT5 (Prop_lut5_I4_O)        0.124     5.424 r  lm32_cpu/mc_arithmetic/pc_x[31]_i_2/O
                         net (fo=255, routed)         0.775     6.198    lm32_cpu/load_store_unit/dcache/state_reg[0]_0
    SLICE_X35Y34         LUT4 (Prop_lut4_I3_O)        0.150     6.348 f  lm32_cpu/load_store_unit/dcache/b[31]_i_8/O
                         net (fo=2, routed)           0.878     7.227    lm32_cpu/load_store_unit/dcache/b[31]_i_8_n_0
    SLICE_X35Y34         LUT5 (Prop_lut5_I0_O)        0.326     7.553 r  lm32_cpu/load_store_unit/dcache/mem_reg_i_12/O
                         net (fo=156, routed)         1.304     8.856    lm32_cpu/load_store_unit/dcache/valid_f2
    SLICE_X48Y21         LUT3 (Prop_lut3_I1_O)        0.124     8.980 r  lm32_cpu/load_store_unit/dcache/mem_reg_i_1__1/O
                         net (fo=2, routed)           0.915     9.895    lm32_cpu/instruction_unit/icache/memories[0].way_0_tag_ram/ADDRBWRADDR[7]
    RAMB18_X1Y10         RAMB18E1                                     r  lm32_cpu/instruction_unit/icache/memories[0].way_0_tag_ram/mem_reg/ADDRARDADDR[12]
  -------------------------------------------------------------------    -------------------

                         (clock sys_clk rise edge)   10.000    10.000 r  
    BUFGCTRL_X0Y0        BUFG                         0.000    10.000 r  BUFG/O
                         net (fo=1935, routed)        1.482    11.482    lm32_cpu/instruction_unit/icache/memories[0].way_0_tag_ram/out
    RAMB18_X1Y10         RAMB18E1                                     r  lm32_cpu/instruction_unit/icache/memories[0].way_0_tag_ram/mem_reg/CLKARDCLK
                         clock pessimism              0.000    11.482    
                         clock uncertainty           -0.035    11.447    
    RAMB18_X1Y10         RAMB18E1 (Setup_ramb18e1_CLKARDCLK_ADDRARDADDR[12])
                                                     -0.566    10.881    lm32_cpu/instruction_unit/icache/memories[0].way_0_tag_ram/mem_reg
  -------------------------------------------------------------------
                         required time                         10.881    
                         arrival time                          -9.895    
  -------------------------------------------------------------------
                         slack                                  0.986    

Slack (MET) :             1.066ns  (required time - arrival time)
  Source:                 basesoc_uart_tx_pending_reg/C
                            (rising edge-triggered cell FDRE clocked by sys_clk  {rise@0.000ns fall@5.000ns period=10.000ns})
  Destination:            lm32_cpu/instruction_unit/icache/memories[0].way_0_tag_ram/mem_reg/ADDRARDADDR[9]
                            (rising edge-triggered cell RAMB18E1 clocked by sys_clk  {rise@0.000ns fall@5.000ns period=10.000ns})
  Path Group:             sys_clk
  Path Type:              Setup (Max at Slow Process Corner)
  Requirement:            10.000ns  (sys_clk rise@10.000ns - sys_clk rise@0.000ns)
  Data Path Delay:        8.262ns  (logic 1.552ns (18.785%)  route 6.710ns (81.215%))
  Logic Levels:           7  (LUT3=1 LUT4=2 LUT5=3 LUT6=1)
  Clock Path Skew:        -0.071ns (DCD - SCD + CPR)
    Destination Clock Delay (DCD):    1.482ns = ( 11.482 - 10.000 ) 
    Source Clock Delay      (SCD):    1.553ns
    Clock Pessimism Removal (CPR):    0.000ns
  Clock Uncertainty:      0.035ns  ((TSJ^2 + TIJ^2)^1/2 + DJ) / 2 + PE
    Total System Jitter     (TSJ):    0.071ns
    Total Input Jitter      (TIJ):    0.000ns
    Discrete Jitter          (DJ):    0.000ns
    Phase Error              (PE):    0.000ns

    Location             Delay type                Incr(ns)  Path(ns)    Netlist Resource(s)
  -------------------------------------------------------------------    -------------------
                         (clock sys_clk rise edge)    0.000     0.000 r  
    BUFGCTRL_X0Y0        BUFG                         0.000     0.000 r  BUFG/O
                         net (fo=1935, routed)        1.553     1.553    sys_clk
    SLICE_X36Y56         FDRE                                         r  basesoc_uart_tx_pending_reg/C
  -------------------------------------------------------------------    -------------------
    SLICE_X36Y56         FDRE (Prop_fdre_C_Q)         0.456     2.009 f  basesoc_uart_tx_pending_reg/Q
                         net (fo=4, routed)           0.670     2.679    lm32_cpu/load_store_unit/dcache/memories[0].data_memories.way_0_data_ram/basesoc_uart_tx_pending
    SLICE_X36Y55         LUT4 (Prop_lut4_I0_O)        0.124     2.803 f  lm32_cpu/load_store_unit/dcache/memories[0].data_memories.way_0_data_ram/pc_m[31]_i_5/O
                         net (fo=1, routed)           1.054     3.857    lm32_cpu/interrupt_unit/basesoc_lm32_interrupt[1]
    SLICE_X37Y38         LUT6 (Prop_lut6_I4_O)        0.124     3.981 r  lm32_cpu/interrupt_unit/pc_m[31]_i_2/O
                         net (fo=4, routed)           0.644     4.625    lm32_cpu/load_store_unit/dcache/memories[0].data_memories.way_0_data_ram/ie_reg
    SLICE_X33Y34         LUT5 (Prop_lut5_I2_O)        0.124     4.749 r  lm32_cpu/load_store_unit/dcache/memories[0].data_memories.way_0_data_ram/pc_m[31]_i_1/O
                         net (fo=187, routed)         0.551     5.300    lm32_cpu/mc_arithmetic/branch_flushX_m0
    SLICE_X33Y34         LUT5 (Prop_lut5_I4_O)        0.124     5.424 r  lm32_cpu/mc_arithmetic/pc_x[31]_i_2/O
                         net (fo=255, routed)         0.775     6.198    lm32_cpu/load_store_unit/dcache/state_reg[0]_0
    SLICE_X35Y34         LUT4 (Prop_lut4_I3_O)        0.150     6.348 f  lm32_cpu/load_store_unit/dcache/b[31]_i_8/O
                         net (fo=2, routed)           0.878     7.227    lm32_cpu/load_store_unit/dcache/b[31]_i_8_n_0
    SLICE_X35Y34         LUT5 (Prop_lut5_I0_O)        0.326     7.553 r  lm32_cpu/load_store_unit/dcache/mem_reg_i_12/O
                         net (fo=156, routed)         1.361     8.914    lm32_cpu/load_store_unit/dcache/valid_f2
    SLICE_X48Y23         LUT3 (Prop_lut3_I1_O)        0.124     9.038 r  lm32_cpu/load_store_unit/dcache/mem_reg_i_4__2/O
                         net (fo=2, routed)           0.777     9.815    lm32_cpu/instruction_unit/icache/memories[0].way_0_tag_ram/ADDRBWRADDR[4]
    RAMB18_X1Y10         RAMB18E1                                     r  lm32_cpu/instruction_unit/icache/memories[0].way_0_tag_ram/mem_reg/ADDRARDADDR[9]
  -------------------------------------------------------------------    -------------------

                         (clock sys_clk rise edge)   10.000    10.000 r  
    BUFGCTRL_X0Y0        BUFG                         0.000    10.000 r  BUFG/O
                         net (fo=1935, routed)        1.482    11.482    lm32_cpu/instruction_unit/icache/memories[0].way_0_tag_ram/out
    RAMB18_X1Y10         RAMB18E1                                     r  lm32_cpu/instruction_unit/icache/memories[0].way_0_tag_ram/mem_reg/CLKARDCLK
                         clock pessimism              0.000    11.482    
                         clock uncertainty           -0.035    11.447    
    RAMB18_X1Y10         RAMB18E1 (Setup_ramb18e1_CLKARDCLK_ADDRARDADDR[9])
                                                     -0.566    10.881    lm32_cpu/instruction_unit/icache/memories[0].way_0_tag_ram/mem_reg
  -------------------------------------------------------------------
                         required time                         10.881    
                         arrival time                          -9.815    
  -------------------------------------------------------------------
                         slack                                  1.066    

Slack (MET) :             1.082ns  (required time - arrival time)
  Source:                 basesoc_uart_tx_pending_reg/C
                            (rising edge-triggered cell FDRE clocked by sys_clk  {rise@0.000ns fall@5.000ns period=10.000ns})
  Destination:            lm32_cpu/instruction_unit/icache/memories[0].way_0_tag_ram/mem_reg/ADDRARDADDR[5]
                            (rising edge-triggered cell RAMB18E1 clocked by sys_clk  {rise@0.000ns fall@5.000ns period=10.000ns})
  Path Group:             sys_clk
  Path Type:              Setup (Max at Slow Process Corner)
  Requirement:            10.000ns  (sys_clk rise@10.000ns - sys_clk rise@0.000ns)
  Data Path Delay:        8.246ns  (logic 1.552ns (18.822%)  route 6.694ns (81.178%))
  Logic Levels:           7  (LUT3=1 LUT4=2 LUT5=3 LUT6=1)
  Clock Path Skew:        -0.071ns (DCD - SCD + CPR)
    Destination Clock Delay (DCD):    1.482ns = ( 11.482 - 10.000 ) 
    Source Clock Delay      (SCD):    1.553ns
    Clock Pessimism Removal (CPR):    0.000ns
  Clock Uncertainty:      0.035ns  ((TSJ^2 + TIJ^2)^1/2 + DJ) / 2 + PE
    Total System Jitter     (TSJ):    0.071ns
    Total Input Jitter      (TIJ):    0.000ns
    Discrete Jitter          (DJ):    0.000ns
    Phase Error              (PE):    0.000ns

    Location             Delay type                Incr(ns)  Path(ns)    Netlist Resource(s)
  -------------------------------------------------------------------    -------------------
                         (clock sys_clk rise edge)    0.000     0.000 r  
    BUFGCTRL_X0Y0        BUFG                         0.000     0.000 r  BUFG/O
                         net (fo=1935, routed)        1.553     1.553    sys_clk
    SLICE_X36Y56         FDRE                                         r  basesoc_uart_tx_pending_reg/C
  -------------------------------------------------------------------    -------------------
    SLICE_X36Y56         FDRE (Prop_fdre_C_Q)         0.456     2.009 f  basesoc_uart_tx_pending_reg/Q
                         net (fo=4, routed)           0.670     2.679    lm32_cpu/load_store_unit/dcache/memories[0].data_memories.way_0_data_ram/basesoc_uart_tx_pending
    SLICE_X36Y55         LUT4 (Prop_lut4_I0_O)        0.124     2.803 f  lm32_cpu/load_store_unit/dcache/memories[0].data_memories.way_0_data_ram/pc_m[31]_i_5/O
                         net (fo=1, routed)           1.054     3.857    lm32_cpu/interrupt_unit/basesoc_lm32_interrupt[1]
    SLICE_X37Y38         LUT6 (Prop_lut6_I4_O)        0.124     3.981 r  lm32_cpu/interrupt_unit/pc_m[31]_i_2/O
                         net (fo=4, routed)           0.644     4.625    lm32_cpu/load_store_unit/dcache/memories[0].data_memories.way_0_data_ram/ie_reg
    SLICE_X33Y34         LUT5 (Prop_lut5_I2_O)        0.124     4.749 r  lm32_cpu/load_store_unit/dcache/memories[0].data_memories.way_0_data_ram/pc_m[31]_i_1/O
                         net (fo=187, routed)         0.551     5.300    lm32_cpu/mc_arithmetic/branch_flushX_m0
    SLICE_X33Y34         LUT5 (Prop_lut5_I4_O)        0.124     5.424 r  lm32_cpu/mc_arithmetic/pc_x[31]_i_2/O
                         net (fo=255, routed)         0.775     6.198    lm32_cpu/load_store_unit/dcache/state_reg[0]_0
    SLICE_X35Y34         LUT4 (Prop_lut4_I3_O)        0.150     6.348 f  lm32_cpu/load_store_unit/dcache/b[31]_i_8/O
                         net (fo=2, routed)           0.878     7.227    lm32_cpu/load_store_unit/dcache/b[31]_i_8_n_0
    SLICE_X35Y34         LUT5 (Prop_lut5_I0_O)        0.326     7.553 r  lm32_cpu/load_store_unit/dcache/mem_reg_i_12/O
                         net (fo=156, routed)         1.296     8.849    lm32_cpu/load_store_unit/dcache/valid_f2
    SLICE_X48Y22         LUT3 (Prop_lut3_I1_O)        0.124     8.973 r  lm32_cpu/load_store_unit/dcache/mem_reg_i_8__2/O
                         net (fo=2, routed)           0.826     9.799    lm32_cpu/instruction_unit/icache/memories[0].way_0_tag_ram/ADDRBWRADDR[0]
    RAMB18_X1Y10         RAMB18E1                                     r  lm32_cpu/instruction_unit/icache/memories[0].way_0_tag_ram/mem_reg/ADDRARDADDR[5]
  -------------------------------------------------------------------    -------------------

                         (clock sys_clk rise edge)   10.000    10.000 r  
    BUFGCTRL_X0Y0        BUFG                         0.000    10.000 r  BUFG/O
                         net (fo=1935, routed)        1.482    11.482    lm32_cpu/instruction_unit/icache/memories[0].way_0_tag_ram/out
    RAMB18_X1Y10         RAMB18E1                                     r  lm32_cpu/instruction_unit/icache/memories[0].way_0_tag_ram/mem_reg/CLKARDCLK
                         clock pessimism              0.000    11.482    
                         clock uncertainty           -0.035    11.447    
    RAMB18_X1Y10         RAMB18E1 (Setup_ramb18e1_CLKARDCLK_ADDRARDADDR[5])
                                                     -0.566    10.881    lm32_cpu/instruction_unit/icache/memories[0].way_0_tag_ram/mem_reg
  -------------------------------------------------------------------
                         required time                         10.881    
                         arrival time                          -9.799    
  -------------------------------------------------------------------
                         slack                                  1.082    

Slack (MET) :             1.084ns  (required time - arrival time)
  Source:                 basesoc_uart_tx_pending_reg/C
                            (rising edge-triggered cell FDRE clocked by sys_clk  {rise@0.000ns fall@5.000ns period=10.000ns})
  Destination:            lm32_cpu/instruction_unit/icache/memories[0].way_0_tag_ram/mem_reg/ADDRARDADDR[6]
                            (rising edge-triggered cell RAMB18E1 clocked by sys_clk  {rise@0.000ns fall@5.000ns period=10.000ns})
  Path Group:             sys_clk
  Path Type:              Setup (Max at Slow Process Corner)
  Requirement:            10.000ns  (sys_clk rise@10.000ns - sys_clk rise@0.000ns)
  Data Path Delay:        8.243ns  (logic 1.552ns (18.827%)  route 6.691ns (81.173%))
  Logic Levels:           7  (LUT3=1 LUT4=2 LUT5=3 LUT6=1)
  Clock Path Skew:        -0.071ns (DCD - SCD + CPR)
    Destination Clock Delay (DCD):    1.482ns = ( 11.482 - 10.000 ) 
    Source Clock Delay      (SCD):    1.553ns
    Clock Pessimism Removal (CPR):    0.000ns
  Clock Uncertainty:      0.035ns  ((TSJ^2 + TIJ^2)^1/2 + DJ) / 2 + PE
    Total System Jitter     (TSJ):    0.071ns
    Total Input Jitter      (TIJ):    0.000ns
    Discrete Jitter          (DJ):    0.000ns
    Phase Error              (PE):    0.000ns

    Location             Delay type                Incr(ns)  Path(ns)    Netlist Resource(s)
  -------------------------------------------------------------------    -------------------
                         (clock sys_clk rise edge)    0.000     0.000 r  
    BUFGCTRL_X0Y0        BUFG                         0.000     0.000 r  BUFG/O
                         net (fo=1935, routed)        1.553     1.553    sys_clk
    SLICE_X36Y56         FDRE                                         r  basesoc_uart_tx_pending_reg/C
  -------------------------------------------------------------------    -------------------
    SLICE_X36Y56         FDRE (Prop_fdre_C_Q)         0.456     2.009 f  basesoc_uart_tx_pending_reg/Q
                         net (fo=4, routed)           0.670     2.679    lm32_cpu/load_store_unit/dcache/memories[0].data_memories.way_0_data_ram/basesoc_uart_tx_pending
    SLICE_X36Y55         LUT4 (Prop_lut4_I0_O)        0.124     2.803 f  lm32_cpu/load_store_unit/dcache/memories[0].data_memories.way_0_data_ram/pc_m[31]_i_5/O
                         net (fo=1, routed)           1.054     3.857    lm32_cpu/interrupt_unit/basesoc_lm32_interrupt[1]
    SLICE_X37Y38         LUT6 (Prop_lut6_I4_O)        0.124     3.981 r  lm32_cpu/interrupt_unit/pc_m[31]_i_2/O
                         net (fo=4, routed)           0.644     4.625    lm32_cpu/load_store_unit/dcache/memories[0].data_memories.way_0_data_ram/ie_reg
    SLICE_X33Y34         LUT5 (Prop_lut5_I2_O)        0.124     4.749 r  lm32_cpu/load_store_unit/dcache/memories[0].data_memories.way_0_data_ram/pc_m[31]_i_1/O
                         net (fo=187, routed)         0.551     5.300    lm32_cpu/mc_arithmetic/branch_flushX_m0
    SLICE_X33Y34         LUT5 (Prop_lut5_I4_O)        0.124     5.424 r  lm32_cpu/mc_arithmetic/pc_x[31]_i_2/O
                         net (fo=255, routed)         0.775     6.198    lm32_cpu/load_store_unit/dcache/state_reg[0]_0
    SLICE_X35Y34         LUT4 (Prop_lut4_I3_O)        0.150     6.348 f  lm32_cpu/load_store_unit/dcache/b[31]_i_8/O
                         net (fo=2, routed)           0.878     7.227    lm32_cpu/load_store_unit/dcache/b[31]_i_8_n_0
    SLICE_X35Y34         LUT5 (Prop_lut5_I0_O)        0.326     7.553 r  lm32_cpu/load_store_unit/dcache/mem_reg_i_12/O
                         net (fo=156, routed)         1.203     8.755    lm32_cpu/load_store_unit/dcache/valid_f2
    SLICE_X45Y22         LUT3 (Prop_lut3_I1_O)        0.124     8.879 r  lm32_cpu/load_store_unit/dcache/mem_reg_i_7__2/O
                         net (fo=2, routed)           0.917     9.796    lm32_cpu/instruction_unit/icache/memories[0].way_0_tag_ram/ADDRBWRADDR[1]
    RAMB18_X1Y10         RAMB18E1                                     r  lm32_cpu/instruction_unit/icache/memories[0].way_0_tag_ram/mem_reg/ADDRARDADDR[6]
  -------------------------------------------------------------------    -------------------

                         (clock sys_clk rise edge)   10.000    10.000 r  
    BUFGCTRL_X0Y0        BUFG                         0.000    10.000 r  BUFG/O
                         net (fo=1935, routed)        1.482    11.482    lm32_cpu/instruction_unit/icache/memories[0].way_0_tag_ram/out
    RAMB18_X1Y10         RAMB18E1                                     r  lm32_cpu/instruction_unit/icache/memories[0].way_0_tag_ram/mem_reg/CLKARDCLK
                         clock pessimism              0.000    11.482    
                         clock uncertainty           -0.035    11.447    
    RAMB18_X1Y10         RAMB18E1 (Setup_ramb18e1_CLKARDCLK_ADDRARDADDR[6])
                                                     -0.566    10.881    lm32_cpu/instruction_unit/icache/memories[0].way_0_tag_ram/mem_reg
  -------------------------------------------------------------------
                         required time                         10.881    
                         arrival time                          -9.796    
  -------------------------------------------------------------------
                         slack                                  1.084    

Slack (MET) :             1.095ns  (required time - arrival time)
  Source:                 FDPE_1/C
                            (rising edge-triggered cell FDPE clocked by sys_clk  {rise@0.000ns fall@5.000ns period=10.000ns})
  Destination:            spiflash_sr_reg[10]/R
                            (rising edge-triggered cell FDRE clocked by sys_clk  {rise@0.000ns fall@5.000ns period=10.000ns})
  Path Group:             sys_clk
  Path Type:              Setup (Max at Slow Process Corner)
  Requirement:            10.000ns  (sys_clk rise@10.000ns - sys_clk rise@0.000ns)
  Data Path Delay:        7.887ns  (logic 0.419ns (5.312%)  route 7.468ns (94.688%))
  Logic Levels:           0  
  Clock Path Skew:        -0.378ns (DCD - SCD + CPR)
    Destination Clock Delay (DCD):    1.428ns = ( 11.428 - 10.000 ) 
    Source Clock Delay      (SCD):    1.806ns
    Clock Pessimism Removal (CPR):    0.000ns
  Clock Uncertainty:      0.035ns  ((TSJ^2 + TIJ^2)^1/2 + DJ) / 2 + PE
    Total System Jitter     (TSJ):    0.071ns
    Total Input Jitter      (TIJ):    0.000ns
    Discrete Jitter          (DJ):    0.000ns
    Phase Error              (PE):    0.000ns

    Location             Delay type                Incr(ns)  Path(ns)    Netlist Resource(s)
  -------------------------------------------------------------------    -------------------
                         (clock sys_clk rise edge)    0.000     0.000 r  
    BUFGCTRL_X0Y0        BUFG                         0.000     0.000 r  BUFG/O
                         net (fo=1935, routed)        1.806     1.806    sys_clk
    SLICE_X0Y111         FDPE                                         r  FDPE_1/C
  -------------------------------------------------------------------    -------------------
    SLICE_X0Y111         FDPE (Prop_fdpe_C_Q)         0.419     2.225 r  FDPE_1/Q
                         net (fo=507, routed)         7.468     9.694    sys_rst
    SLICE_X33Y24         FDRE                                         r  spiflash_sr_reg[10]/R
  -------------------------------------------------------------------    -------------------

                         (clock sys_clk rise edge)   10.000    10.000 r  
    BUFGCTRL_X0Y0        BUFG                         0.000    10.000 r  BUFG/O
                         net (fo=1935, routed)        1.428    11.428    sys_clk
    SLICE_X33Y24         FDRE                                         r  spiflash_sr_reg[10]/C
                         clock pessimism              0.000    11.428    
                         clock uncertainty           -0.035    11.393    
    SLICE_X33Y24         FDRE (Setup_fdre_C_R)       -0.604    10.789    spiflash_sr_reg[10]
  -------------------------------------------------------------------
                         required time                         10.789    
                         arrival time                          -9.694    
  -------------------------------------------------------------------
                         slack                                  1.095    

Slack (MET) :             1.095ns  (required time - arrival time)
  Source:                 FDPE_1/C
                            (rising edge-triggered cell FDPE clocked by sys_clk  {rise@0.000ns fall@5.000ns period=10.000ns})
  Destination:            spiflash_sr_reg[11]/R
                            (rising edge-triggered cell FDRE clocked by sys_clk  {rise@0.000ns fall@5.000ns period=10.000ns})
  Path Group:             sys_clk
  Path Type:              Setup (Max at Slow Process Corner)
  Requirement:            10.000ns  (sys_clk rise@10.000ns - sys_clk rise@0.000ns)
  Data Path Delay:        7.887ns  (logic 0.419ns (5.312%)  route 7.468ns (94.688%))
  Logic Levels:           0  
  Clock Path Skew:        -0.378ns (DCD - SCD + CPR)
    Destination Clock Delay (DCD):    1.428ns = ( 11.428 - 10.000 ) 
    Source Clock Delay      (SCD):    1.806ns
    Clock Pessimism Removal (CPR):    0.000ns
  Clock Uncertainty:      0.035ns  ((TSJ^2 + TIJ^2)^1/2 + DJ) / 2 + PE
    Total System Jitter     (TSJ):    0.071ns
    Total Input Jitter      (TIJ):    0.000ns
    Discrete Jitter          (DJ):    0.000ns
    Phase Error              (PE):    0.000ns

    Location             Delay type                Incr(ns)  Path(ns)    Netlist Resource(s)
  -------------------------------------------------------------------    -------------------
                         (clock sys_clk rise edge)    0.000     0.000 r  
    BUFGCTRL_X0Y0        BUFG                         0.000     0.000 r  BUFG/O
                         net (fo=1935, routed)        1.806     1.806    sys_clk
    SLICE_X0Y111         FDPE                                         r  FDPE_1/C
  -------------------------------------------------------------------    -------------------
    SLICE_X0Y111         FDPE (Prop_fdpe_C_Q)         0.419     2.225 r  FDPE_1/Q
                         net (fo=507, routed)         7.468     9.694    sys_rst
    SLICE_X33Y24         FDRE                                         r  spiflash_sr_reg[11]/R
  -------------------------------------------------------------------    -------------------

                         (clock sys_clk rise edge)   10.000    10.000 r  
    BUFGCTRL_X0Y0        BUFG                         0.000    10.000 r  BUFG/O
                         net (fo=1935, routed)        1.428    11.428    sys_clk
    SLICE_X33Y24         FDRE                                         r  spiflash_sr_reg[11]/C
                         clock pessimism              0.000    11.428    
                         clock uncertainty           -0.035    11.393    
    SLICE_X33Y24         FDRE (Setup_fdre_C_R)       -0.604    10.789    spiflash_sr_reg[11]
  -------------------------------------------------------------------
                         required time                         10.789    
                         arrival time                          -9.694    
  -------------------------------------------------------------------
                         slack                                  1.095    





Min Delay Paths
--------------------------------------------------------------------------------------
Slack (MET) :             0.024ns  (arrival time - required time)
  Source:                 basesoc_uart_tx_fifo_produce_reg[0]/C
                            (rising edge-triggered cell FDRE clocked by sys_clk  {rise@0.000ns fall@5.000ns period=10.000ns})
  Destination:            storage_reg_0_15_6_7/RAMA/WADR0
                            (rising edge-triggered cell RAMD32 clocked by sys_clk  {rise@0.000ns fall@5.000ns period=10.000ns})
  Path Group:             sys_clk
  Path Type:              Hold (Min at Fast Process Corner)
  Requirement:            0.000ns  (sys_clk rise@0.000ns - sys_clk rise@0.000ns)
  Data Path Delay:        0.347ns  (logic 0.141ns (40.599%)  route 0.206ns (59.401%))
  Logic Levels:           0  
  Clock Path Skew:        0.013ns (DCD - SCD - CPR)
    Destination Clock Delay (DCD):    0.830ns
    Source Clock Delay      (SCD):    0.560ns
    Clock Pessimism Removal (CPR):    0.257ns

    Location             Delay type                Incr(ns)  Path(ns)    Netlist Resource(s)
  -------------------------------------------------------------------    -------------------
                         (clock sys_clk rise edge)    0.000     0.000 r  
    BUFGCTRL_X0Y0        BUFG                         0.000     0.000 r  BUFG/O
                         net (fo=1935, routed)        0.560     0.560    sys_clk
    SLICE_X43Y58         FDRE                                         r  basesoc_uart_tx_fifo_produce_reg[0]/C
  -------------------------------------------------------------------    -------------------
    SLICE_X43Y58         FDRE (Prop_fdre_C_Q)         0.141     0.701 r  basesoc_uart_tx_fifo_produce_reg[0]/Q
                         net (fo=20, routed)          0.206     0.907    storage_reg_0_15_6_7/ADDRD0
    SLICE_X42Y58         RAMD32                                       r  storage_reg_0_15_6_7/RAMA/WADR0
  -------------------------------------------------------------------    -------------------

                         (clock sys_clk rise edge)    0.000     0.000 r  
    BUFGCTRL_X0Y0        BUFG                         0.000     0.000 r  BUFG/O
                         net (fo=1935, routed)        0.830     0.830    storage_reg_0_15_6_7/WCLK
    SLICE_X42Y58         RAMD32                                       r  storage_reg_0_15_6_7/RAMA/CLK
                         clock pessimism             -0.257     0.573    
    SLICE_X42Y58         RAMD32 (Hold_ramd32_CLK_WADR0)
                                                      0.310     0.883    storage_reg_0_15_6_7/RAMA
  -------------------------------------------------------------------
                         required time                         -0.883    
                         arrival time                           0.907    
  -------------------------------------------------------------------
                         slack                                  0.024    

Slack (MET) :             0.024ns  (arrival time - required time)
  Source:                 basesoc_uart_tx_fifo_produce_reg[0]/C
                            (rising edge-triggered cell FDRE clocked by sys_clk  {rise@0.000ns fall@5.000ns period=10.000ns})
  Destination:            storage_reg_0_15_6_7/RAMA_D1/WADR0
                            (rising edge-triggered cell RAMD32 clocked by sys_clk  {rise@0.000ns fall@5.000ns period=10.000ns})
  Path Group:             sys_clk
  Path Type:              Hold (Min at Fast Process Corner)
  Requirement:            0.000ns  (sys_clk rise@0.000ns - sys_clk rise@0.000ns)
  Data Path Delay:        0.347ns  (logic 0.141ns (40.599%)  route 0.206ns (59.401%))
  Logic Levels:           0  
  Clock Path Skew:        0.013ns (DCD - SCD - CPR)
    Destination Clock Delay (DCD):    0.830ns
    Source Clock Delay      (SCD):    0.560ns
    Clock Pessimism Removal (CPR):    0.257ns

    Location             Delay type                Incr(ns)  Path(ns)    Netlist Resource(s)
  -------------------------------------------------------------------    -------------------
                         (clock sys_clk rise edge)    0.000     0.000 r  
    BUFGCTRL_X0Y0        BUFG                         0.000     0.000 r  BUFG/O
                         net (fo=1935, routed)        0.560     0.560    sys_clk
    SLICE_X43Y58         FDRE                                         r  basesoc_uart_tx_fifo_produce_reg[0]/C
  -------------------------------------------------------------------    -------------------
    SLICE_X43Y58         FDRE (Prop_fdre_C_Q)         0.141     0.701 r  basesoc_uart_tx_fifo_produce_reg[0]/Q
                         net (fo=20, routed)          0.206     0.907    storage_reg_0_15_6_7/ADDRD0
    SLICE_X42Y58         RAMD32                                       r  storage_reg_0_15_6_7/RAMA_D1/WADR0
  -------------------------------------------------------------------    -------------------

                         (clock sys_clk rise edge)    0.000     0.000 r  
    BUFGCTRL_X0Y0        BUFG                         0.000     0.000 r  BUFG/O
                         net (fo=1935, routed)        0.830     0.830    storage_reg_0_15_6_7/WCLK
    SLICE_X42Y58         RAMD32                                       r  storage_reg_0_15_6_7/RAMA_D1/CLK
                         clock pessimism             -0.257     0.573    
    SLICE_X42Y58         RAMD32 (Hold_ramd32_CLK_WADR0)
                                                      0.310     0.883    storage_reg_0_15_6_7/RAMA_D1
  -------------------------------------------------------------------
                         required time                         -0.883    
                         arrival time                           0.907    
  -------------------------------------------------------------------
                         slack                                  0.024    

Slack (MET) :             0.024ns  (arrival time - required time)
  Source:                 basesoc_uart_tx_fifo_produce_reg[0]/C
                            (rising edge-triggered cell FDRE clocked by sys_clk  {rise@0.000ns fall@5.000ns period=10.000ns})
  Destination:            storage_reg_0_15_6_7/RAMB/WADR0
                            (rising edge-triggered cell RAMD32 clocked by sys_clk  {rise@0.000ns fall@5.000ns period=10.000ns})
  Path Group:             sys_clk
  Path Type:              Hold (Min at Fast Process Corner)
  Requirement:            0.000ns  (sys_clk rise@0.000ns - sys_clk rise@0.000ns)
  Data Path Delay:        0.347ns  (logic 0.141ns (40.599%)  route 0.206ns (59.401%))
  Logic Levels:           0  
  Clock Path Skew:        0.013ns (DCD - SCD - CPR)
    Destination Clock Delay (DCD):    0.830ns
    Source Clock Delay      (SCD):    0.560ns
    Clock Pessimism Removal (CPR):    0.257ns

    Location             Delay type                Incr(ns)  Path(ns)    Netlist Resource(s)
  -------------------------------------------------------------------    -------------------
                         (clock sys_clk rise edge)    0.000     0.000 r  
    BUFGCTRL_X0Y0        BUFG                         0.000     0.000 r  BUFG/O
                         net (fo=1935, routed)        0.560     0.560    sys_clk
    SLICE_X43Y58         FDRE                                         r  basesoc_uart_tx_fifo_produce_reg[0]/C
  -------------------------------------------------------------------    -------------------
    SLICE_X43Y58         FDRE (Prop_fdre_C_Q)         0.141     0.701 r  basesoc_uart_tx_fifo_produce_reg[0]/Q
                         net (fo=20, routed)          0.206     0.907    storage_reg_0_15_6_7/ADDRD0
    SLICE_X42Y58         RAMD32                                       r  storage_reg_0_15_6_7/RAMB/WADR0
  -------------------------------------------------------------------    -------------------

                         (clock sys_clk rise edge)    0.000     0.000 r  
    BUFGCTRL_X0Y0        BUFG                         0.000     0.000 r  BUFG/O
                         net (fo=1935, routed)        0.830     0.830    storage_reg_0_15_6_7/WCLK
    SLICE_X42Y58         RAMD32                                       r  storage_reg_0_15_6_7/RAMB/CLK
                         clock pessimism             -0.257     0.573    
    SLICE_X42Y58         RAMD32 (Hold_ramd32_CLK_WADR0)
                                                      0.310     0.883    storage_reg_0_15_6_7/RAMB
  -------------------------------------------------------------------
                         required time                         -0.883    
                         arrival time                           0.907    
  -------------------------------------------------------------------
                         slack                                  0.024    

Slack (MET) :             0.024ns  (arrival time - required time)
  Source:                 basesoc_uart_tx_fifo_produce_reg[0]/C
                            (rising edge-triggered cell FDRE clocked by sys_clk  {rise@0.000ns fall@5.000ns period=10.000ns})
  Destination:            storage_reg_0_15_6_7/RAMB_D1/WADR0
                            (rising edge-triggered cell RAMD32 clocked by sys_clk  {rise@0.000ns fall@5.000ns period=10.000ns})
  Path Group:             sys_clk
  Path Type:              Hold (Min at Fast Process Corner)
  Requirement:            0.000ns  (sys_clk rise@0.000ns - sys_clk rise@0.000ns)
  Data Path Delay:        0.347ns  (logic 0.141ns (40.599%)  route 0.206ns (59.401%))
  Logic Levels:           0  
  Clock Path Skew:        0.013ns (DCD - SCD - CPR)
    Destination Clock Delay (DCD):    0.830ns
    Source Clock Delay      (SCD):    0.560ns
    Clock Pessimism Removal (CPR):    0.257ns

    Location             Delay type                Incr(ns)  Path(ns)    Netlist Resource(s)
  -------------------------------------------------------------------    -------------------
                         (clock sys_clk rise edge)    0.000     0.000 r  
    BUFGCTRL_X0Y0        BUFG                         0.000     0.000 r  BUFG/O
                         net (fo=1935, routed)        0.560     0.560    sys_clk
    SLICE_X43Y58         FDRE                                         r  basesoc_uart_tx_fifo_produce_reg[0]/C
  -------------------------------------------------------------------    -------------------
    SLICE_X43Y58         FDRE (Prop_fdre_C_Q)         0.141     0.701 r  basesoc_uart_tx_fifo_produce_reg[0]/Q
                         net (fo=20, routed)          0.206     0.907    storage_reg_0_15_6_7/ADDRD0
    SLICE_X42Y58         RAMD32                                       r  storage_reg_0_15_6_7/RAMB_D1/WADR0
  -------------------------------------------------------------------    -------------------

                         (clock sys_clk rise edge)    0.000     0.000 r  
    BUFGCTRL_X0Y0        BUFG                         0.000     0.000 r  BUFG/O
                         net (fo=1935, routed)        0.830     0.830    storage_reg_0_15_6_7/WCLK
    SLICE_X42Y58         RAMD32                                       r  storage_reg_0_15_6_7/RAMB_D1/CLK
                         clock pessimism             -0.257     0.573    
    SLICE_X42Y58         RAMD32 (Hold_ramd32_CLK_WADR0)
                                                      0.310     0.883    storage_reg_0_15_6_7/RAMB_D1
  -------------------------------------------------------------------
                         required time                         -0.883    
                         arrival time                           0.907    
  -------------------------------------------------------------------
                         slack                                  0.024    

Slack (MET) :             0.024ns  (arrival time - required time)
  Source:                 basesoc_uart_tx_fifo_produce_reg[0]/C
                            (rising edge-triggered cell FDRE clocked by sys_clk  {rise@0.000ns fall@5.000ns period=10.000ns})
  Destination:            storage_reg_0_15_6_7/RAMC/WADR0
                            (rising edge-triggered cell RAMD32 clocked by sys_clk  {rise@0.000ns fall@5.000ns period=10.000ns})
  Path Group:             sys_clk
  Path Type:              Hold (Min at Fast Process Corner)
  Requirement:            0.000ns  (sys_clk rise@0.000ns - sys_clk rise@0.000ns)
  Data Path Delay:        0.347ns  (logic 0.141ns (40.599%)  route 0.206ns (59.401%))
  Logic Levels:           0  
  Clock Path Skew:        0.013ns (DCD - SCD - CPR)
    Destination Clock Delay (DCD):    0.830ns
    Source Clock Delay      (SCD):    0.560ns
    Clock Pessimism Removal (CPR):    0.257ns

    Location             Delay type                Incr(ns)  Path(ns)    Netlist Resource(s)
  -------------------------------------------------------------------    -------------------
                         (clock sys_clk rise edge)    0.000     0.000 r  
    BUFGCTRL_X0Y0        BUFG                         0.000     0.000 r  BUFG/O
                         net (fo=1935, routed)        0.560     0.560    sys_clk
    SLICE_X43Y58         FDRE                                         r  basesoc_uart_tx_fifo_produce_reg[0]/C
  -------------------------------------------------------------------    -------------------
    SLICE_X43Y58         FDRE (Prop_fdre_C_Q)         0.141     0.701 r  basesoc_uart_tx_fifo_produce_reg[0]/Q
                         net (fo=20, routed)          0.206     0.907    storage_reg_0_15_6_7/ADDRD0
    SLICE_X42Y58         RAMD32                                       r  storage_reg_0_15_6_7/RAMC/WADR0
  -------------------------------------------------------------------    -------------------

                         (clock sys_clk rise edge)    0.000     0.000 r  
    BUFGCTRL_X0Y0        BUFG                         0.000     0.000 r  BUFG/O
                         net (fo=1935, routed)        0.830     0.830    storage_reg_0_15_6_7/WCLK
    SLICE_X42Y58         RAMD32                                       r  storage_reg_0_15_6_7/RAMC/CLK
                         clock pessimism             -0.257     0.573    
    SLICE_X42Y58         RAMD32 (Hold_ramd32_CLK_WADR0)
                                                      0.310     0.883    storage_reg_0_15_6_7/RAMC
  -------------------------------------------------------------------
                         required time                         -0.883    
                         arrival time                           0.907    
  -------------------------------------------------------------------
                         slack                                  0.024    

Slack (MET) :             0.024ns  (arrival time - required time)
  Source:                 basesoc_uart_tx_fifo_produce_reg[0]/C
                            (rising edge-triggered cell FDRE clocked by sys_clk  {rise@0.000ns fall@5.000ns period=10.000ns})
  Destination:            storage_reg_0_15_6_7/RAMC_D1/WADR0
                            (rising edge-triggered cell RAMD32 clocked by sys_clk  {rise@0.000ns fall@5.000ns period=10.000ns})
  Path Group:             sys_clk
  Path Type:              Hold (Min at Fast Process Corner)
  Requirement:            0.000ns  (sys_clk rise@0.000ns - sys_clk rise@0.000ns)
  Data Path Delay:        0.347ns  (logic 0.141ns (40.599%)  route 0.206ns (59.401%))
  Logic Levels:           0  
  Clock Path Skew:        0.013ns (DCD - SCD - CPR)
    Destination Clock Delay (DCD):    0.830ns
    Source Clock Delay      (SCD):    0.560ns
    Clock Pessimism Removal (CPR):    0.257ns

    Location             Delay type                Incr(ns)  Path(ns)    Netlist Resource(s)
  -------------------------------------------------------------------    -------------------
                         (clock sys_clk rise edge)    0.000     0.000 r  
    BUFGCTRL_X0Y0        BUFG                         0.000     0.000 r  BUFG/O
                         net (fo=1935, routed)        0.560     0.560    sys_clk
    SLICE_X43Y58         FDRE                                         r  basesoc_uart_tx_fifo_produce_reg[0]/C
  -------------------------------------------------------------------    -------------------
    SLICE_X43Y58         FDRE (Prop_fdre_C_Q)         0.141     0.701 r  basesoc_uart_tx_fifo_produce_reg[0]/Q
                         net (fo=20, routed)          0.206     0.907    storage_reg_0_15_6_7/ADDRD0
    SLICE_X42Y58         RAMD32                                       r  storage_reg_0_15_6_7/RAMC_D1/WADR0
  -------------------------------------------------------------------    -------------------

                         (clock sys_clk rise edge)    0.000     0.000 r  
    BUFGCTRL_X0Y0        BUFG                         0.000     0.000 r  BUFG/O
                         net (fo=1935, routed)        0.830     0.830    storage_reg_0_15_6_7/WCLK
    SLICE_X42Y58         RAMD32                                       r  storage_reg_0_15_6_7/RAMC_D1/CLK
                         clock pessimism             -0.257     0.573    
    SLICE_X42Y58         RAMD32 (Hold_ramd32_CLK_WADR0)
                                                      0.310     0.883    storage_reg_0_15_6_7/RAMC_D1
  -------------------------------------------------------------------
                         required time                         -0.883    
                         arrival time                           0.907    
  -------------------------------------------------------------------
                         slack                                  0.024    

Slack (MET) :             0.024ns  (arrival time - required time)
  Source:                 basesoc_uart_tx_fifo_produce_reg[0]/C
                            (rising edge-triggered cell FDRE clocked by sys_clk  {rise@0.000ns fall@5.000ns period=10.000ns})
  Destination:            storage_reg_0_15_6_7/RAMD/ADR0
                            (rising edge-triggered cell RAMS32 clocked by sys_clk  {rise@0.000ns fall@5.000ns period=10.000ns})
  Path Group:             sys_clk
  Path Type:              Hold (Min at Fast Process Corner)
  Requirement:            0.000ns  (sys_clk rise@0.000ns - sys_clk rise@0.000ns)
  Data Path Delay:        0.347ns  (logic 0.141ns (40.599%)  route 0.206ns (59.401%))
  Logic Levels:           0  
  Clock Path Skew:        0.013ns (DCD - SCD - CPR)
    Destination Clock Delay (DCD):    0.830ns
    Source Clock Delay      (SCD):    0.560ns
    Clock Pessimism Removal (CPR):    0.257ns

    Location             Delay type                Incr(ns)  Path(ns)    Netlist Resource(s)
  -------------------------------------------------------------------    -------------------
                         (clock sys_clk rise edge)    0.000     0.000 r  
    BUFGCTRL_X0Y0        BUFG                         0.000     0.000 r  BUFG/O
                         net (fo=1935, routed)        0.560     0.560    sys_clk
    SLICE_X43Y58         FDRE                                         r  basesoc_uart_tx_fifo_produce_reg[0]/C
  -------------------------------------------------------------------    -------------------
    SLICE_X43Y58         FDRE (Prop_fdre_C_Q)         0.141     0.701 r  basesoc_uart_tx_fifo_produce_reg[0]/Q
                         net (fo=20, routed)          0.206     0.907    storage_reg_0_15_6_7/ADDRD0
    SLICE_X42Y58         RAMS32                                       r  storage_reg_0_15_6_7/RAMD/ADR0
  -------------------------------------------------------------------    -------------------

                         (clock sys_clk rise edge)    0.000     0.000 r  
    BUFGCTRL_X0Y0        BUFG                         0.000     0.000 r  BUFG/O
                         net (fo=1935, routed)        0.830     0.830    storage_reg_0_15_6_7/WCLK
    SLICE_X42Y58         RAMS32                                       r  storage_reg_0_15_6_7/RAMD/CLK
                         clock pessimism             -0.257     0.573    
    SLICE_X42Y58         RAMS32 (Hold_rams32_CLK_ADR0)
                                                      0.310     0.883    storage_reg_0_15_6_7/RAMD
  -------------------------------------------------------------------
                         required time                         -0.883    
                         arrival time                           0.907    
  -------------------------------------------------------------------
                         slack                                  0.024    

Slack (MET) :             0.024ns  (arrival time - required time)
  Source:                 basesoc_uart_tx_fifo_produce_reg[0]/C
                            (rising edge-triggered cell FDRE clocked by sys_clk  {rise@0.000ns fall@5.000ns period=10.000ns})
  Destination:            storage_reg_0_15_6_7/RAMD_D1/ADR0
                            (rising edge-triggered cell RAMS32 clocked by sys_clk  {rise@0.000ns fall@5.000ns period=10.000ns})
  Path Group:             sys_clk
  Path Type:              Hold (Min at Fast Process Corner)
  Requirement:            0.000ns  (sys_clk rise@0.000ns - sys_clk rise@0.000ns)
  Data Path Delay:        0.347ns  (logic 0.141ns (40.599%)  route 0.206ns (59.401%))
  Logic Levels:           0  
  Clock Path Skew:        0.013ns (DCD - SCD - CPR)
    Destination Clock Delay (DCD):    0.830ns
    Source Clock Delay      (SCD):    0.560ns
    Clock Pessimism Removal (CPR):    0.257ns

    Location             Delay type                Incr(ns)  Path(ns)    Netlist Resource(s)
  -------------------------------------------------------------------    -------------------
                         (clock sys_clk rise edge)    0.000     0.000 r  
    BUFGCTRL_X0Y0        BUFG                         0.000     0.000 r  BUFG/O
                         net (fo=1935, routed)        0.560     0.560    sys_clk
    SLICE_X43Y58         FDRE                                         r  basesoc_uart_tx_fifo_produce_reg[0]/C
  -------------------------------------------------------------------    -------------------
    SLICE_X43Y58         FDRE (Prop_fdre_C_Q)         0.141     0.701 r  basesoc_uart_tx_fifo_produce_reg[0]/Q
                         net (fo=20, routed)          0.206     0.907    storage_reg_0_15_6_7/ADDRD0
    SLICE_X42Y58         RAMS32                                       r  storage_reg_0_15_6_7/RAMD_D1/ADR0
  -------------------------------------------------------------------    -------------------

                         (clock sys_clk rise edge)    0.000     0.000 r  
    BUFGCTRL_X0Y0        BUFG                         0.000     0.000 r  BUFG/O
                         net (fo=1935, routed)        0.830     0.830    storage_reg_0_15_6_7/WCLK
    SLICE_X42Y58         RAMS32                                       r  storage_reg_0_15_6_7/RAMD_D1/CLK
                         clock pessimism             -0.257     0.573    
    SLICE_X42Y58         RAMS32 (Hold_rams32_CLK_ADR0)
                                                      0.310     0.883    storage_reg_0_15_6_7/RAMD_D1
  -------------------------------------------------------------------
                         required time                         -0.883    
                         arrival time                           0.907    
  -------------------------------------------------------------------
                         slack                                  0.024    

Slack (MET) :             0.036ns  (arrival time - required time)
  Source:                 basesoc_uart_rx_fifo_produce_reg[0]/C
                            (rising edge-triggered cell FDRE clocked by sys_clk  {rise@0.000ns fall@5.000ns period=10.000ns})
  Destination:            storage_1_reg_0_15_0_5/RAMA/WADR0
                            (rising edge-triggered cell RAMD32 clocked by sys_clk  {rise@0.000ns fall@5.000ns period=10.000ns})
  Path Group:             sys_clk
  Path Type:              Hold (Min at Fast Process Corner)
  Requirement:            0.000ns  (sys_clk rise@0.000ns - sys_clk rise@0.000ns)
  Data Path Delay:        0.359ns  (logic 0.141ns (39.235%)  route 0.218ns (60.765%))
  Logic Levels:           0  
  Clock Path Skew:        0.013ns (DCD - SCD - CPR)
    Destination Clock Delay (DCD):    0.827ns
    Source Clock Delay      (SCD):    0.559ns
    Clock Pessimism Removal (CPR):    0.256ns

    Location             Delay type                Incr(ns)  Path(ns)    Netlist Resource(s)
  -------------------------------------------------------------------    -------------------
                         (clock sys_clk rise edge)    0.000     0.000 r  
    BUFGCTRL_X0Y0        BUFG                         0.000     0.000 r  BUFG/O
                         net (fo=1935, routed)        0.559     0.559    sys_clk
    SLICE_X35Y58         FDRE                                         r  basesoc_uart_rx_fifo_produce_reg[0]/C
  -------------------------------------------------------------------    -------------------
    SLICE_X35Y58         FDRE (Prop_fdre_C_Q)         0.141     0.700 r  basesoc_uart_rx_fifo_produce_reg[0]/Q
                         net (fo=20, routed)          0.218     0.918    storage_1_reg_0_15_0_5/ADDRD0
    SLICE_X34Y58         RAMD32                                       r  storage_1_reg_0_15_0_5/RAMA/WADR0
  -------------------------------------------------------------------    -------------------

                         (clock sys_clk rise edge)    0.000     0.000 r  
    BUFGCTRL_X0Y0        BUFG                         0.000     0.000 r  BUFG/O
                         net (fo=1935, routed)        0.827     0.827    storage_1_reg_0_15_0_5/WCLK
    SLICE_X34Y58         RAMD32                                       r  storage_1_reg_0_15_0_5/RAMA/CLK
                         clock pessimism             -0.256     0.572    
    SLICE_X34Y58         RAMD32 (Hold_ramd32_CLK_WADR0)
                                                      0.310     0.882    storage_1_reg_0_15_0_5/RAMA
  -------------------------------------------------------------------
                         required time                         -0.882    
                         arrival time                           0.918    
  -------------------------------------------------------------------
                         slack                                  0.036    

Slack (MET) :             0.036ns  (arrival time - required time)
  Source:                 basesoc_uart_rx_fifo_produce_reg[0]/C
                            (rising edge-triggered cell FDRE clocked by sys_clk  {rise@0.000ns fall@5.000ns period=10.000ns})
  Destination:            storage_1_reg_0_15_0_5/RAMA_D1/WADR0
                            (rising edge-triggered cell RAMD32 clocked by sys_clk  {rise@0.000ns fall@5.000ns period=10.000ns})
  Path Group:             sys_clk
  Path Type:              Hold (Min at Fast Process Corner)
  Requirement:            0.000ns  (sys_clk rise@0.000ns - sys_clk rise@0.000ns)
  Data Path Delay:        0.359ns  (logic 0.141ns (39.235%)  route 0.218ns (60.765%))
  Logic Levels:           0  
  Clock Path Skew:        0.013ns (DCD - SCD - CPR)
    Destination Clock Delay (DCD):    0.827ns
    Source Clock Delay      (SCD):    0.559ns
    Clock Pessimism Removal (CPR):    0.256ns

    Location             Delay type                Incr(ns)  Path(ns)    Netlist Resource(s)
  -------------------------------------------------------------------    -------------------
                         (clock sys_clk rise edge)    0.000     0.000 r  
    BUFGCTRL_X0Y0        BUFG                         0.000     0.000 r  BUFG/O
                         net (fo=1935, routed)        0.559     0.559    sys_clk
    SLICE_X35Y58         FDRE                                         r  basesoc_uart_rx_fifo_produce_reg[0]/C
  -------------------------------------------------------------------    -------------------
    SLICE_X35Y58         FDRE (Prop_fdre_C_Q)         0.141     0.700 r  basesoc_uart_rx_fifo_produce_reg[0]/Q
                         net (fo=20, routed)          0.218     0.918    storage_1_reg_0_15_0_5/ADDRD0
    SLICE_X34Y58         RAMD32                                       r  storage_1_reg_0_15_0_5/RAMA_D1/WADR0
  -------------------------------------------------------------------    -------------------

                         (clock sys_clk rise edge)    0.000     0.000 r  
    BUFGCTRL_X0Y0        BUFG                         0.000     0.000 r  BUFG/O
                         net (fo=1935, routed)        0.827     0.827    storage_1_reg_0_15_0_5/WCLK
    SLICE_X34Y58         RAMD32                                       r  storage_1_reg_0_15_0_5/RAMA_D1/CLK
                         clock pessimism             -0.256     0.572    
    SLICE_X34Y58         RAMD32 (Hold_ramd32_CLK_WADR0)
                                                      0.310     0.882    storage_1_reg_0_15_0_5/RAMA_D1
  -------------------------------------------------------------------
                         required time                         -0.882    
                         arrival time                           0.918    
  -------------------------------------------------------------------
                         slack                                  0.036    





Pulse Width Checks
--------------------------------------------------------------------------------------
Clock Name:         sys_clk
Waveform(ns):       { 0.000 5.000 }
Period(ns):         10.000
Sources:            { BUFG/O }

Check Type        Corner  Lib Pin             Reference Pin  Required(ns)  Actual(ns)  Slack(ns)  Location      Pin
Min Period        n/a     XADC/DCLK           n/a            4.000         10.000      6.000      XADC_X0Y0     XADC/DCLK
Min Period        n/a     DSP48E1/CLK         n/a            3.884         10.000      6.116      DSP48_X1Y12   lm32_cpu/multiplier/product_reg__0/CLK
Min Period        n/a     DSP48E1/CLK         n/a            3.884         10.000      6.116      DSP48_X1Y13   lm32_cpu/multiplier/product0/CLK
Min Period        n/a     RAMB36E1/CLKARDCLK  n/a            2.576         10.000      7.424      RAMB36_X1Y7   mem_1_reg_3_0/CLKARDCLK
Min Period        n/a     RAMB36E1/CLKARDCLK  n/a            2.576         10.000      7.424      RAMB36_X1Y8   mem_1_reg_3_1/CLKARDCLK
Min Period        n/a     RAMB36E1/CLKARDCLK  n/a            2.576         10.000      7.424      RAMB36_X1Y6   lm32_cpu/load_store_unit/dcache/memories[0].data_memories.way_0_data_ram/mem_reg/CLKARDCLK
Min Period        n/a     RAMB36E1/CLKBWRCLK  n/a            2.576         10.000      7.424      RAMB36_X1Y6   lm32_cpu/load_store_unit/dcache/memories[0].data_memories.way_0_data_ram/mem_reg/CLKBWRCLK
Min Period        n/a     RAMB36E1/CLKARDCLK  n/a            2.576         10.000      7.424      RAMB36_X0Y7   memadr_reg_0/CLKARDCLK
Min Period        n/a     RAMB36E1/CLKARDCLK  n/a            2.576         10.000      7.424      RAMB36_X2Y4   memadr_reg_1/CLKARDCLK
Min Period        n/a     RAMB18E1/CLKARDCLK  n/a            2.576         10.000      7.424      RAMB18_X1Y11  lm32_cpu/load_store_unit/dcache/memories[0].way_0_tag_ram/mem_reg/CLKARDCLK
Low Pulse Width   Fast    RAMD32/CLK          n/a            1.250         5.000       3.750      SLICE_X38Y29  lm32_cpu/registers_reg_r1_0_31_12_17/RAMA/CLK
Low Pulse Width   Fast    RAMD32/CLK          n/a            1.250         5.000       3.750      SLICE_X38Y29  lm32_cpu/registers_reg_r1_0_31_12_17/RAMA_D1/CLK
Low Pulse Width   Fast    RAMD32/CLK          n/a            1.250         5.000       3.750      SLICE_X38Y29  lm32_cpu/registers_reg_r1_0_31_12_17/RAMB/CLK
Low Pulse Width   Fast    RAMD32/CLK          n/a            1.250         5.000       3.750      SLICE_X38Y29  lm32_cpu/registers_reg_r1_0_31_12_17/RAMB_D1/CLK
Low Pulse Width   Fast    RAMD32/CLK          n/a            1.250         5.000       3.750      SLICE_X38Y29  lm32_cpu/registers_reg_r1_0_31_12_17/RAMC/CLK
Low Pulse Width   Fast    RAMD32/CLK          n/a            1.250         5.000       3.750      SLICE_X38Y29  lm32_cpu/registers_reg_r1_0_31_12_17/RAMC_D1/CLK
Low Pulse Width   Fast    RAMS32/CLK          n/a            1.250         5.000       3.750      SLICE_X38Y29  lm32_cpu/registers_reg_r1_0_31_12_17/RAMD/CLK
Low Pulse Width   Fast    RAMS32/CLK          n/a            1.250         5.000       3.750      SLICE_X38Y29  lm32_cpu/registers_reg_r1_0_31_12_17/RAMD_D1/CLK
Low Pulse Width   Slow    RAMD32/CLK          n/a            1.250         5.000       3.750      SLICE_X38Y36  lm32_cpu/registers_reg_r1_0_31_24_29/RAMA/CLK
Low Pulse Width   Slow    RAMD32/CLK          n/a            1.250         5.000       3.750      SLICE_X38Y36  lm32_cpu/registers_reg_r1_0_31_24_29/RAMA_D1/CLK
High Pulse Width  Slow    RAMD32/CLK          n/a            1.250         5.000       3.750      SLICE_X38Y24  lm32_cpu/registers_reg_r1_0_31_6_11/RAMA/CLK
High Pulse Width  Slow    RAMD32/CLK          n/a            1.250         5.000       3.750      SLICE_X38Y24  lm32_cpu/registers_reg_r1_0_31_6_11/RAMA_D1/CLK
High Pulse Width  Slow    RAMD32/CLK          n/a            1.250         5.000       3.750      SLICE_X38Y24  lm32_cpu/registers_reg_r1_0_31_6_11/RAMB/CLK
High Pulse Width  Slow    RAMD32/CLK          n/a            1.250         5.000       3.750      SLICE_X38Y24  lm32_cpu/registers_reg_r1_0_31_6_11/RAMB_D1/CLK
High Pulse Width  Slow    RAMD32/CLK          n/a            1.250         5.000       3.750      SLICE_X38Y24  lm32_cpu/registers_reg_r1_0_31_6_11/RAMC/CLK
High Pulse Width  Slow    RAMD32/CLK          n/a            1.250         5.000       3.750      SLICE_X38Y24  lm32_cpu/registers_reg_r1_0_31_6_11/RAMC_D1/CLK
High Pulse Width  Slow    RAMS32/CLK          n/a            1.250         5.000       3.750      SLICE_X38Y24  lm32_cpu/registers_reg_r1_0_31_6_11/RAMD/CLK
High Pulse Width  Slow    RAMS32/CLK          n/a            1.250         5.000       3.750      SLICE_X38Y24  lm32_cpu/registers_reg_r1_0_31_6_11/RAMD_D1/CLK
High Pulse Width  Slow    RAMD32/CLK          n/a            1.250         5.000       3.750      SLICE_X38Y25  lm32_cpu/registers_reg_r2_0_31_6_11/RAMA/CLK
High Pulse Width  Slow    RAMD32/CLK          n/a            1.250         5.000       3.750      SLICE_X38Y25  lm32_cpu/registers_reg_r2_0_31_6_11/RAMA_D1/CLK



---------------------------------------------------------------------------------------------------
From Clock:  
  To Clock:  sys_clk

Setup :            0  Failing Endpoints,  Worst Slack        2.568ns,  Total Violation        0.000ns
Hold  :           NA  Failing Endpoints,  Worst Slack           NA  ,  Total Violation           NA
---------------------------------------------------------------------------------------------------


Max Delay Paths
--------------------------------------------------------------------------------------
Slack (MET) :             2.568ns  (required time - arrival time)
  Source:                 FDPE/Q
                            (internal pin)
  Destination:            FDPE_1/D
                            (rising edge-triggered cell FDPE clocked by sys_clk  {rise@0.000ns fall@5.000ns period=10.000ns})
  Path Group:             sys_clk
  Path Type:              Setup (Max at Fast Process Corner)
  Requirement:            2.000ns  (MaxDelay Path 2.000ns)
  Data Path Delay:        0.075ns  (logic 0.000ns (0.000%)  route 0.075ns (100.000%))
  Logic Levels:           0  
  Clock Path Skew:        0.673ns (DCD - SCD + CPR)
    Destination Clock Delay (DCD):    0.673ns
    Source Clock Delay      (SCD):    0.000ns
    Clock Pessimism Removal (CPR):    0.000ns
  Clock Uncertainty:      0.025ns  ((TSJ^2 + TIJ^2)^1/2 + DJ) / 2 + PE
    Total System Jitter     (TSJ):    0.050ns
    Total Input Jitter      (TIJ):    0.000ns
    Discrete Jitter          (DJ):    0.000ns
    Phase Error              (PE):    0.000ns
  Timing Exception:       MaxDelay Path 2.000ns

    Location             Delay type                Incr(ns)  Path(ns)    Netlist Resource(s)
  -------------------------------------------------------------------    -------------------
    SLICE_X0Y111         FDPE                         0.000     0.000 r  FDPE/Q
                         net (fo=1, routed)           0.075     0.075    rst_meta
    SLICE_X0Y111         FDPE                                         r  FDPE_1/D
  -------------------------------------------------------------------    -------------------

                         max delay                    2.000     2.000    
    BUFGCTRL_X0Y0        BUFG                         0.000     2.000 r  BUFG/O
                         net (fo=1935, routed)        0.673     2.673    sys_clk
    SLICE_X0Y111         FDPE                                         r  FDPE_1/C
                         clock pessimism              0.000     2.673    
                         clock uncertainty           -0.025     2.648    
    SLICE_X0Y111         FDPE (Setup_fdpe_C_D)       -0.005     2.643    FDPE_1
  -------------------------------------------------------------------
                         required time                          2.643    
                         arrival time                          -0.075    
  -------------------------------------------------------------------
                         slack                                  2.568    





------------------------------------------------------------------------------------------------
| Data sheet
| ----------
------------------------------------------------------------------------------------------------

Input Ports Setup/Hold

----------+------------------+---------+-------+---------------+---------+---------------+---------+----------+
Reference | Input            | IO Reg  | Delay |     Setup(ns) | Process |      Hold(ns) | Process | Internal |
Clock     | Port             | Type    | Type  | to Clk (Edge) | Corner  | to Clk (Edge) | Corner  | Clock    |
----------+------------------+---------+-------+---------------+---------+---------------+---------+----------+
sys_clk   | serial_rx        | FDRE    | -     |     2.514 (r) | SLOW    |    -0.447 (r) | FAST    |          |
sys_clk   | spiflash_1x_miso | FDRE    | -     |     2.375 (r) | SLOW    |    -0.245 (r) | FAST    |          |
sys_clk   | user_btn0        | FDPE    | -     |     1.042 (r) | SLOW    |     0.272 (r) | FAST    |          |
----------+------------------+---------+-------+---------------+---------+---------------+---------+----------+


Output Ports Clock-to-out

----------+------------------+--------+-------+----------------+---------+----------------+---------+----------+
Reference | Output           | IO Reg | Delay | Max Clk (Edge) | Process | Min Clk (Edge) | Process | Internal |
Clock     | Port             | Type   | Type  |    to port(ns) | Corner  |    to port(ns) | Corner  | Clock    |
----------+------------------+--------+-------+----------------+---------+----------------+---------+----------+
sys_clk   | serial_tx        | FDSE   | -     |      8.798 (r) | SLOW    |      3.012 (r) | FAST    |          |
sys_clk   | spiflash_1x_cs_n | FDRE   | -     |      9.699 (r) | SLOW    |      3.090 (r) | FAST    |          |
sys_clk   | spiflash_1x_mosi | FDRE   | -     |      9.688 (r) | SLOW    |      3.027 (r) | FAST    |          |
----------+------------------+--------+-------+----------------+---------+----------------+---------+----------+


Setup between Clocks

--------+-------------+---------------+---------+---------------+---------+---------------+---------+---------------+---------+
Source  | Destination |  Src:Rise     | Process |  Src:Rise     | Process |  Src:Fall     | Process |  Src:Fall     | Process |
Clock   | Clock       | Dest:Rise(ns) | Corner  | Dest:Fall(ns) | Corner  | Dest:Rise(ns) | Corner  | Dest:Fall(ns) | Corner  |
--------+-------------+---------------+---------+---------------+---------+---------------+---------+---------------+---------+
sys_clk | sys_clk     |         9.193 | SLOW    |               |         |               |         |               |         |
--------+-------------+---------------+---------+---------------+---------+---------------+---------+---------------+---------+



