Copyright 1986-2017 Xilinx, Inc. All Rights Reserved.
---------------------------------------------------------------------------------------------------
| Tool Version : Vivado v.2017.3 (lin64) Build 2018833 Wed Oct  4 19:58:07 MDT 2017
| Date         : Wed Jul  3 05:30:11 2019
| Host         : travis-job-ed5bf32b-abad-49e2-ad1c-dc695406088b running 64-bit Ubuntu 14.04.5 LTS
| Command      : report_utilization -hierarchical -file top_utilization_hierarchical_place.rpt
| Design       : top
| Device       : 7a50tfgg484-1
| Design State : Fully Placed
---------------------------------------------------------------------------------------------------

Utilization Design Information

Table of Contents
-----------------
1. Utilization by Hierarchy

1. Utilization by Hierarchy
---------------------------

+----------------+-------------------+------------+------------+---------+------+------+--------+--------+--------------+
|    Instance    |       Module      | Total LUTs | Logic LUTs | LUTRAMs | SRLs |  FFs | RAMB36 | RAMB18 | DSP48 Blocks |
+----------------+-------------------+------------+------------+---------+------+------+--------+--------+--------------+
| top            |             (top) |       4397 |       4163 |     232 |    2 | 3469 |     24 |     17 |            0 |
|   (top)        |             (top) |       2059 |       1913 |     144 |    2 | 2302 |     24 |     17 |            0 |
|   picorv32     |          picorv32 |       2338 |       2250 |      88 |    0 | 1167 |      0 |      0 |            0 |
|     (picorv32) |          picorv32 |       1693 |       1605 |      88 |    0 |  712 |      0 |      0 |            0 |
|     pcpi_div   | picorv32_pcpi_div |        410 |        410 |       0 |    0 |  200 |      0 |      0 |            0 |
|     pcpi_mul   | picorv32_pcpi_mul |        235 |        235 |       0 |    0 |  255 |      0 |      0 |            0 |
+----------------+-------------------+------------+------------+---------+------+------+--------+--------+--------------+
* Note: The sum of lower-level cells may be larger than their parent cells total, due to cross-hierarchy LUT combining


