Copyright 1986-2017 Xilinx, Inc. All Rights Reserved.
---------------------------------------------------------------------------------------------------
| Tool Version : Vivado v.2017.3 (lin64) Build 2018833 Wed Oct  4 19:58:07 MDT 2017
| Date         : Sun Jul  7 09:50:39 2019
| Host         : travis-job-f5899c2d-bbec-4c6b-aa54-a71a5e6de064 running 64-bit Ubuntu 14.04.5 LTS
| Command      : report_utilization -hierarchical -file top_utilization_hierarchical_place.rpt
| Design       : top
| Device       : 7a35tcsg324-1
| Design State : Fully Placed
---------------------------------------------------------------------------------------------------

Utilization Design Information

Table of Contents
-----------------
1. Utilization by Hierarchy

1. Utilization by Hierarchy
---------------------------

+-------------------+-------------+------------+------------+---------+------+------+--------+--------+--------------+
|      Instance     |    Module   | Total LUTs | Logic LUTs | LUTRAMs | SRLs |  FFs | RAMB36 | RAMB18 | DSP48 Blocks |
+-------------------+-------------+------------+------------+---------+------+------+--------+--------+--------------+
| top               |       (top) |       4531 |       4297 |     232 |    2 | 3834 |     18 |     27 |            0 |
|   (top)           |       (top) |       2685 |       2499 |     184 |    2 | 2912 |     18 |     27 |            0 |
|   minerva_cpu     | minerva_cpu |       1846 |       1798 |      48 |    0 |  922 |      0 |      0 |            0 |
|     (minerva_cpu) | minerva_cpu |        453 |        405 |      48 |    0 |  453 |      0 |      0 |            0 |
|     a             |           a |          1 |          1 |       0 |    0 |    1 |      0 |      0 |            0 |
|     d             |           d |          3 |          3 |       0 |    0 |    1 |      0 |      0 |            0 |
|     exception     |   exception |        354 |        354 |       0 |    0 |  258 |      0 |      0 |            0 |
|     f             |           f |          2 |          2 |       0 |    0 |    1 |      0 |      0 |            0 |
|     fetch         |       fetch |        102 |        102 |       0 |    0 |   73 |      0 |      0 |            0 |
|     loadstore     |   loadstore |        671 |        671 |       0 |    0 |  100 |      0 |      0 |            0 |
|     m             |           m |          1 |          1 |       0 |    0 |    1 |      0 |      0 |            0 |
|     shifter       |     shifter |        134 |        134 |       0 |    0 |   33 |      0 |      0 |            0 |
|     x             |           x |        125 |        125 |       0 |    0 |    1 |      0 |      0 |            0 |
+-------------------+-------------+------------+------------+---------+------+------+--------+--------+--------------+
* Note: The sum of lower-level cells may be larger than their parent cells total, due to cross-hierarchy LUT combining


