Copyright 1986-2017 Xilinx, Inc. All Rights Reserved.
--------------------------------------------------------------------------------------------------------------
| Tool Version : Vivado v.2017.3 (lin64) Build 2018833 Wed Oct  4 19:58:07 MDT 2017
| Date         : Tue Oct  2 11:51:18 2018
| Host         : travis-job-timvideos-hdmi2usb-litex-435957387.travisci.net running 64-bit Ubuntu 14.04.5 LTS
| Command      : report_control_sets -verbose -file top_control_sets.rpt
| Design       : top
| Device       : xc7a35t
--------------------------------------------------------------------------------------------------------------

Control Set Information

Table of Contents
-----------------
1. Summary
2. Flip-Flop Distribution
3. Detailed Control Set Information

1. Summary
----------

+----------------------------------------------------------+-------+
|                          Status                          | Count |
+----------------------------------------------------------+-------+
| Number of unique control sets                            |   210 |
| Unused register locations in slices containing registers |   449 |
+----------------------------------------------------------+-------+


2. Flip-Flop Distribution
-------------------------

+--------------+-----------------------+------------------------+-----------------+--------------+
| Clock Enable | Synchronous Set/Reset | Asynchronous Set/Reset | Total Registers | Total Slices |
+--------------+-----------------------+------------------------+-----------------+--------------+
| No           | No                    | No                     |             321 |          146 |
| No           | No                    | Yes                    |               8 |            4 |
| No           | Yes                   | No                     |             646 |          264 |
| Yes          | No                    | No                     |             553 |          175 |
| Yes          | No                    | Yes                    |               0 |            0 |
| Yes          | Yes                   | No                     |            2031 |          660 |
+--------------+-----------------------+------------------------+-----------------+--------------+


3. Detailed Control Set Information
-----------------------------------

+--------------+-------------------------------------------------------------------------------+-------------------------------------------------------------------------------+------------------+----------------+
| Clock Signal |                                 Enable Signal                                 |                                Set/Reset Signal                               | Slice Load Count | Bel Load Count |
+--------------+-------------------------------------------------------------------------------+-------------------------------------------------------------------------------+------------------+----------------+
|  sys_clk     |                                                                               | soc_netsoc_sdram_trrdcon_ready_i_1_n_0                                        |                1 |              1 |
|  sys_clk     | serial_tx_i_1_n_0                                                             | sys_rst                                                                       |                1 |              1 |
|  clk200_clk  |                                                                               |                                                                               |                1 |              1 |
|  sys_clk     | soc_netsoc_i_i_1_n_0                                                          | sys_rst                                                                       |                1 |              1 |
|  sys_clk     |                                                                               | soc_netsoc_sdram_tccdcon_ready_i_1_n_0                                        |                1 |              1 |
|  sys_clk     | soc_netsoc_sdram_tfawcon_ready_reg0                                           | soc_netsoc_sdram_tfawcon_ready_i_1_n_0                                        |                1 |              1 |
|  eth_rx_clk  |                                                                               | soc_ethphy_reset0                                                             |                1 |              2 |
|  sys_clk     |                                                                               | vns_xilinxasyncresetsynchronizerimpl0                                         |                1 |              2 |
|  eth_tx_clk  |                                                                               | soc_ethphy_reset0                                                             |                1 |              2 |
|  clk200_clk  |                                                                               | vns_xilinxasyncresetsynchronizerimpl0                                         |                1 |              2 |
|  sys_clk     | picorv32/soc_netsoc_sdram_bankmachine6_cmd_buffer_lookahead_level_reg[3][0]   | sys_rst                                                                       |                1 |              4 |
|  sys_clk     | soc_netsoc_netsoc_uart_rx_fifo_do_read                                        | sys_rst                                                                       |                1 |              4 |
|  sys_clk     | soc_netsoc_sdram_time1[3]_i_1_n_0                                             | sys_rst                                                                       |                2 |              4 |
|  sys_clk     | vns_bankmachine6_next_state                                                   | sys_rst                                                                       |                1 |              4 |
|  sys_clk     | soc_netsoc_netsoc_uart_rx_fifo_wrport_we                                      | sys_rst                                                                       |                1 |              4 |
|  sys_clk     | soc_netsoc_a7ddrphy_half_sys8x_taps_storage_full[3]_i_1_n_0                   | sys_rst                                                                       |                1 |              4 |
|  sys_clk     | vns_bankmachine1_next_state                                                   | sys_rst                                                                       |                2 |              4 |
|  clk200_clk  | soc_netsoc_reset_counter[3]_i_1_n_0                                           | clk200_rst                                                                    |                1 |              4 |
|  sys_clk     | vns_bankmachine7_next_state                                                   | sys_rst                                                                       |                2 |              4 |
|  sys_clk     | vns_bankmachine4_next_state                                                   | sys_rst                                                                       |                2 |              4 |
|  sys_clk     | picorv32/E[0]                                                                 | sys_rst                                                                       |                2 |              4 |
|  sys_clk     | soc_netsoc_bitbang_storage_full[3]_i_1_n_0                                    | sys_rst                                                                       |                2 |              4 |
|  sys_clk     | soc_netsoc_leds_storage_full[3]_i_1_n_0                                       | sys_rst                                                                       |                2 |              4 |
|  sys_clk     | vns_multiplexer_next_state                                                    | sys_rst                                                                       |                1 |              4 |
|  sys_clk     | vns_bankmachine5_next_state                                                   | sys_rst                                                                       |                1 |              4 |
|  sys_clk     | picorv32/soc_netsoc_sdram_bankmachine1_cmd_buffer_lookahead_level_reg[3][0]   | sys_rst                                                                       |                1 |              4 |
|  sys_clk     | picorv32/mem_addr[31]_i_1_n_0                                                 | picorv32/mem_wstrb[3]_i_1_n_0                                                 |                1 |              4 |
|  sys_clk     | vns_bankmachine2_next_state                                                   | sys_rst                                                                       |                2 |              4 |
|  sys_clk     | soc_netsoc_netsoc_uart_tx_fifo_wrport_we                                      | sys_rst                                                                       |                1 |              4 |
|  sys_clk     | soc_netsoc_netsoc_uart_tx_fifo_do_read                                        | sys_rst                                                                       |                1 |              4 |
|  sys_clk     | soc_netsoc_netsoc_uart_phy_rx_bitcount                                        | soc_netsoc_netsoc_uart_phy_rx_bitcount[3]_i_1_n_0                             |                1 |              4 |
|  sys_clk     | vns_bankmachine3_next_state                                                   | sys_rst                                                                       |                2 |              4 |
|  sys_clk     | soc_netsoc_eventmanager_storage_full[3]_i_1_n_0                               | sys_rst                                                                       |                1 |              4 |
|  sys_clk     | soc_netsoc_netsoc_uart_phy_sink_ready1292_out                                 | soc_netsoc_netsoc_uart_phy_tx_bitcount[3]_i_1_n_0                             |                2 |              4 |
|  sys_clk     | vns_bankmachine0_next_state                                                   | sys_rst                                                                       |                2 |              4 |
|  sys_clk     | picorv32/soc_netsoc_sdram_bankmachine3_cmd_buffer_lookahead_level_reg[3][0]   | sys_rst                                                                       |                1 |              4 |
|  sys_clk     | picorv32/soc_netsoc_sdram_bankmachine4_cmd_buffer_lookahead_level_reg[3][0]   | sys_rst                                                                       |                3 |              4 |
|  sys_clk     | picorv32/soc_netsoc_sdram_bankmachine5_cmd_buffer_lookahead_level_reg[3][0]   | sys_rst                                                                       |                2 |              4 |
|  sys_clk     | picorv32/soc_netsoc_sdram_bankmachine2_cmd_buffer_lookahead_level_reg[3][0]   | sys_rst                                                                       |                2 |              4 |
|  sys_clk     | picorv32/soc_netsoc_sdram_bankmachine0_cmd_buffer_lookahead_level_reg[3][0]   | sys_rst                                                                       |                1 |              4 |
|  sys_clk     | picorv32/sel                                                                  | picorv32/pcpi_mul/SS[0]                                                       |                1 |              4 |
|  sys_clk     |                                                                               | picorv32/pcpi_div/instr_rem_i_1_n_0                                           |                1 |              4 |
|  sys_clk     |                                                                               | vns_netsoc_interface0_bank_bus_dat_r[3]_i_1_n_0                               |                2 |              4 |
|  sys_clk     |                                                                               | vns_netsoc_interface2_bank_bus_dat_r[3]_i_1_n_0                               |                1 |              4 |
|  eth_rx_clk  | soc_ethphy_liteethphymiirx_converter_converter_source_payload_data[3]_i_1_n_0 | soc_ethphy_liteethphymiirx_converter_converter_source_payload_data[7]_i_1_n_0 |                1 |              4 |
|  eth_tx_clk  | vns_liteethmacgap_state                                                       | soc_ethmac_tx_gap_inserter_counter_reset                                      |                1 |              4 |
|  sys_clk     |                                                                               | picorv32/pcpi_mul/instr_mulhu_i_1_n_0                                         |                1 |              4 |
|  sys_clk     |                                                                               | vns_netsoc_interface7_bank_bus_dat_r[3]_i_1_n_0                               |                2 |              4 |
|  eth_rx_clk  | soc_ethphy_liteethphymiirx_converter_converter_source_payload_data[7]_i_2_n_0 | soc_ethphy_liteethphymiirx_converter_converter_source_payload_data[7]_i_1_n_0 |                1 |              4 |
|  sys_clk     | soc_netsoc_sdram_counter[4]_i_1_n_0                                           | sys_rst                                                                       |                1 |              5 |
|  sys_clk     | soc_netsoc_sdram_time0[4]_i_1_n_0                                             | sys_rst                                                                       |                2 |              5 |
|  sys_clk     | picorv32/instr_lui0                                                           | picorv32/decoded_rs1[0]_i_1_n_0                                               |                2 |              5 |
|  sys_clk     | soc_netsoc_netsoc_uart_rx_fifo_level[4]_i_1_n_0                               | sys_rst                                                                       |                2 |              5 |
|  sys_clk     | picorv32/latched_rd[4]_i_1_n_0                                                |                                                                               |                2 |              5 |
|  sys_clk     | picorv32/mem_rdata_q[24]_i_1_n_0                                              | picorv32/mem_rdata_q[21]_i_1_n_0                                              |                3 |              5 |
|  sys_clk     | soc_netsoc_netsoc_uart_tx_fifo_level[4]_i_1_n_0                               | sys_rst                                                                       |                2 |              5 |
|  sys_clk     | vns_netsoc_csrbank6_dfii_pi3_command0_re                                      | sys_rst                                                                       |                3 |              6 |
|  sys_clk     | soc_netsoc_sdram_phaseinjector1_command_storage_full[5]_i_1_n_0               | sys_rst                                                                       |                2 |              6 |
|  sys_clk     | soc_netsoc_sdram_phaseinjector3_address_storage_full[13]_i_1_n_0              | sys_rst                                                                       |                2 |              6 |
|  sys_clk     | soc_netsoc_sdram_phaseinjector1_address_storage_full[13]_i_1_n_0              | sys_rst                                                                       |                1 |              6 |
|  sys_clk     | vns_netsoc_csrbank6_dfii_pi2_command0_re                                      | sys_rst                                                                       |                2 |              6 |
|  sys_clk     | vns_netsoc_csrbank6_dfii_control0_re                                          | sys_rst                                                                       |                3 |              6 |
|  sys_clk     | soc_netsoc_sdram_phaseinjector0_address_storage_full[13]_i_1_n_0              | sys_rst                                                                       |                1 |              6 |
|  sys_clk     | vns_netsoc_csrbank6_dfii_pi0_command0_re                                      | sys_rst                                                                       |                2 |              6 |
|  sys_clk     | soc_netsoc_sdram_phaseinjector2_address_storage_full[13]_i_1_n_0              | sys_rst                                                                       |                1 |              6 |
|  sys_clk     | picorv32/pcpi_div/E[0]                                                        |                                                                               |                2 |              7 |
|  sys_clk     | soc_netsoc_dna_cnt[6]_i_1_n_0                                                 | sys_rst                                                                       |                3 |              7 |
|  sys_clk     | soc_netsoc_sdram_phaseinjector1_wrdata_storage_full[15]_i_1_n_0               | sys_rst                                                                       |                3 |              8 |
|  sys_clk     | soc_netsoc_sdram_phaseinjector0_wrdata_storage_full[31]_i_1_n_0               | sys_rst                                                                       |                2 |              8 |
|  sys_clk     | soc_netsoc_sdram_phaseinjector0_wrdata_storage_full[15]_i_1_n_0               | sys_rst                                                                       |                3 |              8 |
|  sys_clk     | soc_netsoc_netsoc_uart_phy_rx_reg                                             | sys_rst                                                                       |                1 |              8 |
|  sys_clk     | soc_netsoc_netsoc_timer0_load_storage_full[15]_i_1_n_0                        | sys_rst                                                                       |                2 |              8 |
|  sys_clk     | soc_netsoc_sdram_phaseinjector0_wrdata_storage_full[23]_i_1_n_0               | sys_rst                                                                       |                2 |              8 |
|  sys_clk     | soc_netsoc_netsoc_ctrl_storage_full[31]_i_1_n_0                               | sys_rst                                                                       |                3 |              8 |
|  sys_clk     | soc_netsoc_i                                                                  | sys_rst                                                                       |                3 |              8 |
|  sys_clk     | soc_netsoc_netsoc_timer0_reload_storage_full[31]_i_1_n_0                      | sys_rst                                                                       |                3 |              8 |
|  sys_clk     | soc_netsoc_sdram_phaseinjector0_wrdata_storage_full[7]_i_1_n_0                | sys_rst                                                                       |                2 |              8 |
|  sys_clk     | soc_netsoc_netsoc_uart_phy_tx_reg[7]_i_1_n_0                                  | sys_rst                                                                       |                1 |              8 |
|  sys_clk     |                                                                               | vns_netsoc_interface8_bank_bus_dat_r[7]_i_1_n_0                               |                7 |              8 |
|  sys_clk     | soc_netsoc_sdram_phaseinjector1_wrdata_storage_full[31]_i_1_n_0               | sys_rst                                                                       |                3 |              8 |
|  sys_clk     | soc_netsoc_sdram_phaseinjector1_wrdata_storage_full[7]_i_1_n_0                | sys_rst                                                                       |                3 |              8 |
|  sys_clk     | soc_netsoc_sdram_phaseinjector2_wrdata_storage_full[31]_i_1_n_0               | sys_rst                                                                       |                3 |              8 |
|  sys_clk     | soc_netsoc_netsoc_timer0_load_storage_full[7]_i_1_n_0                         | sys_rst                                                                       |                3 |              8 |
|  sys_clk     | soc_netsoc_sdram_phaseinjector2_address_storage_full[7]_i_1_n_0               | sys_rst                                                                       |                1 |              8 |
|  sys_clk     |                                                                               | vns_netsoc_interface6_bank_bus_dat_r[7]_i_1_n_0                               |                7 |              8 |
|  sys_clk     | soc_netsoc_netsoc_timer0_load_storage_full[23]_i_1_n_0                        | sys_rst                                                                       |                1 |              8 |
|  sys_clk     | soc_netsoc_netsoc_ctrl_storage_full[15]_i_1_n_0                               | sys_rst                                                                       |                2 |              8 |
|  sys_clk     |                                                                               | vns_netsoc_interface1_bank_bus_dat_r[7]_i_1_n_0                               |                5 |              8 |
|  sys_clk     | soc_netsoc_sdram_phaseinjector2_wrdata_storage_full[23]_i_1_n_0               | sys_rst                                                                       |                2 |              8 |
|  sys_clk     | picorv32/soc_netsoc_counter_reg[0][0]                                         | sys_rst                                                                       |                3 |              8 |
|  sys_clk     | soc_netsoc_netsoc_timer0_reload_storage_full[15]_i_1_n_0                      | sys_rst                                                                       |                2 |              8 |
|  sys_clk     | soc_netsoc_sdram_phaseinjector0_address_storage_full[7]_i_1_n_0               | sys_rst                                                                       |                2 |              8 |
|  sys_clk     | soc_netsoc_sdram_phaseinjector3_wrdata_storage_full[7]_i_1_n_0                | sys_rst                                                                       |                2 |              8 |
|  sys_clk     | soc_netsoc_sdram_phaseinjector2_wrdata_storage_full[15]_i_1_n_0               | sys_rst                                                                       |                3 |              8 |
|  sys_clk     | soc_netsoc_sdram_phaseinjector2_wrdata_storage_full[7]_i_1_n_0                | sys_rst                                                                       |                3 |              8 |
|  sys_clk     | soc_netsoc_sdram_phaseinjector1_wrdata_storage_full[23]_i_1_n_0               | sys_rst                                                                       |                2 |              8 |
|  sys_clk     | soc_netsoc_sdram_phaseinjector3_wrdata_storage_full[31]_i_1_n_0               | sys_rst                                                                       |                3 |              8 |
|  sys_clk     | soc_netsoc_sdram_phaseinjector3_address_storage_full[7]_i_1_n_0               | sys_rst                                                                       |                2 |              8 |
|  sys_clk     | soc_netsoc_netsoc_uart_phy_source_payload_data[7]_i_1_n_0                     | sys_rst                                                                       |                1 |              8 |
|  sys_clk     | soc_netsoc_sdram_phaseinjector3_wrdata_storage_full[23]_i_1_n_0               | sys_rst                                                                       |                3 |              8 |
|  sys_clk     | soc_netsoc_netsoc_ctrl_storage_full[7]_i_1_n_0                                | sys_rst                                                                       |                2 |              8 |
|  sys_clk     |                                                                               | vns_netsoc_interface3_bank_bus_dat_r[7]_i_1_n_0                               |                4 |              8 |
|  sys_clk     | soc_netsoc_sdram_phaseinjector3_wrdata_storage_full[15]_i_1_n_0               | sys_rst                                                                       |                4 |              8 |
|  sys_clk     |                                                                               | vns_netsoc_interface9_bank_bus_dat_r[7]_i_1_n_0                               |                4 |              8 |
|  sys_clk     | p_4_out[31]                                                                   | sys_rst                                                                       |                2 |              8 |
|  sys_clk     | p_4_out[23]                                                                   | sys_rst                                                                       |                1 |              8 |
|  sys_clk     | soc_netsoc_netsoc_timer0_load_storage_full[31]_i_1_n_0                        | sys_rst                                                                       |                3 |              8 |
|  sys_clk     | soc_netsoc_netsoc_timer0_reload_storage_full[23]_i_1_n_0                      | sys_rst                                                                       |                2 |              8 |
|  sys_clk     | soc_netsoc_netsoc_timer0_reload_storage_full[7]_i_1_n_0                       | sys_rst                                                                       |                3 |              8 |
|  sys_clk     | soc_netsoc_sdram_phaseinjector1_address_storage_full[7]_i_1_n_0               | sys_rst                                                                       |                2 |              8 |
|  sys_clk     |                                                                               | vns_netsoc_interface5_bank_bus_dat_r[7]_i_1_n_0                               |                8 |              8 |
|  sys_clk     | soc_ethmac_reader_length_storage_full[7]_i_1_n_0                              | sys_rst                                                                       |                2 |              8 |
|  sys_clk     | soc_netsoc_netsoc_ctrl_storage_full[23]_i_1_n_0                               | sys_rst                                                                       |                3 |              8 |
|  sys_clk     | p_4_out[15]                                                                   | sys_rst                                                                       |                1 |              8 |
|  sys_clk     | p_4_out[7]                                                                    | sys_rst                                                                       |                1 |              8 |
|  sys_clk     |                                                                               | vns_netsoc_interface10_bank_bus_dat_r[7]_i_1_n_0                              |                4 |              8 |
|  eth_rx_clk  |                                                                               | soc_ethmac_crc32_checker_syncfifo_level                                       |                3 |              9 |
|  sys_clk     | soc_ethphy_counter_ce                                                         | sys_rst                                                                       |                4 |              9 |
|  sys_clk     | soc_ethmac_reader_counter_ce                                                  | soc_ethmac_reader_counter[10]_i_1_n_0                                         |                3 |              9 |
|  sys_clk     | picorv32/mem_rdata_q[24]_i_1_n_0                                              |                                                                               |                5 |             10 |
|  sys_clk     | soc_netsoc_sdram_count[9]_i_2_n_0                                             | soc_netsoc_sdram_count[9]_i_1_n_0                                             |                3 |             10 |
|  eth_rx_clk  | soc_ethmac_rx_converter_converter_source_payload_data[29]_i_1_n_0             | eth_rx_rst                                                                    |                4 |             10 |
|  eth_rx_clk  | soc_ethmac_rx_converter_converter_source_payload_data[9]_i_1_n_0              | eth_rx_rst                                                                    |                4 |             10 |
|  eth_rx_clk  | soc_ethmac_rx_converter_converter_source_payload_data[19]_i_1_n_0             | eth_rx_rst                                                                    |                2 |             10 |
|  eth_rx_clk  | soc_ethmac_rx_converter_converter_source_payload_data[39]_i_1_n_0             | eth_rx_rst                                                                    |                2 |             10 |
|  sys_clk     | soc_netsoc_vccaux_status                                                      | sys_rst                                                                       |                5 |             12 |
|  sys_clk     | soc_netsoc_temperature_status                                                 | sys_rst                                                                       |                4 |             12 |
|  sys_clk     | soc_netsoc_vccint_status                                                      | sys_rst                                                                       |                4 |             12 |
|  sys_clk     | soc_netsoc_vccbram_status                                                     | sys_rst                                                                       |                3 |             12 |
|  sys_clk     | soc_netsoc_sdram_bankmachine7_openrow[13]_i_1_n_0                             |                                                                               |                3 |             14 |
|  sys_clk     | soc_netsoc_sdram_bankmachine3_openrow[13]_i_1_n_0                             |                                                                               |                4 |             14 |
|  sys_clk     | soc_netsoc_sdram_bankmachine2_sel_row_addr                                    |                                                                               |                3 |             14 |
|  sys_clk     | soc_netsoc_sdram_bankmachine5_openrow[13]_i_1_n_0                             |                                                                               |                4 |             14 |
|  sys_clk     | soc_netsoc_sdram_bankmachine4_openrow[13]_i_1_n_0                             |                                                                               |                3 |             14 |
|  sys_clk     | soc_netsoc_sdram_bankmachine1_sel_row_addr                                    |                                                                               |                3 |             14 |
|  sys_clk     | soc_netsoc_sdram_bankmachine0_sel_row_addr                                    |                                                                               |                3 |             14 |
|  sys_clk     | soc_netsoc_sdram_bankmachine6_openrow[13]_i_1_n_0                             |                                                                               |                3 |             14 |
|  eth_tx_clk  | soc_ethmac_padding_inserter_counter_ce                                        | soc_ethmac_padding_inserter_counter[14]                                       |                4 |             15 |
|  eth_rx_clk  | soc_ethmac_crc32_checker_syncfifo_wrport_we                                   |                                                                               |                2 |             16 |
|  sys_clk     | soc_netsoc_netsoc_uart_tx_fifo_wrport_we                                      |                                                                               |                2 |             16 |
|  sys_clk     | soc_netsoc_netsoc_uart_rx_fifo_wrport_we                                      |                                                                               |                2 |             16 |
|  sys_clk     | storage_14_reg_0_1_0_5_i_1_n_0                                                |                                                                               |                2 |             16 |
|  sys_clk     | picorv32/mem_rdata_q_reg[21]_0                                                | picorv32/vns_netsoc_count_reg_16_sn_1                                         |                5 |             17 |
|  sys_clk     | soc_netsoc_eventsourceprocess2_trigger                                        | soc_netsoc_waittimer2_count[0]_i_1_n_0                                        |                5 |             20 |
|  sys_clk     | soc_netsoc_eventsourceprocess1_trigger                                        | soc_netsoc_waittimer1_count[0]_i_1_n_0                                        |                5 |             20 |
|  sys_clk     | picorv32/is_lui_auipc_jal_jalr_addi_add_sub0                                  | picorv32/decoded_imm[31]_i_1_n_0                                              |                7 |             20 |
|  sys_clk     | soc_netsoc_eventsourceprocess0_trigger                                        | soc_netsoc_waittimer0_count[0]_i_1_n_0                                        |                5 |             20 |
|  sys_clk     | soc_netsoc_eventsourceprocess3_trigger                                        | soc_netsoc_waittimer3_count[0]_i_1_n_0                                        |                5 |             20 |
|  eth_tx_clk  |                                                                               | eth_tx_rst                                                                    |                6 |             22 |
|  eth_rx_clk  |                                                                               |                                                                               |                7 |             22 |
|  sys_clk     | picorv32/is_lui_auipc_jal_jalr_addi_add_sub0                                  | picorv32/pcpi_mul/mem_state2                                                  |                8 |             22 |
|  sys_clk     | soc_netsoc_sr[31]_i_1_n_0                                                     | sys_rst                                                                       |               10 |             22 |
|  sys_clk     | soc_netsoc_sdram_bankmachine1_cmd_buffer_pipe_ce                              | sys_rst                                                                       |                6 |             23 |
|  sys_clk     | soc_netsoc_sdram_bankmachine5_cmd_buffer_pipe_ce                              | sys_rst                                                                       |                8 |             23 |
|  sys_clk     | soc_netsoc_sdram_bankmachine0_cmd_buffer_pipe_ce                              | sys_rst                                                                       |                7 |             23 |
|  sys_clk     | soc_netsoc_sdram_bankmachine3_cmd_buffer_pipe_ce                              | sys_rst                                                                       |                6 |             23 |
|  sys_clk     | soc_netsoc_sdram_bankmachine6_cmd_buffer_pipe_ce                              | sys_rst                                                                       |                7 |             23 |
|  sys_clk     | soc_netsoc_sdram_bankmachine2_cmd_buffer_pipe_ce                              | sys_rst                                                                       |                6 |             23 |
|  sys_clk     | soc_netsoc_sdram_bankmachine4_cmd_buffer_pipe_ce                              | sys_rst                                                                       |                8 |             23 |
|  sys_clk     | soc_netsoc_sdram_bankmachine7_cmd_buffer_source_payload_we_i_1_n_0            | sys_rst                                                                       |                7 |             23 |
|  sys_clk     | soc_netsoc_sdram_bandwidth_nwrites[0]_i_1_n_0                                 | soc_netsoc_sdram_bandwidth_nwrites                                            |                6 |             24 |
|  eth_rx_clk  |                                                                               | eth_rx_rst                                                                    |               10 |             24 |
|  sys_clk     | soc_netsoc_sdram_bandwidth_nreads                                             | soc_netsoc_sdram_bandwidth_nwrites                                            |                6 |             24 |
|  eth_tx_clk  |                                                                               |                                                                               |               12 |             27 |
|  sys_clk     | picorv32/pcpi_div/divisor                                                     | picorv32/pcpi_div/divisor[30]_i_1_n_0                                         |                9 |             31 |
|  sys_clk     |                                                                               | soc_netsoc_netsoc_uart_phy_phase_accumulator_rx[30]_i_1_n_0                   |                8 |             31 |
|  sys_clk     | picorv32/pcpi_mul/rs1_reg[32]_1                                               | picorv32/pcpi_mul/rs1[62]_i_1_n_0                                             |                6 |             31 |
|  sys_clk     | soc_netsoc_netsoc_timer0_value_status[31]_i_1_n_0                             | sys_rst                                                                       |                6 |             32 |
|  sys_clk     | picorv32/soc_netsoc_sdram_bankmachine0_cmd_buffer_lookahead_wrport_we__0      |                                                                               |                4 |             32 |
|  sys_clk     | soc_ethmac_writer_errors_status_next_value_ce                                 | sys_rst                                                                       |                9 |             32 |
|  sys_clk     | picorv32/irq_mask                                                             | picorv32/pcpi_mul/mem_state2                                                  |               25 |             32 |
|  sys_clk     | soc_ethmac_ps_crc_error_o                                                     | sys_rst                                                                       |                8 |             32 |
|  sys_clk     | picorv32/reg_op2[31]_i_1_n_0                                                  |                                                                               |               12 |             32 |
|  sys_clk     | picorv32/mem_wdata[31]_i_1_n_0                                                |                                                                               |               12 |             32 |
|  sys_clk     | picorv32/timer                                                                | picorv32/pcpi_mul/mem_state2                                                  |               20 |             32 |
|  sys_clk     | picorv32/reg_op1[31]_i_1_n_0                                                  |                                                                               |               15 |             32 |
|  sys_clk     | picorv32/pcpi_div/dividend                                                    |                                                                               |               11 |             32 |
|  sys_clk     |                                                                               | soc_netsoc_netsoc_uart_phy_phase_accumulator_tx[31]_i_1_n_0                   |                8 |             32 |
|  sys_clk     | picorv32/pcpi_div/divisor                                                     |                                                                               |               11 |             32 |
|  sys_clk     | p_357_out                                                                     | soc_ethmac_writer_counter[0]_i_1_n_0                                          |                8 |             32 |
|  sys_clk     | picorv32/pcpi_div/quotient_msk[31]_i_2_n_0                                    | picorv32/pcpi_div/quotient_msk[31]_i_1_n_0                                    |                8 |             32 |
|  eth_rx_clk  | soc_ethmac_crc32_checker_crc_ce                                               | soc_ethmac_crc32_checker_syncfifo_level                                       |               13 |             32 |
|  sys_clk     | picorv32/soc_netsoc_sdram_bankmachine7_cmd_buffer_lookahead_wrport_we__0      |                                                                               |                4 |             32 |
|  sys_clk     | picorv32/soc_netsoc_sdram_bankmachine4_cmd_buffer_lookahead_wrport_we__0      |                                                                               |                4 |             32 |
|  sys_clk     | picorv32/soc_netsoc_sdram_bankmachine3_cmd_buffer_lookahead_wrport_we__0      |                                                                               |                4 |             32 |
|  sys_clk     | picorv32/soc_netsoc_sdram_bankmachine5_cmd_buffer_lookahead_wrport_we__0      |                                                                               |                4 |             32 |
|  sys_clk     | picorv32/soc_netsoc_sdram_bankmachine1_cmd_buffer_lookahead_wrport_we__0      |                                                                               |                4 |             32 |
|  sys_clk     | picorv32/soc_netsoc_sdram_bankmachine2_cmd_buffer_lookahead_wrport_we__0      |                                                                               |                4 |             32 |
|  sys_clk     | soc_netsoc_netsoc_ctrl_bus_errors                                             | sys_rst                                                                       |                8 |             32 |
|  eth_tx_clk  | soc_ethmac_crc32_inserter_ce                                                  | soc_ethmac_crc32_inserter_reg                                                 |                9 |             32 |
|  sys_clk     | picorv32/soc_netsoc_sdram_bankmachine6_cmd_buffer_lookahead_wrport_we__0      |                                                                               |                4 |             32 |
|  sys_clk     | soc_ethmac_ps_preamble_error_o                                                | sys_rst                                                                       |                8 |             32 |
|  sys_clk     | picorv32/pcpi_div/quotient                                                    | picorv32/pcpi_div/quotient_msk[31]_i_1_n_0                                    |               11 |             32 |
|  sys_clk     | picorv32/pcpi_mul/pcpi_wr0                                                    |                                                                               |               13 |             32 |
|  sys_clk     | picorv32/instr_lui0                                                           |                                                                               |                9 |             35 |
|  sys_clk     | picorv32/mem_addr[31]_i_1_n_0                                                 |                                                                               |               20 |             43 |
|  sys_clk     | soc_netsoc_sdram_bandwidth_update_re                                          | sys_rst                                                                       |               12 |             48 |
|  sys_clk     | soc_netsoc_sdram_bandwidth_period                                             | sys_rst                                                                       |                9 |             48 |
|  sys_clk     | soc_ethmac_writer_fifo_wrport_we__0                                           |                                                                               |                6 |             48 |
|  sys_clk     | picorv32/is_lui_auipc_jal_jalr_addi_add_sub0                                  |                                                                               |               17 |             52 |
|  sys_clk     | soc_netsoc_dna_status                                                         | sys_rst                                                                       |               15 |             57 |
|  sys_clk     | picorv32/cpu_state_reg_n_0_[6]                                                | picorv32/pcpi_mul/mem_state2                                                  |               30 |             64 |
|  sys_clk     | picorv32/irq_delay                                                            | picorv32/pcpi_mul/mem_state2                                                  |               17 |             65 |
|  sys_clk     |                                                                               | picorv32/pcpi_mul/mem_state2                                                  |               28 |             85 |
|  sys_clk     | picorv32/pcpi_mul/rs1_reg[32]_1                                               | picorv32/pcpi_mul/mul_counter[6]                                              |               32 |             85 |
|  sys_clk     | picorv32/p_0_in__1                                                            |                                                                               |               22 |             88 |
|  sys_clk     | picorv32/pcpi_mul/rs1_reg[32]_1                                               |                                                                               |               20 |             97 |
|  sys_clk     | soc_netsoc_sdram_inti_p0_rddata_valid                                         | sys_rst                                                                       |               59 |            128 |
|  sys_clk     |                                                                               |                                                                               |              128 |            273 |
|  sys_clk     |                                                                               | sys_rst                                                                       |              153 |            365 |
+--------------+-------------------------------------------------------------------------------+-------------------------------------------------------------------------------+------------------+----------------+


+--------+-----------------------+
| Fanout | Number of ControlSets |
+--------+-----------------------+
| 1      |                     6 |
| 2      |                     4 |
| 4      |                    39 |
| 5      |                     7 |
| 6      |                     9 |
| 7      |                     2 |
| 8      |                    49 |
| 9      |                     3 |
| 10     |                     6 |
| 12     |                     4 |
| 14     |                     8 |
| 15     |                     1 |
| 16+    |                    72 |
+--------+-----------------------+


