Copyright 1986-2017 Xilinx, Inc. All Rights Reserved.
--------------------------------------------------------------------------------------------------------------
| Tool Version : Vivado v.2017.3 (lin64) Build 2018833 Wed Oct  4 19:58:07 MDT 2017
| Date         : Sat Feb 10 18:32:18 2018
| Host         : travis-job-timvideos-hdmi2usb-litex-339893333.travisci.net running 64-bit Ubuntu 14.04.5 LTS
| Command      : report_control_sets -verbose -file top_control_sets.rpt
| Design       : top
| Device       : xc7a50t
--------------------------------------------------------------------------------------------------------------

Control Set Information

Table of Contents
-----------------
1. Summary
2. Flip-Flop Distribution
3. Detailed Control Set Information

1. Summary
----------

+----------------------------------------------------------+-------+
|                          Status                          | Count |
+----------------------------------------------------------+-------+
| Number of unique control sets                            |   195 |
| Unused register locations in slices containing registers |   345 |
+----------------------------------------------------------+-------+


2. Flip-Flop Distribution
-------------------------

+--------------+-----------------------+------------------------+-----------------+--------------+
| Clock Enable | Synchronous Set/Reset | Asynchronous Set/Reset | Total Registers | Total Slices |
+--------------+-----------------------+------------------------+-----------------+--------------+
| No           | No                    | No                     |             274 |          100 |
| No           | No                    | Yes                    |               2 |            1 |
| No           | Yes                   | No                     |             684 |          293 |
| Yes          | No                    | No                     |             198 |           53 |
| Yes          | No                    | Yes                    |               0 |            0 |
| Yes          | Yes                   | No                     |            2401 |          798 |
+--------------+-----------------------+------------------------+-----------------+--------------+


3. Detailed Control Set Information
-----------------------------------

+--------------+-----------------------------------------------------------------------------------------------+-------------------------------------------------------------------+------------------+----------------+
| Clock Signal |                                         Enable Signal                                         |                          Set/Reset Signal                         | Slice Load Count | Bel Load Count |
+--------------+-----------------------------------------------------------------------------------------------+-------------------------------------------------------------------+------------------+----------------+
|  sys_clk     | serial_tx_i_1_n_0                                                                             | sys_rst                                                           |                1 |              1 |
|  sys_clk     | lm32_cpu/instruction_unit/icache/refill_offset[3]_i_1_n_0                                     | sys_rst                                                           |                1 |              2 |
|  sys_clk     |                                                                                               | xilinxasyncresetsynchronizerimpl0                                 |                1 |              2 |
|  clk200_clk  |                                                                                               |                                                                   |                2 |              3 |
|  sys_clk     | videooutsoc_csrbank0_dly_sel0_re                                                              | sys_rst                                                           |                3 |              4 |
|  sys_clk     | videooutsoc_videooutsoc_uart_tx_fifo_do_read                                                  | sys_rst                                                           |                1 |              4 |
|  sys_clk     | lm32_cpu/load_store_unit/videooutsoc_controllerinjector_bankmachine0_level_reg[0][0]          | sys_rst                                                           |                2 |              4 |
|  sys_clk     | videooutsoc_controllerinjector_counter[4]_i_2_n_0                                             | videooutsoc_controllerinjector_counter[4]                         |                1 |              4 |
|  sys_clk     | videooutsoc_csrbank1_core_initiator_vscan1_re                                                 | sys_rst                                                           |                1 |              4 |
|  sys_clk     | videooutsoc_videooutsoc_uart_tx_fifo_wrport_we                                                | sys_rst                                                           |                1 |              4 |
|  sys_clk     | videooutsoc_videooutsoc_uart_rx_fifo_do_read                                                  | sys_rst                                                           |                1 |              4 |
|  sys_clk     | videooutsoc_csrbank1_core_initiator_hscan1_re                                                 | sys_rst                                                           |                1 |              4 |
|  sys_clk     | videooutsoc_csrbank1_core_initiator_vres_backstore[3]_i_1_n_0                                 | sys_rst                                                           |                1 |              4 |
|  sys_clk     | videooutsoc_csrbank1_core_initiator_hsync_end_backstore[3]_i_1_n_0                            | sys_rst                                                           |                2 |              4 |
|  sys_clk     | videooutsoc_csrbank1_core_initiator_vsync_end1_re                                             | sys_rst                                                           |                1 |              4 |
|  sys_clk     | videooutsoc_videooutsoc_uart_rx_fifo_wrport_we                                                | sys_rst                                                           |                1 |              4 |
|  sys_clk     | multiplexer_next_state                                                                        | sys_rst                                                           |                2 |              4 |
|  sys_clk     | videooutsoc_csrbank1_core_initiator_hres1_re                                                  | sys_rst                                                           |                1 |              4 |
|  sys_clk     | videooutsoc_csrbank1_core_initiator_hsync_start_backstore[3]_i_1_n_0                          | sys_rst                                                           |                2 |              4 |
|  sys_clk     | videooutsoc_controllerinjector_time1[3]_i_1_n_0                                               | sys_rst                                                           |                1 |              4 |
|  sys_clk     | lm32_cpu/load_store_unit/videooutsoc_controllerinjector_bankmachine3_level_reg[0][0]          | sys_rst                                                           |                1 |              4 |
|  clk200_clk  | videooutsoc_crg_reset_counter[3]_i_1_n_0                                                      | clk200_rst                                                        |                1 |              4 |
|  pix_clk     | litedramport1_cmd_ready                                                                       | pix_rst                                                           |                2 |              4 |
|  pix_clk     | rdata_chunk[15]_i_1_n_0                                                                       | rdata_converter_converter_mux[3]_i_1_n_0                          |                1 |              4 |
|  sys_clk     | lm32_cpu/instruction_unit/icache/state[3]_i_1_n_0                                             | sys_rst                                                           |                2 |              4 |
|  sys_clk     | videooutsoc_csrbank1_core_initiator_vsync_start1_re                                           | sys_rst                                                           |                1 |              4 |
|  sys_clk     | videooutsoc_videooutsoc_uart_phy_sink_ready1319_out                                           | videooutsoc_videooutsoc_uart_phy_tx_bitcount[3]_i_1_n_0           |                1 |              4 |
|  sys_clk     | videooutsoc_videooutsoc_uart_phy_rx_bitcount                                                  | videooutsoc_videooutsoc_uart_phy_rx_bitcount[3]_i_1_n_0           |                1 |              4 |
|  sys_clk     | lm32_cpu/load_store_unit/E[0]                                                                 | sys_rst                                                           |                2 |              4 |
|  sys_clk     | lm32_cpu/load_store_unit/videooutsoc_controllerinjector_bankmachine6_level_reg[0]_0[0]        | sys_rst                                                           |                1 |              4 |
|  sys_clk     | lm32_cpu/load_store_unit/videooutsoc_controllerinjector_bankmachine5_level_reg[0]_0[0]        | sys_rst                                                           |                1 |              4 |
|  sys_clk     | lm32_cpu/load_store_unit/videooutsoc_controllerinjector_bankmachine1_level_reg[0]_0[0]        | sys_rst                                                           |                1 |              4 |
|  sys_clk     | lm32_cpu/load_store_unit/videooutsoc_controllerinjector_bankmachine4_level_reg[0][0]          | sys_rst                                                           |                2 |              4 |
|  sys_clk     | lm32_cpu/load_store_unit/videooutsoc_controllerinjector_bankmachine7_level_reg[0]_0[0]        | sys_rst                                                           |                2 |              4 |
|  sys_clk     |                                                                                               | p_0_out[3]                                                        |                1 |              4 |
|  sys_clk     | videooutsoc_controllerinjector_time0[4]_i_1_n_0                                               | sys_rst                                                           |                2 |              5 |
|  sys_clk     | videooutsoc_videooutsoc_uart_rx_fifo_level[4]_i_1_n_0                                         | sys_rst                                                           |                2 |              5 |
|  sys_clk     | videooutsoc_videooutsoc_uart_tx_fifo_level[4]_i_1_n_0                                         | sys_rst                                                           |                2 |              5 |
|  sys_clk     | videooutsoc_controllerinjector_phaseinjector3_address_storage_full[13]_i_1_n_0                | sys_rst                                                           |                1 |              6 |
|  sys_clk     | videooutsoc_controllerinjector_phaseinjector0_address_storage_full[13]_i_1_n_0                | sys_rst                                                           |                1 |              6 |
|  sys_clk     | videooutsoc_csrbank3_dfii_pi3_command0_re                                                     | sys_rst                                                           |                2 |              6 |
|  sys_clk     | lm32_cpu/load_store_unit/dcache/memories[0].data_memories.way_0_data_ram/byte_enable_m_reg[0] | lm32_cpu/load_store_unit/dcache/SR[0]                             |                4 |              6 |
|  sys_clk     | videooutsoc_controllerinjector_phaseinjector2_address_storage_full[13]_i_1_n_0                | sys_rst                                                           |                3 |              6 |
|  sys_clk     | videooutsoc_controllerinjector_phaseinjector1_address_storage_full[13]_i_1_n_0                | sys_rst                                                           |                2 |              6 |
|  sys_clk     | videooutsoc_csrbank3_dfii_pi1_command0_re                                                     | sys_rst                                                           |                3 |              6 |
|  sys_clk     | videooutsoc_csrbank3_dfii_pi0_command0_re                                                     | sys_rst                                                           |                2 |              6 |
|  sys_clk     | videooutsoc_csrbank3_dfii_pi2_command0_re                                                     | sys_rst                                                           |                2 |              6 |
|  sys_clk     | videooutsoc_dna_cnt[6]_i_1_n_0                                                                | sys_rst                                                           |                3 |              7 |
|  sys_clk     | videooutsoc_csrbank1_driver_clocking_mmcm_adr0_re                                             | sys_rst                                                           |                2 |              7 |
|  sys_clk     | videooutsoc_controllerinjector_phaseinjector0_wrdata_storage_full[55]_i_1_n_0                 | sys_rst                                                           |                3 |              8 |
|  sys_clk     | videooutsoc_controllerinjector_phaseinjector0_wrdata_storage_full[31]_i_1_n_0                 | sys_rst                                                           |                3 |              8 |
|  sys_clk     | videooutsoc_controllerinjector_phaseinjector1_wrdata_storage_full[39]_i_1_n_0                 | sys_rst                                                           |                3 |              8 |
|  sys_clk     | videooutsoc_controllerinjector_phaseinjector1_wrdata_storage_full[31]_i_1_n_0                 | sys_rst                                                           |                4 |              8 |
|  sys_clk     | videooutsoc_controllerinjector_phaseinjector2_wrdata_storage_full[31]_i_1_n_0                 | sys_rst                                                           |                3 |              8 |
|  sys_clk     | videooutsoc_controllerinjector_phaseinjector1_wrdata_storage_full[23]_i_1_n_0                 | sys_rst                                                           |                2 |              8 |
|  sys_clk     | videooutsoc_controllerinjector_phaseinjector1_wrdata_storage_full[63]_i_1_n_0                 | sys_rst                                                           |                5 |              8 |
|  sys_clk     | hdmi_out0_driver_s7hdmioutclocking_mmcm_dat_w_storage_full[15]_i_1_n_0                        | sys_rst                                                           |                1 |              8 |
|  sys_clk     | videooutsoc_controllerinjector_phaseinjector3_wrdata_storage_full[15]_i_1_n_0                 | sys_rst                                                           |                3 |              8 |
|  sys_clk     | p_4_out[7]                                                                                    | sys_rst                                                           |                2 |              8 |
|  sys_clk     | videooutsoc_csrbank1_core_initiator_length_backstore[7]_i_1_n_0                               | sys_rst                                                           |                2 |              8 |
|  sys_clk     | videooutsoc_videooutsoc_uart_phy_rx_reg                                                       | sys_rst                                                           |                1 |              8 |
|  sys_clk     | videooutsoc_controllerinjector_phaseinjector2_wrdata_storage_full[39]_i_1_n_0                 | sys_rst                                                           |                2 |              8 |
|  sys_clk     | videooutsoc_videooutsoc_uart_phy_tx_reg[7]_i_1_n_0                                            | sys_rst                                                           |                2 |              8 |
|  sys_clk     | lm32_cpu/instruction_unit/icache/flush_set[7]_i_1_n_0                                         | sys_rst                                                           |                3 |              8 |
|  sys_clk     | videooutsoc_videooutsoc_timer0_reload_storage_full[31]_i_1_n_0                                | sys_rst                                                           |                2 |              8 |
|  sys_clk     | videooutsoc_controllerinjector_phaseinjector3_wrdata_storage_full[7]_i_1_n_0                  | sys_rst                                                           |                2 |              8 |
|  sys_clk     | videooutsoc_controllerinjector_phaseinjector2_address_storage_full[7]_i_1_n_0                 | sys_rst                                                           |                1 |              8 |
|  sys_clk     | videooutsoc_controllerinjector_phaseinjector2_wrdata_storage_full[63]_i_1_n_0                 | sys_rst                                                           |                5 |              8 |
|  sys_clk     | videooutsoc_controllerinjector_phaseinjector3_wrdata_storage_full[47]_i_1_n_0                 | sys_rst                                                           |                2 |              8 |
|  sys_clk     | videooutsoc_videooutsoc_uart_phy_source_payload_data[7]_i_1_n_0                               |                                                                   |                1 |              8 |
|  sys_clk     | videooutsoc_videooutsoc_timer0_reload_storage_full[15]_i_1_n_0                                | sys_rst                                                           |                3 |              8 |
|  sys_clk     | videooutsoc_videooutsoc_timer0_load_storage_full[23]_i_1_n_0                                  | sys_rst                                                           |                2 |              8 |
|  sys_clk     | videooutsoc_controllerinjector_phaseinjector0_wrdata_storage_full[7]_i_1_n_0                  | sys_rst                                                           |                3 |              8 |
|  sys_clk     | hdmi_out0_driver_s7hdmioutclocking_mmcm_dat_w_storage_full[7]_i_1_n_0                         | sys_rst                                                           |                1 |              8 |
|  sys_clk     | p_4_out[31]                                                                                   | sys_rst                                                           |                2 |              8 |
|  sys_clk     | videooutsoc_videooutsoc_timer0_reload_storage_full[7]_i_1_n_0                                 | sys_rst                                                           |                2 |              8 |
|  sys_clk     | videooutsoc_controllerinjector_phaseinjector0_wrdata_storage_full[15]_i_1_n_0                 | sys_rst                                                           |                2 |              8 |
|  sys_clk     | videooutsoc_controllerinjector_phaseinjector1_wrdata_storage_full[47]_i_1_n_0                 | sys_rst                                                           |                4 |              8 |
|  sys_clk     | videooutsoc_controllerinjector_phaseinjector0_address_storage_full[7]_i_1_n_0                 | sys_rst                                                           |                1 |              8 |
|  sys_clk     | videooutsoc_controllerinjector_phaseinjector1_address_storage_full[7]_i_1_n_0                 | sys_rst                                                           |                2 |              8 |
|  sys_clk     | videooutsoc_controllerinjector_phaseinjector0_wrdata_storage_full[63]_i_1_n_0                 | sys_rst                                                           |                3 |              8 |
|  sys_clk     | videooutsoc_controllerinjector_phaseinjector3_wrdata_storage_full[63]_i_1_n_0                 | sys_rst                                                           |                3 |              8 |
|  sys_clk     |                                                                                               | videooutsoc_interface7_dat_r[7]_i_1_n_0                           |                3 |              8 |
|  sys_clk     | videooutsoc_controllerinjector_phaseinjector2_wrdata_storage_full[47]_i_1_n_0                 | sys_rst                                                           |                3 |              8 |
|  sys_clk     | videooutsoc_controllerinjector_storage_full[3]_i_1_n_0                                        | sys_rst                                                           |                3 |              8 |
|  sys_clk     |                                                                                               | videooutsoc_interface5_dat_r[7]_i_1_n_0                           |                7 |              8 |
|  sys_clk     | videooutsoc_csrbank1_core_initiator_length_backstore[23]_i_1_n_0                              | sys_rst                                                           |                2 |              8 |
|  sys_clk     | lm32_cpu/load_store_unit/dcache/flush_set[7]_i_1__0_n_0                                       | sys_rst                                                           |                3 |              8 |
|  sys_clk     | videooutsoc_controllerinjector_phaseinjector0_wrdata_storage_full[23]_i_1_n_0                 | sys_rst                                                           |                2 |              8 |
|  sys_clk     | videooutsoc_videooutsoc_timer0_load_storage_full[15]_i_1_n_0                                  | sys_rst                                                           |                2 |              8 |
|  sys_clk     | videooutsoc_csrbank1_core_initiator_length_backstore[15]_i_1_n_0                              | sys_rst                                                           |                3 |              8 |
|  sys_clk     | videooutsoc_controllerinjector_phaseinjector2_wrdata_storage_full[23]_i_1_n_0                 | sys_rst                                                           |                2 |              8 |
|  sys_clk     | videooutsoc_controllerinjector_phaseinjector0_wrdata_storage_full[47]_i_1_n_0                 | sys_rst                                                           |                2 |              8 |
|  sys_clk     | videooutsoc_controllerinjector_phaseinjector2_wrdata_storage_full[55]_i_1_n_0                 | sys_rst                                                           |                2 |              8 |
|  sys_clk     | videooutsoc_controllerinjector_phaseinjector1_wrdata_storage_full[55]_i_1_n_0                 | sys_rst                                                           |                2 |              8 |
|  sys_clk     | videooutsoc_csrbank1_core_initiator_base_backstore[15]_i_1_n_0                                | sys_rst                                                           |                2 |              8 |
|  sys_clk     | videooutsoc_controllerinjector_phaseinjector3_wrdata_storage_full[31]_i_1_n_0                 | sys_rst                                                           |                5 |              8 |
|  sys_clk     | p_4_out[23]                                                                                   | sys_rst                                                           |                2 |              8 |
|  sys_clk     | videooutsoc_videooutsoc_timer0_load_storage_full[31]_i_1_n_0                                  | sys_rst                                                           |                1 |              8 |
|  sys_clk     | videooutsoc_controllerinjector_phaseinjector3_wrdata_storage_full[23]_i_1_n_0                 | sys_rst                                                           |                2 |              8 |
|  sys_clk     | videooutsoc_videooutsoc_timer0_reload_storage_full[23]_i_1_n_0                                | sys_rst                                                           |                2 |              8 |
|  sys_clk     | videooutsoc_csrbank1_core_initiator_base_backstore[7]_i_1_n_0                                 | sys_rst                                                           |                3 |              8 |
|  sys_clk     | videooutsoc_controllerinjector_phaseinjector3_address_storage_full[7]_i_1_n_0                 | sys_rst                                                           |                1 |              8 |
|  sys_clk     | p_4_out[15]                                                                                   | sys_rst                                                           |                1 |              8 |
|  sys_clk     | videooutsoc_videooutsoc_timer0_load_storage_full[7]_i_1_n_0                                   | sys_rst                                                           |                2 |              8 |
|  sys_clk     | videooutsoc_csrbank1_core_initiator_base_backstore[23]_i_1_n_0                                | sys_rst                                                           |                2 |              8 |
|  sys_clk     | videooutsoc_controllerinjector_phaseinjector1_wrdata_storage_full[7]_i_1_n_0                  | sys_rst                                                           |                4 |              8 |
|  sys_clk     | videooutsoc_controllerinjector_phaseinjector1_wrdata_storage_full[15]_i_1_n_0                 | sys_rst                                                           |                2 |              8 |
|  sys_clk     | videooutsoc_controllerinjector_phaseinjector0_wrdata_storage_full[39]_i_1_n_0                 | sys_rst                                                           |                3 |              8 |
|  sys_clk     |                                                                                               | videooutsoc_interface1_dat_r[7]_i_1_n_0                           |                7 |              8 |
|  sys_clk     |                                                                                               | videooutsoc_interface3_dat_r[7]_i_1_n_0                           |                6 |              8 |
|  sys_clk     |                                                                                               | videooutsoc_interface6_dat_r[7]_i_1_n_0                           |                2 |              8 |
|  sys_clk     |                                                                                               | videooutsoc_interface4_dat_r[7]_i_1_n_0                           |                6 |              8 |
|  sys_clk     | videooutsoc_controllerinjector_phaseinjector3_wrdata_storage_full[39]_i_1_n_0                 | sys_rst                                                           |                2 |              8 |
|  sys_clk     | videooutsoc_controllerinjector_phaseinjector3_wrdata_storage_full[55]_i_1_n_0                 | sys_rst                                                           |                2 |              8 |
|  sys_clk     | videooutsoc_controllerinjector_phaseinjector2_wrdata_storage_full[15]_i_1_n_0                 | sys_rst                                                           |                4 |              8 |
|  sys_clk     | videooutsoc_controllerinjector_phaseinjector2_wrdata_storage_full[7]_i_1_n_0                  | sys_rst                                                           |                2 |              8 |
|  sys_clk     | videooutsoc_controllerinjector_count[8]_i_2_n_0                                               | videooutsoc_controllerinjector_count[8]_i_1_n_0                   |                3 |              9 |
|  sys_clk     | lm32_cpu/load_store_unit/dcache/memories[0].data_memories.way_0_data_ram/mem_reg_0            |                                                                   |                5 |             10 |
|  sys_clk     | lm32_cpu/instruction_unit/pc_f_reg[2]_0[0]                                                    |                                                                   |                3 |             10 |
|  pix_clk     | hdmi_out0_core_dmareader_rsv_level[9]_i_1_n_0                                                 | pix_rst                                                           |                4 |             10 |
|  pix_clk     | hdmi_out0_core_dmareader_fifo_level0[9]_i_1_n_0                                               | pix_rst                                                           |                4 |             10 |
|  sys_clk     | hdmi_out0_core_initiator_csrstorage1_storage_full[11]_i_1_n_0                                 | sys_rst                                                           |                5 |             12 |
|  sys_clk     | videooutsoc_vccbram_status                                                                    | sys_rst                                                           |                3 |             12 |
|  sys_clk     | videooutsoc_csrbank1_core_initiator_vsync_end0_re                                             | sys_rst                                                           |               10 |             12 |
|  sys_clk     | hdmi_out0_core_initiator_csrstorage2_storage_full[11]_i_1_n_0                                 | sys_rst                                                           |                7 |             12 |
|  pix_clk     | hdmi_out0_core_timinggenerator_source_ready                                                   | hdmi_out0_core_timinggenerator_hcounter[0]_i_1_n_0                |                3 |             12 |
|  sys_clk     | hdmi_out0_core_initiator_csrstorage0_storage_full[11]_i_1_n_0                                 | sys_rst                                                           |                4 |             12 |
|  pix_clk     | hdmi_out0_core_timinggenerator_hcounter                                                       | hdmi_out0_core_timinggenerator_vcounter[0]_i_1_n_0                |                3 |             12 |
|  sys_clk     | videooutsoc_vccint_status                                                                     | sys_rst                                                           |                3 |             12 |
|  sys_clk     | videooutsoc_csrbank1_core_initiator_vres0_re                                                  | sys_rst                                                           |                3 |             12 |
|  sys_clk     | videooutsoc_csrbank1_core_initiator_vscan0_re                                                 | sys_rst                                                           |                2 |             12 |
|  sys_clk     | videooutsoc_csrbank1_core_initiator_vsync_start0_re                                           | sys_rst                                                           |                5 |             12 |
|  sys_clk     | videooutsoc_temperature_status                                                                | sys_rst                                                           |                2 |             12 |
|  sys_clk     | videooutsoc_vccaux_status                                                                     | sys_rst                                                           |                2 |             12 |
|  sys_clk     | videooutsoc_csrbank1_core_initiator_hscan0_re                                                 | sys_rst                                                           |                3 |             12 |
|  sys_clk     | videooutsoc_controllerinjector_bankmachine0_openrow[13]_i_1_n_0                               |                                                                   |                4 |             14 |
|  sys_clk     | videooutsoc_controllerinjector_bankmachine7_sel_row_adr                                       |                                                                   |                4 |             14 |
|  sys_clk     | videooutsoc_controllerinjector_bankmachine4_sel_row_adr                                       |                                                                   |                5 |             14 |
|  sys_clk     |                                                                                               | videooutsoc_controllerinjector_dfi_p1_address[13]_i_1_n_0         |                7 |             14 |
|  sys_clk     | videooutsoc_controllerinjector_bankmachine1_sel_row_adr                                       |                                                                   |                3 |             14 |
|  sys_clk     | videooutsoc_controllerinjector_bankmachine6_sel_row_adr                                       |                                                                   |                3 |             14 |
|  sys_clk     | videooutsoc_controllerinjector_bankmachine5_sel_row_adr                                       |                                                                   |                5 |             14 |
|  sys_clk     | videooutsoc_controllerinjector_bankmachine3_openrow[13]_i_1_n_0                               |                                                                   |                3 |             14 |
|  sys_clk     | videooutsoc_controllerinjector_bankmachine2_openrow[13]_i_1_n_0                               |                                                                   |                4 |             14 |
|  sys_clk     | videooutsoc_videooutsoc_uart_tx_fifo_wrport_we                                                |                                                                   |                2 |             16 |
|  sys_clk     | videooutsoc_videooutsoc_uart_rx_fifo_wrport_we                                                |                                                                   |                2 |             16 |
|  pix_clk     | rdata_chunk[15]_i_1_n_0                                                                       | pix_rst                                                           |                4 |             16 |
|  pix_clk     | storage_12_reg_0_3_6_11_i_1_n_0                                                               |                                                                   |                2 |             16 |
|  sys_clk     |                                                                                               | videooutsoc_controllerinjector_dfi_p2_address[13]_i_1_n_0         |                6 |             17 |
|  sys_clk     | lm32_cpu/load_store_unit/dcache/eba_reg[9]_0[0]                                               | sys_rst                                                           |               14 |             23 |
|  sys_clk     | videooutsoc_controllerinjector_bandwidth_nwrites[0]_i_1_n_0                                   | videooutsoc_controllerinjector_bandwidth_nwrites                  |                6 |             24 |
|  sys_clk     | videooutsoc_controllerinjector_bandwidth_nreads                                               | videooutsoc_controllerinjector_bandwidth_nwrites                  |                6 |             24 |
|  pix_clk     | litedramport1_cmd_ready                                                                       | hdmi_out0_core_dmareader_offset[0]_i_1_n_0                        |                7 |             28 |
|  sys_clk     | lm32_cpu/instruction_unit/icache/i_adr_o_reg[8]                                               | sys_rst                                                           |                7 |             28 |
|  sys_clk     | lm32_cpu/load_store_unit/dcache/refill_address[31]_i_1_n_0                                    |                                                                   |                7 |             28 |
|  sys_clk     | lm32_cpu/instruction_unit/icache/refill_address[31]_i_1__0_n_0                                |                                                                   |                6 |             30 |
|  sys_clk     | lm32_cpu/load_store_unit/dcache/restart_address_reg[31][0]                                    | sys_rst                                                           |                6 |             30 |
|  sys_clk     |                                                                                               | videooutsoc_videooutsoc_uart_phy_phase_accumulator_rx[30]_i_1_n_0 |                8 |             31 |
|  sys_clk     | lm32_cpu/load_store_unit/videooutsoc_controllerinjector_bankmachine2_level_reg[3]             |                                                                   |                4 |             32 |
|  sys_clk     | lm32_cpu/instruction_unit/E[0]                                                                | sys_rst                                                           |               10 |             32 |
|  sys_clk     | lm32_cpu/load_store_unit/videooutsoc_controllerinjector_bankmachine1_level_reg[0]             |                                                                   |                4 |             32 |
|  sys_clk     | lm32_cpu/instruction_unit/icache_refill_data[31]_i_1_n_0                                      | sys_rst                                                           |                8 |             32 |
|  sys_clk     | videooutsoc_csrbank1_core_initiator_base0_re                                                  | sys_rst                                                           |                7 |             32 |
|  sys_clk     | lm32_cpu/load_store_unit/dcache/im_reg[31]_0[0]                                               | sys_rst                                                           |               24 |             32 |
|  pix_clk     |                                                                                               | pix_rst                                                           |               13 |             32 |
|  sys_clk     | lm32_cpu/load_store_unit/wb_load_complete                                                     | sys_rst                                                           |                9 |             32 |
|  sys_clk     |                                                                                               | videooutsoc_videooutsoc_uart_phy_phase_accumulator_tx[31]_i_1_n_0 |                8 |             32 |
|  pix_clk     | hdmi_out0_core_o                                                                              | pix_rst                                                           |                9 |             32 |
|  pix_clk     | hdmi_out0_core_underflow_counter[0]_i_2_n_0                                                   | hdmi_out0_core_underflow_counter[0]_i_1_n_0                       |                8 |             32 |
|  sys_clk     | lm32_cpu/load_store_unit/videooutsoc_controllerinjector_bankmachine5_level_reg[0]             |                                                                   |                4 |             32 |
|  sys_clk     | lm32_cpu/load_store_unit/dcache/d_sel_o_reg[3]                                                | sys_rst                                                           |                9 |             32 |
|  sys_clk     | videooutsoc_csrbank1_core_initiator_length0_re                                                | sys_rst                                                           |               10 |             32 |
|  sys_clk     | lm32_cpu/mc_arithmetic/result_x_reg[0]_0                                                      | sys_rst                                                           |                7 |             32 |
|  sys_clk     | lm32_cpu/load_store_unit/dcache/d_cyc_o116_out                                                | sys_rst                                                           |               13 |             32 |
|  sys_clk     | videooutsoc_videooutsoc_timer0_value_status[31]_i_1_n_0                                       | sys_rst                                                           |               11 |             32 |
|  sys_clk     | lm32_cpu/load_store_unit/videooutsoc_controllerinjector_bankmachine0_level_reg[1]             |                                                                   |                4 |             32 |
|  sys_clk     | lm32_cpu/load_store_unit/videooutsoc_controllerinjector_bankmachine6_level_reg[0]             |                                                                   |                4 |             32 |
|  sys_clk     | lm32_cpu/load_store_unit/videooutsoc_controllerinjector_bankmachine4_level_reg[1]             |                                                                   |                4 |             32 |
|  sys_clk     | lm32_cpu/load_store_unit/videooutsoc_controllerinjector_bankmachine3_level_reg[3]             |                                                                   |                4 |             32 |
|  sys_clk     | lm32_cpu/load_store_unit/videooutsoc_controllerinjector_bankmachine7_level_reg[0]             |                                                                   |                4 |             32 |
|  pix_clk     | cmd_buffer_sink_valid__0                                                                      |                                                                   |                5 |             40 |
|  sys_clk     | videooutsoc_controllerinjector_bandwidth_update_re                                            | sys_rst                                                           |               11 |             48 |
|  sys_clk     | videooutsoc_controllerinjector_bandwidth_period                                               | sys_rst                                                           |                9 |             48 |
|  sys_clk     | videooutsoc_dna_status                                                                        | sys_rst                                                           |               12 |             57 |
|  sys_clk     | lm32_cpu/mc_arithmetic/cycles[5]_i_1_n_0                                                      | sys_rst                                                           |               25 |             70 |
|  sys_clk     | lm32_cpu/instruction_unit/pc_f_reg[2]_0[0]                                                    | sys_rst                                                           |               29 |             92 |
|  sys_clk     | lm32_cpu/load_store_unit/dcache/reg_write_enable_q_w                                          |                                                                   |               12 |             96 |
|  pix_clk     |                                                                                               |                                                                   |               34 |            130 |
|  sys_clk     |                                                                                               |                                                                   |               66 |            144 |
|  sys_clk     | hdmi_out0_core_initiator_cdc_wrport_we                                                        |                                                                   |               19 |            152 |
|  sys_clk     | lm32_cpu/load_store_unit/dcache/memories[0].data_memories.way_0_data_ram/byte_enable_m_reg[0] | sys_rst                                                           |               58 |            161 |
|  sys_clk     | lm32_cpu/load_store_unit/dcache/memories[0].data_memories.way_0_data_ram/mem_reg_0            | sys_rst                                                           |               78 |            221 |
|  sys_clk     | videooutsoc_controllerinjector_inti_p0_rddata_valid                                           | sys_rst                                                           |              114 |            256 |
|  sys_clk     |                                                                                               | sys_rst                                                           |              219 |            506 |
+--------------+-----------------------------------------------------------------------------------------------+-------------------------------------------------------------------+------------------+----------------+


+--------+-----------------------+
| Fanout | Number of ControlSets |
+--------+-----------------------+
| 1      |                     1 |
| 2      |                     2 |
| 3      |                     1 |
| 4      |                    31 |
| 5      |                     3 |
| 6      |                     9 |
| 7      |                     2 |
| 8      |                    68 |
| 9      |                     1 |
| 10     |                     4 |
| 12     |                    14 |
| 14     |                     9 |
| 16+    |                    50 |
+--------+-----------------------+


