Copyright 1986-2017 Xilinx, Inc. All Rights Reserved.
---------------------------------------------------------------------------------------------------
| Tool Version : Vivado v.2017.3 (lin64) Build 2018833 Wed Oct  4 19:58:07 MDT 2017
| Date         : Sun Jun  2 22:05:52 2019
| Host         : travis-job-62d108a1-f2fc-457a-b88f-ef30f01569d4 running 64-bit Ubuntu 14.04.5 LTS
| Command      : report_utilization -hierarchical -file top_utilization_hierarchical_place.rpt
| Design       : top
| Device       : 7a35tcsg324-1
| Design State : Fully Placed
---------------------------------------------------------------------------------------------------

Utilization Design Information

Table of Contents
-----------------
1. Utilization by Hierarchy

1. Utilization by Hierarchy
---------------------------

+----------------+-------------------+------------+------------+---------+------+------+--------+--------+--------------+
|    Instance    |       Module      | Total LUTs | Logic LUTs | LUTRAMs | SRLs |  FFs | RAMB36 | RAMB18 | DSP48 Blocks |
+----------------+-------------------+------------+------------+---------+------+------+--------+--------+--------------+
| top            |             (top) |       5106 |       4832 |     272 |    2 | 4084 |     18 |     27 |            0 |
|   (top)        |             (top) |       2694 |       2508 |     184 |    2 | 2914 |     18 |     27 |            0 |
|   picorv32     |          picorv32 |       2413 |       2325 |      88 |    0 | 1170 |      0 |      0 |            0 |
|     (picorv32) |          picorv32 |       1766 |       1678 |      88 |    0 |  715 |      0 |      0 |            0 |
|     pcpi_div   | picorv32_pcpi_div |        389 |        389 |       0 |    0 |  200 |      0 |      0 |            0 |
|     pcpi_mul   | picorv32_pcpi_mul |        258 |        258 |       0 |    0 |  255 |      0 |      0 |            0 |
+----------------+-------------------+------------+------------+---------+------+------+--------+--------+--------------+
* Note: The sum of lower-level cells may be larger than their parent cells total, due to cross-hierarchy LUT combining


