Copyright 1986-2017 Xilinx, Inc. All Rights Reserved.
--------------------------------------------------------------------------------------------------------------
| Tool Version : Vivado v.2017.3 (lin64) Build 2018833 Wed Oct  4 19:58:07 MDT 2017
| Date         : Sat Sep  1 21:23:47 2018
| Host         : travis-job-timvideos-hdmi2usb-litex-423443999.travisci.net running 64-bit Ubuntu 14.04.5 LTS
| Command      : report_timing_summary -file top_timing_synth.rpt
| Design       : top
| Device       : 7a35t-csg324
| Speed File   : -1  PRODUCTION 1.19 2017-08-11
--------------------------------------------------------------------------------------------------------------

Timing Summary Report

------------------------------------------------------------------------------------------------
| Timer Settings
| --------------
------------------------------------------------------------------------------------------------

  Enable Multi Corner Analysis               :  Yes
  Enable Pessimism Removal                   :  Yes
  Pessimism Removal Resolution               :  Nearest Common Node
  Enable Input Delay Default Clock           :  No
  Enable Preset / Clear Arcs                 :  No
  Disable Flight Delays                      :  No
  Ignore I/O Paths                           :  No
  Timing Early Launch at Borrowing Latches   :  false

  Corner  Analyze    Analyze    
  Name    Max Paths  Min Paths  
  ------  ---------  ---------  
  Slow    Yes        Yes        
  Fast    Yes        Yes        



check_timing report

Table of Contents
-----------------
1. checking no_clock
2. checking constant_clock
3. checking pulse_width_clock
4. checking unconstrained_internal_endpoints
5. checking no_input_delay
6. checking no_output_delay
7. checking multiple_clock
8. checking generated_clocks
9. checking loops
10. checking partial_input_delay
11. checking partial_output_delay
12. checking latch_loops

1. checking no_clock
--------------------
 There is 1 register/latch pin with no clock driven by root clock pin: netsoc_dna_cnt_reg[0]/Q (HIGH)


2. checking constant_clock
--------------------------
 There are 0 register/latch pins with constant_clock.


3. checking pulse_width_clock
-----------------------------
 There are 0 register/latch pins which need pulse_width check


4. checking unconstrained_internal_endpoints
--------------------------------------------
 There are 2 pins that are not constrained for maximum delay. (HIGH)

 There are 0 pins that are not constrained for maximum delay due to constant clock.


5. checking no_input_delay
--------------------------
 There are 33 input ports with no input delay specified. (HIGH)

 There are 0 input ports with no input delay but user has a false path constraint.


6. checking no_output_delay
---------------------------
 There are 60 ports with no output delay specified. (HIGH)

 There are 0 ports with no output delay but user has a false path constraint

 There are 0 ports with no output delay but with a timing clock defined on it or propagating through it


7. checking multiple_clock
--------------------------
 There are 0 register/latch pins with multiple clocks.


8. checking generated_clocks
----------------------------
 There are 0 generated clocks that are not connected to a clock source.


9. checking loops
-----------------
 There are 0 combinational loops in the design.


10. checking partial_input_delay
--------------------------------
 There are 0 input ports with partial input delay specified.


11. checking partial_output_delay
---------------------------------
 There are 0 ports with partial output delay specified.


12. checking latch_loops
------------------------
 There are 0 combinational latch loops in the design through latch input



------------------------------------------------------------------------------------------------
| Design Timing Summary
| ---------------------
------------------------------------------------------------------------------------------------

    WNS(ns)      TNS(ns)  TNS Failing Endpoints  TNS Total Endpoints      WHS(ns)      THS(ns)  THS Failing Endpoints  THS Total Endpoints     WPWS(ns)     TPWS(ns)  TPWS Failing Endpoints  TPWS Total Endpoints  
    -------      -------  ---------------------  -------------------      -------      -------  ---------------------  -------------------     --------     --------  ----------------------  --------------------  
      1.485        0.000                      0                13298       -0.173       -7.781                     45                13294        0.264        0.000                       0                  4238  


Timing constraints are not met.


------------------------------------------------------------------------------------------------
| Clock Summary
| -------------
------------------------------------------------------------------------------------------------

Clock                   Waveform(ns)         Period(ns)      Frequency(MHz)
-----                   ------------         ----------      --------------
clk100                  {0.000 5.000}        10.000          100.000         
  netsoc_eth_clk        {0.000 20.000}       40.000          25.000          
  netsoc_pll_clk100     {0.000 5.000}        10.000          100.000         
  netsoc_pll_clk200     {0.000 2.500}        5.000           200.000         
  netsoc_pll_clk50      {0.000 10.000}       20.000          50.000          
  netsoc_pll_fb         {0.000 5.000}        10.000          100.000         
  netsoc_pll_sys        {0.000 5.000}        10.000          100.000         
  netsoc_pll_sys4x      {0.000 1.250}        2.500           400.000         
  netsoc_pll_sys4x_dqs  {0.625 1.875}        2.500           400.000         
eth_rx_clk              {0.000 20.000}       40.000          25.000          
eth_tx_clk              {0.000 20.000}       40.000          25.000          
sys_clk                 {0.000 5.000}        10.000          100.000         


------------------------------------------------------------------------------------------------
| Intra Clock Table
| -----------------
------------------------------------------------------------------------------------------------

Clock                       WNS(ns)      TNS(ns)  TNS Failing Endpoints  TNS Total Endpoints      WHS(ns)      THS(ns)  THS Failing Endpoints  THS Total Endpoints     WPWS(ns)     TPWS(ns)  TPWS Failing Endpoints  TPWS Total Endpoints  
-----                       -------      -------  ---------------------  -------------------      -------      -------  ---------------------  -------------------     --------     --------  ----------------------  --------------------  
clk100                                                                                                                                                                    3.000        0.000                       0                     2  
  netsoc_eth_clk                                                                                                                                                         37.845        0.000                       0                     1  
  netsoc_pll_clk100                                                                                                                                                       7.845        0.000                       0                     2  
  netsoc_pll_clk200           2.579        0.000                      0                   13        0.144        0.000                      0                   13        0.264        0.000                       0                    10  
  netsoc_pll_clk50                                                                                                                                                       17.845        0.000                       0                     2  
  netsoc_pll_fb                                                                                                                                                           8.751        0.000                       0                     2  
  netsoc_pll_sys                                                                                                                                                          7.845        0.000                       0                     2  
  netsoc_pll_sys4x                                                                                                                                                        0.345        0.000                       0                    77  
  netsoc_pll_sys4x_dqs                                                                                                                                                    0.345        0.000                       0                     4  
eth_rx_clk                   34.464        0.000                      0                  443        0.007        0.000                      0                  443       18.750        0.000                       0                   154  
eth_tx_clk                   32.565        0.000                      0                  223        0.007        0.000                      0                  223       19.500        0.000                       0                   103  
sys_clk                       1.485        0.000                      0                12615       -0.173       -7.781                     45                12615        3.750        0.000                       0                  3879  


------------------------------------------------------------------------------------------------
| Inter Clock Table
| -----------------
------------------------------------------------------------------------------------------------

From Clock         To Clock               WNS(ns)      TNS(ns)  TNS Failing Endpoints  TNS Total Endpoints      WHS(ns)      THS(ns)  THS Failing Endpoints  THS Total Endpoints  
----------         --------               -------      -------  ---------------------  -------------------      -------      -------  ---------------------  -------------------  
                   netsoc_pll_clk200        2.674        0.000                      0                    1                                                                        
                   eth_rx_clk               1.990        0.000                      0                    1                                                                        
                   eth_tx_clk               1.990        0.000                      0                    1                                                                        
                   sys_clk                  1.981        0.000                      0                    1                                                                        


------------------------------------------------------------------------------------------------
| Other Path Groups Table
| -----------------------
------------------------------------------------------------------------------------------------

Path Group    From Clock    To Clock          WNS(ns)      TNS(ns)  TNS Failing Endpoints  TNS Total Endpoints      WHS(ns)      THS(ns)  THS Failing Endpoints  THS Total Endpoints  
----------    ----------    --------          -------      -------  ---------------------  -------------------      -------      -------  ---------------------  -------------------  


------------------------------------------------------------------------------------------------
| Timing Details
| --------------
------------------------------------------------------------------------------------------------


---------------------------------------------------------------------------------------------------
From Clock:  clk100
  To Clock:  clk100

Setup :           NA  Failing Endpoints,  Worst Slack           NA  ,  Total Violation           NA
Hold  :           NA  Failing Endpoints,  Worst Slack           NA  ,  Total Violation           NA
PW    :            0  Failing Endpoints,  Worst Slack        3.000ns,  Total Violation        0.000ns
---------------------------------------------------------------------------------------------------


Pulse Width Checks
--------------------------------------------------------------------------------------
Clock Name:         clk100
Waveform(ns):       { 0.000 5.000 }
Period(ns):         10.000
Sources:            { clk100 }

Check Type        Corner  Lib Pin           Reference Pin  Required(ns)  Actual(ns)  Slack(ns)  Location  Pin
Min Period        n/a     BUFR/I            n/a            1.666         10.000      8.334                BUFR/I
Max Period        n/a     PLLE2_ADV/CLKIN1  n/a            52.633        10.000      42.633               PLLE2_BASE/CLKIN1
Low Pulse Width   Slow    PLLE2_ADV/CLKIN1  n/a            2.000         5.000       3.000                PLLE2_BASE/CLKIN1
High Pulse Width  Slow    PLLE2_ADV/CLKIN1  n/a            2.000         5.000       3.000                PLLE2_BASE/CLKIN1



---------------------------------------------------------------------------------------------------
From Clock:  netsoc_eth_clk
  To Clock:  netsoc_eth_clk

Setup :           NA  Failing Endpoints,  Worst Slack           NA  ,  Total Violation           NA
Hold  :           NA  Failing Endpoints,  Worst Slack           NA  ,  Total Violation           NA
PW    :            0  Failing Endpoints,  Worst Slack       37.845ns,  Total Violation        0.000ns
---------------------------------------------------------------------------------------------------


Pulse Width Checks
--------------------------------------------------------------------------------------
Clock Name:         netsoc_eth_clk
Waveform(ns):       { 0.000 20.000 }
Period(ns):         40.000
Sources:            { BUFR/O }

Check Type  Corner  Lib Pin  Reference Pin  Required(ns)  Actual(ns)  Slack(ns)  Location  Pin
Min Period  n/a     BUFG/I   n/a            2.155         40.000      37.845               BUFG_6/I



---------------------------------------------------------------------------------------------------
From Clock:  netsoc_pll_clk100
  To Clock:  netsoc_pll_clk100

Setup :           NA  Failing Endpoints,  Worst Slack           NA  ,  Total Violation           NA
Hold  :           NA  Failing Endpoints,  Worst Slack           NA  ,  Total Violation           NA
PW    :            0  Failing Endpoints,  Worst Slack        7.845ns,  Total Violation        0.000ns
---------------------------------------------------------------------------------------------------


Pulse Width Checks
--------------------------------------------------------------------------------------
Clock Name:         netsoc_pll_clk100
Waveform(ns):       { 0.000 5.000 }
Period(ns):         10.000
Sources:            { PLLE2_BASE/CLKOUT5 }

Check Type  Corner  Lib Pin            Reference Pin  Required(ns)  Actual(ns)  Slack(ns)  Location  Pin
Min Period  n/a     BUFG/I             n/a            2.155         10.000      7.845                BUFG_4/I
Max Period  n/a     PLLE2_ADV/CLKOUT5  n/a            160.000       10.000      150.000              PLLE2_BASE/CLKOUT5



---------------------------------------------------------------------------------------------------
From Clock:  netsoc_pll_clk200
  To Clock:  netsoc_pll_clk200

Setup :            0  Failing Endpoints,  Worst Slack        2.579ns,  Total Violation        0.000ns
Hold  :            0  Failing Endpoints,  Worst Slack        0.144ns,  Total Violation        0.000ns
PW    :            0  Failing Endpoints,  Worst Slack        0.264ns,  Total Violation        0.000ns
---------------------------------------------------------------------------------------------------


Max Delay Paths
--------------------------------------------------------------------------------------
Slack (MET) :             2.579ns  (required time - arrival time)
  Source:                 netsoc_reset_counter_reg[0]/C
                            (rising edge-triggered cell FDSE clocked by netsoc_pll_clk200  {rise@0.000ns fall@2.500ns period=5.000ns})
  Destination:            netsoc_reset_counter_reg[0]/CE
                            (rising edge-triggered cell FDSE clocked by netsoc_pll_clk200  {rise@0.000ns fall@2.500ns period=5.000ns})
  Path Group:             netsoc_pll_clk200
  Path Type:              Setup (Max at Slow Process Corner)
  Requirement:            5.000ns  (netsoc_pll_clk200 rise@5.000ns - netsoc_pll_clk200 rise@0.000ns)
  Data Path Delay:        2.021ns  (logic 0.751ns (37.160%)  route 1.270ns (62.840%))
  Logic Levels:           1  (LUT4=1)
  Clock Path Skew:        -0.145ns (DCD - SCD + CPR)
    Destination Clock Delay (DCD):    3.230ns = ( 8.230 - 5.000 ) 
    Source Clock Delay      (SCD):    3.641ns
    Clock Pessimism Removal (CPR):    0.266ns
  Clock Uncertainty:      0.053ns  ((TSJ^2 + DJ^2)^1/2) / 2 + PE
    Total System Jitter     (TSJ):    0.071ns
    Discrete Jitter          (DJ):    0.078ns
    Phase Error              (PE):    0.000ns

    Location             Delay type                Incr(ns)  Path(ns)    Netlist Resource(s)
  -------------------------------------------------------------------    -------------------
                         (clock netsoc_pll_clk200 rise edge)
                                                      0.000     0.000 r  
    E3                                                0.000     0.000 r  clk100 (IN)
                         net (fo=0)                   0.000     0.000    clk100
    E3                   IBUF (Prop_ibuf_I_O)         1.489     1.489 r  clk100_IBUF_inst/O
                         net (fo=2, unplaced)         0.584     2.073    clk100_IBUF
                         PLLE2_ADV (Prop_plle2_adv_CLKIN1_CLKOUT3)
                                                      0.088     2.161 r  PLLE2_BASE/CLKOUT3
                         net (fo=1, unplaced)         0.800     2.961    netsoc_pll_clk200
                         BUFG (Prop_bufg_I_O)         0.096     3.057 r  BUFG_3/O
                         net (fo=8, unplaced)         0.584     3.641    clk200_clk
                         FDSE                                         r  netsoc_reset_counter_reg[0]/C
  -------------------------------------------------------------------    -------------------
                         FDSE (Prop_fdse_C_Q)         0.456     4.097 r  netsoc_reset_counter_reg[0]/Q
                         net (fo=6, unplaced)         0.773     4.870    netsoc_reset_counter[0]
                         LUT4 (Prop_lut4_I1_O)        0.295     5.165 r  netsoc_reset_counter[3]_i_1/O
                         net (fo=4, unplaced)         0.497     5.662    netsoc_reset_counter[3]_i_1_n_0
                         FDSE                                         r  netsoc_reset_counter_reg[0]/CE
  -------------------------------------------------------------------    -------------------

                         (clock netsoc_pll_clk200 rise edge)
                                                      5.000     5.000 r  
    E3                                                0.000     5.000 r  clk100 (IN)
                         net (fo=0)                   0.000     5.000    clk100
    E3                   IBUF (Prop_ibuf_I_O)         1.418     6.418 r  clk100_IBUF_inst/O
                         net (fo=2, unplaced)         0.439     6.857    clk100_IBUF
                         PLLE2_ADV (Prop_plle2_adv_CLKIN1_CLKOUT3)
                                                      0.083     6.940 r  PLLE2_BASE/CLKOUT3
                         net (fo=1, unplaced)         0.760     7.700    netsoc_pll_clk200
                         BUFG (Prop_bufg_I_O)         0.091     7.791 r  BUFG_3/O
                         net (fo=8, unplaced)         0.439     8.230    clk200_clk
                         FDSE                                         r  netsoc_reset_counter_reg[0]/C
                         clock pessimism              0.266     8.496    
                         clock uncertainty           -0.053     8.443    
                         FDSE (Setup_fdse_C_CE)      -0.202     8.241    netsoc_reset_counter_reg[0]
  -------------------------------------------------------------------
                         required time                          8.241    
                         arrival time                          -5.662    
  -------------------------------------------------------------------
                         slack                                  2.579    





Min Delay Paths
--------------------------------------------------------------------------------------
Slack (MET) :             0.144ns  (arrival time - required time)
  Source:                 netsoc_reset_counter_reg[2]/C
                            (rising edge-triggered cell FDSE clocked by netsoc_pll_clk200  {rise@0.000ns fall@2.500ns period=5.000ns})
  Destination:            netsoc_reset_counter_reg[2]/D
                            (rising edge-triggered cell FDSE clocked by netsoc_pll_clk200  {rise@0.000ns fall@2.500ns period=5.000ns})
  Path Group:             netsoc_pll_clk200
  Path Type:              Hold (Min at Fast Process Corner)
  Requirement:            0.000ns  (netsoc_pll_clk200 rise@0.000ns - netsoc_pll_clk200 rise@0.000ns)
  Data Path Delay:        0.380ns  (logic 0.239ns (62.860%)  route 0.141ns (37.140%))
  Logic Levels:           1  (LUT3=1)
  Clock Path Skew:        0.145ns (DCD - SCD - CPR)
    Destination Clock Delay (DCD):    1.399ns
    Source Clock Delay      (SCD):    0.898ns
    Clock Pessimism Removal (CPR):    0.357ns

    Location             Delay type                Incr(ns)  Path(ns)    Netlist Resource(s)
  -------------------------------------------------------------------    -------------------
                         (clock netsoc_pll_clk200 rise edge)
                                                      0.000     0.000 r  
    E3                                                0.000     0.000 r  clk100 (IN)
                         net (fo=0)                   0.000     0.000    clk100
    E3                   IBUF (Prop_ibuf_I_O)         0.257     0.257 r  clk100_IBUF_inst/O
                         net (fo=2, unplaced)         0.114     0.371    clk100_IBUF
                         PLLE2_ADV (Prop_plle2_adv_CLKIN1_CLKOUT3)
                                                      0.050     0.421 r  PLLE2_BASE/CLKOUT3
                         net (fo=1, unplaced)         0.337     0.758    netsoc_pll_clk200
                         BUFG (Prop_bufg_I_O)         0.026     0.784 r  BUFG_3/O
                         net (fo=8, unplaced)         0.114     0.898    clk200_clk
                         FDSE                                         r  netsoc_reset_counter_reg[2]/C
  -------------------------------------------------------------------    -------------------
                         FDSE (Prop_fdse_C_Q)         0.141     1.039 r  netsoc_reset_counter_reg[2]/Q
                         net (fo=4, unplaced)         0.141     1.180    netsoc_reset_counter[2]
                         LUT3 (Prop_lut3_I2_O)        0.098     1.278 r  netsoc_reset_counter[2]_i_1/O
                         net (fo=1, unplaced)         0.000     1.278    netsoc_reset_counter[2]_i_1_n_0
                         FDSE                                         r  netsoc_reset_counter_reg[2]/D
  -------------------------------------------------------------------    -------------------

                         (clock netsoc_pll_clk200 rise edge)
                                                      0.000     0.000 r  
    E3                                                0.000     0.000 r  clk100 (IN)
                         net (fo=0)                   0.000     0.000    clk100
    E3                   IBUF (Prop_ibuf_I_O)         0.445     0.445 r  clk100_IBUF_inst/O
                         net (fo=2, unplaced)         0.259     0.704    clk100_IBUF
                         PLLE2_ADV (Prop_plle2_adv_CLKIN1_CLKOUT3)
                                                      0.053     0.757 r  PLLE2_BASE/CLKOUT3
                         net (fo=1, unplaced)         0.355     1.111    netsoc_pll_clk200
                         BUFG (Prop_bufg_I_O)         0.029     1.140 r  BUFG_3/O
                         net (fo=8, unplaced)         0.259     1.399    clk200_clk
                         FDSE                                         r  netsoc_reset_counter_reg[2]/C
                         clock pessimism             -0.357     1.043    
                         FDSE (Hold_fdse_C_D)         0.091     1.134    netsoc_reset_counter_reg[2]
  -------------------------------------------------------------------
                         required time                         -1.134    
                         arrival time                           1.278    
  -------------------------------------------------------------------
                         slack                                  0.144    





Pulse Width Checks
--------------------------------------------------------------------------------------
Clock Name:         netsoc_pll_clk200
Waveform(ns):       { 0.000 2.500 }
Period(ns):         5.000
Sources:            { PLLE2_BASE/CLKOUT3 }

Check Type        Corner  Lib Pin            Reference Pin  Required(ns)  Actual(ns)  Slack(ns)  Location  Pin
Min Period        n/a     IDELAYCTRL/REFCLK  n/a            3.225         5.000       1.775                IDELAYCTRL/REFCLK
Max Period        n/a     IDELAYCTRL/REFCLK  n/a            5.264         5.000       0.264                IDELAYCTRL/REFCLK
Low Pulse Width   Fast    FDPE/C             n/a            0.500         2.500       2.000                FDPE_2/C
High Pulse Width  Slow    FDPE/C             n/a            0.500         2.500       2.000                FDPE_2/C



---------------------------------------------------------------------------------------------------
From Clock:  netsoc_pll_clk50
  To Clock:  netsoc_pll_clk50

Setup :           NA  Failing Endpoints,  Worst Slack           NA  ,  Total Violation           NA
Hold  :           NA  Failing Endpoints,  Worst Slack           NA  ,  Total Violation           NA
PW    :            0  Failing Endpoints,  Worst Slack       17.845ns,  Total Violation        0.000ns
---------------------------------------------------------------------------------------------------


Pulse Width Checks
--------------------------------------------------------------------------------------
Clock Name:         netsoc_pll_clk50
Waveform(ns):       { 0.000 10.000 }
Period(ns):         20.000
Sources:            { PLLE2_BASE/CLKOUT4 }

Check Type  Corner  Lib Pin            Reference Pin  Required(ns)  Actual(ns)  Slack(ns)  Location  Pin
Min Period  n/a     BUFG/I             n/a            2.155         20.000      17.845               BUFG_5/I
Max Period  n/a     PLLE2_ADV/CLKOUT4  n/a            160.000       20.000      140.000              PLLE2_BASE/CLKOUT4



---------------------------------------------------------------------------------------------------
From Clock:  netsoc_pll_fb
  To Clock:  netsoc_pll_fb

Setup :           NA  Failing Endpoints,  Worst Slack           NA  ,  Total Violation           NA
Hold  :           NA  Failing Endpoints,  Worst Slack           NA  ,  Total Violation           NA
PW    :            0  Failing Endpoints,  Worst Slack        8.751ns,  Total Violation        0.000ns
---------------------------------------------------------------------------------------------------


Pulse Width Checks
--------------------------------------------------------------------------------------
Clock Name:         netsoc_pll_fb
Waveform(ns):       { 0.000 5.000 }
Period(ns):         10.000
Sources:            { PLLE2_BASE/CLKFBOUT }

Check Type  Corner  Lib Pin             Reference Pin  Required(ns)  Actual(ns)  Slack(ns)  Location  Pin
Min Period  n/a     PLLE2_ADV/CLKFBOUT  n/a            1.249         10.000      8.751                PLLE2_BASE/CLKFBOUT
Max Period  n/a     PLLE2_ADV/CLKFBIN   n/a            52.633        10.000      42.633               PLLE2_BASE/CLKFBIN



---------------------------------------------------------------------------------------------------
From Clock:  netsoc_pll_sys
  To Clock:  netsoc_pll_sys

Setup :           NA  Failing Endpoints,  Worst Slack           NA  ,  Total Violation           NA
Hold  :           NA  Failing Endpoints,  Worst Slack           NA  ,  Total Violation           NA
PW    :            0  Failing Endpoints,  Worst Slack        7.845ns,  Total Violation        0.000ns
---------------------------------------------------------------------------------------------------


Pulse Width Checks
--------------------------------------------------------------------------------------
Clock Name:         netsoc_pll_sys
Waveform(ns):       { 0.000 5.000 }
Period(ns):         10.000
Sources:            { PLLE2_BASE/CLKOUT0 }

Check Type  Corner  Lib Pin            Reference Pin  Required(ns)  Actual(ns)  Slack(ns)  Location  Pin
Min Period  n/a     BUFG/I             n/a            2.155         10.000      7.845                BUFG/I
Max Period  n/a     PLLE2_ADV/CLKOUT0  n/a            160.000       10.000      150.000              PLLE2_BASE/CLKOUT0



---------------------------------------------------------------------------------------------------
From Clock:  netsoc_pll_sys4x
  To Clock:  netsoc_pll_sys4x

Setup :           NA  Failing Endpoints,  Worst Slack           NA  ,  Total Violation           NA
Hold  :           NA  Failing Endpoints,  Worst Slack           NA  ,  Total Violation           NA
PW    :            0  Failing Endpoints,  Worst Slack        0.345ns,  Total Violation        0.000ns
---------------------------------------------------------------------------------------------------


Pulse Width Checks
--------------------------------------------------------------------------------------
Clock Name:         netsoc_pll_sys4x
Waveform(ns):       { 0.000 1.250 }
Period(ns):         2.500
Sources:            { PLLE2_BASE/CLKOUT1 }

Check Type  Corner  Lib Pin            Reference Pin  Required(ns)  Actual(ns)  Slack(ns)  Location  Pin
Min Period  n/a     BUFG/I             n/a            2.155         2.500       0.345                BUFG_1/I
Max Period  n/a     PLLE2_ADV/CLKOUT1  n/a            160.000       2.500       157.500              PLLE2_BASE/CLKOUT1



---------------------------------------------------------------------------------------------------
From Clock:  netsoc_pll_sys4x_dqs
  To Clock:  netsoc_pll_sys4x_dqs

Setup :           NA  Failing Endpoints,  Worst Slack           NA  ,  Total Violation           NA
Hold  :           NA  Failing Endpoints,  Worst Slack           NA  ,  Total Violation           NA
PW    :            0  Failing Endpoints,  Worst Slack        0.345ns,  Total Violation        0.000ns
---------------------------------------------------------------------------------------------------


Pulse Width Checks
--------------------------------------------------------------------------------------
Clock Name:         netsoc_pll_sys4x_dqs
Waveform(ns):       { 0.625 1.875 }
Period(ns):         2.500
Sources:            { PLLE2_BASE/CLKOUT2 }

Check Type  Corner  Lib Pin            Reference Pin  Required(ns)  Actual(ns)  Slack(ns)  Location  Pin
Min Period  n/a     BUFG/I             n/a            2.155         2.500       0.345                BUFG_2/I
Max Period  n/a     PLLE2_ADV/CLKOUT2  n/a            160.000       2.500       157.500              PLLE2_BASE/CLKOUT2



---------------------------------------------------------------------------------------------------
From Clock:  eth_rx_clk
  To Clock:  eth_rx_clk

Setup :            0  Failing Endpoints,  Worst Slack       34.464ns,  Total Violation        0.000ns
Hold  :            0  Failing Endpoints,  Worst Slack        0.007ns,  Total Violation        0.000ns
PW    :            0  Failing Endpoints,  Worst Slack       18.750ns,  Total Violation        0.000ns
---------------------------------------------------------------------------------------------------


Max Delay Paths
--------------------------------------------------------------------------------------
Slack (MET) :             34.464ns  (required time - arrival time)
  Source:                 xilinxmultiregimpl8_regs1_reg[3]/C
                            (rising edge-triggered cell FDRE clocked by eth_rx_clk  {rise@0.000ns fall@20.000ns period=40.000ns})
  Destination:            ethphy_liteethphymiirx_converter_converter_source_payload_data_reg[0]/CE
                            (rising edge-triggered cell FDRE clocked by eth_rx_clk  {rise@0.000ns fall@20.000ns period=40.000ns})
  Path Group:             eth_rx_clk
  Path Type:              Setup (Max at Slow Process Corner)
  Requirement:            40.000ns  (eth_rx_clk rise@40.000ns - eth_rx_clk rise@0.000ns)
  Data Path Delay:        5.154ns  (logic 1.371ns (26.601%)  route 3.783ns (73.399%))
  Logic Levels:           6  (LUT2=2 LUT4=3 LUT6=1)
  Clock Path Skew:        -0.145ns (DCD - SCD + CPR)
    Destination Clock Delay (DCD):    0.439ns = ( 40.439 - 40.000 ) 
    Source Clock Delay      (SCD):    0.584ns
    Clock Pessimism Removal (CPR):    0.000ns
  Clock Uncertainty:      0.035ns  ((TSJ^2 + TIJ^2)^1/2 + DJ) / 2 + PE
    Total System Jitter     (TSJ):    0.071ns
    Total Input Jitter      (TIJ):    0.000ns
    Discrete Jitter          (DJ):    0.000ns
    Phase Error              (PE):    0.000ns

    Location             Delay type                Incr(ns)  Path(ns)    Netlist Resource(s)
  -------------------------------------------------------------------    -------------------
                         (clock eth_rx_clk rise edge)
                                                      0.000     0.000 r  
                         BUFG                         0.000     0.000 r  eth_clocks_rx_IBUF_BUFG_inst/O
                         net (fo=154, unplaced)       0.584     0.584    eth_rx_clk
                         FDRE                                         r  xilinxmultiregimpl8_regs1_reg[3]/C
  -------------------------------------------------------------------    -------------------
                         FDRE (Prop_fdre_C_Q)         0.456     1.040 r  xilinxmultiregimpl8_regs1_reg[3]/Q
                         net (fo=1, unplaced)         0.965     2.005    xilinxmultiregimpl8_regs1[3]
                         LUT6 (Prop_lut6_I0_O)        0.295     2.300 r  storage_12_reg_i_9/O
                         net (fo=1, unplaced)         0.449     2.749    storage_12_reg_i_9_n_0
                         LUT4 (Prop_lut4_I3_O)        0.124     2.873 r  storage_12_reg_i_1/O
                         net (fo=4, unplaced)         0.473     3.346    ethmac_rx_cdc_asyncfifo_writable
                         LUT2 (Prop_lut2_I0_O)        0.124     3.470 r  storage_10_reg_0_7_0_5_i_3/O
                         net (fo=4, unplaced)         0.473     3.943    storage_10_reg_0_7_0_5_i_3_n_0
                         LUT4 (Prop_lut4_I3_O)        0.124     4.067 f  ethphy_liteethphymiirx_converter_converter_source_payload_data[7]_i_4/O
                         net (fo=1, unplaced)         0.449     4.516    ethphy_liteethphymiirx_converter_converter_source_payload_data[7]_i_4_n_0
                         LUT4 (Prop_lut4_I1_O)        0.124     4.640 r  ethphy_liteethphymiirx_converter_converter_source_payload_data[7]_i_3/O
                         net (fo=5, unplaced)         0.477     5.117    ethphy_liteethphymiirx_converter_converter_load_part
                         LUT2 (Prop_lut2_I0_O)        0.124     5.241 r  ethphy_liteethphymiirx_converter_converter_source_payload_data[3]_i_1/O
                         net (fo=4, unplaced)         0.497     5.738    ethphy_liteethphymiirx_converter_converter_source_payload_data[3]_i_1_n_0
                         FDRE                                         r  ethphy_liteethphymiirx_converter_converter_source_payload_data_reg[0]/CE
  -------------------------------------------------------------------    -------------------

                         (clock eth_rx_clk rise edge)
                                                     40.000    40.000 r  
                         BUFG                         0.000    40.000 r  eth_clocks_rx_IBUF_BUFG_inst/O
                         net (fo=154, unplaced)       0.439    40.439    eth_rx_clk
                         FDRE                                         r  ethphy_liteethphymiirx_converter_converter_source_payload_data_reg[0]/C
                         clock pessimism              0.000    40.439    
                         clock uncertainty           -0.035    40.404    
                         FDRE (Setup_fdre_C_CE)      -0.202    40.202    ethphy_liteethphymiirx_converter_converter_source_payload_data_reg[0]
  -------------------------------------------------------------------
                         required time                         40.202    
                         arrival time                          -5.738    
  -------------------------------------------------------------------
                         slack                                 34.464    





Min Delay Paths
--------------------------------------------------------------------------------------
Slack (MET) :             0.007ns  (arrival time - required time)
  Source:                 xilinxmultiregimpl8_regs0_reg[0]/C
                            (rising edge-triggered cell FDRE clocked by eth_rx_clk  {rise@0.000ns fall@20.000ns period=40.000ns})
  Destination:            xilinxmultiregimpl8_regs1_reg[0]/D
                            (rising edge-triggered cell FDRE clocked by eth_rx_clk  {rise@0.000ns fall@20.000ns period=40.000ns})
  Path Group:             eth_rx_clk
  Path Type:              Hold (Min at Fast Process Corner)
  Requirement:            0.000ns  (eth_rx_clk rise@0.000ns - eth_rx_clk rise@0.000ns)
  Data Path Delay:        0.222ns  (logic 0.141ns (63.533%)  route 0.081ns (36.467%))
  Logic Levels:           0  
  Clock Path Skew:        0.145ns (DCD - SCD - CPR)
    Destination Clock Delay (DCD):    0.259ns
    Source Clock Delay      (SCD):    0.114ns
    Clock Pessimism Removal (CPR):    -0.000ns

    Location             Delay type                Incr(ns)  Path(ns)    Netlist Resource(s)
  -------------------------------------------------------------------    -------------------
                         (clock eth_rx_clk rise edge)
                                                      0.000     0.000 r  
                         BUFG                         0.000     0.000 r  eth_clocks_rx_IBUF_BUFG_inst/O
                         net (fo=154, unplaced)       0.114     0.114    eth_rx_clk
                         FDRE                                         r  xilinxmultiregimpl8_regs0_reg[0]/C
  -------------------------------------------------------------------    -------------------
                         FDRE (Prop_fdre_C_Q)         0.141     0.255 r  xilinxmultiregimpl8_regs0_reg[0]/Q
                         net (fo=1, unplaced)         0.081     0.336    xilinxmultiregimpl8_regs0[0]
                         FDRE                                         r  xilinxmultiregimpl8_regs1_reg[0]/D
  -------------------------------------------------------------------    -------------------

                         (clock eth_rx_clk rise edge)
                                                      0.000     0.000 r  
                         BUFG                         0.000     0.000 r  eth_clocks_rx_IBUF_BUFG_inst/O
                         net (fo=154, unplaced)       0.259     0.259    eth_rx_clk
                         FDRE                                         r  xilinxmultiregimpl8_regs1_reg[0]/C
                         clock pessimism              0.000     0.259    
                         FDRE (Hold_fdre_C_D)         0.070     0.329    xilinxmultiregimpl8_regs1_reg[0]
  -------------------------------------------------------------------
                         required time                         -0.329    
                         arrival time                           0.336    
  -------------------------------------------------------------------
                         slack                                  0.007    





Pulse Width Checks
--------------------------------------------------------------------------------------
Clock Name:         eth_rx_clk
Waveform(ns):       { 0.000 20.000 }
Period(ns):         40.000
Sources:            { eth_clocks_rx_IBUF_BUFG_inst/O }

Check Type        Corner  Lib Pin             Reference Pin  Required(ns)  Actual(ns)  Slack(ns)  Location  Pin
Min Period        n/a     RAMB36E1/CLKBWRCLK  n/a            2.576         40.000      37.424               storage_12_reg/CLKBWRCLK
Low Pulse Width   Fast    RAMD32/CLK          n/a            1.250         20.000      18.750               storage_10_reg_0_7_0_5/RAMA/CLK
High Pulse Width  Slow    RAMD32/CLK          n/a            1.250         20.000      18.750               storage_10_reg_0_7_0_5/RAMA/CLK



---------------------------------------------------------------------------------------------------
From Clock:  eth_tx_clk
  To Clock:  eth_tx_clk

Setup :            0  Failing Endpoints,  Worst Slack       32.565ns,  Total Violation        0.000ns
Hold  :            0  Failing Endpoints,  Worst Slack        0.007ns,  Total Violation        0.000ns
PW    :            0  Failing Endpoints,  Worst Slack       19.500ns,  Total Violation        0.000ns
---------------------------------------------------------------------------------------------------


Max Delay Paths
--------------------------------------------------------------------------------------
Slack (MET) :             32.565ns  (required time - arrival time)
  Source:                 xilinxmultiregimpl5_regs1_reg[6]/C
                            (rising edge-triggered cell FDRE clocked by eth_tx_clk  {rise@0.000ns fall@20.000ns period=40.000ns})
  Destination:            storage_11_reg/ADDRARDADDR[10]
                            (rising edge-triggered cell RAMB36E1 clocked by eth_tx_clk  {rise@0.000ns fall@20.000ns period=40.000ns})
  Path Group:             eth_tx_clk
  Path Type:              Setup (Max at Slow Process Corner)
  Requirement:            40.000ns  (eth_tx_clk rise@40.000ns - eth_tx_clk rise@0.000ns)
  Data Path Delay:        6.689ns  (logic 1.613ns (24.115%)  route 5.076ns (75.885%))
  Logic Levels:           8  (LUT3=3 LUT5=1 LUT6=4)
  Clock Path Skew:        -0.145ns (DCD - SCD + CPR)
    Destination Clock Delay (DCD):    0.439ns = ( 40.439 - 40.000 ) 
    Source Clock Delay      (SCD):    0.584ns
    Clock Pessimism Removal (CPR):    0.000ns
  Clock Uncertainty:      0.035ns  ((TSJ^2 + TIJ^2)^1/2 + DJ) / 2 + PE
    Total System Jitter     (TSJ):    0.071ns
    Total Input Jitter      (TIJ):    0.000ns
    Discrete Jitter          (DJ):    0.000ns
    Phase Error              (PE):    0.000ns

    Location             Delay type                Incr(ns)  Path(ns)    Netlist Resource(s)
  -------------------------------------------------------------------    -------------------
                         (clock eth_tx_clk rise edge)
                                                      0.000     0.000 r  
                         BUFG                         0.000     0.000 r  eth_clocks_tx_IBUF_BUFG_inst/O
                         net (fo=103, unplaced)       0.584     0.584    eth_tx_clk
                         FDRE                                         r  xilinxmultiregimpl5_regs1_reg[6]/C
  -------------------------------------------------------------------    -------------------
                         FDRE (Prop_fdre_C_Q)         0.456     1.040 r  xilinxmultiregimpl5_regs1_reg[6]/Q
                         net (fo=1, unplaced)         0.965     2.005    xilinxmultiregimpl5_regs1[6]
                         LUT6 (Prop_lut6_I0_O)        0.295     2.300 f  ethmac_tx_converter_converter_mux[1]_i_5/O
                         net (fo=1, unplaced)         0.449     2.749    ethmac_tx_converter_converter_mux[1]_i_5_n_0
                         LUT6 (Prop_lut6_I5_O)        0.124     2.873 f  ethmac_tx_converter_converter_mux[1]_i_3/O
                         net (fo=2, unplaced)         0.460     3.333    ethmac_tx_cdc_asyncfifo_readable
                         LUT3 (Prop_lut3_I1_O)        0.124     3.457 f  ethmac_padding_inserter_counter[15]_i_6/O
                         net (fo=5, unplaced)         0.477     3.934    ethmac_padding_inserter_source_valid
                         LUT3 (Prop_lut3_I0_O)        0.124     4.058 f  liteethmacpreambleinserter_state[1]_i_3/O
                         net (fo=6, unplaced)         0.481     4.539    ethmac_crc32_inserter_source_valid
                         LUT5 (Prop_lut5_I2_O)        0.124     4.663 r  ethmac_crc32_inserter_cnt[1]_i_2/O
                         net (fo=5, unplaced)         0.477     5.140    ethmac_preamble_inserter_sink_ready
                         LUT6 (Prop_lut6_I5_O)        0.124     5.264 r  ethmac_tx_converter_converter_mux[1]_i_2/O
                         net (fo=5, unplaced)         0.477     5.741    ethmac_tx_converter_converter_mux0
                         LUT3 (Prop_lut3_I2_O)        0.118     5.859 r  storage_11_reg_i_47/O
                         net (fo=9, unplaced)         0.490     6.349    ethmac_tx_converter_converter_mux__0
                         LUT6 (Prop_lut6_I1_O)        0.124     6.473 r  storage_11_reg_i_3/O
                         net (fo=2, unplaced)         0.800     7.273    ethmac_tx_cdc_graycounter1_q_next_binary[4]
                         RAMB36E1                                     r  storage_11_reg/ADDRARDADDR[10]
  -------------------------------------------------------------------    -------------------

                         (clock eth_tx_clk rise edge)
                                                     40.000    40.000 r  
                         BUFG                         0.000    40.000 r  eth_clocks_tx_IBUF_BUFG_inst/O
                         net (fo=103, unplaced)       0.439    40.439    eth_tx_clk
                         RAMB36E1                                     r  storage_11_reg/CLKARDCLK
                         clock pessimism              0.000    40.439    
                         clock uncertainty           -0.035    40.404    
                         RAMB36E1 (Setup_ramb36e1_CLKARDCLK_ADDRARDADDR[10])
                                                     -0.566    39.838    storage_11_reg
  -------------------------------------------------------------------
                         required time                         39.838    
                         arrival time                          -7.273    
  -------------------------------------------------------------------
                         slack                                 32.565    





Min Delay Paths
--------------------------------------------------------------------------------------
Slack (MET) :             0.007ns  (arrival time - required time)
  Source:                 xilinxmultiregimpl5_regs0_reg[0]/C
                            (rising edge-triggered cell FDRE clocked by eth_tx_clk  {rise@0.000ns fall@20.000ns period=40.000ns})
  Destination:            xilinxmultiregimpl5_regs1_reg[0]/D
                            (rising edge-triggered cell FDRE clocked by eth_tx_clk  {rise@0.000ns fall@20.000ns period=40.000ns})
  Path Group:             eth_tx_clk
  Path Type:              Hold (Min at Fast Process Corner)
  Requirement:            0.000ns  (eth_tx_clk rise@0.000ns - eth_tx_clk rise@0.000ns)
  Data Path Delay:        0.222ns  (logic 0.141ns (63.533%)  route 0.081ns (36.467%))
  Logic Levels:           0  
  Clock Path Skew:        0.145ns (DCD - SCD - CPR)
    Destination Clock Delay (DCD):    0.259ns
    Source Clock Delay      (SCD):    0.114ns
    Clock Pessimism Removal (CPR):    -0.000ns

    Location             Delay type                Incr(ns)  Path(ns)    Netlist Resource(s)
  -------------------------------------------------------------------    -------------------
                         (clock eth_tx_clk rise edge)
                                                      0.000     0.000 r  
                         BUFG                         0.000     0.000 r  eth_clocks_tx_IBUF_BUFG_inst/O
                         net (fo=103, unplaced)       0.114     0.114    eth_tx_clk
                         FDRE                                         r  xilinxmultiregimpl5_regs0_reg[0]/C
  -------------------------------------------------------------------    -------------------
                         FDRE (Prop_fdre_C_Q)         0.141     0.255 r  xilinxmultiregimpl5_regs0_reg[0]/Q
                         net (fo=1, unplaced)         0.081     0.336    xilinxmultiregimpl5_regs0[0]
                         FDRE                                         r  xilinxmultiregimpl5_regs1_reg[0]/D
  -------------------------------------------------------------------    -------------------

                         (clock eth_tx_clk rise edge)
                                                      0.000     0.000 r  
                         BUFG                         0.000     0.000 r  eth_clocks_tx_IBUF_BUFG_inst/O
                         net (fo=103, unplaced)       0.259     0.259    eth_tx_clk
                         FDRE                                         r  xilinxmultiregimpl5_regs1_reg[0]/C
                         clock pessimism              0.000     0.259    
                         FDRE (Hold_fdre_C_D)         0.070     0.329    xilinxmultiregimpl5_regs1_reg[0]
  -------------------------------------------------------------------
                         required time                         -0.329    
                         arrival time                           0.336    
  -------------------------------------------------------------------
                         slack                                  0.007    





Pulse Width Checks
--------------------------------------------------------------------------------------
Clock Name:         eth_tx_clk
Waveform(ns):       { 0.000 20.000 }
Period(ns):         40.000
Sources:            { eth_clocks_tx_IBUF_BUFG_inst/O }

Check Type        Corner  Lib Pin             Reference Pin  Required(ns)  Actual(ns)  Slack(ns)  Location  Pin
Min Period        n/a     RAMB36E1/CLKARDCLK  n/a            2.576         40.000      37.424               storage_11_reg/CLKARDCLK
Low Pulse Width   Fast    FDPE/C              n/a            0.500         20.000      19.500               FDPE_8/C
High Pulse Width  Slow    FDPE/C              n/a            0.500         20.000      19.500               FDPE_8/C



---------------------------------------------------------------------------------------------------
From Clock:  sys_clk
  To Clock:  sys_clk

Setup :            0  Failing Endpoints,  Worst Slack        1.485ns,  Total Violation        0.000ns
Hold  :           45  Failing Endpoints,  Worst Slack       -0.173ns,  Total Violation       -7.781ns
PW    :            0  Failing Endpoints,  Worst Slack        3.750ns,  Total Violation        0.000ns
---------------------------------------------------------------------------------------------------


Max Delay Paths
--------------------------------------------------------------------------------------
Slack (MET) :             1.485ns  (required time - arrival time)
  Source:                 lm32_cpu/interrupt_unit/im_reg[1]/C
                            (rising edge-triggered cell FDRE clocked by sys_clk  {rise@0.000ns fall@5.000ns period=10.000ns})
  Destination:            lm32_cpu/instruction_unit/icache/memories[0].way_0_data_ram/mem_reg/ADDRBWRADDR[10]
                            (rising edge-triggered cell RAMB36E1 clocked by sys_clk  {rise@0.000ns fall@5.000ns period=10.000ns})
  Path Group:             sys_clk
  Path Type:              Setup (Max at Slow Process Corner)
  Requirement:            10.000ns  (sys_clk rise@10.000ns - sys_clk rise@0.000ns)
  Data Path Delay:        7.748ns  (logic 1.645ns (21.232%)  route 6.103ns (78.768%))
  Logic Levels:           8  (LUT3=2 LUT4=1 LUT5=3 LUT6=2)
  Clock Path Skew:        -0.145ns (DCD - SCD + CPR)
    Destination Clock Delay (DCD):    0.655ns = ( 10.655 - 10.000 ) 
    Source Clock Delay      (SCD):    0.800ns
    Clock Pessimism Removal (CPR):    0.000ns
  Clock Uncertainty:      0.057ns  ((TSJ^2 + DJ^2)^1/2) / 2 + PE
    Total System Jitter     (TSJ):    0.071ns
    Discrete Jitter          (DJ):    0.089ns
    Phase Error              (PE):    0.000ns

    Location             Delay type                Incr(ns)  Path(ns)    Netlist Resource(s)
  -------------------------------------------------------------------    -------------------
                         (clock sys_clk rise edge)    0.000     0.000 r  
                         BUFG                         0.000     0.000 r  BUFG/O
                         net (fo=3880, unplaced)      0.800     0.800    lm32_cpu/interrupt_unit/out
                         FDRE                                         r  lm32_cpu/interrupt_unit/im_reg[1]/C
  -------------------------------------------------------------------    -------------------
                         FDRE (Prop_fdre_C_Q)         0.456     1.256 r  lm32_cpu/interrupt_unit/im_reg[1]/Q
                         net (fo=2, unplaced)         0.752     2.008    lm32_cpu/interrupt_unit/im_reg_n_0_[1]
                         LUT3 (Prop_lut3_I0_O)        0.295     2.303 f  lm32_cpu/interrupt_unit/pc_m[31]_i_5/O
                         net (fo=1, unplaced)         0.902     3.205    lm32_cpu/interrupt_unit/pc_m[31]_i_5_n_0
                         LUT6 (Prop_lut6_I1_O)        0.124     3.329 f  lm32_cpu/interrupt_unit/pc_m[31]_i_2/O
                         net (fo=3, unplaced)         0.467     3.796    lm32_cpu/load_store_unit/dcache/memories[0].data_memories.way_0_data_ram/ie_reg
                         LUT5 (Prop_lut5_I2_O)        0.124     3.920 f  lm32_cpu/load_store_unit/dcache/memories[0].data_memories.way_0_data_ram/pc_m[31]_i_1/O
                         net (fo=182, unplaced)       0.564     4.484    lm32_cpu/load_store_unit/dcache/E[0]
                         LUT6 (Prop_lut6_I0_O)        0.124     4.608 f  lm32_cpu/load_store_unit/dcache/pc_x[31]_i_3/O
                         net (fo=7, unplaced)         0.484     5.092    lm32_cpu/load_store_unit/dcache/memories[0].data_memories.way_0_data_ram/branch_m_reg
                         LUT5 (Prop_lut5_I3_O)        0.124     5.216 r  lm32_cpu/load_store_unit/dcache/memories[0].data_memories.way_0_data_ram/pc_x[31]_i_2/O
                         net (fo=19, unplaced)        0.478     5.694    lm32_cpu/load_store_unit/dcache/memories[0].data_memories.way_0_data_ram_n_8
                         LUT4 (Prop_lut4_I0_O)        0.150     5.844 r  lm32_cpu/load_store_unit/dcache/b[31]_i_8/O
                         net (fo=2, unplaced)         1.122     6.966    lm32_cpu/instruction_unit/load_x_reg_0
                         LUT5 (Prop_lut5_I0_O)        0.124     7.090 r  lm32_cpu/instruction_unit/mem_reg_i_12/O
                         net (fo=55, unplaced)        0.534     7.624    lm32_cpu/instruction_unit/icache/memories[0].way_0_data_ram/load_x_reg
                         LUT3 (Prop_lut3_I1_O)        0.124     7.748 r  lm32_cpu/instruction_unit/icache/memories[0].way_0_data_ram/mem_reg_i_5__2/O
                         net (fo=2, unplaced)         0.800     8.547    lm32_cpu/instruction_unit/icache/memories[0].way_0_data_ram/ADDRBWRADDR[3]
                         RAMB36E1                                     r  lm32_cpu/instruction_unit/icache/memories[0].way_0_data_ram/mem_reg/ADDRBWRADDR[10]
  -------------------------------------------------------------------    -------------------

                         (clock sys_clk rise edge)   10.000    10.000 r  
                         BUFG                         0.000    10.000 r  BUFG/O
                         net (fo=3880, unplaced)      0.655    10.655    lm32_cpu/instruction_unit/icache/memories[0].way_0_data_ram/out
                         RAMB36E1                                     r  lm32_cpu/instruction_unit/icache/memories[0].way_0_data_ram/mem_reg/CLKBWRCLK
                         clock pessimism              0.000    10.655    
                         clock uncertainty           -0.057    10.598    
                         RAMB36E1 (Setup_ramb36e1_CLKBWRCLK_ADDRBWRADDR[10])
                                                     -0.566    10.032    lm32_cpu/instruction_unit/icache/memories[0].way_0_data_ram/mem_reg
  -------------------------------------------------------------------
                         required time                         10.032    
                         arrival time                          -8.547    
  -------------------------------------------------------------------
                         slack                                  1.485    





Min Delay Paths
--------------------------------------------------------------------------------------
Slack (VIOLATED) :        -0.173ns  (arrival time - required time)
  Source:                 FDPE_1/C
                            (rising edge-triggered cell FDPE clocked by sys_clk  {rise@0.000ns fall@5.000ns period=10.000ns})
  Destination:            OSERDESE2/RST
                            (rising edge-triggered cell OSERDESE2 clocked by sys_clk  {rise@0.000ns fall@5.000ns period=10.000ns})
  Path Group:             sys_clk
  Path Type:              Hold (Min at Fast Process Corner)
  Requirement:            0.000ns  (sys_clk rise@0.000ns - sys_clk rise@0.000ns)
  Data Path Delay:        0.478ns  (logic 0.141ns (29.492%)  route 0.337ns (70.508%))
  Logic Levels:           0  
  Clock Path Skew:        0.145ns (DCD - SCD - CPR)
    Destination Clock Delay (DCD):    0.355ns
    Source Clock Delay      (SCD):    0.210ns
    Clock Pessimism Removal (CPR):    -0.000ns

    Location             Delay type                Incr(ns)  Path(ns)    Netlist Resource(s)
  -------------------------------------------------------------------    -------------------
                         (clock sys_clk rise edge)    0.000     0.000 r  
                         BUFG                         0.000     0.000 r  BUFG/O
                         net (fo=3880, unplaced)      0.210     0.210    sys_clk
                         FDPE                                         r  FDPE_1/C
  -------------------------------------------------------------------    -------------------
                         FDPE (Prop_fdpe_C_Q)         0.141     0.351 r  FDPE_1/Q
                         net (fo=1705, unplaced)      0.337     0.688    sys_rst
    OLOGIC_X1Y8          OSERDESE2                                    r  OSERDESE2/RST
  -------------------------------------------------------------------    -------------------

                         (clock sys_clk rise edge)    0.000     0.000 r  
                         BUFG                         0.000     0.000 r  BUFG/O
                         net (fo=3880, unplaced)      0.355     0.355    sys_clk
    OLOGIC_X1Y8          OSERDESE2                                    r  OSERDESE2/CLKDIV
                         clock pessimism              0.000     0.355    
    OLOGIC_X1Y8          OSERDESE2 (Hold_oserdese2_CLKDIV_RST)
                                                      0.506     0.861    OSERDESE2
  -------------------------------------------------------------------
                         required time                         -0.861    
                         arrival time                           0.688    
  -------------------------------------------------------------------
                         slack                                 -0.173    





Pulse Width Checks
--------------------------------------------------------------------------------------
Clock Name:         sys_clk
Waveform(ns):       { 0.000 5.000 }
Period(ns):         10.000
Sources:            { BUFG/O }

Check Type        Corner  Lib Pin     Reference Pin  Required(ns)  Actual(ns)  Slack(ns)  Location  Pin
Min Period        n/a     XADC/DCLK   n/a            4.000         10.000      6.000                XADC/DCLK
Low Pulse Width   Fast    RAMD32/CLK  n/a            1.250         5.000       3.750                lm32_cpu/registers_reg_r1_0_31_0_5/RAMA/CLK
High Pulse Width  Slow    RAMD32/CLK  n/a            1.250         5.000       3.750                lm32_cpu/registers_reg_r1_0_31_0_5/RAMA/CLK



---------------------------------------------------------------------------------------------------
From Clock:  
  To Clock:  netsoc_pll_clk200

Setup :            0  Failing Endpoints,  Worst Slack        2.674ns,  Total Violation        0.000ns
Hold  :           NA  Failing Endpoints,  Worst Slack           NA  ,  Total Violation           NA
---------------------------------------------------------------------------------------------------


Max Delay Paths
--------------------------------------------------------------------------------------
Slack (MET) :             2.674ns  (required time - arrival time)
  Source:                 FDPE_2/Q
                            (internal pin)
  Destination:            FDPE_3/D
                            (rising edge-triggered cell FDPE clocked by netsoc_pll_clk200  {rise@0.000ns fall@2.500ns period=5.000ns})
  Path Group:             netsoc_pll_clk200
  Path Type:              Setup (Max at Fast Process Corner)
  Requirement:            2.000ns  (MaxDelay Path 2.000ns)
  Data Path Delay:        0.085ns  (logic 0.000ns (0.000%)  route 0.085ns (100.000%))
  Logic Levels:           0  
  Clock Path Skew:        0.898ns (DCD - SCD + CPR)
    Destination Clock Delay (DCD):    0.898ns
    Source Clock Delay      (SCD):    0.000ns
    Clock Pessimism Removal (CPR):    0.000ns
  Clock Uncertainty:      0.125ns  ((TSJ^2 + DJ^2)^1/2) / 2 + PE
    Total System Jitter     (TSJ):    0.050ns
    Discrete Jitter          (DJ):    0.078ns
    Phase Error              (PE):    0.078ns
  Timing Exception:       MaxDelay Path 2.000ns

    Location             Delay type                Incr(ns)  Path(ns)    Netlist Resource(s)
  -------------------------------------------------------------------    -------------------
                         FDPE                         0.000     0.000 r  FDPE_2/Q
                         net (fo=1, unplaced)         0.085     0.085    xilinxasyncresetsynchronizerimpl1_rst_meta
                         FDPE                                         r  FDPE_3/D
  -------------------------------------------------------------------    -------------------

                         max delay                    2.000     2.000    
    E3                                                0.000     2.000 r  clk100 (IN)
                         net (fo=0)                   0.000     2.000    clk100
    E3                   IBUF (Prop_ibuf_I_O)         0.257     2.257 r  clk100_IBUF_inst/O
                         net (fo=2, unplaced)         0.114     2.371    clk100_IBUF
                         PLLE2_ADV (Prop_plle2_adv_CLKIN1_CLKOUT3)
                                                      0.050     2.421 r  PLLE2_BASE/CLKOUT3
                         net (fo=1, unplaced)         0.337     2.758    netsoc_pll_clk200
                         BUFG (Prop_bufg_I_O)         0.026     2.784 r  BUFG_3/O
                         net (fo=8, unplaced)         0.114     2.898    clk200_clk
                         FDPE                                         r  FDPE_3/C
                         clock pessimism              0.000     2.898    
                         clock uncertainty           -0.125     2.773    
                         FDPE (Setup_fdpe_C_D)       -0.014     2.759    FDPE_3
  -------------------------------------------------------------------
                         required time                          2.759    
                         arrival time                          -0.085    
  -------------------------------------------------------------------
                         slack                                  2.674    





---------------------------------------------------------------------------------------------------
From Clock:  
  To Clock:  eth_rx_clk

Setup :            0  Failing Endpoints,  Worst Slack        1.990ns,  Total Violation        0.000ns
Hold  :           NA  Failing Endpoints,  Worst Slack           NA  ,  Total Violation           NA
---------------------------------------------------------------------------------------------------


Max Delay Paths
--------------------------------------------------------------------------------------
Slack (MET) :             1.990ns  (required time - arrival time)
  Source:                 FDPE_10/Q
                            (internal pin)
  Destination:            FDPE_11/D
                            (rising edge-triggered cell FDPE clocked by eth_rx_clk  {rise@0.000ns fall@20.000ns period=40.000ns})
  Path Group:             eth_rx_clk
  Path Type:              Setup (Max at Fast Process Corner)
  Requirement:            2.000ns  (MaxDelay Path 2.000ns)
  Data Path Delay:        0.085ns  (logic 0.000ns (0.000%)  route 0.085ns (100.000%))
  Logic Levels:           0  
  Clock Path Skew:        0.114ns (DCD - SCD + CPR)
    Destination Clock Delay (DCD):    0.114ns
    Source Clock Delay      (SCD):    0.000ns
    Clock Pessimism Removal (CPR):    0.000ns
  Clock Uncertainty:      0.025ns  ((TSJ^2 + TIJ^2)^1/2 + DJ) / 2 + PE
    Total System Jitter     (TSJ):    0.050ns
    Total Input Jitter      (TIJ):    0.000ns
    Discrete Jitter          (DJ):    0.000ns
    Phase Error              (PE):    0.000ns
  Timing Exception:       MaxDelay Path 2.000ns

    Location             Delay type                Incr(ns)  Path(ns)    Netlist Resource(s)
  -------------------------------------------------------------------    -------------------
                         FDPE                         0.000     0.000 r  FDPE_10/Q
                         net (fo=1, unplaced)         0.085     0.085    xilinxasyncresetsynchronizerimpl5_rst_meta
                         FDPE                                         r  FDPE_11/D
  -------------------------------------------------------------------    -------------------

                         max delay                    2.000     2.000    
                         BUFG                         0.000     2.000 r  eth_clocks_rx_IBUF_BUFG_inst/O
                         net (fo=154, unplaced)       0.114     2.114    eth_rx_clk
                         FDPE                                         r  FDPE_11/C
                         clock pessimism              0.000     2.114    
                         clock uncertainty           -0.025     2.089    
                         FDPE (Setup_fdpe_C_D)       -0.014     2.075    FDPE_11
  -------------------------------------------------------------------
                         required time                          2.075    
                         arrival time                          -0.085    
  -------------------------------------------------------------------
                         slack                                  1.990    





---------------------------------------------------------------------------------------------------
From Clock:  
  To Clock:  eth_tx_clk

Setup :            0  Failing Endpoints,  Worst Slack        1.990ns,  Total Violation        0.000ns
Hold  :           NA  Failing Endpoints,  Worst Slack           NA  ,  Total Violation           NA
---------------------------------------------------------------------------------------------------


Max Delay Paths
--------------------------------------------------------------------------------------
Slack (MET) :             1.990ns  (required time - arrival time)
  Source:                 FDPE_8/Q
                            (internal pin)
  Destination:            FDPE_9/D
                            (rising edge-triggered cell FDPE clocked by eth_tx_clk  {rise@0.000ns fall@20.000ns period=40.000ns})
  Path Group:             eth_tx_clk
  Path Type:              Setup (Max at Fast Process Corner)
  Requirement:            2.000ns  (MaxDelay Path 2.000ns)
  Data Path Delay:        0.085ns  (logic 0.000ns (0.000%)  route 0.085ns (100.000%))
  Logic Levels:           0  
  Clock Path Skew:        0.114ns (DCD - SCD + CPR)
    Destination Clock Delay (DCD):    0.114ns
    Source Clock Delay      (SCD):    0.000ns
    Clock Pessimism Removal (CPR):    0.000ns
  Clock Uncertainty:      0.025ns  ((TSJ^2 + TIJ^2)^1/2 + DJ) / 2 + PE
    Total System Jitter     (TSJ):    0.050ns
    Total Input Jitter      (TIJ):    0.000ns
    Discrete Jitter          (DJ):    0.000ns
    Phase Error              (PE):    0.000ns
  Timing Exception:       MaxDelay Path 2.000ns

    Location             Delay type                Incr(ns)  Path(ns)    Netlist Resource(s)
  -------------------------------------------------------------------    -------------------
                         FDPE                         0.000     0.000 r  FDPE_8/Q
                         net (fo=1, unplaced)         0.085     0.085    xilinxasyncresetsynchronizerimpl4_rst_meta
                         FDPE                                         r  FDPE_9/D
  -------------------------------------------------------------------    -------------------

                         max delay                    2.000     2.000    
                         BUFG                         0.000     2.000 r  eth_clocks_tx_IBUF_BUFG_inst/O
                         net (fo=103, unplaced)       0.114     2.114    eth_tx_clk
                         FDPE                                         r  FDPE_9/C
                         clock pessimism              0.000     2.114    
                         clock uncertainty           -0.025     2.089    
                         FDPE (Setup_fdpe_C_D)       -0.014     2.075    FDPE_9
  -------------------------------------------------------------------
                         required time                          2.075    
                         arrival time                          -0.085    
  -------------------------------------------------------------------
                         slack                                  1.990    





---------------------------------------------------------------------------------------------------
From Clock:  
  To Clock:  sys_clk

Setup :            0  Failing Endpoints,  Worst Slack        1.981ns,  Total Violation        0.000ns
Hold  :           NA  Failing Endpoints,  Worst Slack           NA  ,  Total Violation           NA
---------------------------------------------------------------------------------------------------


Max Delay Paths
--------------------------------------------------------------------------------------
Slack (MET) :             1.981ns  (required time - arrival time)
  Source:                 FDPE/Q
                            (internal pin)
  Destination:            FDPE_1/D
                            (rising edge-triggered cell FDPE clocked by sys_clk  {rise@0.000ns fall@5.000ns period=10.000ns})
  Path Group:             sys_clk
  Path Type:              Setup (Max at Fast Process Corner)
  Requirement:            2.000ns  (MaxDelay Path 2.000ns)
  Data Path Delay:        0.085ns  (logic 0.000ns (0.000%)  route 0.085ns (100.000%))
  Logic Levels:           0  
  Clock Path Skew:        0.210ns (DCD - SCD + CPR)
    Destination Clock Delay (DCD):    0.210ns
    Source Clock Delay      (SCD):    0.000ns
    Clock Pessimism Removal (CPR):    0.000ns
  Clock Uncertainty:      0.129ns  ((TSJ^2 + DJ^2)^1/2) / 2 + PE
    Total System Jitter     (TSJ):    0.050ns
    Discrete Jitter          (DJ):    0.089ns
    Phase Error              (PE):    0.078ns
  Timing Exception:       MaxDelay Path 2.000ns

    Location             Delay type                Incr(ns)  Path(ns)    Netlist Resource(s)
  -------------------------------------------------------------------    -------------------
                         FDPE                         0.000     0.000 r  FDPE/Q
                         net (fo=1, unplaced)         0.085     0.085    xilinxasyncresetsynchronizerimpl0_rst_meta
                         FDPE                                         r  FDPE_1/D
  -------------------------------------------------------------------    -------------------

                         max delay                    2.000     2.000    
                         BUFG                         0.000     2.000 r  BUFG/O
                         net (fo=3880, unplaced)      0.210     2.210    sys_clk
                         FDPE                                         r  FDPE_1/C
                         clock pessimism              0.000     2.210    
                         clock uncertainty           -0.129     2.081    
                         FDPE (Setup_fdpe_C_D)       -0.014     2.067    FDPE_1
  -------------------------------------------------------------------
                         required time                          2.067    
                         arrival time                          -0.085    
  -------------------------------------------------------------------
                         slack                                  1.981    





