Copyright 1986-2017 Xilinx, Inc. All Rights Reserved.
--------------------------------------------------------------------------------------------------------------
| Tool Version : Vivado v.2017.3 (lin64) Build 2018833 Wed Oct  4 19:58:07 MDT 2017
| Date         : Sat Dec 30 16:18:15 2017
| Host         : travis-job-timvideos-hdmi2usb-litex-323172495.travisci.net running 64-bit Ubuntu 14.04.5 LTS
| Command      : report_control_sets -verbose -file top_control_sets.rpt
| Design       : top
| Device       : xc7a200t
--------------------------------------------------------------------------------------------------------------

Control Set Information

Table of Contents
-----------------
1. Summary
2. Flip-Flop Distribution
3. Detailed Control Set Information

1. Summary
----------

+----------------------------------------------------------+-------+
|                          Status                          | Count |
+----------------------------------------------------------+-------+
| Number of unique control sets                            |   155 |
| Unused register locations in slices containing registers |   265 |
+----------------------------------------------------------+-------+


2. Flip-Flop Distribution
-------------------------

+--------------+-----------------------+------------------------+-----------------+--------------+
| Clock Enable | Synchronous Set/Reset | Asynchronous Set/Reset | Total Registers | Total Slices |
+--------------+-----------------------+------------------------+-----------------+--------------+
| No           | No                    | No                     |             103 |           49 |
| No           | No                    | Yes                    |               4 |            2 |
| No           | Yes                   | No                     |             583 |          229 |
| Yes          | No                    | No                     |             284 |           94 |
| Yes          | No                    | Yes                    |               0 |            0 |
| Yes          | Yes                   | No                     |            1825 |          574 |
+--------------+-----------------------+------------------------+-----------------+--------------+


3. Detailed Control Set Information
-----------------------------------

+--------------+-----------------------------------------------------------------------------------------------+-----------------------------------------------+------------------+----------------+
| Clock Signal |                                         Enable Signal                                         |                Set/Reset Signal               | Slice Load Count | Bel Load Count |
+--------------+-----------------------------------------------------------------------------------------------+-----------------------------------------------+------------------+----------------+
|  clk200_clk  |                                                                                               |                                               |                1 |              1 |
|  sys_clk     | oled_spi_pads_mosi                                                                            | sys_rst                                       |                1 |              1 |
|  sys_clk     | oled_spimaster_set_clk                                                                        | oled_spi_pads_clk_i_1_n_0                     |                1 |              1 |
|  sys_clk     | serial_tx_i_1_n_0                                                                             | sys_rst                                       |                1 |              1 |
|  sys_clk     | i_i_1_n_0                                                                                     | sys_rst                                       |                1 |              1 |
|  clk200_clk  |                                                                                               | xilinxasyncresetsynchronizerimpl0             |                1 |              2 |
|  sys_clk     | lm32_cpu/instruction_unit/icache/refill_offset[3]_i_1_n_0                                     | sys_rst                                       |                1 |              2 |
|  sys_clk     |                                                                                               | xilinxasyncresetsynchronizerimpl0             |                1 |              2 |
|  sys_clk     | controllerinjector_counter[4]_i_2_n_0                                                         | controllerinjector_counter[4]                 |                1 |              4 |
|  sys_clk     | uart_tx_fifo_wrport_we                                                                        | sys_rst                                       |                1 |              4 |
|  sys_clk     | lm32_cpu/load_store_unit/controllerinjector_bankmachine3_level_reg[3][0]                      | sys_rst                                       |                2 |              4 |
|  sys_clk     | lm32_cpu/load_store_unit/controllerinjector_bankmachine1_level_reg[3][0]                      | sys_rst                                       |                1 |              4 |
|  sys_clk     | uart_rx_fifo_do_read                                                                          | sys_rst                                       |                1 |              4 |
|  sys_clk     | uart_rx_fifo_wrport_we                                                                        | sys_rst                                       |                1 |              4 |
|  sys_clk     | bitbang_storage_full[3]_i_1_n_0                                                               | sys_rst                                       |                1 |              4 |
|  sys_clk     | lm32_cpu/load_store_unit/controllerinjector_bankmachine2_level_reg[3][0]                      | sys_rst                                       |                2 |              4 |
|  sys_clk     | controllerinjector_time1[3]_i_1_n_0                                                           | sys_rst                                       |                2 |              4 |
|  sys_clk     | multiplexer_next_state                                                                        | sys_rst                                       |                2 |              4 |
|  sys_clk     | oled_storage_full[3]_i_1_n_0                                                                  | sys_rst                                       |                1 |              4 |
|  sys_clk     | lm32_cpu/load_store_unit/controllerinjector_bankmachine0_level_reg[3][0]                      | sys_rst                                       |                1 |              4 |
|  sys_clk     | lm32_cpu/load_store_unit/controllerinjector_bankmachine4_level_reg[3]_0[0]                    | sys_rst                                       |                2 |              4 |
|  sys_clk     | lm32_cpu/load_store_unit/controllerinjector_bankmachine7_level_reg[3][0]                      | sys_rst                                       |                1 |              4 |
|  sys_clk     | lm32_cpu/load_store_unit/controllerinjector_bankmachine6_level_reg[3]_0[0]                    | sys_rst                                       |                1 |              4 |
|  sys_clk     | lm32_cpu/load_store_unit/controllerinjector_bankmachine5_level_reg[3][0]                      | sys_rst                                       |                2 |              4 |
|  sys_clk     | uart_phy_rx_bitcount                                                                          | uart_phy_rx_bitcount[3]_i_1_n_0               |                1 |              4 |
|  sys_clk     |                                                                                               | basesoc_interface4_dat_r[3]_i_1_n_0           |                1 |              4 |
|  sys_clk     | lm32_cpu/instruction_unit/icache/state[3]_i_1_n_0                                             | sys_rst                                       |                3 |              4 |
|  sys_clk     | uart_phy_sink_ready1206_out                                                                   | uart_phy_tx_bitcount[3]_i_1_n_0               |                1 |              4 |
|  sys_clk     | uart_tx_fifo_do_read                                                                          | sys_rst                                       |                1 |              4 |
|  sys_clk     |                                                                                               | oled_spi_pads_clk_i_1_n_0                     |                2 |              4 |
|  clk200_clk  | reset_counter[3]_i_1_n_0                                                                      | clk200_rst                                    |                1 |              4 |
|  sys_clk     | uart_rx_fifo_level[4]_i_1_n_0                                                                 | sys_rst                                       |                1 |              5 |
|  sys_clk     | uart_tx_fifo_level[4]_i_1_n_0                                                                 | sys_rst                                       |                1 |              5 |
|  sys_clk     | controllerinjector_time0[4]_i_1_n_0                                                           | sys_rst                                       |                2 |              5 |
|  sys_clk     | basesoc_csrbank3_dfii_pi2_command0_re                                                         | sys_rst                                       |                2 |              6 |
|  sys_clk     | basesoc_csrbank3_dfii_pi1_command0_re                                                         | sys_rst                                       |                3 |              6 |
|  sys_clk     | lm32_cpu/load_store_unit/dcache/memories[0].data_memories.way_0_data_ram/byte_enable_m_reg[0] | lm32_cpu/load_store_unit/dcache/SR[0]         |                3 |              6 |
|  sys_clk     | controllerinjector_storage_full[3]_i_1_n_0                                                    | sys_rst                                       |                2 |              6 |
|  sys_clk     | basesoc_csrbank3_dfii_pi3_command0_re                                                         | sys_rst                                       |                4 |              6 |
|  sys_clk     | controllerinjector_phaseinjector0_command_storage_full[5]_i_1_n_0                             | sys_rst                                       |                3 |              6 |
|  sys_clk     | info_dna_cnt[6]_i_1_n_0                                                                       | sys_rst                                       |                2 |              7 |
|  sys_clk     | controllerinjector_phaseinjector1_address_storage_full[14]_i_1_n_0                            | sys_rst                                       |                1 |              7 |
|  sys_clk     | oled_spimaster_sr_mosi[7]                                                                     | sys_rst                                       |                1 |              7 |
|  sys_clk     | controllerinjector_phaseinjector3_address_storage_full[14]_i_1_n_0                            | sys_rst                                       |                2 |              7 |
|  sys_clk     | controllerinjector_phaseinjector0_address_storage_full[14]_i_1_n_0                            | sys_rst                                       |                1 |              7 |
|  sys_clk     | controllerinjector_phaseinjector2_address_storage_full[14]_i_1_n_0                            | sys_rst                                       |                1 |              7 |
|  sys_clk     | i                                                                                             | sys_rst                                       |                2 |              8 |
|  sys_clk     | basesoc_load_storage_full[15]_i_1_n_0                                                         | sys_rst                                       |                3 |              8 |
|  sys_clk     | lm32_cpu/load_store_unit/dcache/flush_set[7]_i_1__0_n_0                                       | sys_rst                                       |                3 |              8 |
|  sys_clk     | basesoc_reload_storage_full[7]_i_1_n_0                                                        | sys_rst                                       |                2 |              8 |
|  sys_clk     | uart_phy_rx_reg                                                                               | sys_rst                                       |                1 |              8 |
|  sys_clk     | uart_phy_source_payload_data                                                                  |                                               |                2 |              8 |
|  sys_clk     | controllerinjector_phaseinjector3_wrdata_storage_full[31]_i_1_n_0                             | sys_rst                                       |                2 |              8 |
|  sys_clk     | lm32_cpu/instruction_unit/icache/flush_set[7]_i_1_n_0                                         | sys_rst                                       |                3 |              8 |
|  sys_clk     |                                                                                               | basesoc_interface2_dat_r[7]_i_1_n_0           |                4 |              8 |
|  sys_clk     | controllerinjector_phaseinjector3_wrdata_storage_full[15]_i_1_n_0                             | sys_rst                                       |                1 |              8 |
|  sys_clk     | controllerinjector_phaseinjector3_wrdata_storage_full[23]_i_1_n_0                             | sys_rst                                       |                4 |              8 |
|  sys_clk     | uart_phy_tx_reg[7]_i_1_n_0                                                                    | sys_rst                                       |                3 |              8 |
|  sys_clk     | basesoc_load_storage_full[31]_i_1_n_0                                                         | sys_rst                                       |                1 |              8 |
|  sys_clk     | oled_spimaster_inc_cnt                                                                        | oled_spimaster_cnt[7]_i_1_n_0                 |                3 |              8 |
|  sys_clk     | p_4_out[31]                                                                                   | sys_rst                                       |                1 |              8 |
|  sys_clk     | p_4_out[15]                                                                                   | sys_rst                                       |                1 |              8 |
|  sys_clk     | p_4_out[7]                                                                                    | sys_rst                                       |                1 |              8 |
|  sys_clk     | controllerinjector_phaseinjector0_wrdata_storage_full[31]_i_1_n_0                             | sys_rst                                       |                2 |              8 |
|  sys_clk     | controllerinjector_phaseinjector0_wrdata_storage_full[23]_i_1_n_0                             | sys_rst                                       |                3 |              8 |
|  sys_clk     | controllerinjector_phaseinjector0_wrdata_storage_full[15]_i_1_n_0                             | sys_rst                                       |                2 |              8 |
|  sys_clk     | basesoc_csrbank2_spi_mosi0_re                                                                 | sys_rst                                       |                1 |              8 |
|  sys_clk     | p_4_out[23]                                                                                   | sys_rst                                       |                1 |              8 |
|  sys_clk     | lm32_cpu/load_store_unit/E[0]                                                                 | sys_rst                                       |                3 |              8 |
|  sys_clk     | controllerinjector_phaseinjector1_wrdata_storage_full[15]_i_1_n_0                             | sys_rst                                       |                2 |              8 |
|  sys_clk     | controllerinjector_phaseinjector2_wrdata_storage_full[31]_i_1_n_0                             | sys_rst                                       |                2 |              8 |
|  sys_clk     | basesoc_reload_storage_full[15]_i_1_n_0                                                       | sys_rst                                       |                1 |              8 |
|  sys_clk     | bridge_length_ce                                                                              |                                               |                2 |              8 |
|  sys_clk     | basesoc_csrbank2_spi_length0_re                                                               | sys_rst                                       |                1 |              8 |
|  sys_clk     | controllerinjector_phaseinjector0_address_storage_full[7]_i_1_n_0                             | sys_rst                                       |                2 |              8 |
|  sys_clk     | basesoc_reload_storage_full[31]_i_1_n_0                                                       | sys_rst                                       |                3 |              8 |
|  sys_clk     |                                                                                               | basesoc_interface5_dat_r[7]_i_1_n_0           |                6 |              8 |
|  sys_clk     | controllerinjector_phaseinjector1_wrdata_storage_full[23]_i_1_n_0                             | sys_rst                                       |                2 |              8 |
|  sys_clk     | controllerinjector_phaseinjector1_wrdata_storage_full[31]_i_1_n_0                             | sys_rst                                       |                2 |              8 |
|  sys_clk     | controllerinjector_phaseinjector1_wrdata_storage_full[7]_i_1_n_0                              | sys_rst                                       |                4 |              8 |
|  sys_clk     | controllerinjector_phaseinjector0_wrdata_storage_full[7]_i_1_n_0                              | sys_rst                                       |                2 |              8 |
|  sys_clk     | basesoc_reload_storage_full[23]_i_1_n_0                                                       | sys_rst                                       |                2 |              8 |
|  sys_clk     | controllerinjector_phaseinjector2_wrdata_storage_full[7]_i_1_n_0                              | sys_rst                                       |                2 |              8 |
|  sys_clk     | controllerinjector_phaseinjector2_wrdata_storage_full[15]_i_1_n_0                             | sys_rst                                       |                1 |              8 |
|  sys_clk     | basesoc_load_storage_full[7]_i_1_n_0                                                          | sys_rst                                       |                2 |              8 |
|  sys_clk     | bridge_cmd_ce                                                                                 |                                               |                3 |              8 |
|  sys_clk     |                                                                                               | basesoc_interface1_dat_r[7]_i_1_n_0           |                6 |              8 |
|  sys_clk     |                                                                                               | basesoc_interface7_dat_r[7]_i_1_n_0           |                2 |              8 |
|  sys_clk     | controllerinjector_phaseinjector2_address_storage_full[7]_i_1_n_0                             | sys_rst                                       |                1 |              8 |
|  sys_clk     |                                                                                               | basesoc_interface6_dat_r[7]_i_1_n_0           |                3 |              8 |
|  sys_clk     |                                                                                               | basesoc_interface3_dat_r[7]_i_1_n_0           |                7 |              8 |
|  sys_clk     | controllerinjector_phaseinjector1_address_storage_full[7]_i_1_n_0                             | sys_rst                                       |                1 |              8 |
|  sys_clk     | controllerinjector_phaseinjector3_address_storage_full[7]_i_1_n_0                             | sys_rst                                       |                2 |              8 |
|  sys_clk     | basesoc_load_storage_full[23]_i_1_n_0                                                         | sys_rst                                       |                1 |              8 |
|  sys_clk     | controllerinjector_phaseinjector3_wrdata_storage_full[7]_i_1_n_0                              | sys_rst                                       |                2 |              8 |
|  sys_clk     | controllerinjector_phaseinjector2_wrdata_storage_full[23]_i_1_n_0                             | sys_rst                                       |                2 |              8 |
|  sys_clk     | controllerinjector_count[9]_i_2_n_0                                                           | controllerinjector_count[9]_i_1_n_0           |                3 |             10 |
|  sys_clk     | lm32_cpu/instruction_unit/pc_f_reg[2]_0[0]                                                    |                                               |                4 |             10 |
|  sys_clk     | lm32_cpu/load_store_unit/dcache/memories[0].data_memories.way_0_data_ram/mem_reg_0            |                                               |                5 |             10 |
|  sys_clk     | info_vccaux_status                                                                            | sys_rst                                       |                3 |             12 |
|  sys_clk     | info_vccbram_status                                                                           | sys_rst                                       |                3 |             12 |
|  sys_clk     | info_vccint_status                                                                            | sys_rst                                       |                3 |             12 |
|  sys_clk     | info_temperature_status                                                                       | sys_rst                                       |                3 |             12 |
|  sys_clk     | controllerinjector_bankmachine5_sel_row_adr                                                   |                                               |                6 |             15 |
|  sys_clk     |                                                                                               | controllerinjector_dfi_p1_address[14]_i_1_n_0 |                5 |             15 |
|  sys_clk     | controllerinjector_bankmachine7_sel_row_adr                                                   |                                               |                3 |             15 |
|  sys_clk     | controllerinjector_bankmachine4_sel_row_adr                                                   |                                               |                4 |             15 |
|  sys_clk     | controllerinjector_bankmachine0_sel_row_adr                                                   |                                               |                6 |             15 |
|  sys_clk     | controllerinjector_bankmachine1_openrow[14]_i_1_n_0                                           |                                               |                5 |             15 |
|  sys_clk     | controllerinjector_bankmachine2_sel_row_adr                                                   |                                               |                5 |             15 |
|  sys_clk     | controllerinjector_bankmachine6_openrow[14]_i_1_n_0                                           |                                               |                4 |             15 |
|  sys_clk     | controllerinjector_bankmachine3_sel_row_adr                                                   |                                               |                5 |             15 |
|  sys_clk     | uart_rx_fifo_wrport_we                                                                        |                                               |                2 |             16 |
|  sys_clk     | uart_tx_fifo_wrport_we                                                                        |                                               |                2 |             16 |
|  sys_clk     |                                                                                               | controllerinjector_dfi_p2_address[14]_i_1_n_0 |               10 |             18 |
|  sys_clk     | sr[31]_i_1_n_0                                                                                | sys_rst                                       |                9 |             22 |
|  sys_clk     | lm32_cpu/load_store_unit/dcache/eba_reg[9]_0[0]                                               | sys_rst                                       |                9 |             23 |
|  sys_clk     | controllerinjector_bandwidth_nreads                                                           | controllerinjector_bandwidth_nwrites          |                6 |             24 |
|  sys_clk     | sel                                                                                           | bridge_count[0]_i_1_n_0                       |                6 |             24 |
|  sys_clk     | controllerinjector_bandwidth_nwrites[0]_i_1_n_0                                               | controllerinjector_bandwidth_nwrites          |                6 |             24 |
|  sys_clk     | lm32_cpu/load_store_unit/dcache/refill_address[31]_i_1_n_0                                    |                                               |                9 |             28 |
|  sys_clk     | lm32_cpu/instruction_unit/icache/i_adr_o_reg[30]                                              | sys_rst                                       |                9 |             28 |
|  sys_clk     | bridge_address_ce                                                                             |                                               |                8 |             30 |
|  sys_clk     | lm32_cpu/instruction_unit/icache/refill_address[31]_i_1__0_n_0                                |                                               |                8 |             30 |
|  sys_clk     | lm32_cpu/load_store_unit/dcache/restart_address_reg[31][0]                                    | sys_rst                                       |                6 |             30 |
|  sys_clk     |                                                                                               | uart_phy_phase_accumulator_rx[30]_i_1_n_0     |                8 |             31 |
|  sys_clk     | lm32_cpu/instruction_unit/E[0]                                                                | sys_rst                                       |               12 |             32 |
|  sys_clk     | lm32_cpu/load_store_unit/controllerinjector_bankmachine6_level_reg[3]                         |                                               |                4 |             32 |
|  sys_clk     | lm32_cpu/mc_arithmetic/result_x_reg[0]_0                                                      | sys_rst                                       |                9 |             32 |
|  sys_clk     |                                                                                               | uart_phy_phase_accumulator_tx[31]_i_1_n_0     |                8 |             32 |
|  sys_clk     | lm32_cpu/load_store_unit/wb_load_complete                                                     | sys_rst                                       |                9 |             32 |
|  sys_clk     | lm32_cpu/load_store_unit/controllerinjector_bankmachine0_level_reg[2]                         |                                               |                4 |             32 |
|  sys_clk     | lm32_cpu/load_store_unit/controllerinjector_bankmachine3_openrow_reg[1]                       |                                               |                4 |             32 |
|  sys_clk     | lm32_cpu/load_store_unit/controllerinjector_bankmachine7_openrow_reg[1]                       |                                               |                4 |             32 |
|  sys_clk     | lm32_cpu/load_store_unit/controllerinjector_bankmachine5_openrow_reg[1]                       |                                               |                4 |             32 |
|  sys_clk     | lm32_cpu/load_store_unit/controllerinjector_bankmachine1_openrow_reg[1]                       |                                               |                4 |             32 |
|  sys_clk     | lm32_cpu/load_store_unit/bridge_data_reg[0][0]                                                |                                               |               15 |             32 |
|  sys_clk     | lm32_cpu/load_store_unit/controllerinjector_bankmachine2_openrow_reg[1]                       |                                               |                4 |             32 |
|  sys_clk     | lm32_cpu/load_store_unit/dcache/d_cyc_o116_out                                                | sys_rst                                       |               10 |             32 |
|  sys_clk     | basesoc_update_value_re                                                                       | sys_rst                                       |               11 |             32 |
|  sys_clk     | lm32_cpu/load_store_unit/dcache/d_cyc_o6_out                                                  | sys_rst                                       |               13 |             32 |
|  sys_clk     | lm32_cpu/load_store_unit/dcache/im_reg[31]_0[0]                                               | sys_rst                                       |               19 |             32 |
|  sys_clk     | lm32_cpu/load_store_unit/icache_refill_data_reg[31]                                           | sys_rst                                       |                7 |             32 |
|  sys_clk     | lm32_cpu/load_store_unit/controllerinjector_bankmachine4_level_reg[3]                         |                                               |                4 |             32 |
|  sys_clk     | controllerinjector_bandwidth_period                                                           | sys_rst                                       |                8 |             48 |
|  sys_clk     | controllerinjector_bandwidth_update_re                                                        | sys_rst                                       |               12 |             48 |
|  sys_clk     | info_dna_status                                                                               | sys_rst                                       |               13 |             57 |
|  sys_clk     | lm32_cpu/mc_arithmetic/cycles[5]_i_1_n_0                                                      | sys_rst                                       |               28 |             70 |
|  sys_clk     | lm32_cpu/instruction_unit/pc_f_reg[2]_0[0]                                                    | sys_rst                                       |               27 |             92 |
|  sys_clk     | lm32_cpu/load_store_unit/dcache/reg_write_enable_q_w                                          |                                               |               12 |             96 |
|  sys_clk     |                                                                                               |                                               |               49 |            104 |
|  sys_clk     | controllerinjector_inti_p0_rddata_valid                                                       | sys_rst                                       |               45 |            128 |
|  sys_clk     | lm32_cpu/load_store_unit/dcache/memories[0].data_memories.way_0_data_ram/byte_enable_m_reg[0] | sys_rst                                       |               61 |            161 |
|  sys_clk     | lm32_cpu/load_store_unit/dcache/memories[0].data_memories.way_0_data_ram/mem_reg_0            | sys_rst                                       |               81 |            221 |
|  sys_clk     |                                                                                               | sys_rst                                       |              167 |            431 |
+--------------+-----------------------------------------------------------------------------------------------+-----------------------------------------------+------------------+----------------+


+--------+-----------------------+
| Fanout | Number of ControlSets |
+--------+-----------------------+
| 1      |                     5 |
| 2      |                     3 |
| 4      |                    23 |
| 5      |                     3 |
| 6      |                     6 |
| 7      |                     6 |
| 8      |                    50 |
| 10     |                     3 |
| 12     |                     4 |
| 15     |                     9 |
| 16+    |                    43 |
+--------+-----------------------+


