Copyright 1986-2017 Xilinx, Inc. All Rights Reserved.
---------------------------------------------------------------------------------------------------
| Tool Version : Vivado v.2017.3 (lin64) Build 2018833 Wed Oct  4 19:58:07 MDT 2017
| Date         : Thu Dec 20 20:19:37 2018
| Host         : travis-job-e4b21160-261e-4fe1-bdce-e67b05f0707b running 64-bit Ubuntu 14.04.5 LTS
| Command      : report_utilization -hierarchical -file top_utilization_hierarchical_place.rpt
| Design       : top
| Device       : 7a50tfgg484-1
| Design State : Fully Placed
---------------------------------------------------------------------------------------------------

Utilization Design Information

Table of Contents
-----------------
1. Utilization by Hierarchy

1. Utilization by Hierarchy
---------------------------

+----------------+-------------------+------------+------------+---------+------+------+--------+--------+--------------+
|    Instance    |       Module      | Total LUTs | Logic LUTs | LUTRAMs | SRLs |  FFs | RAMB36 | RAMB18 | DSP48 Blocks |
+----------------+-------------------+------------+------------+---------+------+------+--------+--------+--------------+
| top            |             (top) |       4308 |       4074 |     232 |    2 | 3471 |     24 |     17 |            0 |
|   (top)        |             (top) |       2046 |       1900 |     144 |    2 | 2296 |     24 |     17 |            0 |
|   picorv32     |          picorv32 |       2263 |       2175 |      88 |    0 | 1175 |      0 |      0 |            0 |
|     (picorv32) |          picorv32 |       1614 |       1526 |      88 |    0 |  720 |      0 |      0 |            0 |
|     pcpi_div   | picorv32_pcpi_div |        376 |        376 |       0 |    0 |  200 |      0 |      0 |            0 |
|     pcpi_mul   | picorv32_pcpi_mul |        273 |        273 |       0 |    0 |  255 |      0 |      0 |            0 |
+----------------+-------------------+------------+------------+---------+------+------+--------+--------+--------------+
* Note: The sum of lower-level cells may be larger than their parent cells total, due to cross-hierarchy LUT combining


