Copyright 1986-2017 Xilinx, Inc. All Rights Reserved.
--------------------------------------------------------------------------------------------------------------
| Tool Version : Vivado v.2017.3 (lin64) Build 2018833 Wed Oct  4 19:58:07 MDT 2017
| Date         : Tue Oct  2 05:28:47 2018
| Host         : travis-job-timvideos-hdmi2usb-litex-435903935.travisci.net running 64-bit Ubuntu 14.04.5 LTS
| Command      : report_utilization -hierarchical -file top_utilization_hierarchical_synth.rpt
| Design       : top
| Device       : 7a35tcsg324-1
| Design State : Synthesized
--------------------------------------------------------------------------------------------------------------

Utilization Design Information

Table of Contents
-----------------
1. Utilization by Hierarchy

1. Utilization by Hierarchy
---------------------------

+----------------------------+------------------+------------+------------+---------+------+------+--------+--------+--------------+
|          Instance          |      Module      | Total LUTs | Logic LUTs | LUTRAMs | SRLs |  FFs | RAMB36 | RAMB18 | DSP48 Blocks |
+----------------------------+------------------+------------+------------+---------+------+------+--------+--------+--------------+
| top                        |            (top) |       4581 |       4371 |     208 |    2 | 3847 |     19 |     35 |            4 |
|   (top)                    |            (top) |       2379 |       2193 |     184 |    2 | 2389 |     18 |     27 |            0 |
|   VexRiscv                 |         VexRiscv |       2202 |       2178 |      24 |    0 | 1458 |      1 |      8 |            4 |
|     (VexRiscv)             |         VexRiscv |        860 |        860 |       0 |    0 |  905 |      0 |      2 |            4 |
|     IBusCachedPlugin_cache | InstructionCache |        352 |        352 |       0 |    0 |   97 |      1 |      1 |            0 |
|     dataCache_1            |        DataCache |        990 |        966 |      24 |    0 |  456 |      0 |      5 |            0 |
+----------------------------+------------------+------------+------------+---------+------+------+--------+--------+--------------+


