Copyright 1986-2017 Xilinx, Inc. All Rights Reserved.
---------------------------------------------------------------------------------------------------
| Tool Version : Vivado v.2017.3 (lin64) Build 2018833 Wed Oct  4 19:58:07 MDT 2017
| Date         : Thu Jul 25 03:50:33 2019
| Host         : travis-job-f2a11ab8-fa02-4802-9382-4eb680028cfd running 64-bit Ubuntu 14.04.5 LTS
| Command      : report_timing_summary -datasheet -max_paths 10 -file top_timing.rpt
| Design       : top
| Device       : 7a35t-cpg236
| Speed File   : -1  PRODUCTION 1.19 2017-08-11
---------------------------------------------------------------------------------------------------

Timing Summary Report

------------------------------------------------------------------------------------------------
| Timer Settings
| --------------
------------------------------------------------------------------------------------------------

  Enable Multi Corner Analysis               :  Yes
  Enable Pessimism Removal                   :  Yes
  Pessimism Removal Resolution               :  Nearest Common Node
  Enable Input Delay Default Clock           :  No
  Enable Preset / Clear Arcs                 :  No
  Disable Flight Delays                      :  No
  Ignore I/O Paths                           :  No
  Timing Early Launch at Borrowing Latches   :  false

  Corner  Analyze    Analyze    
  Name    Max Paths  Min Paths  
  ------  ---------  ---------  
  Slow    Yes        Yes        
  Fast    Yes        Yes        



check_timing report

Table of Contents
-----------------
1. checking no_clock
2. checking constant_clock
3. checking pulse_width_clock
4. checking unconstrained_internal_endpoints
5. checking no_input_delay
6. checking no_output_delay
7. checking multiple_clock
8. checking generated_clocks
9. checking loops
10. checking partial_input_delay
11. checking partial_output_delay
12. checking latch_loops

1. checking no_clock
--------------------
 There is 1 register/latch pin with no clock driven by root clock pin: dna_cnt_reg[0]/Q (HIGH)


2. checking constant_clock
--------------------------
 There are 0 register/latch pins with constant_clock.


3. checking pulse_width_clock
-----------------------------
 There are 0 register/latch pins which need pulse_width check


4. checking unconstrained_internal_endpoints
--------------------------------------------
 There are 2 pins that are not constrained for maximum delay. (HIGH)

 There are 0 pins that are not constrained for maximum delay due to constant clock.


5. checking no_input_delay
--------------------------
 There are 3 input ports with no input delay specified. (HIGH)

 There are 0 input ports with no input delay but user has a false path constraint.


6. checking no_output_delay
---------------------------
 There are 3 ports with no output delay specified. (HIGH)

 There are 0 ports with no output delay but user has a false path constraint

 There are 0 ports with no output delay but with a timing clock defined on it or propagating through it


7. checking multiple_clock
--------------------------
 There are 0 register/latch pins with multiple clocks.


8. checking generated_clocks
----------------------------
 There are 0 generated clocks that are not connected to a clock source.


9. checking loops
-----------------
 There are 0 combinational loops in the design.


10. checking partial_input_delay
--------------------------------
 There are 0 input ports with partial input delay specified.


11. checking partial_output_delay
---------------------------------
 There are 0 ports with partial output delay specified.


12. checking latch_loops
------------------------
 There are 0 combinational latch loops in the design through latch input



------------------------------------------------------------------------------------------------
| Design Timing Summary
| ---------------------
------------------------------------------------------------------------------------------------

    WNS(ns)      TNS(ns)  TNS Failing Endpoints  TNS Total Endpoints      WHS(ns)      THS(ns)  THS Failing Endpoints  THS Total Endpoints     WPWS(ns)     TPWS(ns)  TPWS Failing Endpoints  TPWS Total Endpoints  
    -------      -------  ---------------------  -------------------      -------      -------  ---------------------  -------------------     --------     --------  ----------------------  --------------------  
      0.918        0.000                      0                 6222        0.024        0.000                      0                 6221        3.750        0.000                       0                  1956  


All user specified timing constraints are met.


------------------------------------------------------------------------------------------------
| Clock Summary
| -------------
------------------------------------------------------------------------------------------------

Clock    Waveform(ns)       Period(ns)      Frequency(MHz)
-----    ------------       ----------      --------------
clk12    {0.000 41.666}     83.333          12.000          
sys_clk  {0.000 5.000}      10.000          100.000         


------------------------------------------------------------------------------------------------
| Intra Clock Table
| -----------------
------------------------------------------------------------------------------------------------

Clock             WNS(ns)      TNS(ns)  TNS Failing Endpoints  TNS Total Endpoints      WHS(ns)      THS(ns)  THS Failing Endpoints  THS Total Endpoints     WPWS(ns)     TPWS(ns)  TPWS Failing Endpoints  TPWS Total Endpoints  
-----             -------      -------  ---------------------  -------------------      -------      -------  ---------------------  -------------------     --------     --------  ----------------------  --------------------  
clk12                                                                                                                                                          81.178        0.000                       0                     1  
sys_clk             0.918        0.000                      0                 6221        0.024        0.000                      0                 6221        3.750        0.000                       0                  1955  


------------------------------------------------------------------------------------------------
| Inter Clock Table
| -----------------
------------------------------------------------------------------------------------------------

From Clock    To Clock          WNS(ns)      TNS(ns)  TNS Failing Endpoints  TNS Total Endpoints      WHS(ns)      THS(ns)  THS Failing Endpoints  THS Total Endpoints  
----------    --------          -------      -------  ---------------------  -------------------      -------      -------  ---------------------  -------------------  
              sys_clk             2.569        0.000                      0                    1                                                                        


------------------------------------------------------------------------------------------------
| Other Path Groups Table
| -----------------------
------------------------------------------------------------------------------------------------

Path Group    From Clock    To Clock          WNS(ns)      TNS(ns)  TNS Failing Endpoints  TNS Total Endpoints      WHS(ns)      THS(ns)  THS Failing Endpoints  THS Total Endpoints  
----------    ----------    --------          -------      -------  ---------------------  -------------------      -------      -------  ---------------------  -------------------  


------------------------------------------------------------------------------------------------
| Timing Details
| --------------
------------------------------------------------------------------------------------------------


---------------------------------------------------------------------------------------------------
From Clock:  clk12
  To Clock:  clk12

Setup :           NA  Failing Endpoints,  Worst Slack           NA  ,  Total Violation           NA
Hold  :           NA  Failing Endpoints,  Worst Slack           NA  ,  Total Violation           NA
PW    :            0  Failing Endpoints,  Worst Slack       81.178ns,  Total Violation        0.000ns
---------------------------------------------------------------------------------------------------


Pulse Width Checks
--------------------------------------------------------------------------------------
Clock Name:         clk12
Waveform(ns):       { 0.000 41.667 }
Period(ns):         83.333
Sources:            { clk12 }

Check Type  Corner  Lib Pin  Reference Pin  Required(ns)  Actual(ns)  Slack(ns)  Location       Pin
Min Period  n/a     BUFG/I   n/a            2.155         83.333      81.178     BUFGCTRL_X0Y0  BUFG/I



---------------------------------------------------------------------------------------------------
From Clock:  sys_clk
  To Clock:  sys_clk

Setup :            0  Failing Endpoints,  Worst Slack        0.918ns,  Total Violation        0.000ns
Hold  :            0  Failing Endpoints,  Worst Slack        0.024ns,  Total Violation        0.000ns
PW    :            0  Failing Endpoints,  Worst Slack        3.750ns,  Total Violation        0.000ns
---------------------------------------------------------------------------------------------------


Max Delay Paths
--------------------------------------------------------------------------------------
Slack (MET) :             0.918ns  (required time - arrival time)
  Source:                 FDPE_1/C
                            (rising edge-triggered cell FDPE clocked by sys_clk  {rise@0.000ns fall@5.000ns period=10.000ns})
  Destination:            basesoc_uart_phy_tx_bitcount_reg[0]/R
                            (rising edge-triggered cell FDRE clocked by sys_clk  {rise@0.000ns fall@5.000ns period=10.000ns})
  Path Group:             sys_clk
  Path Type:              Setup (Max at Slow Process Corner)
  Requirement:            10.000ns  (sys_clk rise@10.000ns - sys_clk rise@0.000ns)
  Data Path Delay:        8.160ns  (logic 0.718ns (8.799%)  route 7.442ns (91.201%))
  Logic Levels:           1  (LUT4=1)
  Clock Path Skew:        -0.363ns (DCD - SCD + CPR)
    Destination Clock Delay (DCD):    1.439ns = ( 11.439 - 10.000 ) 
    Source Clock Delay      (SCD):    1.808ns
    Clock Pessimism Removal (CPR):    0.007ns
  Clock Uncertainty:      0.035ns  ((TSJ^2 + TIJ^2)^1/2 + DJ) / 2 + PE
    Total System Jitter     (TSJ):    0.071ns
    Total Input Jitter      (TIJ):    0.000ns
    Discrete Jitter          (DJ):    0.000ns
    Phase Error              (PE):    0.000ns

    Location             Delay type                Incr(ns)  Path(ns)    Netlist Resource(s)
  -------------------------------------------------------------------    -------------------
                         (clock sys_clk rise edge)    0.000     0.000 r  
    BUFGCTRL_X0Y0        BUFG                         0.000     0.000 r  BUFG/O
                         net (fo=1956, routed)        1.808     1.808    sys_clk
    SLICE_X0Y108         FDPE                                         r  FDPE_1/C
  -------------------------------------------------------------------    -------------------
    SLICE_X0Y108         FDPE (Prop_fdpe_C_Q)         0.419     2.227 r  FDPE_1/Q
                         net (fo=509, routed)         7.054     9.282    sys_rst
    SLICE_X47Y52         LUT4 (Prop_lut4_I3_O)        0.299     9.581 r  basesoc_uart_phy_tx_bitcount[3]_i_1/O
                         net (fo=4, routed)           0.387     9.968    basesoc_uart_phy_tx_bitcount[3]_i_1_n_0
    SLICE_X46Y52         FDRE                                         r  basesoc_uart_phy_tx_bitcount_reg[0]/R
  -------------------------------------------------------------------    -------------------

                         (clock sys_clk rise edge)   10.000    10.000 r  
    BUFGCTRL_X0Y0        BUFG                         0.000    10.000 r  BUFG/O
                         net (fo=1956, routed)        1.439    11.439    sys_clk
    SLICE_X46Y52         FDRE                                         r  basesoc_uart_phy_tx_bitcount_reg[0]/C
                         clock pessimism              0.007    11.446    
                         clock uncertainty           -0.035    11.410    
    SLICE_X46Y52         FDRE (Setup_fdre_C_R)       -0.524    10.886    basesoc_uart_phy_tx_bitcount_reg[0]
  -------------------------------------------------------------------
                         required time                         10.886    
                         arrival time                          -9.968    
  -------------------------------------------------------------------
                         slack                                  0.918    

Slack (MET) :             0.918ns  (required time - arrival time)
  Source:                 FDPE_1/C
                            (rising edge-triggered cell FDPE clocked by sys_clk  {rise@0.000ns fall@5.000ns period=10.000ns})
  Destination:            basesoc_uart_phy_tx_bitcount_reg[1]/R
                            (rising edge-triggered cell FDRE clocked by sys_clk  {rise@0.000ns fall@5.000ns period=10.000ns})
  Path Group:             sys_clk
  Path Type:              Setup (Max at Slow Process Corner)
  Requirement:            10.000ns  (sys_clk rise@10.000ns - sys_clk rise@0.000ns)
  Data Path Delay:        8.160ns  (logic 0.718ns (8.799%)  route 7.442ns (91.201%))
  Logic Levels:           1  (LUT4=1)
  Clock Path Skew:        -0.363ns (DCD - SCD + CPR)
    Destination Clock Delay (DCD):    1.439ns = ( 11.439 - 10.000 ) 
    Source Clock Delay      (SCD):    1.808ns
    Clock Pessimism Removal (CPR):    0.007ns
  Clock Uncertainty:      0.035ns  ((TSJ^2 + TIJ^2)^1/2 + DJ) / 2 + PE
    Total System Jitter     (TSJ):    0.071ns
    Total Input Jitter      (TIJ):    0.000ns
    Discrete Jitter          (DJ):    0.000ns
    Phase Error              (PE):    0.000ns

    Location             Delay type                Incr(ns)  Path(ns)    Netlist Resource(s)
  -------------------------------------------------------------------    -------------------
                         (clock sys_clk rise edge)    0.000     0.000 r  
    BUFGCTRL_X0Y0        BUFG                         0.000     0.000 r  BUFG/O
                         net (fo=1956, routed)        1.808     1.808    sys_clk
    SLICE_X0Y108         FDPE                                         r  FDPE_1/C
  -------------------------------------------------------------------    -------------------
    SLICE_X0Y108         FDPE (Prop_fdpe_C_Q)         0.419     2.227 r  FDPE_1/Q
                         net (fo=509, routed)         7.054     9.282    sys_rst
    SLICE_X47Y52         LUT4 (Prop_lut4_I3_O)        0.299     9.581 r  basesoc_uart_phy_tx_bitcount[3]_i_1/O
                         net (fo=4, routed)           0.387     9.968    basesoc_uart_phy_tx_bitcount[3]_i_1_n_0
    SLICE_X46Y52         FDRE                                         r  basesoc_uart_phy_tx_bitcount_reg[1]/R
  -------------------------------------------------------------------    -------------------

                         (clock sys_clk rise edge)   10.000    10.000 r  
    BUFGCTRL_X0Y0        BUFG                         0.000    10.000 r  BUFG/O
                         net (fo=1956, routed)        1.439    11.439    sys_clk
    SLICE_X46Y52         FDRE                                         r  basesoc_uart_phy_tx_bitcount_reg[1]/C
                         clock pessimism              0.007    11.446    
                         clock uncertainty           -0.035    11.410    
    SLICE_X46Y52         FDRE (Setup_fdre_C_R)       -0.524    10.886    basesoc_uart_phy_tx_bitcount_reg[1]
  -------------------------------------------------------------------
                         required time                         10.886    
                         arrival time                          -9.968    
  -------------------------------------------------------------------
                         slack                                  0.918    

Slack (MET) :             0.918ns  (required time - arrival time)
  Source:                 FDPE_1/C
                            (rising edge-triggered cell FDPE clocked by sys_clk  {rise@0.000ns fall@5.000ns period=10.000ns})
  Destination:            basesoc_uart_phy_tx_bitcount_reg[2]/R
                            (rising edge-triggered cell FDRE clocked by sys_clk  {rise@0.000ns fall@5.000ns period=10.000ns})
  Path Group:             sys_clk
  Path Type:              Setup (Max at Slow Process Corner)
  Requirement:            10.000ns  (sys_clk rise@10.000ns - sys_clk rise@0.000ns)
  Data Path Delay:        8.160ns  (logic 0.718ns (8.799%)  route 7.442ns (91.201%))
  Logic Levels:           1  (LUT4=1)
  Clock Path Skew:        -0.363ns (DCD - SCD + CPR)
    Destination Clock Delay (DCD):    1.439ns = ( 11.439 - 10.000 ) 
    Source Clock Delay      (SCD):    1.808ns
    Clock Pessimism Removal (CPR):    0.007ns
  Clock Uncertainty:      0.035ns  ((TSJ^2 + TIJ^2)^1/2 + DJ) / 2 + PE
    Total System Jitter     (TSJ):    0.071ns
    Total Input Jitter      (TIJ):    0.000ns
    Discrete Jitter          (DJ):    0.000ns
    Phase Error              (PE):    0.000ns

    Location             Delay type                Incr(ns)  Path(ns)    Netlist Resource(s)
  -------------------------------------------------------------------    -------------------
                         (clock sys_clk rise edge)    0.000     0.000 r  
    BUFGCTRL_X0Y0        BUFG                         0.000     0.000 r  BUFG/O
                         net (fo=1956, routed)        1.808     1.808    sys_clk
    SLICE_X0Y108         FDPE                                         r  FDPE_1/C
  -------------------------------------------------------------------    -------------------
    SLICE_X0Y108         FDPE (Prop_fdpe_C_Q)         0.419     2.227 r  FDPE_1/Q
                         net (fo=509, routed)         7.054     9.282    sys_rst
    SLICE_X47Y52         LUT4 (Prop_lut4_I3_O)        0.299     9.581 r  basesoc_uart_phy_tx_bitcount[3]_i_1/O
                         net (fo=4, routed)           0.387     9.968    basesoc_uart_phy_tx_bitcount[3]_i_1_n_0
    SLICE_X46Y52         FDRE                                         r  basesoc_uart_phy_tx_bitcount_reg[2]/R
  -------------------------------------------------------------------    -------------------

                         (clock sys_clk rise edge)   10.000    10.000 r  
    BUFGCTRL_X0Y0        BUFG                         0.000    10.000 r  BUFG/O
                         net (fo=1956, routed)        1.439    11.439    sys_clk
    SLICE_X46Y52         FDRE                                         r  basesoc_uart_phy_tx_bitcount_reg[2]/C
                         clock pessimism              0.007    11.446    
                         clock uncertainty           -0.035    11.410    
    SLICE_X46Y52         FDRE (Setup_fdre_C_R)       -0.524    10.886    basesoc_uart_phy_tx_bitcount_reg[2]
  -------------------------------------------------------------------
                         required time                         10.886    
                         arrival time                          -9.968    
  -------------------------------------------------------------------
                         slack                                  0.918    

Slack (MET) :             0.918ns  (required time - arrival time)
  Source:                 FDPE_1/C
                            (rising edge-triggered cell FDPE clocked by sys_clk  {rise@0.000ns fall@5.000ns period=10.000ns})
  Destination:            basesoc_uart_phy_tx_bitcount_reg[3]/R
                            (rising edge-triggered cell FDRE clocked by sys_clk  {rise@0.000ns fall@5.000ns period=10.000ns})
  Path Group:             sys_clk
  Path Type:              Setup (Max at Slow Process Corner)
  Requirement:            10.000ns  (sys_clk rise@10.000ns - sys_clk rise@0.000ns)
  Data Path Delay:        8.160ns  (logic 0.718ns (8.799%)  route 7.442ns (91.201%))
  Logic Levels:           1  (LUT4=1)
  Clock Path Skew:        -0.363ns (DCD - SCD + CPR)
    Destination Clock Delay (DCD):    1.439ns = ( 11.439 - 10.000 ) 
    Source Clock Delay      (SCD):    1.808ns
    Clock Pessimism Removal (CPR):    0.007ns
  Clock Uncertainty:      0.035ns  ((TSJ^2 + TIJ^2)^1/2 + DJ) / 2 + PE
    Total System Jitter     (TSJ):    0.071ns
    Total Input Jitter      (TIJ):    0.000ns
    Discrete Jitter          (DJ):    0.000ns
    Phase Error              (PE):    0.000ns

    Location             Delay type                Incr(ns)  Path(ns)    Netlist Resource(s)
  -------------------------------------------------------------------    -------------------
                         (clock sys_clk rise edge)    0.000     0.000 r  
    BUFGCTRL_X0Y0        BUFG                         0.000     0.000 r  BUFG/O
                         net (fo=1956, routed)        1.808     1.808    sys_clk
    SLICE_X0Y108         FDPE                                         r  FDPE_1/C
  -------------------------------------------------------------------    -------------------
    SLICE_X0Y108         FDPE (Prop_fdpe_C_Q)         0.419     2.227 r  FDPE_1/Q
                         net (fo=509, routed)         7.054     9.282    sys_rst
    SLICE_X47Y52         LUT4 (Prop_lut4_I3_O)        0.299     9.581 r  basesoc_uart_phy_tx_bitcount[3]_i_1/O
                         net (fo=4, routed)           0.387     9.968    basesoc_uart_phy_tx_bitcount[3]_i_1_n_0
    SLICE_X46Y52         FDRE                                         r  basesoc_uart_phy_tx_bitcount_reg[3]/R
  -------------------------------------------------------------------    -------------------

                         (clock sys_clk rise edge)   10.000    10.000 r  
    BUFGCTRL_X0Y0        BUFG                         0.000    10.000 r  BUFG/O
                         net (fo=1956, routed)        1.439    11.439    sys_clk
    SLICE_X46Y52         FDRE                                         r  basesoc_uart_phy_tx_bitcount_reg[3]/C
                         clock pessimism              0.007    11.446    
                         clock uncertainty           -0.035    11.410    
    SLICE_X46Y52         FDRE (Setup_fdre_C_R)       -0.524    10.886    basesoc_uart_phy_tx_bitcount_reg[3]
  -------------------------------------------------------------------
                         required time                         10.886    
                         arrival time                          -9.968    
  -------------------------------------------------------------------
                         slack                                  0.918    

Slack (MET) :             1.000ns  (required time - arrival time)
  Source:                 FDPE_1/C
                            (rising edge-triggered cell FDPE clocked by sys_clk  {rise@0.000ns fall@5.000ns period=10.000ns})
  Destination:            spiflash_sr_reg[10]/R
                            (rising edge-triggered cell FDRE clocked by sys_clk  {rise@0.000ns fall@5.000ns period=10.000ns})
  Path Group:             sys_clk
  Path Type:              Setup (Max at Slow Process Corner)
  Requirement:            10.000ns  (sys_clk rise@10.000ns - sys_clk rise@0.000ns)
  Data Path Delay:        7.895ns  (logic 0.419ns (5.307%)  route 7.476ns (94.693%))
  Logic Levels:           0  
  Clock Path Skew:        -0.371ns (DCD - SCD + CPR)
    Destination Clock Delay (DCD):    1.437ns = ( 11.437 - 10.000 ) 
    Source Clock Delay      (SCD):    1.808ns
    Clock Pessimism Removal (CPR):    0.000ns
  Clock Uncertainty:      0.035ns  ((TSJ^2 + TIJ^2)^1/2 + DJ) / 2 + PE
    Total System Jitter     (TSJ):    0.071ns
    Total Input Jitter      (TIJ):    0.000ns
    Discrete Jitter          (DJ):    0.000ns
    Phase Error              (PE):    0.000ns

    Location             Delay type                Incr(ns)  Path(ns)    Netlist Resource(s)
  -------------------------------------------------------------------    -------------------
                         (clock sys_clk rise edge)    0.000     0.000 r  
    BUFGCTRL_X0Y0        BUFG                         0.000     0.000 r  BUFG/O
                         net (fo=1956, routed)        1.808     1.808    sys_clk
    SLICE_X0Y108         FDPE                                         r  FDPE_1/C
  -------------------------------------------------------------------    -------------------
    SLICE_X0Y108         FDPE (Prop_fdpe_C_Q)         0.419     2.227 r  FDPE_1/Q
                         net (fo=509, routed)         7.476     9.703    sys_rst
    SLICE_X30Y17         FDRE                                         r  spiflash_sr_reg[10]/R
  -------------------------------------------------------------------    -------------------

                         (clock sys_clk rise edge)   10.000    10.000 r  
    BUFGCTRL_X0Y0        BUFG                         0.000    10.000 r  BUFG/O
                         net (fo=1956, routed)        1.437    11.437    sys_clk
    SLICE_X30Y17         FDRE                                         r  spiflash_sr_reg[10]/C
                         clock pessimism              0.000    11.437    
                         clock uncertainty           -0.035    11.402    
    SLICE_X30Y17         FDRE (Setup_fdre_C_R)       -0.699    10.703    spiflash_sr_reg[10]
  -------------------------------------------------------------------
                         required time                         10.703    
                         arrival time                          -9.703    
  -------------------------------------------------------------------
                         slack                                  1.000    

Slack (MET) :             1.095ns  (required time - arrival time)
  Source:                 FDPE_1/C
                            (rising edge-triggered cell FDPE clocked by sys_clk  {rise@0.000ns fall@5.000ns period=10.000ns})
  Destination:            spiflash_sr_reg[11]/R
                            (rising edge-triggered cell FDRE clocked by sys_clk  {rise@0.000ns fall@5.000ns period=10.000ns})
  Path Group:             sys_clk
  Path Type:              Setup (Max at Slow Process Corner)
  Requirement:            10.000ns  (sys_clk rise@10.000ns - sys_clk rise@0.000ns)
  Data Path Delay:        7.895ns  (logic 0.419ns (5.307%)  route 7.476ns (94.693%))
  Logic Levels:           0  
  Clock Path Skew:        -0.371ns (DCD - SCD + CPR)
    Destination Clock Delay (DCD):    1.437ns = ( 11.437 - 10.000 ) 
    Source Clock Delay      (SCD):    1.808ns
    Clock Pessimism Removal (CPR):    0.000ns
  Clock Uncertainty:      0.035ns  ((TSJ^2 + TIJ^2)^1/2 + DJ) / 2 + PE
    Total System Jitter     (TSJ):    0.071ns
    Total Input Jitter      (TIJ):    0.000ns
    Discrete Jitter          (DJ):    0.000ns
    Phase Error              (PE):    0.000ns

    Location             Delay type                Incr(ns)  Path(ns)    Netlist Resource(s)
  -------------------------------------------------------------------    -------------------
                         (clock sys_clk rise edge)    0.000     0.000 r  
    BUFGCTRL_X0Y0        BUFG                         0.000     0.000 r  BUFG/O
                         net (fo=1956, routed)        1.808     1.808    sys_clk
    SLICE_X0Y108         FDPE                                         r  FDPE_1/C
  -------------------------------------------------------------------    -------------------
    SLICE_X0Y108         FDPE (Prop_fdpe_C_Q)         0.419     2.227 r  FDPE_1/Q
                         net (fo=509, routed)         7.476     9.703    sys_rst
    SLICE_X31Y17         FDRE                                         r  spiflash_sr_reg[11]/R
  -------------------------------------------------------------------    -------------------

                         (clock sys_clk rise edge)   10.000    10.000 r  
    BUFGCTRL_X0Y0        BUFG                         0.000    10.000 r  BUFG/O
                         net (fo=1956, routed)        1.437    11.437    sys_clk
    SLICE_X31Y17         FDRE                                         r  spiflash_sr_reg[11]/C
                         clock pessimism              0.000    11.437    
                         clock uncertainty           -0.035    11.402    
    SLICE_X31Y17         FDRE (Setup_fdre_C_R)       -0.604    10.798    spiflash_sr_reg[11]
  -------------------------------------------------------------------
                         required time                         10.798    
                         arrival time                          -9.703    
  -------------------------------------------------------------------
                         slack                                  1.095    

Slack (MET) :             1.101ns  (required time - arrival time)
  Source:                 FDPE_1/C
                            (rising edge-triggered cell FDPE clocked by sys_clk  {rise@0.000ns fall@5.000ns period=10.000ns})
  Destination:            basesoc_uart_phy_phase_accumulator_rx_reg[0]/R
                            (rising edge-triggered cell FDRE clocked by sys_clk  {rise@0.000ns fall@5.000ns period=10.000ns})
  Path Group:             sys_clk
  Path Type:              Setup (Max at Slow Process Corner)
  Requirement:            10.000ns  (sys_clk rise@10.000ns - sys_clk rise@0.000ns)
  Data Path Delay:        8.075ns  (logic 0.718ns (8.892%)  route 7.357ns (91.108%))
  Logic Levels:           1  (LUT2=1)
  Clock Path Skew:        -0.360ns (DCD - SCD + CPR)
    Destination Clock Delay (DCD):    1.448ns = ( 11.448 - 10.000 ) 
    Source Clock Delay      (SCD):    1.808ns
    Clock Pessimism Removal (CPR):    0.000ns
  Clock Uncertainty:      0.035ns  ((TSJ^2 + TIJ^2)^1/2 + DJ) / 2 + PE
    Total System Jitter     (TSJ):    0.071ns
    Total Input Jitter      (TIJ):    0.000ns
    Discrete Jitter          (DJ):    0.000ns
    Phase Error              (PE):    0.000ns

    Location             Delay type                Incr(ns)  Path(ns)    Netlist Resource(s)
  -------------------------------------------------------------------    -------------------
                         (clock sys_clk rise edge)    0.000     0.000 r  
    BUFGCTRL_X0Y0        BUFG                         0.000     0.000 r  BUFG/O
                         net (fo=1956, routed)        1.808     1.808    sys_clk
    SLICE_X0Y108         FDPE                                         r  FDPE_1/C
  -------------------------------------------------------------------    -------------------
    SLICE_X0Y108         FDPE (Prop_fdpe_C_Q)         0.419     2.227 r  FDPE_1/Q
                         net (fo=509, routed)         6.419     8.647    sys_rst
    SLICE_X42Y52         LUT2 (Prop_lut2_I0_O)        0.299     8.946 r  basesoc_uart_phy_phase_accumulator_rx[30]_i_1/O
                         net (fo=31, routed)          0.938     9.883    p_1_in[30]
    SLICE_X43Y48         FDRE                                         r  basesoc_uart_phy_phase_accumulator_rx_reg[0]/R
  -------------------------------------------------------------------    -------------------

                         (clock sys_clk rise edge)   10.000    10.000 r  
    BUFGCTRL_X0Y0        BUFG                         0.000    10.000 r  BUFG/O
                         net (fo=1956, routed)        1.448    11.448    sys_clk
    SLICE_X43Y48         FDRE                                         r  basesoc_uart_phy_phase_accumulator_rx_reg[0]/C
                         clock pessimism              0.000    11.448    
                         clock uncertainty           -0.035    11.413    
    SLICE_X43Y48         FDRE (Setup_fdre_C_R)       -0.429    10.984    basesoc_uart_phy_phase_accumulator_rx_reg[0]
  -------------------------------------------------------------------
                         required time                         10.984    
                         arrival time                          -9.883    
  -------------------------------------------------------------------
                         slack                                  1.101    

Slack (MET) :             1.101ns  (required time - arrival time)
  Source:                 FDPE_1/C
                            (rising edge-triggered cell FDPE clocked by sys_clk  {rise@0.000ns fall@5.000ns period=10.000ns})
  Destination:            basesoc_uart_phy_phase_accumulator_rx_reg[1]/R
                            (rising edge-triggered cell FDRE clocked by sys_clk  {rise@0.000ns fall@5.000ns period=10.000ns})
  Path Group:             sys_clk
  Path Type:              Setup (Max at Slow Process Corner)
  Requirement:            10.000ns  (sys_clk rise@10.000ns - sys_clk rise@0.000ns)
  Data Path Delay:        8.075ns  (logic 0.718ns (8.892%)  route 7.357ns (91.108%))
  Logic Levels:           1  (LUT2=1)
  Clock Path Skew:        -0.360ns (DCD - SCD + CPR)
    Destination Clock Delay (DCD):    1.448ns = ( 11.448 - 10.000 ) 
    Source Clock Delay      (SCD):    1.808ns
    Clock Pessimism Removal (CPR):    0.000ns
  Clock Uncertainty:      0.035ns  ((TSJ^2 + TIJ^2)^1/2 + DJ) / 2 + PE
    Total System Jitter     (TSJ):    0.071ns
    Total Input Jitter      (TIJ):    0.000ns
    Discrete Jitter          (DJ):    0.000ns
    Phase Error              (PE):    0.000ns

    Location             Delay type                Incr(ns)  Path(ns)    Netlist Resource(s)
  -------------------------------------------------------------------    -------------------
                         (clock sys_clk rise edge)    0.000     0.000 r  
    BUFGCTRL_X0Y0        BUFG                         0.000     0.000 r  BUFG/O
                         net (fo=1956, routed)        1.808     1.808    sys_clk
    SLICE_X0Y108         FDPE                                         r  FDPE_1/C
  -------------------------------------------------------------------    -------------------
    SLICE_X0Y108         FDPE (Prop_fdpe_C_Q)         0.419     2.227 r  FDPE_1/Q
                         net (fo=509, routed)         6.419     8.647    sys_rst
    SLICE_X42Y52         LUT2 (Prop_lut2_I0_O)        0.299     8.946 r  basesoc_uart_phy_phase_accumulator_rx[30]_i_1/O
                         net (fo=31, routed)          0.938     9.883    p_1_in[30]
    SLICE_X43Y48         FDRE                                         r  basesoc_uart_phy_phase_accumulator_rx_reg[1]/R
  -------------------------------------------------------------------    -------------------

                         (clock sys_clk rise edge)   10.000    10.000 r  
    BUFGCTRL_X0Y0        BUFG                         0.000    10.000 r  BUFG/O
                         net (fo=1956, routed)        1.448    11.448    sys_clk
    SLICE_X43Y48         FDRE                                         r  basesoc_uart_phy_phase_accumulator_rx_reg[1]/C
                         clock pessimism              0.000    11.448    
                         clock uncertainty           -0.035    11.413    
    SLICE_X43Y48         FDRE (Setup_fdre_C_R)       -0.429    10.984    basesoc_uart_phy_phase_accumulator_rx_reg[1]
  -------------------------------------------------------------------
                         required time                         10.984    
                         arrival time                          -9.883    
  -------------------------------------------------------------------
                         slack                                  1.101    

Slack (MET) :             1.101ns  (required time - arrival time)
  Source:                 FDPE_1/C
                            (rising edge-triggered cell FDPE clocked by sys_clk  {rise@0.000ns fall@5.000ns period=10.000ns})
  Destination:            basesoc_uart_phy_phase_accumulator_rx_reg[2]/R
                            (rising edge-triggered cell FDRE clocked by sys_clk  {rise@0.000ns fall@5.000ns period=10.000ns})
  Path Group:             sys_clk
  Path Type:              Setup (Max at Slow Process Corner)
  Requirement:            10.000ns  (sys_clk rise@10.000ns - sys_clk rise@0.000ns)
  Data Path Delay:        8.075ns  (logic 0.718ns (8.892%)  route 7.357ns (91.108%))
  Logic Levels:           1  (LUT2=1)
  Clock Path Skew:        -0.360ns (DCD - SCD + CPR)
    Destination Clock Delay (DCD):    1.448ns = ( 11.448 - 10.000 ) 
    Source Clock Delay      (SCD):    1.808ns
    Clock Pessimism Removal (CPR):    0.000ns
  Clock Uncertainty:      0.035ns  ((TSJ^2 + TIJ^2)^1/2 + DJ) / 2 + PE
    Total System Jitter     (TSJ):    0.071ns
    Total Input Jitter      (TIJ):    0.000ns
    Discrete Jitter          (DJ):    0.000ns
    Phase Error              (PE):    0.000ns

    Location             Delay type                Incr(ns)  Path(ns)    Netlist Resource(s)
  -------------------------------------------------------------------    -------------------
                         (clock sys_clk rise edge)    0.000     0.000 r  
    BUFGCTRL_X0Y0        BUFG                         0.000     0.000 r  BUFG/O
                         net (fo=1956, routed)        1.808     1.808    sys_clk
    SLICE_X0Y108         FDPE                                         r  FDPE_1/C
  -------------------------------------------------------------------    -------------------
    SLICE_X0Y108         FDPE (Prop_fdpe_C_Q)         0.419     2.227 r  FDPE_1/Q
                         net (fo=509, routed)         6.419     8.647    sys_rst
    SLICE_X42Y52         LUT2 (Prop_lut2_I0_O)        0.299     8.946 r  basesoc_uart_phy_phase_accumulator_rx[30]_i_1/O
                         net (fo=31, routed)          0.938     9.883    p_1_in[30]
    SLICE_X43Y48         FDRE                                         r  basesoc_uart_phy_phase_accumulator_rx_reg[2]/R
  -------------------------------------------------------------------    -------------------

                         (clock sys_clk rise edge)   10.000    10.000 r  
    BUFGCTRL_X0Y0        BUFG                         0.000    10.000 r  BUFG/O
                         net (fo=1956, routed)        1.448    11.448    sys_clk
    SLICE_X43Y48         FDRE                                         r  basesoc_uart_phy_phase_accumulator_rx_reg[2]/C
                         clock pessimism              0.000    11.448    
                         clock uncertainty           -0.035    11.413    
    SLICE_X43Y48         FDRE (Setup_fdre_C_R)       -0.429    10.984    basesoc_uart_phy_phase_accumulator_rx_reg[2]
  -------------------------------------------------------------------
                         required time                         10.984    
                         arrival time                          -9.883    
  -------------------------------------------------------------------
                         slack                                  1.101    

Slack (MET) :             1.101ns  (required time - arrival time)
  Source:                 FDPE_1/C
                            (rising edge-triggered cell FDPE clocked by sys_clk  {rise@0.000ns fall@5.000ns period=10.000ns})
  Destination:            basesoc_uart_phy_phase_accumulator_rx_reg[3]/R
                            (rising edge-triggered cell FDRE clocked by sys_clk  {rise@0.000ns fall@5.000ns period=10.000ns})
  Path Group:             sys_clk
  Path Type:              Setup (Max at Slow Process Corner)
  Requirement:            10.000ns  (sys_clk rise@10.000ns - sys_clk rise@0.000ns)
  Data Path Delay:        8.075ns  (logic 0.718ns (8.892%)  route 7.357ns (91.108%))
  Logic Levels:           1  (LUT2=1)
  Clock Path Skew:        -0.360ns (DCD - SCD + CPR)
    Destination Clock Delay (DCD):    1.448ns = ( 11.448 - 10.000 ) 
    Source Clock Delay      (SCD):    1.808ns
    Clock Pessimism Removal (CPR):    0.000ns
  Clock Uncertainty:      0.035ns  ((TSJ^2 + TIJ^2)^1/2 + DJ) / 2 + PE
    Total System Jitter     (TSJ):    0.071ns
    Total Input Jitter      (TIJ):    0.000ns
    Discrete Jitter          (DJ):    0.000ns
    Phase Error              (PE):    0.000ns

    Location             Delay type                Incr(ns)  Path(ns)    Netlist Resource(s)
  -------------------------------------------------------------------    -------------------
                         (clock sys_clk rise edge)    0.000     0.000 r  
    BUFGCTRL_X0Y0        BUFG                         0.000     0.000 r  BUFG/O
                         net (fo=1956, routed)        1.808     1.808    sys_clk
    SLICE_X0Y108         FDPE                                         r  FDPE_1/C
  -------------------------------------------------------------------    -------------------
    SLICE_X0Y108         FDPE (Prop_fdpe_C_Q)         0.419     2.227 r  FDPE_1/Q
                         net (fo=509, routed)         6.419     8.647    sys_rst
    SLICE_X42Y52         LUT2 (Prop_lut2_I0_O)        0.299     8.946 r  basesoc_uart_phy_phase_accumulator_rx[30]_i_1/O
                         net (fo=31, routed)          0.938     9.883    p_1_in[30]
    SLICE_X43Y48         FDRE                                         r  basesoc_uart_phy_phase_accumulator_rx_reg[3]/R
  -------------------------------------------------------------------    -------------------

                         (clock sys_clk rise edge)   10.000    10.000 r  
    BUFGCTRL_X0Y0        BUFG                         0.000    10.000 r  BUFG/O
                         net (fo=1956, routed)        1.448    11.448    sys_clk
    SLICE_X43Y48         FDRE                                         r  basesoc_uart_phy_phase_accumulator_rx_reg[3]/C
                         clock pessimism              0.000    11.448    
                         clock uncertainty           -0.035    11.413    
    SLICE_X43Y48         FDRE (Setup_fdre_C_R)       -0.429    10.984    basesoc_uart_phy_phase_accumulator_rx_reg[3]
  -------------------------------------------------------------------
                         required time                         10.984    
                         arrival time                          -9.883    
  -------------------------------------------------------------------
                         slack                                  1.101    





Min Delay Paths
--------------------------------------------------------------------------------------
Slack (MET) :             0.024ns  (arrival time - required time)
  Source:                 basesoc_uart_rx_fifo_produce_reg[0]/C
                            (rising edge-triggered cell FDRE clocked by sys_clk  {rise@0.000ns fall@5.000ns period=10.000ns})
  Destination:            storage_1_reg_0_15_0_5/RAMA/WADR0
                            (rising edge-triggered cell RAMD32 clocked by sys_clk  {rise@0.000ns fall@5.000ns period=10.000ns})
  Path Group:             sys_clk
  Path Type:              Hold (Min at Fast Process Corner)
  Requirement:            0.000ns  (sys_clk rise@0.000ns - sys_clk rise@0.000ns)
  Data Path Delay:        0.347ns  (logic 0.141ns (40.599%)  route 0.206ns (59.401%))
  Logic Levels:           0  
  Clock Path Skew:        0.013ns (DCD - SCD - CPR)
    Destination Clock Delay (DCD):    0.830ns
    Source Clock Delay      (SCD):    0.562ns
    Clock Pessimism Removal (CPR):    0.256ns

    Location             Delay type                Incr(ns)  Path(ns)    Netlist Resource(s)
  -------------------------------------------------------------------    -------------------
                         (clock sys_clk rise edge)    0.000     0.000 r  
    BUFGCTRL_X0Y0        BUFG                         0.000     0.000 r  BUFG/O
                         net (fo=1956, routed)        0.562     0.562    sys_clk
    SLICE_X39Y50         FDRE                                         r  basesoc_uart_rx_fifo_produce_reg[0]/C
  -------------------------------------------------------------------    -------------------
    SLICE_X39Y50         FDRE (Prop_fdre_C_Q)         0.141     0.703 r  basesoc_uart_rx_fifo_produce_reg[0]/Q
                         net (fo=20, routed)          0.206     0.909    storage_1_reg_0_15_0_5/ADDRD0
    SLICE_X38Y50         RAMD32                                       r  storage_1_reg_0_15_0_5/RAMA/WADR0
  -------------------------------------------------------------------    -------------------

                         (clock sys_clk rise edge)    0.000     0.000 r  
    BUFGCTRL_X0Y0        BUFG                         0.000     0.000 r  BUFG/O
                         net (fo=1956, routed)        0.830     0.830    storage_1_reg_0_15_0_5/WCLK
    SLICE_X38Y50         RAMD32                                       r  storage_1_reg_0_15_0_5/RAMA/CLK
                         clock pessimism             -0.256     0.575    
    SLICE_X38Y50         RAMD32 (Hold_ramd32_CLK_WADR0)
                                                      0.310     0.885    storage_1_reg_0_15_0_5/RAMA
  -------------------------------------------------------------------
                         required time                         -0.885    
                         arrival time                           0.909    
  -------------------------------------------------------------------
                         slack                                  0.024    

Slack (MET) :             0.024ns  (arrival time - required time)
  Source:                 basesoc_uart_rx_fifo_produce_reg[0]/C
                            (rising edge-triggered cell FDRE clocked by sys_clk  {rise@0.000ns fall@5.000ns period=10.000ns})
  Destination:            storage_1_reg_0_15_0_5/RAMA_D1/WADR0
                            (rising edge-triggered cell RAMD32 clocked by sys_clk  {rise@0.000ns fall@5.000ns period=10.000ns})
  Path Group:             sys_clk
  Path Type:              Hold (Min at Fast Process Corner)
  Requirement:            0.000ns  (sys_clk rise@0.000ns - sys_clk rise@0.000ns)
  Data Path Delay:        0.347ns  (logic 0.141ns (40.599%)  route 0.206ns (59.401%))
  Logic Levels:           0  
  Clock Path Skew:        0.013ns (DCD - SCD - CPR)
    Destination Clock Delay (DCD):    0.830ns
    Source Clock Delay      (SCD):    0.562ns
    Clock Pessimism Removal (CPR):    0.256ns

    Location             Delay type                Incr(ns)  Path(ns)    Netlist Resource(s)
  -------------------------------------------------------------------    -------------------
                         (clock sys_clk rise edge)    0.000     0.000 r  
    BUFGCTRL_X0Y0        BUFG                         0.000     0.000 r  BUFG/O
                         net (fo=1956, routed)        0.562     0.562    sys_clk
    SLICE_X39Y50         FDRE                                         r  basesoc_uart_rx_fifo_produce_reg[0]/C
  -------------------------------------------------------------------    -------------------
    SLICE_X39Y50         FDRE (Prop_fdre_C_Q)         0.141     0.703 r  basesoc_uart_rx_fifo_produce_reg[0]/Q
                         net (fo=20, routed)          0.206     0.909    storage_1_reg_0_15_0_5/ADDRD0
    SLICE_X38Y50         RAMD32                                       r  storage_1_reg_0_15_0_5/RAMA_D1/WADR0
  -------------------------------------------------------------------    -------------------

                         (clock sys_clk rise edge)    0.000     0.000 r  
    BUFGCTRL_X0Y0        BUFG                         0.000     0.000 r  BUFG/O
                         net (fo=1956, routed)        0.830     0.830    storage_1_reg_0_15_0_5/WCLK
    SLICE_X38Y50         RAMD32                                       r  storage_1_reg_0_15_0_5/RAMA_D1/CLK
                         clock pessimism             -0.256     0.575    
    SLICE_X38Y50         RAMD32 (Hold_ramd32_CLK_WADR0)
                                                      0.310     0.885    storage_1_reg_0_15_0_5/RAMA_D1
  -------------------------------------------------------------------
                         required time                         -0.885    
                         arrival time                           0.909    
  -------------------------------------------------------------------
                         slack                                  0.024    

Slack (MET) :             0.024ns  (arrival time - required time)
  Source:                 basesoc_uart_rx_fifo_produce_reg[0]/C
                            (rising edge-triggered cell FDRE clocked by sys_clk  {rise@0.000ns fall@5.000ns period=10.000ns})
  Destination:            storage_1_reg_0_15_0_5/RAMB/WADR0
                            (rising edge-triggered cell RAMD32 clocked by sys_clk  {rise@0.000ns fall@5.000ns period=10.000ns})
  Path Group:             sys_clk
  Path Type:              Hold (Min at Fast Process Corner)
  Requirement:            0.000ns  (sys_clk rise@0.000ns - sys_clk rise@0.000ns)
  Data Path Delay:        0.347ns  (logic 0.141ns (40.599%)  route 0.206ns (59.401%))
  Logic Levels:           0  
  Clock Path Skew:        0.013ns (DCD - SCD - CPR)
    Destination Clock Delay (DCD):    0.830ns
    Source Clock Delay      (SCD):    0.562ns
    Clock Pessimism Removal (CPR):    0.256ns

    Location             Delay type                Incr(ns)  Path(ns)    Netlist Resource(s)
  -------------------------------------------------------------------    -------------------
                         (clock sys_clk rise edge)    0.000     0.000 r  
    BUFGCTRL_X0Y0        BUFG                         0.000     0.000 r  BUFG/O
                         net (fo=1956, routed)        0.562     0.562    sys_clk
    SLICE_X39Y50         FDRE                                         r  basesoc_uart_rx_fifo_produce_reg[0]/C
  -------------------------------------------------------------------    -------------------
    SLICE_X39Y50         FDRE (Prop_fdre_C_Q)         0.141     0.703 r  basesoc_uart_rx_fifo_produce_reg[0]/Q
                         net (fo=20, routed)          0.206     0.909    storage_1_reg_0_15_0_5/ADDRD0
    SLICE_X38Y50         RAMD32                                       r  storage_1_reg_0_15_0_5/RAMB/WADR0
  -------------------------------------------------------------------    -------------------

                         (clock sys_clk rise edge)    0.000     0.000 r  
    BUFGCTRL_X0Y0        BUFG                         0.000     0.000 r  BUFG/O
                         net (fo=1956, routed)        0.830     0.830    storage_1_reg_0_15_0_5/WCLK
    SLICE_X38Y50         RAMD32                                       r  storage_1_reg_0_15_0_5/RAMB/CLK
                         clock pessimism             -0.256     0.575    
    SLICE_X38Y50         RAMD32 (Hold_ramd32_CLK_WADR0)
                                                      0.310     0.885    storage_1_reg_0_15_0_5/RAMB
  -------------------------------------------------------------------
                         required time                         -0.885    
                         arrival time                           0.909    
  -------------------------------------------------------------------
                         slack                                  0.024    

Slack (MET) :             0.024ns  (arrival time - required time)
  Source:                 basesoc_uart_rx_fifo_produce_reg[0]/C
                            (rising edge-triggered cell FDRE clocked by sys_clk  {rise@0.000ns fall@5.000ns period=10.000ns})
  Destination:            storage_1_reg_0_15_0_5/RAMB_D1/WADR0
                            (rising edge-triggered cell RAMD32 clocked by sys_clk  {rise@0.000ns fall@5.000ns period=10.000ns})
  Path Group:             sys_clk
  Path Type:              Hold (Min at Fast Process Corner)
  Requirement:            0.000ns  (sys_clk rise@0.000ns - sys_clk rise@0.000ns)
  Data Path Delay:        0.347ns  (logic 0.141ns (40.599%)  route 0.206ns (59.401%))
  Logic Levels:           0  
  Clock Path Skew:        0.013ns (DCD - SCD - CPR)
    Destination Clock Delay (DCD):    0.830ns
    Source Clock Delay      (SCD):    0.562ns
    Clock Pessimism Removal (CPR):    0.256ns

    Location             Delay type                Incr(ns)  Path(ns)    Netlist Resource(s)
  -------------------------------------------------------------------    -------------------
                         (clock sys_clk rise edge)    0.000     0.000 r  
    BUFGCTRL_X0Y0        BUFG                         0.000     0.000 r  BUFG/O
                         net (fo=1956, routed)        0.562     0.562    sys_clk
    SLICE_X39Y50         FDRE                                         r  basesoc_uart_rx_fifo_produce_reg[0]/C
  -------------------------------------------------------------------    -------------------
    SLICE_X39Y50         FDRE (Prop_fdre_C_Q)         0.141     0.703 r  basesoc_uart_rx_fifo_produce_reg[0]/Q
                         net (fo=20, routed)          0.206     0.909    storage_1_reg_0_15_0_5/ADDRD0
    SLICE_X38Y50         RAMD32                                       r  storage_1_reg_0_15_0_5/RAMB_D1/WADR0
  -------------------------------------------------------------------    -------------------

                         (clock sys_clk rise edge)    0.000     0.000 r  
    BUFGCTRL_X0Y0        BUFG                         0.000     0.000 r  BUFG/O
                         net (fo=1956, routed)        0.830     0.830    storage_1_reg_0_15_0_5/WCLK
    SLICE_X38Y50         RAMD32                                       r  storage_1_reg_0_15_0_5/RAMB_D1/CLK
                         clock pessimism             -0.256     0.575    
    SLICE_X38Y50         RAMD32 (Hold_ramd32_CLK_WADR0)
                                                      0.310     0.885    storage_1_reg_0_15_0_5/RAMB_D1
  -------------------------------------------------------------------
                         required time                         -0.885    
                         arrival time                           0.909    
  -------------------------------------------------------------------
                         slack                                  0.024    

Slack (MET) :             0.024ns  (arrival time - required time)
  Source:                 basesoc_uart_rx_fifo_produce_reg[0]/C
                            (rising edge-triggered cell FDRE clocked by sys_clk  {rise@0.000ns fall@5.000ns period=10.000ns})
  Destination:            storage_1_reg_0_15_0_5/RAMC/WADR0
                            (rising edge-triggered cell RAMD32 clocked by sys_clk  {rise@0.000ns fall@5.000ns period=10.000ns})
  Path Group:             sys_clk
  Path Type:              Hold (Min at Fast Process Corner)
  Requirement:            0.000ns  (sys_clk rise@0.000ns - sys_clk rise@0.000ns)
  Data Path Delay:        0.347ns  (logic 0.141ns (40.599%)  route 0.206ns (59.401%))
  Logic Levels:           0  
  Clock Path Skew:        0.013ns (DCD - SCD - CPR)
    Destination Clock Delay (DCD):    0.830ns
    Source Clock Delay      (SCD):    0.562ns
    Clock Pessimism Removal (CPR):    0.256ns

    Location             Delay type                Incr(ns)  Path(ns)    Netlist Resource(s)
  -------------------------------------------------------------------    -------------------
                         (clock sys_clk rise edge)    0.000     0.000 r  
    BUFGCTRL_X0Y0        BUFG                         0.000     0.000 r  BUFG/O
                         net (fo=1956, routed)        0.562     0.562    sys_clk
    SLICE_X39Y50         FDRE                                         r  basesoc_uart_rx_fifo_produce_reg[0]/C
  -------------------------------------------------------------------    -------------------
    SLICE_X39Y50         FDRE (Prop_fdre_C_Q)         0.141     0.703 r  basesoc_uart_rx_fifo_produce_reg[0]/Q
                         net (fo=20, routed)          0.206     0.909    storage_1_reg_0_15_0_5/ADDRD0
    SLICE_X38Y50         RAMD32                                       r  storage_1_reg_0_15_0_5/RAMC/WADR0
  -------------------------------------------------------------------    -------------------

                         (clock sys_clk rise edge)    0.000     0.000 r  
    BUFGCTRL_X0Y0        BUFG                         0.000     0.000 r  BUFG/O
                         net (fo=1956, routed)        0.830     0.830    storage_1_reg_0_15_0_5/WCLK
    SLICE_X38Y50         RAMD32                                       r  storage_1_reg_0_15_0_5/RAMC/CLK
                         clock pessimism             -0.256     0.575    
    SLICE_X38Y50         RAMD32 (Hold_ramd32_CLK_WADR0)
                                                      0.310     0.885    storage_1_reg_0_15_0_5/RAMC
  -------------------------------------------------------------------
                         required time                         -0.885    
                         arrival time                           0.909    
  -------------------------------------------------------------------
                         slack                                  0.024    

Slack (MET) :             0.024ns  (arrival time - required time)
  Source:                 basesoc_uart_rx_fifo_produce_reg[0]/C
                            (rising edge-triggered cell FDRE clocked by sys_clk  {rise@0.000ns fall@5.000ns period=10.000ns})
  Destination:            storage_1_reg_0_15_0_5/RAMC_D1/WADR0
                            (rising edge-triggered cell RAMD32 clocked by sys_clk  {rise@0.000ns fall@5.000ns period=10.000ns})
  Path Group:             sys_clk
  Path Type:              Hold (Min at Fast Process Corner)
  Requirement:            0.000ns  (sys_clk rise@0.000ns - sys_clk rise@0.000ns)
  Data Path Delay:        0.347ns  (logic 0.141ns (40.599%)  route 0.206ns (59.401%))
  Logic Levels:           0  
  Clock Path Skew:        0.013ns (DCD - SCD - CPR)
    Destination Clock Delay (DCD):    0.830ns
    Source Clock Delay      (SCD):    0.562ns
    Clock Pessimism Removal (CPR):    0.256ns

    Location             Delay type                Incr(ns)  Path(ns)    Netlist Resource(s)
  -------------------------------------------------------------------    -------------------
                         (clock sys_clk rise edge)    0.000     0.000 r  
    BUFGCTRL_X0Y0        BUFG                         0.000     0.000 r  BUFG/O
                         net (fo=1956, routed)        0.562     0.562    sys_clk
    SLICE_X39Y50         FDRE                                         r  basesoc_uart_rx_fifo_produce_reg[0]/C
  -------------------------------------------------------------------    -------------------
    SLICE_X39Y50         FDRE (Prop_fdre_C_Q)         0.141     0.703 r  basesoc_uart_rx_fifo_produce_reg[0]/Q
                         net (fo=20, routed)          0.206     0.909    storage_1_reg_0_15_0_5/ADDRD0
    SLICE_X38Y50         RAMD32                                       r  storage_1_reg_0_15_0_5/RAMC_D1/WADR0
  -------------------------------------------------------------------    -------------------

                         (clock sys_clk rise edge)    0.000     0.000 r  
    BUFGCTRL_X0Y0        BUFG                         0.000     0.000 r  BUFG/O
                         net (fo=1956, routed)        0.830     0.830    storage_1_reg_0_15_0_5/WCLK
    SLICE_X38Y50         RAMD32                                       r  storage_1_reg_0_15_0_5/RAMC_D1/CLK
                         clock pessimism             -0.256     0.575    
    SLICE_X38Y50         RAMD32 (Hold_ramd32_CLK_WADR0)
                                                      0.310     0.885    storage_1_reg_0_15_0_5/RAMC_D1
  -------------------------------------------------------------------
                         required time                         -0.885    
                         arrival time                           0.909    
  -------------------------------------------------------------------
                         slack                                  0.024    

Slack (MET) :             0.024ns  (arrival time - required time)
  Source:                 basesoc_uart_rx_fifo_produce_reg[0]/C
                            (rising edge-triggered cell FDRE clocked by sys_clk  {rise@0.000ns fall@5.000ns period=10.000ns})
  Destination:            storage_1_reg_0_15_0_5/RAMD/ADR0
                            (rising edge-triggered cell RAMS32 clocked by sys_clk  {rise@0.000ns fall@5.000ns period=10.000ns})
  Path Group:             sys_clk
  Path Type:              Hold (Min at Fast Process Corner)
  Requirement:            0.000ns  (sys_clk rise@0.000ns - sys_clk rise@0.000ns)
  Data Path Delay:        0.347ns  (logic 0.141ns (40.599%)  route 0.206ns (59.401%))
  Logic Levels:           0  
  Clock Path Skew:        0.013ns (DCD - SCD - CPR)
    Destination Clock Delay (DCD):    0.830ns
    Source Clock Delay      (SCD):    0.562ns
    Clock Pessimism Removal (CPR):    0.256ns

    Location             Delay type                Incr(ns)  Path(ns)    Netlist Resource(s)
  -------------------------------------------------------------------    -------------------
                         (clock sys_clk rise edge)    0.000     0.000 r  
    BUFGCTRL_X0Y0        BUFG                         0.000     0.000 r  BUFG/O
                         net (fo=1956, routed)        0.562     0.562    sys_clk
    SLICE_X39Y50         FDRE                                         r  basesoc_uart_rx_fifo_produce_reg[0]/C
  -------------------------------------------------------------------    -------------------
    SLICE_X39Y50         FDRE (Prop_fdre_C_Q)         0.141     0.703 r  basesoc_uart_rx_fifo_produce_reg[0]/Q
                         net (fo=20, routed)          0.206     0.909    storage_1_reg_0_15_0_5/ADDRD0
    SLICE_X38Y50         RAMS32                                       r  storage_1_reg_0_15_0_5/RAMD/ADR0
  -------------------------------------------------------------------    -------------------

                         (clock sys_clk rise edge)    0.000     0.000 r  
    BUFGCTRL_X0Y0        BUFG                         0.000     0.000 r  BUFG/O
                         net (fo=1956, routed)        0.830     0.830    storage_1_reg_0_15_0_5/WCLK
    SLICE_X38Y50         RAMS32                                       r  storage_1_reg_0_15_0_5/RAMD/CLK
                         clock pessimism             -0.256     0.575    
    SLICE_X38Y50         RAMS32 (Hold_rams32_CLK_ADR0)
                                                      0.310     0.885    storage_1_reg_0_15_0_5/RAMD
  -------------------------------------------------------------------
                         required time                         -0.885    
                         arrival time                           0.909    
  -------------------------------------------------------------------
                         slack                                  0.024    

Slack (MET) :             0.024ns  (arrival time - required time)
  Source:                 basesoc_uart_rx_fifo_produce_reg[0]/C
                            (rising edge-triggered cell FDRE clocked by sys_clk  {rise@0.000ns fall@5.000ns period=10.000ns})
  Destination:            storage_1_reg_0_15_0_5/RAMD_D1/ADR0
                            (rising edge-triggered cell RAMS32 clocked by sys_clk  {rise@0.000ns fall@5.000ns period=10.000ns})
  Path Group:             sys_clk
  Path Type:              Hold (Min at Fast Process Corner)
  Requirement:            0.000ns  (sys_clk rise@0.000ns - sys_clk rise@0.000ns)
  Data Path Delay:        0.347ns  (logic 0.141ns (40.599%)  route 0.206ns (59.401%))
  Logic Levels:           0  
  Clock Path Skew:        0.013ns (DCD - SCD - CPR)
    Destination Clock Delay (DCD):    0.830ns
    Source Clock Delay      (SCD):    0.562ns
    Clock Pessimism Removal (CPR):    0.256ns

    Location             Delay type                Incr(ns)  Path(ns)    Netlist Resource(s)
  -------------------------------------------------------------------    -------------------
                         (clock sys_clk rise edge)    0.000     0.000 r  
    BUFGCTRL_X0Y0        BUFG                         0.000     0.000 r  BUFG/O
                         net (fo=1956, routed)        0.562     0.562    sys_clk
    SLICE_X39Y50         FDRE                                         r  basesoc_uart_rx_fifo_produce_reg[0]/C
  -------------------------------------------------------------------    -------------------
    SLICE_X39Y50         FDRE (Prop_fdre_C_Q)         0.141     0.703 r  basesoc_uart_rx_fifo_produce_reg[0]/Q
                         net (fo=20, routed)          0.206     0.909    storage_1_reg_0_15_0_5/ADDRD0
    SLICE_X38Y50         RAMS32                                       r  storage_1_reg_0_15_0_5/RAMD_D1/ADR0
  -------------------------------------------------------------------    -------------------

                         (clock sys_clk rise edge)    0.000     0.000 r  
    BUFGCTRL_X0Y0        BUFG                         0.000     0.000 r  BUFG/O
                         net (fo=1956, routed)        0.830     0.830    storage_1_reg_0_15_0_5/WCLK
    SLICE_X38Y50         RAMS32                                       r  storage_1_reg_0_15_0_5/RAMD_D1/CLK
                         clock pessimism             -0.256     0.575    
    SLICE_X38Y50         RAMS32 (Hold_rams32_CLK_ADR0)
                                                      0.310     0.885    storage_1_reg_0_15_0_5/RAMD_D1
  -------------------------------------------------------------------
                         required time                         -0.885    
                         arrival time                           0.909    
  -------------------------------------------------------------------
                         slack                                  0.024    

Slack (MET) :             0.033ns  (arrival time - required time)
  Source:                 csrbankarray_interface3_bank_bus_dat_r_reg[6]/C
                            (rising edge-triggered cell FDRE clocked by sys_clk  {rise@0.000ns fall@5.000ns period=10.000ns})
  Destination:            basesoc_bus_wishbone_dat_r_reg[6]/D
                            (rising edge-triggered cell FDRE clocked by sys_clk  {rise@0.000ns fall@5.000ns period=10.000ns})
  Path Group:             sys_clk
  Path Type:              Hold (Min at Fast Process Corner)
  Requirement:            0.000ns  (sys_clk rise@0.000ns - sys_clk rise@0.000ns)
  Data Path Delay:        0.395ns  (logic 0.186ns (47.061%)  route 0.209ns (52.939%))
  Logic Levels:           1  (LUT4=1)
  Clock Path Skew:        0.270ns (DCD - SCD - CPR)
    Destination Clock Delay (DCD):    0.832ns
    Source Clock Delay      (SCD):    0.562ns
    Clock Pessimism Removal (CPR):    -0.000ns

    Location             Delay type                Incr(ns)  Path(ns)    Netlist Resource(s)
  -------------------------------------------------------------------    -------------------
                         (clock sys_clk rise edge)    0.000     0.000 r  
    BUFGCTRL_X0Y0        BUFG                         0.000     0.000 r  BUFG/O
                         net (fo=1956, routed)        0.562     0.562    sys_clk
    SLICE_X29Y51         FDRE                                         r  csrbankarray_interface3_bank_bus_dat_r_reg[6]/C
  -------------------------------------------------------------------    -------------------
    SLICE_X29Y51         FDRE (Prop_fdre_C_Q)         0.141     0.703 r  csrbankarray_interface3_bank_bus_dat_r_reg[6]/Q
                         net (fo=1, routed)           0.209     0.912    csrbankarray_interface3_bank_bus_dat_r_reg_n_0_[6]
    SLICE_X35Y49         LUT4 (Prop_lut4_I1_O)        0.045     0.957 r  basesoc_bus_wishbone_dat_r[6]_i_1/O
                         net (fo=1, routed)           0.000     0.957    basesoc_bus_wishbone_dat_r[6]_i_1_n_0
    SLICE_X35Y49         FDRE                                         r  basesoc_bus_wishbone_dat_r_reg[6]/D
  -------------------------------------------------------------------    -------------------

                         (clock sys_clk rise edge)    0.000     0.000 r  
    BUFGCTRL_X0Y0        BUFG                         0.000     0.000 r  BUFG/O
                         net (fo=1956, routed)        0.832     0.832    sys_clk
    SLICE_X35Y49         FDRE                                         r  basesoc_bus_wishbone_dat_r_reg[6]/C
                         clock pessimism              0.000     0.832    
    SLICE_X35Y49         FDRE (Hold_fdre_C_D)         0.092     0.924    basesoc_bus_wishbone_dat_r_reg[6]
  -------------------------------------------------------------------
                         required time                         -0.924    
                         arrival time                           0.957    
  -------------------------------------------------------------------
                         slack                                  0.033    

Slack (MET) :             0.034ns  (arrival time - required time)
  Source:                 memdat_3_reg[5]/C
                            (rising edge-triggered cell FDRE clocked by sys_clk  {rise@0.000ns fall@5.000ns period=10.000ns})
  Destination:            csrbankarray_interface4_bank_bus_dat_r_reg[5]/D
                            (rising edge-triggered cell FDRE clocked by sys_clk  {rise@0.000ns fall@5.000ns period=10.000ns})
  Path Group:             sys_clk
  Path Type:              Hold (Min at Fast Process Corner)
  Requirement:            0.000ns  (sys_clk rise@0.000ns - sys_clk rise@0.000ns)
  Data Path Delay:        0.397ns  (logic 0.209ns (52.652%)  route 0.188ns (47.348%))
  Logic Levels:           1  (LUT4=1)
  Clock Path Skew:        0.271ns (DCD - SCD - CPR)
    Destination Clock Delay (DCD):    0.833ns
    Source Clock Delay      (SCD):    0.562ns
    Clock Pessimism Removal (CPR):    -0.000ns

    Location             Delay type                Incr(ns)  Path(ns)    Netlist Resource(s)
  -------------------------------------------------------------------    -------------------
                         (clock sys_clk rise edge)    0.000     0.000 r  
    BUFGCTRL_X0Y0        BUFG                         0.000     0.000 r  BUFG/O
                         net (fo=1956, routed)        0.562     0.562    sys_clk
    SLICE_X38Y50         FDRE                                         r  memdat_3_reg[5]/C
  -------------------------------------------------------------------    -------------------
    SLICE_X38Y50         FDRE (Prop_fdre_C_Q)         0.164     0.726 r  memdat_3_reg[5]/Q
                         net (fo=1, routed)           0.188     0.914    memdat_3[5]
    SLICE_X37Y49         LUT4 (Prop_lut4_I0_O)        0.045     0.959 r  csrbankarray_interface4_bank_bus_dat_r[5]_i_1/O
                         net (fo=1, routed)           0.000     0.959    csrbankarray_interface4_bank_bus_dat_r[5]
    SLICE_X37Y49         FDRE                                         r  csrbankarray_interface4_bank_bus_dat_r_reg[5]/D
  -------------------------------------------------------------------    -------------------

                         (clock sys_clk rise edge)    0.000     0.000 r  
    BUFGCTRL_X0Y0        BUFG                         0.000     0.000 r  BUFG/O
                         net (fo=1956, routed)        0.833     0.833    sys_clk
    SLICE_X37Y49         FDRE                                         r  csrbankarray_interface4_bank_bus_dat_r_reg[5]/C
                         clock pessimism              0.000     0.833    
    SLICE_X37Y49         FDRE (Hold_fdre_C_D)         0.092     0.925    csrbankarray_interface4_bank_bus_dat_r_reg[5]
  -------------------------------------------------------------------
                         required time                         -0.925    
                         arrival time                           0.959    
  -------------------------------------------------------------------
                         slack                                  0.034    





Pulse Width Checks
--------------------------------------------------------------------------------------
Clock Name:         sys_clk
Waveform(ns):       { 0.000 5.000 }
Period(ns):         10.000
Sources:            { BUFG/O }

Check Type        Corner  Lib Pin             Reference Pin  Required(ns)  Actual(ns)  Slack(ns)  Location      Pin
Min Period        n/a     XADC/DCLK           n/a            4.000         10.000      6.000      XADC_X0Y0     XADC/DCLK
Min Period        n/a     DSP48E1/CLK         n/a            3.884         10.000      6.116      DSP48_X1Y9    lm32_cpu/multiplier/product_reg__0/CLK
Min Period        n/a     DSP48E1/CLK         n/a            3.884         10.000      6.116      DSP48_X1Y10   lm32_cpu/multiplier/product0/CLK
Min Period        n/a     RAMB36E1/CLKARDCLK  n/a            2.576         10.000      7.424      RAMB36_X0Y6   mem_1_reg_3_0/CLKARDCLK
Min Period        n/a     RAMB36E1/CLKARDCLK  n/a            2.576         10.000      7.424      RAMB36_X1Y5   mem_1_reg_3_1/CLKARDCLK
Min Period        n/a     RAMB36E1/CLKARDCLK  n/a            2.576         10.000      7.424      RAMB36_X1Y3   lm32_cpu/load_store_unit/dcache/memories[0].data_memories.way_0_data_ram/mem_reg/CLKARDCLK
Min Period        n/a     RAMB36E1/CLKBWRCLK  n/a            2.576         10.000      7.424      RAMB36_X1Y3   lm32_cpu/load_store_unit/dcache/memories[0].data_memories.way_0_data_ram/mem_reg/CLKBWRCLK
Min Period        n/a     RAMB36E1/CLKARDCLK  n/a            2.576         10.000      7.424      RAMB36_X1Y6   memadr_reg_0/CLKARDCLK
Min Period        n/a     RAMB36E1/CLKARDCLK  n/a            2.576         10.000      7.424      RAMB36_X2Y3   memadr_reg_1/CLKARDCLK
Min Period        n/a     RAMB18E1/CLKARDCLK  n/a            2.576         10.000      7.424      RAMB18_X1Y5   lm32_cpu/load_store_unit/dcache/memories[0].way_0_tag_ram/mem_reg/CLKARDCLK
Low Pulse Width   Slow    RAMD32/CLK          n/a            1.250         5.000       3.750      SLICE_X34Y24  lm32_cpu/registers_reg_r1_0_31_18_23/RAMA/CLK
Low Pulse Width   Slow    RAMD32/CLK          n/a            1.250         5.000       3.750      SLICE_X34Y24  lm32_cpu/registers_reg_r1_0_31_18_23/RAMA_D1/CLK
Low Pulse Width   Slow    RAMD32/CLK          n/a            1.250         5.000       3.750      SLICE_X34Y24  lm32_cpu/registers_reg_r1_0_31_18_23/RAMB/CLK
Low Pulse Width   Slow    RAMD32/CLK          n/a            1.250         5.000       3.750      SLICE_X34Y24  lm32_cpu/registers_reg_r1_0_31_18_23/RAMB_D1/CLK
Low Pulse Width   Slow    RAMD32/CLK          n/a            1.250         5.000       3.750      SLICE_X34Y24  lm32_cpu/registers_reg_r1_0_31_18_23/RAMC/CLK
Low Pulse Width   Slow    RAMD32/CLK          n/a            1.250         5.000       3.750      SLICE_X34Y24  lm32_cpu/registers_reg_r1_0_31_18_23/RAMC_D1/CLK
Low Pulse Width   Slow    RAMS32/CLK          n/a            1.250         5.000       3.750      SLICE_X34Y24  lm32_cpu/registers_reg_r1_0_31_18_23/RAMD/CLK
Low Pulse Width   Slow    RAMS32/CLK          n/a            1.250         5.000       3.750      SLICE_X34Y24  lm32_cpu/registers_reg_r1_0_31_18_23/RAMD_D1/CLK
Low Pulse Width   Slow    RAMD32/CLK          n/a            1.250         5.000       3.750      SLICE_X34Y26  lm32_cpu/registers_reg_r1_0_31_30_31/RAMA/CLK
Low Pulse Width   Slow    RAMD32/CLK          n/a            1.250         5.000       3.750      SLICE_X34Y26  lm32_cpu/registers_reg_r1_0_31_30_31/RAMA_D1/CLK
High Pulse Width  Slow    RAMD32/CLK          n/a            1.250         5.000       3.750      SLICE_X30Y24  lm32_cpu/registers_reg_r1_0_31_12_17/RAMA/CLK
High Pulse Width  Slow    RAMD32/CLK          n/a            1.250         5.000       3.750      SLICE_X30Y24  lm32_cpu/registers_reg_r1_0_31_12_17/RAMA_D1/CLK
High Pulse Width  Slow    RAMD32/CLK          n/a            1.250         5.000       3.750      SLICE_X30Y24  lm32_cpu/registers_reg_r1_0_31_12_17/RAMB/CLK
High Pulse Width  Slow    RAMD32/CLK          n/a            1.250         5.000       3.750      SLICE_X30Y24  lm32_cpu/registers_reg_r1_0_31_12_17/RAMB_D1/CLK
High Pulse Width  Slow    RAMD32/CLK          n/a            1.250         5.000       3.750      SLICE_X30Y24  lm32_cpu/registers_reg_r1_0_31_12_17/RAMC/CLK
High Pulse Width  Slow    RAMD32/CLK          n/a            1.250         5.000       3.750      SLICE_X30Y24  lm32_cpu/registers_reg_r1_0_31_12_17/RAMC_D1/CLK
High Pulse Width  Slow    RAMS32/CLK          n/a            1.250         5.000       3.750      SLICE_X30Y24  lm32_cpu/registers_reg_r1_0_31_12_17/RAMD/CLK
High Pulse Width  Slow    RAMS32/CLK          n/a            1.250         5.000       3.750      SLICE_X30Y24  lm32_cpu/registers_reg_r1_0_31_12_17/RAMD_D1/CLK
High Pulse Width  Slow    RAMD32/CLK          n/a            1.250         5.000       3.750      SLICE_X34Y24  lm32_cpu/registers_reg_r1_0_31_18_23/RAMA/CLK
High Pulse Width  Slow    RAMD32/CLK          n/a            1.250         5.000       3.750      SLICE_X34Y24  lm32_cpu/registers_reg_r1_0_31_18_23/RAMA_D1/CLK



---------------------------------------------------------------------------------------------------
From Clock:  
  To Clock:  sys_clk

Setup :            0  Failing Endpoints,  Worst Slack        2.569ns,  Total Violation        0.000ns
Hold  :           NA  Failing Endpoints,  Worst Slack           NA  ,  Total Violation           NA
---------------------------------------------------------------------------------------------------


Max Delay Paths
--------------------------------------------------------------------------------------
Slack (MET) :             2.569ns  (required time - arrival time)
  Source:                 FDPE/Q
                            (internal pin)
  Destination:            FDPE_1/D
                            (rising edge-triggered cell FDPE clocked by sys_clk  {rise@0.000ns fall@5.000ns period=10.000ns})
  Path Group:             sys_clk
  Path Type:              Setup (Max at Fast Process Corner)
  Requirement:            2.000ns  (MaxDelay Path 2.000ns)
  Data Path Delay:        0.075ns  (logic 0.000ns (0.000%)  route 0.075ns (100.000%))
  Logic Levels:           0  
  Clock Path Skew:        0.674ns (DCD - SCD + CPR)
    Destination Clock Delay (DCD):    0.674ns
    Source Clock Delay      (SCD):    0.000ns
    Clock Pessimism Removal (CPR):    0.000ns
  Clock Uncertainty:      0.025ns  ((TSJ^2 + TIJ^2)^1/2 + DJ) / 2 + PE
    Total System Jitter     (TSJ):    0.050ns
    Total Input Jitter      (TIJ):    0.000ns
    Discrete Jitter          (DJ):    0.000ns
    Phase Error              (PE):    0.000ns
  Timing Exception:       MaxDelay Path 2.000ns

    Location             Delay type                Incr(ns)  Path(ns)    Netlist Resource(s)
  -------------------------------------------------------------------    -------------------
    SLICE_X0Y108         FDPE                         0.000     0.000 r  FDPE/Q
                         net (fo=1, routed)           0.075     0.075    rst_meta
    SLICE_X0Y108         FDPE                                         r  FDPE_1/D
  -------------------------------------------------------------------    -------------------

                         max delay                    2.000     2.000    
    BUFGCTRL_X0Y0        BUFG                         0.000     2.000 r  BUFG/O
                         net (fo=1956, routed)        0.674     2.674    sys_clk
    SLICE_X0Y108         FDPE                                         r  FDPE_1/C
                         clock pessimism              0.000     2.674    
                         clock uncertainty           -0.025     2.649    
    SLICE_X0Y108         FDPE (Setup_fdpe_C_D)       -0.005     2.644    FDPE_1
  -------------------------------------------------------------------
                         required time                          2.644    
                         arrival time                          -0.075    
  -------------------------------------------------------------------
                         slack                                  2.569    





------------------------------------------------------------------------------------------------
| Data sheet
| ----------
------------------------------------------------------------------------------------------------

Input Ports Setup/Hold

----------+------------------+---------+-------+---------------+---------+---------------+---------+----------+
Reference | Input            | IO Reg  | Delay |     Setup(ns) | Process |      Hold(ns) | Process | Internal |
Clock     | Port             | Type    | Type  | to Clk (Edge) | Corner  | to Clk (Edge) | Corner  | Clock    |
----------+------------------+---------+-------+---------------+---------+---------------+---------+----------+
sys_clk   | serial_rx        | FDRE    | -     |     2.439 (r) | SLOW    |    -0.429 (r) | FAST    |          |
sys_clk   | spiflash_1x_miso | FDRE    | -     |     2.607 (r) | SLOW    |    -0.325 (r) | FAST    |          |
sys_clk   | user_btn0        | FDPE    | -     |     1.325 (r) | SLOW    |     0.159 (r) | FAST    |          |
----------+------------------+---------+-------+---------------+---------+---------------+---------+----------+


Output Ports Clock-to-out

----------+------------------+--------+-------+----------------+---------+----------------+---------+----------+
Reference | Output           | IO Reg | Delay | Max Clk (Edge) | Process | Min Clk (Edge) | Process | Internal |
Clock     | Port             | Type   | Type  |    to port(ns) | Corner  |    to port(ns) | Corner  | Clock    |
----------+------------------+--------+-------+----------------+---------+----------------+---------+----------+
sys_clk   | serial_tx        | FDSE   | -     |      8.750 (r) | SLOW    |      2.971 (r) | FAST    |          |
sys_clk   | spiflash_1x_cs_n | FDRE   | -     |     10.003 (r) | SLOW    |      3.050 (r) | FAST    |          |
sys_clk   | spiflash_1x_mosi | FDRE   | -     |     10.111 (r) | SLOW    |      2.957 (r) | FAST    |          |
----------+------------------+--------+-------+----------------+---------+----------------+---------+----------+


Setup between Clocks

--------+-------------+---------------+---------+---------------+---------+---------------+---------+---------------+---------+
Source  | Destination |  Src:Rise     | Process |  Src:Rise     | Process |  Src:Fall     | Process |  Src:Fall     | Process |
Clock   | Clock       | Dest:Rise(ns) | Corner  | Dest:Fall(ns) | Corner  | Dest:Rise(ns) | Corner  | Dest:Fall(ns) | Corner  |
--------+-------------+---------------+---------+---------------+---------+---------------+---------+---------------+---------+
sys_clk | sys_clk     |         9.082 | SLOW    |               |         |               |         |               |         |
--------+-------------+---------------+---------+---------------+---------+---------------+---------+---------------+---------+



