Copyright 1986-2017 Xilinx, Inc. All Rights Reserved.
---------------------------------------------------------------------------------------------------
| Tool Version : Vivado v.2017.3 (lin64) Build 2018833 Wed Oct  4 19:58:07 MDT 2017
| Date         : Thu Jan 30 16:30:30 2020
| Host         : travis-job-9a846e27-b52b-4dfb-b341-6cd990bce1fb running 64-bit Ubuntu 16.04.6 LTS
| Command      : report_utilization -hierarchical -file top_utilization_hierarchical_place.rpt
| Design       : top
| Device       : 7a200tsbg484-1
| Design State : Fully Placed
---------------------------------------------------------------------------------------------------

Utilization Design Information

Table of Contents
-----------------
1. Utilization by Hierarchy

1. Utilization by Hierarchy
---------------------------

+--------------------------------------------------+----------------------------+------------+------------+---------+------+------+--------+--------+--------------+
|                     Instance                     |           Module           | Total LUTs | Logic LUTs | LUTRAMs | SRLs |  FFs | RAMB36 | RAMB18 | DSP48 Blocks |
+--------------------------------------------------+----------------------------+------------+------------+---------+------+------+--------+--------+--------------+
| top                                              |                      (top) |       7860 |       7144 |     700 |   16 | 7519 |     26 |     21 |            5 |
|   (top)                                          |                      (top) |       4754 |       4086 |     652 |   16 | 6379 |     24 |     19 |            2 |
|   lm32_cpu                                       |                   lm32_cpu |       3106 |       3058 |      48 |    0 | 1140 |      2 |      2 |            3 |
|     (lm32_cpu)                                   |                   lm32_cpu |        115 |         67 |      48 |    0 |  340 |      0 |      0 |            0 |
|     instruction_unit                             |      lm32_instruction_unit |        681 |        681 |       0 |    0 |  323 |      1 |      1 |            0 |
|       (instruction_unit)                         |      lm32_instruction_unit |        508 |        508 |       0 |    0 |  277 |      0 |      0 |            0 |
|       icache                                     |                lm32_icache |        173 |        173 |       0 |    0 |   46 |      1 |      1 |            0 |
|         (icache)                                 |                lm32_icache |         85 |         85 |       0 |    0 |   46 |      0 |      0 |            0 |
|         memories[0].way_0_data_ram               |                 lm32_ram_0 |         71 |         71 |       0 |    0 |    0 |      1 |      0 |            0 |
|         memories[0].way_0_tag_ram                | lm32_ram__parameterized0_1 |         17 |         17 |       0 |    0 |    0 |      0 |      1 |            0 |
|     interrupt_unit                               |             lm32_interrupt |         42 |         42 |       0 |    0 |   34 |      0 |      0 |            0 |
|     load_store_unit                              |       lm32_load_store_unit |       1844 |       1844 |       0 |    0 |  224 |      1 |      1 |            0 |
|       (load_store_unit)                          |       lm32_load_store_unit |       1675 |       1675 |       0 |    0 |  180 |      0 |      0 |            0 |
|       dcache                                     |                lm32_dcache |        169 |        169 |       0 |    0 |   44 |      1 |      1 |            0 |
|         (dcache)                                 |                lm32_dcache |         69 |         69 |       0 |    0 |   44 |      0 |      0 |            0 |
|         memories[0].data_memories.way_0_data_ram |                   lm32_ram |         82 |         82 |       0 |    0 |    0 |      1 |      0 |            0 |
|         memories[0].way_0_tag_ram                |   lm32_ram__parameterized0 |         18 |         18 |       0 |    0 |    0 |      0 |      1 |            0 |
|     mc_arithmetic                                |         lm32_mc_arithmetic |        228 |        228 |       0 |    0 |  137 |      0 |      0 |            0 |
|     multiplier                                   |            lm32_multiplier |         61 |         61 |       0 |    0 |   49 |      0 |      0 |            3 |
|     shifter                                      |               lm32_shifter |        135 |        135 |       0 |    0 |   33 |      0 |      0 |            0 |
+--------------------------------------------------+----------------------------+------------+------------+---------+------+------+--------+--------+--------------+
* Note: The sum of lower-level cells may be larger than their parent cells total, due to cross-hierarchy LUT combining


