Copyright 1986-2017 Xilinx, Inc. All Rights Reserved.
---------------------------------------------------------------------------------------------------
| Tool Version : Vivado v.2017.3 (lin64) Build 2018833 Wed Oct  4 19:58:07 MDT 2017
| Date         : Fri May 31 11:20:08 2019
| Host         : travis-job-57c09130-0aeb-4266-9431-1d94eb446a19 running 64-bit Ubuntu 14.04.5 LTS
| Command      : report_control_sets -verbose -file top_control_sets.rpt
| Design       : top
| Device       : xc7a50t
---------------------------------------------------------------------------------------------------

Control Set Information

Table of Contents
-----------------
1. Summary
2. Flip-Flop Distribution
3. Detailed Control Set Information

1. Summary
----------

+----------------------------------------------------------+-------+
|                          Status                          | Count |
+----------------------------------------------------------+-------+
| Number of unique control sets                            |   182 |
| Unused register locations in slices containing registers |   360 |
+----------------------------------------------------------+-------+


2. Flip-Flop Distribution
-------------------------

+--------------+-----------------------+------------------------+-----------------+--------------+
| Clock Enable | Synchronous Set/Reset | Asynchronous Set/Reset | Total Registers | Total Slices |
+--------------+-----------------------+------------------------+-----------------+--------------+
| No           | No                    | No                     |             161 |           99 |
| No           | No                    | Yes                    |               4 |            2 |
| No           | Yes                   | No                     |             916 |          311 |
| Yes          | No                    | No                     |            1135 |          377 |
| Yes          | No                    | Yes                    |               0 |            0 |
| Yes          | Yes                   | No                     |            1536 |          507 |
+--------------+-----------------------+------------------------+-----------------+--------------+


3. Detailed Control Set Information
-----------------------------------

+--------------+--------------------------------------------------------------------------------------------+-------------------------------------------------------------------------+------------------+----------------+
| Clock Signal |                                        Enable Signal                                       |                             Set/Reset Signal                            | Slice Load Count | Bel Load Count |
+--------------+--------------------------------------------------------------------------------------------+-------------------------------------------------------------------------+------------------+----------------+
|  sys_clk     | soc_spiflash_i_i_1_n_0                                                                     | sys_rst                                                                 |                1 |              1 |
|  sys_clk     |                                                                                            | VexRiscv/dataCache_1/victim_readLineCmdCounter[3]_i_1_n_0               |                1 |              1 |
|  sys_clk     |                                                                                            | soc_basesoc_sdram_tccdcon_ready_i_1_n_0                                 |                1 |              1 |
|  clk200_clk  |                                                                                            |                                                                         |                1 |              1 |
|  sys_clk     | soc_basesoc_sdram_tfawcon_ready_reg016_in                                                  | soc_basesoc_sdram_tfawcon_ready_i_1_n_0                                 |                1 |              1 |
|  sys_clk     | serial_tx_i_1_n_0                                                                          | sys_rst                                                                 |                1 |              1 |
|  sys_clk     | VexRiscv/dataCache_1/memory_DivPlugin_div_counter_willClear                                | VexRiscv/dataCache_1/execute_to_memory_BRANCH_CALC_reg[0][0]            |                1 |              1 |
|  clk200_clk  |                                                                                            | vns_xilinxasyncresetsynchronizerimpl0                                   |                1 |              2 |
|  sys_clk     |                                                                                            | vns_xilinxasyncresetsynchronizerimpl0                                   |                1 |              2 |
|  sys_clk     | VexRiscv/_zz_200                                                                           | VexRiscv/dataCache_1/reset0                                             |                1 |              3 |
|  sys_clk     | soc_basesoc_uart_tx_fifo_wrport_we                                                         | sys_rst                                                                 |                1 |              4 |
|  sys_clk     | VexRiscv/dataCache_1/soc_basesoc_sdram_bankmachine0_cmd_buffer_lookahead_level_reg[3]_1[0] | sys_rst                                                                 |                2 |              4 |
|  sys_clk     | VexRiscv/dataCache_1/soc_basesoc_sdram_bankmachine3_cmd_buffer_lookahead_level_reg[3]_0[0] | sys_rst                                                                 |                3 |              4 |
|  sys_clk     | vns_bankmachine2_next_state                                                                | sys_rst                                                                 |                3 |              4 |
|  sys_clk     | vns_bankmachine5_next_state                                                                | sys_rst                                                                 |                2 |              4 |
|  sys_clk     | soc_a7ddrphy_half_sys8x_taps_storage_full[3]_i_1_n_0                                       | sys_rst                                                                 |                1 |              4 |
|  sys_clk     | vns_bankmachine0_next_state                                                                | sys_rst                                                                 |                1 |              4 |
|  sys_clk     | VexRiscv/dataCache_1/soc_basesoc_sdram_bankmachine4_cmd_buffer_lookahead_level_reg[3]_0[0] | sys_rst                                                                 |                1 |              4 |
|  sys_clk     | vns_bankmachine4_next_state                                                                | sys_rst                                                                 |                2 |              4 |
|  sys_clk     | soc_basesoc_uart_rx_fifo_wrport_we                                                         | sys_rst                                                                 |                1 |              4 |
|  sys_clk     | soc_basesoc_uart_phy_rx_bitcount                                                           | soc_basesoc_uart_phy_rx_bitcount[3]_i_1_n_0                             |                1 |              4 |
|  sys_clk     | vns_bankmachine3_next_state                                                                | sys_rst                                                                 |                4 |              4 |
|  sys_clk     | vns_bankmachine7_next_state                                                                | sys_rst                                                                 |                3 |              4 |
|  sys_clk     | soc_basesoc_uart_rx_fifo_syncfifo_re                                                       | sys_rst                                                                 |                1 |              4 |
|  sys_clk     | vns_bankmachine6_next_state                                                                | sys_rst                                                                 |                2 |              4 |
|  sys_clk     | vns_basesoc_csrbank4_bitbang0_re                                                           | sys_rst                                                                 |                1 |              4 |
|  sys_clk     | vns_bankmachine1_next_state                                                                | sys_rst                                                                 |                2 |              4 |
|  sys_clk     | VexRiscv/dataCache_1/soc_basesoc_sdram_bankmachine7_cmd_buffer_lookahead_level_reg[3]_1[0] | sys_rst                                                                 |                2 |              4 |
|  clk200_clk  | soc_reset_counter[3]_i_1_n_0                                                               | clk200_rst                                                              |                1 |              4 |
|  sys_clk     | soc_basesoc_uart_phy_sink_ready1338_out                                                    | soc_basesoc_uart_phy_tx_bitcount[3]_i_1_n_0                             |                1 |              4 |
|  sys_clk     | soc_basesoc_uart_tx_fifo_syncfifo_re                                                       | sys_rst                                                                 |                1 |              4 |
|  sys_clk     |                                                                                            | vns_basesoc_interface4_bank_bus_dat_r[3]_i_1_n_0                        |                1 |              4 |
|  sys_clk     | VexRiscv/dataCache_1/soc_basesoc_sdram_bankmachine6_cmd_buffer_lookahead_level_reg[3][0]   | sys_rst                                                                 |                1 |              4 |
|  sys_clk     |                                                                                            | vns_basesoc_interface1_bank_bus_dat_r[3]_i_1_n_0                        |                2 |              4 |
|  sys_clk     | soc_basesoc_sdram_time1[3]_i_1_n_0                                                         | sys_rst                                                                 |                2 |              4 |
|  sys_clk     | vns_multiplexer_next_state                                                                 | sys_rst                                                                 |                1 |              4 |
|  sys_clk     | VexRiscv/dataCache_1/soc_basesoc_sdram_bankmachine2_cmd_buffer_lookahead_level_reg[3]_1[0] | sys_rst                                                                 |                1 |              4 |
|  sys_clk     | VexRiscv/dataCache_1/soc_basesoc_sdram_bankmachine5_cmd_buffer_lookahead_level_reg[3]_1[0] | sys_rst                                                                 |                1 |              4 |
|  sys_clk     | VexRiscv/dataCache_1/soc_basesoc_sdram_bankmachine1_cmd_buffer_lookahead_level_reg[3]_1[0] | sys_rst                                                                 |                2 |              4 |
|  sys_clk     | soc_basesoc_sdram_storage_full[3]_i_1_n_0                                                  | sys_rst                                                                 |                2 |              5 |
|  sys_clk     | soc_basesoc_sdram_time0[4]_i_1_n_0                                                         | sys_rst                                                                 |                2 |              5 |
|  sys_clk     | soc_basesoc_sdram_generator_counter[4]_i_1_n_0                                             | sys_rst                                                                 |                1 |              5 |
|  sys_clk     | soc_basesoc_uart_rx_fifo_level0[4]_i_1_n_0                                                 | sys_rst                                                                 |                2 |              5 |
|  sys_clk     | soc_basesoc_uart_tx_fifo_level0[4]_i_1_n_0                                                 | sys_rst                                                                 |                2 |              5 |
|  sys_clk     | soc_basesoc_sdram_phaseinjector3_address_storage_full[13]_i_1_n_0                          | sys_rst                                                                 |                1 |              6 |
|  sys_clk     | soc_basesoc_sdram_phaseinjector0_command_storage_full[5]_i_1_n_0                           | sys_rst                                                                 |                2 |              6 |
|  sys_clk     | vns_basesoc_csrbank3_dfii_pi2_command0_re                                                  | sys_rst                                                                 |                3 |              6 |
|  sys_clk     |                                                                                            | VexRiscv/dataCache_1/SR[0]                                              |                3 |              6 |
|  sys_clk     | soc_basesoc_sdram_phaseinjector0_address_storage_full[13]_i_1_n_0                          | sys_rst                                                                 |                2 |              6 |
|  sys_clk     | vns_basesoc_csrbank3_dfii_pi1_command0_re                                                  | sys_rst                                                                 |                3 |              6 |
|  sys_clk     | soc_basesoc_sdram_phaseinjector1_address_storage_full[13]_i_1_n_0                          | sys_rst                                                                 |                2 |              6 |
|  sys_clk     | vns_basesoc_csrbank3_dfii_pi3_command0_re                                                  | sys_rst                                                                 |                2 |              6 |
|  sys_clk     |                                                                                            | VexRiscv/IBusCachedPlugin_cache/IBusCachedPlugin_injector_decodeRemoved |                2 |              6 |
|  sys_clk     | soc_basesoc_sdram_phaseinjector2_address_storage_full[13]_i_1_n_0                          | sys_rst                                                                 |                2 |              6 |
|  sys_clk     | VexRiscv/dataCache_1/stageB_mmuRsp_physicalAddress[11]_i_1_n_0                             | VexRiscv/dataCache_1/reset0                                             |                3 |              7 |
|  sys_clk     | soc_dna_cnt[6]_i_1_n_0                                                                     | sys_rst                                                                 |                2 |              7 |
|  sys_clk     | VexRiscv/dataCache_1/way_tags_reg_i_1_n_0                                                  |                                                                         |                2 |              7 |
|  sys_clk     | soc_basesoc_timer0_load_storage_full[15]_i_1_n_0                                           | sys_rst                                                                 |                3 |              8 |
|  sys_clk     | soc_basesoc_timer0_load_storage_full[23]_i_1_n_0                                           | sys_rst                                                                 |                1 |              8 |
|  sys_clk     | soc_basesoc_timer0_reload_storage_full[31]_i_1_n_0                                         | sys_rst                                                                 |                3 |              8 |
|  sys_clk     | soc_basesoc_sdram_phaseinjector2_wrdata_storage_full[31]_i_1_n_0                           | sys_rst                                                                 |                4 |              8 |
|  sys_clk     | soc_basesoc_sdram_phaseinjector3_address_storage_full[7]_i_1_n_0                           | sys_rst                                                                 |                3 |              8 |
|  sys_clk     | soc_basesoc_sdram_phaseinjector2_wrdata_storage_full[23]_i_1_n_0                           | sys_rst                                                                 |                2 |              8 |
|  sys_clk     | soc_basesoc_sdram_phaseinjector2_wrdata_storage_full[15]_i_1_n_0                           | sys_rst                                                                 |                5 |              8 |
|  sys_clk     | soc_basesoc_sdram_phaseinjector1_wrdata_storage_full[7]_i_1_n_0                            | sys_rst                                                                 |                1 |              8 |
|  sys_clk     | soc_basesoc_sdram_phaseinjector1_wrdata_storage_full[15]_i_1_n_0                           | sys_rst                                                                 |                4 |              8 |
|  sys_clk     | soc_basesoc_uart_tx_fifo_syncfifo_re                                                       |                                                                         |                2 |              8 |
|  sys_clk     | VexRiscv/IBusCachedPlugin_cache/_zz_17                                                     | VexRiscv/IBusCachedPlugin_cache/lineLoader_flushCounter[7]_i_1_n_0      |                2 |              8 |
|  sys_clk     | VexRiscv/dataCache_1/soc_spiflash_counter_reg[0][0]                                        | sys_rst                                                                 |                4 |              8 |
|  sys_clk     | soc_basesoc_sdram_phaseinjector3_wrdata_storage_full[23]_i_1_n_0                           | sys_rst                                                                 |                2 |              8 |
|  sys_clk     | soc_basesoc_sdram_phaseinjector2_address_storage_full[7]_i_1_n_0                           | sys_rst                                                                 |                3 |              8 |
|  sys_clk     | soc_basesoc_sdram_phaseinjector1_wrdata_storage_full[31]_i_1_n_0                           | sys_rst                                                                 |                3 |              8 |
|  sys_clk     | soc_basesoc_sdram_phaseinjector1_wrdata_storage_full[23]_i_1_n_0                           | sys_rst                                                                 |                4 |              8 |
|  sys_clk     | p_3_out[23]                                                                                | sys_rst                                                                 |                1 |              8 |
|  sys_clk     | soc_basesoc_uart_phy_tx_reg[7]_i_1_n_0                                                     | sys_rst                                                                 |                2 |              8 |
|  sys_clk     | soc_basesoc_sdram_phaseinjector3_wrdata_storage_full[31]_i_1_n_0                           | sys_rst                                                                 |                4 |              8 |
|  sys_clk     | soc_basesoc_sdram_phaseinjector3_wrdata_storage_full[7]_i_1_n_0                            | sys_rst                                                                 |                2 |              8 |
|  sys_clk     | soc_basesoc_sdram_phaseinjector3_wrdata_storage_full[15]_i_1_n_0                           | sys_rst                                                                 |                5 |              8 |
|  sys_clk     | soc_basesoc_sdram_phaseinjector0_address_storage_full[7]_i_1_n_0                           | sys_rst                                                                 |                3 |              8 |
|  sys_clk     | soc_basesoc_timer0_reload_storage_full[7]_i_1_n_0                                          | sys_rst                                                                 |                2 |              8 |
|  sys_clk     |                                                                                            | vns_basesoc_interface5_bank_bus_dat_r[7]_i_1_n_0                        |                6 |              8 |
|  sys_clk     | soc_basesoc_uart_rx_fifo_syncfifo_re                                                       |                                                                         |                2 |              8 |
|  sys_clk     |                                                                                            | vns_basesoc_interface3_bank_bus_dat_r[7]_i_1_n_0                        |                6 |              8 |
|  sys_clk     | soc_basesoc_sdram_phaseinjector0_wrdata_storage_full[7]_i_1_n_0                            | sys_rst                                                                 |                1 |              8 |
|  sys_clk     |                                                                                            | vns_basesoc_interface6_bank_bus_dat_r[7]_i_1_n_0                        |                2 |              8 |
|  sys_clk     | soc_basesoc_timer0_reload_storage_full[23]_i_1_n_0                                         | sys_rst                                                                 |                3 |              8 |
|  sys_clk     |                                                                                            | vns_basesoc_interface2_bank_bus_dat_r[7]_i_1_n_0                        |                7 |              8 |
|  sys_clk     | p_3_out[31]                                                                                | sys_rst                                                                 |                2 |              8 |
|  sys_clk     | soc_basesoc_timer0_reload_storage_full[15]_i_1_n_0                                         | sys_rst                                                                 |                2 |              8 |
|  sys_clk     | soc_basesoc_uart_phy_rx_reg                                                                | sys_rst                                                                 |                1 |              8 |
|  sys_clk     |                                                                                            | vns_basesoc_interface7_bank_bus_dat_r[7]_i_1_n_0                        |                2 |              8 |
|  sys_clk     | soc_basesoc_sdram_phaseinjector1_address_storage_full[7]_i_1_n_0                           | sys_rst                                                                 |                3 |              8 |
|  sys_clk     | soc_basesoc_ctrl_storage_full[7]_i_1_n_0                                                   | sys_rst                                                                 |                3 |              8 |
|  sys_clk     | soc_basesoc_ctrl_storage_full[15]_i_1_n_0                                                  | sys_rst                                                                 |                4 |              8 |
|  sys_clk     | soc_basesoc_ctrl_storage_full[23]_i_1_n_0                                                  | sys_rst                                                                 |                2 |              8 |
|  sys_clk     | soc_basesoc_ctrl_storage_full[31]_i_1_n_0                                                  | sys_rst                                                                 |                2 |              8 |
|  sys_clk     |                                                                                            | vns_basesoc_interface0_bank_bus_dat_r[7]_i_1_n_0                        |                6 |              8 |
|  sys_clk     | soc_basesoc_sdram_phaseinjector2_wrdata_storage_full[7]_i_1_n_0                            | sys_rst                                                                 |                4 |              8 |
|  sys_clk     | soc_basesoc_timer0_load_storage_full[31]_i_1_n_0                                           | sys_rst                                                                 |                3 |              8 |
|  sys_clk     | soc_basesoc_timer0_load_storage_full[7]_i_1_n_0                                            | sys_rst                                                                 |                2 |              8 |
|  sys_clk     | soc_basesoc_sdram_phaseinjector0_wrdata_storage_full[31]_i_1_n_0                           | sys_rst                                                                 |                4 |              8 |
|  sys_clk     | soc_basesoc_uart_phy_source_payload_data[7]_i_1_n_0                                        | sys_rst                                                                 |                2 |              8 |
|  sys_clk     | soc_spiflash_i                                                                             | sys_rst                                                                 |                5 |              8 |
|  sys_clk     | soc_basesoc_sdram_phaseinjector0_wrdata_storage_full[23]_i_1_n_0                           | sys_rst                                                                 |                3 |              8 |
|  sys_clk     | soc_basesoc_sdram_phaseinjector0_wrdata_storage_full[15]_i_1_n_0                           | sys_rst                                                                 |                3 |              8 |
|  sys_clk     | p_3_out[15]                                                                                | sys_rst                                                                 |                1 |              8 |
|  sys_clk     | p_3_out[7]                                                                                 | sys_rst                                                                 |                2 |              8 |
|  sys_clk     | VexRiscv/dataCache_1/p_4_out[0]                                                            |                                                                         |                2 |              9 |
|  sys_clk     | VexRiscv/dataCache_1/p_4_out[1]                                                            |                                                                         |                2 |              9 |
|  sys_clk     | VexRiscv/dataCache_1/p_4_out[2]                                                            |                                                                         |                2 |              9 |
|  sys_clk     | VexRiscv/dataCache_1/p_4_out[3]                                                            |                                                                         |                3 |              9 |
|  sys_clk     | VexRiscv/dataCache_1/way_dataReadRspOneAddress[9]_i_1_n_0                                  |                                                                         |                2 |             10 |
|  sys_clk     | soc_basesoc_sdram_timer_count[9]_i_2_n_0                                                   | soc_basesoc_sdram_timer_count[9]_i_1_n_0                                |                4 |             10 |
|  sys_clk     | VexRiscv/dataCache_1/_zz_13                                                                |                                                                         |                3 |             11 |
|  sys_clk     | soc_vccaux_status                                                                          | sys_rst                                                                 |                2 |             12 |
|  sys_clk     | soc_vccint_status                                                                          | sys_rst                                                                 |                4 |             12 |
|  sys_clk     | soc_temperature_status                                                                     | sys_rst                                                                 |                3 |             12 |
|  sys_clk     | soc_vccbram_status                                                                         | sys_rst                                                                 |                5 |             12 |
|  sys_clk     | soc_basesoc_sdram_bankmachine3_row_open                                                    | sys_rst                                                                 |                4 |             14 |
|  sys_clk     | soc_basesoc_sdram_bankmachine2_row_open                                                    | sys_rst                                                                 |                3 |             14 |
|  sys_clk     | soc_basesoc_sdram_bankmachine6_row_open                                                    | sys_rst                                                                 |                3 |             14 |
|  sys_clk     | soc_basesoc_sdram_bankmachine1_row_open                                                    | sys_rst                                                                 |                3 |             14 |
|  sys_clk     | soc_basesoc_sdram_bankmachine0_row_open                                                    | sys_rst                                                                 |                3 |             14 |
|  sys_clk     | soc_basesoc_sdram_bankmachine7_row_open                                                    | sys_rst                                                                 |                4 |             14 |
|  sys_clk     | soc_basesoc_sdram_bankmachine5_row_open                                                    | sys_rst                                                                 |                3 |             14 |
|  sys_clk     | soc_basesoc_sdram_bankmachine4_row_open                                                    | sys_rst                                                                 |                3 |             14 |
|  sys_clk     | soc_basesoc_uart_tx_fifo_wrport_we                                                         |                                                                         |                2 |             16 |
|  sys_clk     | soc_basesoc_uart_rx_fifo_wrport_we                                                         |                                                                         |                2 |             16 |
|  sys_clk     | VexRiscv/IBusCachedPlugin_cache/_zz_209_reg[0]                                             | VexRiscv/dataCache_1/vns_basesoc_count_reg[19]                          |                5 |             20 |
|  sys_clk     | soc_spiflash_sr[31]_i_1_n_0                                                                | sys_rst                                                                 |                9 |             22 |
|  sys_clk     | soc_basesoc_sdram_bankmachine1_cmd_buffer_pipe_ce                                          | sys_rst                                                                 |                7 |             23 |
|  sys_clk     | soc_basesoc_sdram_bankmachine6_cmd_buffer_pipe_ce                                          | sys_rst                                                                 |                6 |             23 |
|  sys_clk     | soc_basesoc_sdram_bankmachine4_cmd_buffer_pipe_ce                                          | sys_rst                                                                 |                8 |             23 |
|  sys_clk     | soc_basesoc_sdram_bankmachine5_cmd_buffer_pipe_ce                                          | sys_rst                                                                 |                7 |             23 |
|  sys_clk     | soc_basesoc_sdram_bankmachine7_cmd_buffer_source_payload_we_i_1_n_0                        | sys_rst                                                                 |                7 |             23 |
|  sys_clk     | soc_basesoc_sdram_bankmachine2_cmd_buffer_pipe_ce                                          | sys_rst                                                                 |                6 |             23 |
|  sys_clk     | soc_basesoc_sdram_bankmachine3_cmd_buffer_pipe_ce                                          | sys_rst                                                                 |                6 |             23 |
|  sys_clk     | soc_basesoc_sdram_bankmachine0_cmd_buffer_pipe_ce                                          | sys_rst                                                                 |                7 |             23 |
|  sys_clk     | soc_a7ddrphy_bitslip8_value                                                                | soc_a7ddrphy_bitslip15_value                                            |                9 |             24 |
|  sys_clk     | soc_basesoc_sdram_bandwidth_nwrites[0]_i_1_n_0                                             | soc_basesoc_sdram_bandwidth_nwrites                                     |                6 |             24 |
|  sys_clk     | soc_a7ddrphy_bitslip0_value                                                                | soc_a7ddrphy_bitslip7_value                                             |               10 |             24 |
|  sys_clk     | soc_basesoc_sdram_bandwidth_nreads                                                         | soc_basesoc_sdram_bandwidth_nwrites                                     |                6 |             24 |
|  sys_clk     | VexRiscv/IBusCachedPlugin_cache/lineLoader_address_reg[31]_1                               |                                                                         |                7 |             27 |
|  sys_clk     | VexRiscv/dataCache_1/_zz_47                                                                |                                                                         |               13 |             27 |
|  sys_clk     | VexRiscv/dataCache_1/_zz_5                                                                 |                                                                         |               10 |             30 |
|  sys_clk     |                                                                                            | soc_basesoc_uart_phy_phase_accumulator_rx[30]_i_1_n_0                   |                8 |             31 |
|  sys_clk     | VexRiscv/dataCache_1/memory_DivPlugin_rs1_reg[1][0]                                        |                                                                         |                8 |             32 |
|  sys_clk     | VexRiscv/dataCache_1/_zz_35[31]_i_1_n_0                                                    |                                                                         |               12 |             32 |
|  sys_clk     | VexRiscv/IBusCachedPlugin_cache/IBusCachedPlugin_fetchPc_pcReg_reg[0]                      | VexRiscv/dataCache_1/reset0                                             |               11 |             32 |
|  sys_clk     | VexRiscv/CsrPlugin_mtvec                                                                   |                                                                         |               13 |             32 |
|  sys_clk     | VexRiscv/_zz_196                                                                           | VexRiscv/dataCache_1/reset0                                             |               17 |             32 |
|  sys_clk     |                                                                                            | soc_basesoc_uart_phy_phase_accumulator_tx[31]_i_1_n_0                   |                8 |             32 |
|  sys_clk     | VexRiscv/_zz_188                                                                           |                                                                         |                9 |             32 |
|  sys_clk     | VexRiscv/memory_DivPlugin_div_result                                                       |                                                                         |                8 |             32 |
|  sys_clk     | VexRiscv/dataCache_1/memory_DivPlugin_accumulator_reg[2][0]                                | VexRiscv/dataCache_1/memory_DivPlugin_div_counter_willClear             |                7 |             32 |
|  sys_clk     | VexRiscv/dataCache_1/soc_basesoc_sdram_bankmachine7_cmd_buffer_lookahead_level_reg[3]      |                                                                         |                4 |             32 |
|  sys_clk     | soc_basesoc_timer0_update_value_re                                                         | sys_rst                                                                 |                7 |             32 |
|  sys_clk     | soc_basesoc_ctrl_bus_errors                                                                | sys_rst                                                                 |                8 |             32 |
|  sys_clk     | VexRiscv/dataCache_1/victim_bufferReadStream_ready                                         |                                                                         |                6 |             32 |
|  sys_clk     | VexRiscv/dataCache_1/soc_basesoc_sdram_bankmachine6_cmd_buffer_lookahead_level_reg[2]      |                                                                         |                4 |             32 |
|  sys_clk     | VexRiscv/dataCache_1/soc_basesoc_sdram_bankmachine4_cmd_buffer_lookahead_level_reg[1]      |                                                                         |                4 |             32 |
|  sys_clk     | VexRiscv/dataCache_1/soc_basesoc_sdram_bankmachine0_cmd_buffer_lookahead_level_reg[3]      |                                                                         |                4 |             32 |
|  sys_clk     | VexRiscv/dataCache_1/soc_basesoc_sdram_bankmachine1_cmd_buffer_lookahead_level_reg[3]      |                                                                         |                4 |             32 |
|  sys_clk     | VexRiscv/dataCache_1/soc_basesoc_sdram_bankmachine3_cmd_buffer_lookahead_level_reg[1]      |                                                                         |                4 |             32 |
|  sys_clk     | VexRiscv/dataCache_1/CsrPlugin_mepc_reg[0][0]                                              |                                                                         |               12 |             32 |
|  sys_clk     | VexRiscv/dataCache_1/soc_basesoc_sdram_bankmachine2_cmd_buffer_lookahead_level_reg[3]      |                                                                         |                4 |             32 |
|  sys_clk     | VexRiscv/dataCache_1/soc_basesoc_sdram_bankmachine5_cmd_buffer_lookahead_level_reg[3]      |                                                                         |                4 |             32 |
|  sys_clk     | VexRiscv/dataCache_1/_zz_260                                                               |                                                                         |               14 |             32 |
|  sys_clk     | VexRiscv/IBusCachedPlugin_cache/E[0]                                                       |                                                                         |               17 |             35 |
|  sys_clk     |                                                                                            | VexRiscv/dataCache_1/reset0                                             |               25 |             46 |
|  sys_clk     | soc_basesoc_sdram_bandwidth_update_re                                                      | sys_rst                                                                 |               11 |             48 |
|  sys_clk     | soc_basesoc_sdram_bandwidth_period                                                         | sys_rst                                                                 |                7 |             48 |
|  sys_clk     | VexRiscv/dataCache_1/_zz_30                                                                |                                                                         |                6 |             48 |
|  sys_clk     | soc_dna_status                                                                             | sys_rst                                                                 |               15 |             57 |
|  sys_clk     | VexRiscv/dataCache_1/E[0]                                                                  | VexRiscv/dataCache_1/reset0                                             |               28 |             65 |
|  sys_clk     | VexRiscv/IBusCachedPlugin_cache/_zz_120                                                    |                                                                         |               22 |             96 |
|  sys_clk     | soc_basesoc_sdram_inti_p0_rddata_valid                                                     | sys_rst                                                                 |               58 |            128 |
|  sys_clk     | VexRiscv/dataCache_1/decode_to_execute_INSTRUCTION_reg[31][0]                              |                                                                         |               48 |            147 |
|  sys_clk     |                                                                                            |                                                                         |               99 |            162 |
|  sys_clk     | VexRiscv/dataCache_1/E[0]                                                                  |                                                                         |               75 |            191 |
|  sys_clk     | VexRiscv/dataCache_1/memory_DivPlugin_div_counter_willClear                                |                                                                         |               83 |            246 |
|  sys_clk     |                                                                                            | sys_rst                                                                 |              231 |            737 |
+--------------+--------------------------------------------------------------------------------------------+-------------------------------------------------------------------------+------------------+----------------+


+--------+-----------------------+
| Fanout | Number of ControlSets |
+--------+-----------------------+
| 1      |                     7 |
| 2      |                     2 |
| 3      |                     1 |
| 4      |                    29 |
| 5      |                     5 |
| 6      |                    10 |
| 7      |                     3 |
| 8      |                    50 |
| 9      |                     4 |
| 10     |                     2 |
| 11     |                     1 |
| 12     |                     4 |
| 14     |                     8 |
| 16+    |                    56 |
+--------+-----------------------+


