Copyright 1986-2017 Xilinx, Inc. All Rights Reserved.
---------------------------------------------------------------------------------------------------
| Tool Version : Vivado v.2017.3 (lin64) Build 2018833 Wed Oct  4 19:58:07 MDT 2017
| Date         : Thu Dec 20 21:07:13 2018
| Host         : travis-job-ded20682-7d97-4562-81f9-007a28be3fb0 running 64-bit Ubuntu 14.04.5 LTS
| Command      : report_utilization -hierarchical -file top_utilization_hierarchical_synth.rpt
| Design       : top
| Device       : 7a50tfgg484-1
| Design State : Synthesized
---------------------------------------------------------------------------------------------------

Utilization Design Information

Table of Contents
-----------------
1. Utilization by Hierarchy

1. Utilization by Hierarchy
---------------------------

+----------------------------+------------------+------------+------------+---------+------+------+--------+--------+--------------+
|          Instance          |      Module      | Total LUTs | Logic LUTs | LUTRAMs | SRLs |  FFs | RAMB36 | RAMB18 | DSP48 Blocks |
+----------------------------+------------------+------------+------------+---------+------+------+--------+--------+--------------+
| top                        |            (top) |       4224 |       4054 |     168 |    2 | 3749 |     25 |     25 |            4 |
|   (top)                    |            (top) |       2058 |       1912 |     144 |    2 | 2292 |     24 |     17 |            0 |
|   VexRiscv                 |         VexRiscv |       2166 |       2142 |      24 |    0 | 1457 |      1 |      8 |            4 |
|     (VexRiscv)             |         VexRiscv |        784 |        784 |       0 |    0 |  901 |      0 |      2 |            4 |
|     IBusCachedPlugin_cache | InstructionCache |        393 |        393 |       0 |    0 |  100 |      1 |      1 |            0 |
|     dataCache_1            |        DataCache |        989 |        965 |      24 |    0 |  456 |      0 |      5 |            0 |
+----------------------------+------------------+------------+------------+---------+------+------+--------+--------+--------------+


