Copyright 1986-2017 Xilinx, Inc. All Rights Reserved.
---------------------------------------------------------------------------------------------------
| Tool Version : Vivado v.2017.3 (lin64) Build 2018833 Wed Oct  4 19:58:07 MDT 2017
| Date         : Thu Jan 30 16:28:40 2020
| Host         : travis-job-f8f47cf7-b688-4f38-860a-2ba0acd21580 running 64-bit Ubuntu 16.04.6 LTS
| Command      : report_utilization -hierarchical -file top_utilization_hierarchical_place.rpt
| Design       : top
| Device       : 7a35tcsg324-1
| Design State : Fully Placed
---------------------------------------------------------------------------------------------------

Utilization Design Information

Table of Contents
-----------------
1. Utilization by Hierarchy

1. Utilization by Hierarchy
---------------------------

+------------+----------+------------+------------+---------+------+------+--------+--------+--------------+
|  Instance  |  Module  | Total LUTs | Logic LUTs | LUTRAMs | SRLs |  FFs | RAMB36 | RAMB18 | DSP48 Blocks |
+------------+----------+------------+------------+---------+------+------+--------+--------+--------------+
| top        |    (top) |       3670 |       3436 |     232 |    2 | 2897 |     16 |     17 |            0 |
|   (top)    |    (top) |       1792 |       1646 |     144 |    2 | 2414 |     16 |     17 |            0 |
|   picorv32 | picorv32 |       1878 |       1790 |      88 |    0 |  483 |      0 |      0 |            0 |
+------------+----------+------------+------------+---------+------+------+--------+--------+--------------+
* Note: The sum of lower-level cells may be larger than their parent cells total, due to cross-hierarchy LUT combining


