Copyright 1986-2017 Xilinx, Inc. All Rights Reserved.
---------------------------------------------------------------------------------------------------
| Tool Version : Vivado v.2017.3 (lin64) Build 2018833 Wed Oct  4 19:58:07 MDT 2017
| Date         : Sun Jun  2 21:48:42 2019
| Host         : travis-job-aa814838-030a-4af8-8823-da108fb7a626 running 64-bit Ubuntu 14.04.5 LTS
| Command      : report_utilization -hierarchical -file top_utilization_hierarchical_synth.rpt
| Design       : top
| Device       : 7a35tcsg324-1
| Design State : Synthesized
---------------------------------------------------------------------------------------------------

Utilization Design Information

Table of Contents
-----------------
1. Utilization by Hierarchy

1. Utilization by Hierarchy
---------------------------

+----------------------------+------------------+------------+------------+---------+------+------+--------+--------+--------------+
|          Instance          |      Module      | Total LUTs | Logic LUTs | LUTRAMs | SRLs |  FFs | RAMB36 | RAMB18 | DSP48 Blocks |
+----------------------------+------------------+------------+------------+---------+------+------+--------+--------+--------------+
| top                        |            (top) |       4952 |       4742 |     208 |    2 | 4364 |     19 |     35 |            4 |
|   (top)                    |            (top) |       2710 |       2524 |     184 |    2 | 2906 |     18 |     27 |            0 |
|   VexRiscv                 |         VexRiscv |       2242 |       2218 |      24 |    0 | 1458 |      1 |      8 |            4 |
|     (VexRiscv)             |         VexRiscv |        850 |        850 |       0 |    0 |  905 |      0 |      2 |            4 |
|     IBusCachedPlugin_cache | InstructionCache |        372 |        372 |       0 |    0 |   97 |      1 |      1 |            0 |
|     dataCache_1            |        DataCache |       1020 |        996 |      24 |    0 |  456 |      0 |      5 |            0 |
+----------------------------+------------------+------------+------------+---------+------+------+--------+--------+--------------+


