Copyright 1986-2017 Xilinx, Inc. All Rights Reserved.
---------------------------------------------------------------------------------------------------
| Tool Version : Vivado v.2017.3 (lin64) Build 2018833 Wed Oct  4 19:58:07 MDT 2017
| Date         : Sun Aug  4 03:45:49 2019
| Host         : travis-job-ab4c7ca6-c4ad-4ef2-8497-417e79867c46 running 64-bit Ubuntu 16.04.6 LTS
| Command      : report_utilization -hierarchical -file top_utilization_hierarchical_place.rpt
| Design       : top
| Device       : 7a35tcsg324-1
| Design State : Fully Placed
---------------------------------------------------------------------------------------------------

Utilization Design Information

Table of Contents
-----------------
1. Utilization by Hierarchy

1. Utilization by Hierarchy
---------------------------

+------------+----------+------------+------------+---------+------+------+--------+--------+--------------+
|  Instance  |  Module  | Total LUTs | Logic LUTs | LUTRAMs | SRLs |  FFs | RAMB36 | RAMB18 | DSP48 Blocks |
+------------+----------+------------+------------+---------+------+------+--------+--------+--------------+
| top        |    (top) |       4184 |       3910 |     272 |    2 | 3404 |     18 |     27 |            0 |
|   (top)    |    (top) |       2709 |       2523 |     184 |    2 | 2915 |     18 |     27 |            0 |
|   picorv32 | picorv32 |       1475 |       1387 |      88 |    0 |  489 |      0 |      0 |            0 |
+------------+----------+------------+------------+---------+------+------+--------+--------+--------------+
* Note: The sum of lower-level cells may be larger than their parent cells total, due to cross-hierarchy LUT combining


