Copyright 1986-2017 Xilinx, Inc. All Rights Reserved.
---------------------------------------------------------------------------------------------------
| Tool Version : Vivado v.2017.3 (lin64) Build 2018833 Wed Oct  4 19:58:07 MDT 2017
| Date         : Mon Jan 13 02:49:23 2020
| Host         : travis-job-dbf2cf85-527f-4606-976d-15421451a408 running 64-bit Ubuntu 16.04.6 LTS
| Command      : report_control_sets -verbose -file top_control_sets.rpt
| Design       : top
| Device       : xc7a35t
---------------------------------------------------------------------------------------------------

Control Set Information

Table of Contents
-----------------
1. Summary
2. Flip-Flop Distribution
3. Detailed Control Set Information

1. Summary
----------

+----------------------------------------------------------+-------+
|                          Status                          | Count |
+----------------------------------------------------------+-------+
| Number of unique control sets                            |   232 |
| Unused register locations in slices containing registers |   491 |
+----------------------------------------------------------+-------+


2. Flip-Flop Distribution
-------------------------

+--------------+-----------------------+------------------------+-----------------+--------------+
| Clock Enable | Synchronous Set/Reset | Asynchronous Set/Reset | Total Registers | Total Slices |
+--------------+-----------------------+------------------------+-----------------+--------------+
| No           | No                    | No                     |             340 |          164 |
| No           | No                    | Yes                    |               8 |            4 |
| No           | Yes                   | No                     |            1084 |          378 |
| Yes          | No                    | No                     |             933 |          344 |
| Yes          | No                    | Yes                    |               0 |            0 |
| Yes          | Yes                   | No                     |            2160 |          706 |
+--------------+-----------------------+------------------------+-----------------+--------------+


3. Detailed Control Set Information
-----------------------------------

+--------------+----------------------------------------------------------------------------------------------------------------------------------+--------------------------------------------------------------------------------------------------------------------------+------------------+----------------+
| Clock Signal |                                                           Enable Signal                                                          |                                                     Set/Reset Signal                                                     | Slice Load Count | Bel Load Count |
+--------------+----------------------------------------------------------------------------------------------------------------------------------+--------------------------------------------------------------------------------------------------------------------------+------------------+----------------+
|  sys_clk     | spiflash_i_i_1_n_0                                                                                                               | sys_rst                                                                                                                  |                1 |              1 |
|  sys_clk     | netsoc_sdram_tfawcon_ready_reg051_in                                                                                             | netsoc_sdram_tfawcon_ready_i_1_n_0                                                                                       |                1 |              1 |
|  clk200_clk  |                                                                                                                                  |                                                                                                                          |                1 |              1 |
|  sys_clk     |                                                                                                                                  | netsoc_sdram_tccdcon_ready_i_1_n_0                                                                                       |                1 |              1 |
|  sys_clk     | serial_tx_i_1_n_0                                                                                                                | sys_rst                                                                                                                  |                1 |              1 |
|  eth_rx_clk  |                                                                                                                                  | reset0                                                                                                                   |                1 |              2 |
|  sys_clk     | mor1kx/mor1kx_cpu/cappuccino.mor1kx_cpu/mor1kx_fetch_cappuccino/icache_gen.mor1kx_icache/tag_ram/E[0]                            |                                                                                                                          |                1 |              2 |
|  sys_clk     |                                                                                                                                  | xilinxasyncresetsynchronizerimpl0                                                                                        |                1 |              2 |
|  clk200_clk  |                                                                                                                                  | xilinxasyncresetsynchronizerimpl0                                                                                        |                1 |              2 |
|  eth_tx_clk  |                                                                                                                                  | reset0                                                                                                                   |                1 |              2 |
|  sys_clk     | netsoc_uart_phy_rx_bitcount                                                                                                      | netsoc_uart_phy_rx_bitcount[3]_i_1_n_0                                                                                   |                2 |              4 |
|  sys_clk     | mor1kx/mor1kx_cpu/cappuccino.mor1kx_cpu/mor1kx_lsu_cappuccino/dbus_adr[3]                                                        |                                                                                                                          |                2 |              4 |
|  sys_clk     | mor1kx/mor1kx_cpu/cappuccino.mor1kx_cpu/mor1kx_fetch_cappuccino/netsoc_sdram_bankmachine2_cmd_buffer_lookahead_level_reg[0]_0[0] | sys_rst                                                                                                                  |                1 |              4 |
|  sys_clk     | bankmachine5_next_state                                                                                                          | sys_rst                                                                                                                  |                2 |              4 |
|  sys_clk     | mor1kx/mor1kx_cpu/cappuccino.mor1kx_cpu/mor1kx_lsu_cappuccino/dcache_gen.mor1kx_dcache/p_8_in                                    | mor1kx/mor1kx_cpu/cappuccino.mor1kx_cpu/mor1kx_lsu_cappuccino/dcache_gen.mor1kx_dcache/tag_ram/refill_valid_r_reg[3]     |                1 |              4 |
|  sys_clk     | mor1kx/mor1kx_cpu/cappuccino.mor1kx_cpu/mor1kx_fetch_cappuccino/netsoc_sdram_bankmachine4_cmd_buffer_lookahead_level_reg[0][0]   | sys_rst                                                                                                                  |                1 |              4 |
|  sys_clk     | leds_storage_full[3]_i_1_n_0                                                                                                     | sys_rst                                                                                                                  |                1 |              4 |
|  sys_clk     | mor1kx/mor1kx_cpu/cappuccino.mor1kx_cpu/mor1kx_lsu_cappuccino/netsoc_sdram_bankmachine3_cmd_buffer_lookahead_level_reg[0][0]     | sys_rst                                                                                                                  |                2 |              4 |
|  sys_clk     | mor1kx/mor1kx_cpu/cappuccino.mor1kx_cpu/mor1kx_lsu_cappuccino/netsoc_sdram_bankmachine5_cmd_buffer_lookahead_level_reg[0]_0[0]   | sys_rst                                                                                                                  |                1 |              4 |
|  sys_clk     | spiflash_bitbang_storage_full[3]_i_1_n_0                                                                                         | sys_rst                                                                                                                  |                1 |              4 |
|  sys_clk     | bankmachine6_next_state                                                                                                          | sys_rst                                                                                                                  |                2 |              4 |
|  sys_clk     | netsoc_uart_rx_fifo_syncfifo_re                                                                                                  | sys_rst                                                                                                                  |                2 |              4 |
|  sys_clk     | eventmanager_storage_full[3]_i_1_n_0                                                                                             | sys_rst                                                                                                                  |                1 |              4 |
|  sys_clk     | bankmachine3_next_state                                                                                                          | sys_rst                                                                                                                  |                2 |              4 |
|  sys_clk     | mor1kx/mor1kx_cpu/cappuccino.mor1kx_cpu/mor1kx_fetch_cappuccino/netsoc_sdram_bankmachine6_cmd_buffer_lookahead_level_reg[0]_0[0] | sys_rst                                                                                                                  |                2 |              4 |
|  sys_clk     | bankmachine0_next_state                                                                                                          | sys_rst                                                                                                                  |                2 |              4 |
|  sys_clk     | bankmachine7_next_state                                                                                                          | sys_rst                                                                                                                  |                1 |              4 |
|  sys_clk     | mor1kx/mor1kx_cpu/cappuccino.mor1kx_cpu/mor1kx_lsu_cappuccino/netsoc_sdram_bankmachine7_cmd_buffer_lookahead_level_reg[0]_0[0]   | sys_rst                                                                                                                  |                2 |              4 |
|  sys_clk     | mor1kx/mor1kx_cpu/cappuccino.mor1kx_cpu/mor1kx_lsu_cappuccino/netsoc_sdram_bankmachine0_cmd_buffer_lookahead_level_reg[0]_0[0]   | sys_rst                                                                                                                  |                2 |              4 |
|  sys_clk     | mor1kx/mor1kx_cpu/cappuccino.mor1kx_cpu/mor1kx_ctrl_cappuccino/I81                                                               | mor1kx/mor1kx_cpu/cappuccino.mor1kx_cpu/mor1kx_ctrl_cappuccino/tt.mor1kx_ticktimer/spr_ttcr_reg[0]_0                     |                1 |              4 |
|  sys_clk     | mor1kx/mor1kx_cpu/cappuccino.mor1kx_cpu/mor1kx_lsu_cappuccino/netsoc_sdram_bankmachine1_cmd_buffer_lookahead_level_reg[0]_0[0]   | sys_rst                                                                                                                  |                1 |              4 |
|  sys_clk     | netsoc_uart_tx_fifo_syncfifo_re                                                                                                  | sys_rst                                                                                                                  |                1 |              4 |
|  sys_clk     | netsoc_uart_rx_fifo_wrport_we                                                                                                    | sys_rst                                                                                                                  |                1 |              4 |
|  sys_clk     | netsoc_uart_tx_fifo_wrport_we                                                                                                    | sys_rst                                                                                                                  |                1 |              4 |
|  sys_clk     | bankmachine4_next_state                                                                                                          | sys_rst                                                                                                                  |                3 |              4 |
|  sys_clk     | bankmachine2_next_state                                                                                                          | sys_rst                                                                                                                  |                2 |              4 |
|  sys_clk     | multiplexer_next_state                                                                                                           | sys_rst                                                                                                                  |                2 |              4 |
|  sys_clk     |                                                                                                                                  | netsoc_csrbankarray_interface7_bank_bus_dat_r[3]_i_1_n_0                                                                 |                1 |              4 |
|  eth_tx_clk  | liteethmacgap_state                                                                                                              | tx_gap_inserter_counter_reset                                                                                            |                1 |              4 |
|  clk200_clk  | reset_counter[3]_i_1_n_0                                                                                                         | clk200_rst                                                                                                               |                1 |              4 |
|  eth_rx_clk  | liteethphymiirx_converter_converter_source_payload_data[3]_i_1_n_0                                                               | liteethphymiirx_converter_converter_source_payload_data[7]_i_1_n_0                                                       |                1 |              4 |
|  sys_clk     |                                                                                                                                  | mor1kx/mor1kx_cpu/cappuccino.mor1kx_cpu/mor1kx_fetch_cappuccino/icache_gen.mor1kx_icache/tag_ram/refill_valid_r_reg[3]_0 |                1 |              4 |
|  sys_clk     | netsoc_sdram_time1[3]_i_1_n_0                                                                                                    | sys_rst                                                                                                                  |                2 |              4 |
|  sys_clk     |                                                                                                                                  | netsoc_csrbankarray_interface0_bank_bus_dat_r[3]_i_1_n_0                                                                 |                2 |              4 |
|  sys_clk     | bankmachine1_next_state                                                                                                          | sys_rst                                                                                                                  |                2 |              4 |
|  sys_clk     | netsoc_uart_phy_sink_ready1392_out                                                                                               | netsoc_uart_phy_tx_bitcount[3]_i_1_n_0                                                                                   |                1 |              4 |
|  eth_rx_clk  | liteethphymiirx_converter_converter_source_payload_data[7]_i_2_n_0                                                               | liteethphymiirx_converter_converter_source_payload_data[7]_i_1_n_0                                                       |                1 |              4 |
|  sys_clk     | netsoc_uart_tx_fifo_level0[4]_i_1_n_0                                                                                            | sys_rst                                                                                                                  |                2 |              5 |
|  sys_clk     | netsoc_csrbankarray_csrbank2_half_sys8x_taps0_re                                                                                 | sys_rst                                                                                                                  |                1 |              5 |
|  sys_clk     | mor1kx/mor1kx_cpu/cappuccino.mor1kx_cpu/mor1kx_lsu_cappuccino/dbus_atomic                                                        |                                                                                                                          |                3 |              5 |
|  sys_clk     | mor1kx/mor1kx_cpu/cappuccino.mor1kx_cpu/mor1kx_lsu_cappuccino/dcache_gen.mor1kx_dcache/tag_ram/E[0]                              | mor1kx/mor1kx_cpu/cappuccino.mor1kx_cpu/mor1kx_ctrl_cappuccino/tt.mor1kx_ticktimer/spr_ttcr_reg[0]_0                     |                2 |              5 |
|  sys_clk     | netsoc_sdram_time0[4]_i_1_n_0                                                                                                    | sys_rst                                                                                                                  |                2 |              5 |
|  sys_clk     | netsoc_csrbankarray_csrbank6_dfii_control0_re                                                                                    | sys_rst                                                                                                                  |                2 |              5 |
|  sys_clk     | mor1kx/mor1kx_cpu/cappuccino.mor1kx_cpu/mor1kx_execute_alu/div_count[4]_i_2_n_0                                                  | mor1kx/mor1kx_cpu/cappuccino.mor1kx_cpu/mor1kx_decode_execute_cappuccino/div_count_reg[4]                                |                2 |              5 |
|  sys_clk     |                                                                                                                                  | netsoc_csrbankarray_interface2_bank_bus_dat_r[4]_i_1_n_0                                                                 |                2 |              5 |
|  sys_clk     | netsoc_uart_rx_fifo_level0[4]_i_1_n_0                                                                                            | sys_rst                                                                                                                  |                2 |              5 |
|  sys_clk     | netsoc_csrbankarray_csrbank6_dfii_pi2_command0_re                                                                                | sys_rst                                                                                                                  |                4 |              6 |
|  sys_clk     | netsoc_sdram_phaseinjector3_command_storage_full[5]_i_1_n_0                                                                      | sys_rst                                                                                                                  |                1 |              6 |
|  sys_clk     | netsoc_sdram_phaseinjector0_command_storage_full[5]_i_1_n_0                                                                      | sys_rst                                                                                                                  |                3 |              6 |
|  sys_clk     | mor1kx/mor1kx_cpu/cappuccino.mor1kx_cpu/mor1kx_ctrl_cappuccino/padv_execute_o                                                    | mor1kx/mor1kx_cpu/ctrl_except_itlb_miss_o_i_1_n_0                                                                        |                1 |              6 |
|  sys_clk     | mor1kx/mor1kx_cpu/cappuccino.mor1kx_cpu/mor1kx_fetch_cappuccino/ibus_dat                                                         |                                                                                                                          |                4 |              6 |
|  sys_clk     | netsoc_sdram_phaseinjector2_address_storage_full[13]_i_1_n_0                                                                     | sys_rst                                                                                                                  |                2 |              6 |
|  sys_clk     | netsoc_sdram_phaseinjector1_address_storage_full[13]_i_1_n_0                                                                     | sys_rst                                                                                                                  |                1 |              6 |
|  sys_clk     | netsoc_sdram_phaseinjector1_command_storage_full[5]_i_1_n_0                                                                      | sys_rst                                                                                                                  |                2 |              6 |
|  sys_clk     | netsoc_sdram_phaseinjector3_address_storage_full[13]_i_1_n_0                                                                     | sys_rst                                                                                                                  |                2 |              6 |
|  sys_clk     | netsoc_sdram_generator_counter                                                                                                   | sys_rst                                                                                                                  |                2 |              6 |
|  sys_clk     | mor1kx/mor1kx_cpu/cappuccino.mor1kx_cpu/mor1kx_execute_ctrl_cappuccino/spr_sr[0]                                                 | mor1kx/mor1kx_cpu/cappuccino.mor1kx_cpu/mor1kx_ctrl_cappuccino/spr_sr[12]_i_1_n_0                                        |                3 |              6 |
|  sys_clk     | netsoc_sdram_phaseinjector0_address_storage_full[13]_i_1_n_0                                                                     | sys_rst                                                                                                                  |                2 |              6 |
|  sys_clk     | dna_cnt[6]_i_1_n_0                                                                                                               | sys_rst                                                                                                                  |                2 |              7 |
|  sys_clk     | netsoc_sdram_phaseinjector2_wrdata_storage_full[15]_i_1_n_0                                                                      | sys_rst                                                                                                                  |                4 |              8 |
|  sys_clk     | reader_length_storage_full[7]_i_1_n_0                                                                                            | sys_rst                                                                                                                  |                4 |              8 |
|  sys_clk     | netsoc_sdram_phaseinjector0_wrdata_storage_full[7]_i_1_n_0                                                                       | sys_rst                                                                                                                  |                2 |              8 |
|  sys_clk     | spiflash_i                                                                                                                       | sys_rst                                                                                                                  |                3 |              8 |
|  sys_clk     | mor1kx/mor1kx_cpu/cappuccino.mor1kx_cpu/mor1kx_lsu_cappuccino/dcache_gen.mor1kx_dcache/invalidate_adr_0                          |                                                                                                                          |                3 |              8 |
|  sys_clk     | netsoc_uart_tx_fifo_syncfifo_re                                                                                                  |                                                                                                                          |                2 |              8 |
|  sys_clk     | netsoc_sdram_phaseinjector3_address_storage_full[7]_i_1_n_0                                                                      | sys_rst                                                                                                                  |                1 |              8 |
|  sys_clk     | netsoc_sdram_phaseinjector3_wrdata_storage_full[23]_i_1_n_0                                                                      | sys_rst                                                                                                                  |                2 |              8 |
|  sys_clk     | netsoc_timer0_reload_storage_full[7]_i_1_n_0                                                                                     | sys_rst                                                                                                                  |                2 |              8 |
|  sys_clk     | netsoc_ctrl_storage_full[7]_i_1_n_0                                                                                              | sys_rst                                                                                                                  |                2 |              8 |
|  sys_clk     | netsoc_timer0_load_storage_full[31]_i_1_n_0                                                                                      | sys_rst                                                                                                                  |                2 |              8 |
|  sys_clk     | netsoc_timer0_reload_storage_full[15]_i_1_n_0                                                                                    | sys_rst                                                                                                                  |                3 |              8 |
|  sys_clk     | netsoc_ctrl_storage_full[23]_i_1_n_0                                                                                             | sys_rst                                                                                                                  |                3 |              8 |
|  sys_clk     | p_4_out[7]                                                                                                                       | sys_rst                                                                                                                  |                3 |              8 |
|  sys_clk     | netsoc_sdram_phaseinjector1_address_storage_full[7]_i_1_n_0                                                                      | sys_rst                                                                                                                  |                3 |              8 |
|  sys_clk     | netsoc_sdram_phaseinjector1_wrdata_storage_full[7]_i_1_n_0                                                                       | sys_rst                                                                                                                  |                2 |              8 |
|  sys_clk     | netsoc_uart_phy_rx_reg                                                                                                           | sys_rst                                                                                                                  |                3 |              8 |
|  sys_clk     | netsoc_uart_phy_source_payload_data[7]_i_1_n_0                                                                                   | sys_rst                                                                                                                  |                2 |              8 |
|  sys_clk     | netsoc_sdram_phaseinjector0_wrdata_storage_full[31]_i_1_n_0                                                                      | sys_rst                                                                                                                  |                4 |              8 |
|  sys_clk     | netsoc_uart_phy_tx_reg[7]_i_1_n_0                                                                                                | sys_rst                                                                                                                  |                3 |              8 |
|  sys_clk     | p_4_out[31]                                                                                                                      | sys_rst                                                                                                                  |                2 |              8 |
|  sys_clk     | netsoc_sdram_phaseinjector1_wrdata_storage_full[31]_i_1_n_0                                                                      | sys_rst                                                                                                                  |                5 |              8 |
|  sys_clk     | netsoc_sdram_phaseinjector2_address_storage_full[7]_i_1_n_0                                                                      | sys_rst                                                                                                                  |                2 |              8 |
|  sys_clk     | p_4_out[23]                                                                                                                      | sys_rst                                                                                                                  |                2 |              8 |
|  sys_clk     | netsoc_sdram_phaseinjector1_wrdata_storage_full[23]_i_1_n_0                                                                      | sys_rst                                                                                                                  |                4 |              8 |
|  sys_clk     | netsoc_sdram_phaseinjector1_wrdata_storage_full[15]_i_1_n_0                                                                      | sys_rst                                                                                                                  |                5 |              8 |
|  sys_clk     | netsoc_ctrl_storage_full[31]_i_1_n_0                                                                                             | sys_rst                                                                                                                  |                2 |              8 |
|  sys_clk     | p_4_out[15]                                                                                                                      | sys_rst                                                                                                                  |                1 |              8 |
|  sys_clk     | netsoc_sdram_phaseinjector3_wrdata_storage_full[31]_i_1_n_0                                                                      | sys_rst                                                                                                                  |                4 |              8 |
|  sys_clk     | netsoc_sdram_phaseinjector3_wrdata_storage_full[7]_i_1_n_0                                                                       | sys_rst                                                                                                                  |                1 |              8 |
|  sys_clk     | netsoc_sdram_phaseinjector0_wrdata_storage_full[23]_i_1_n_0                                                                      | sys_rst                                                                                                                  |                3 |              8 |
|  sys_clk     | netsoc_ctrl_storage_full[15]_i_1_n_0                                                                                             | sys_rst                                                                                                                  |                2 |              8 |
|  sys_clk     | netsoc_uart_rx_fifo_syncfifo_re                                                                                                  |                                                                                                                          |                2 |              8 |
|  sys_clk     |                                                                                                                                  | netsoc_csrbankarray_interface9_bank_bus_dat_r[7]_i_1_n_0                                                                 |                3 |              8 |
|  sys_clk     | mor1kx/mor1kx_cpu/cappuccino.mor1kx_cpu/mor1kx_lsu_cappuccino/E[0]                                                               | sys_rst                                                                                                                  |                4 |              8 |
|  sys_clk     | netsoc_timer0_reload_storage_full[23]_i_1_n_0                                                                                    | sys_rst                                                                                                                  |                3 |              8 |
|  sys_clk     |                                                                                                                                  | netsoc_csrbankarray_interface5_bank_bus_dat_r[7]_i_1_n_0                                                                 |                6 |              8 |
|  sys_clk     | netsoc_timer0_reload_storage_full[31]_i_1_n_0                                                                                    | sys_rst                                                                                                                  |                1 |              8 |
|  sys_clk     | netsoc_timer0_load_storage_full[7]_i_1_n_0                                                                                       | sys_rst                                                                                                                  |                4 |              8 |
|  sys_clk     | mor1kx/mor1kx_cpu/cappuccino.mor1kx_cpu/mor1kx_fetch_cappuccino/icache_gen.mor1kx_icache/invalidate_adr[11]_i_1__0_n_0           |                                                                                                                          |                3 |              8 |
|  sys_clk     | netsoc_sdram_phaseinjector0_wrdata_storage_full[15]_i_1_n_0                                                                      | sys_rst                                                                                                                  |                3 |              8 |
|  sys_clk     | netsoc_sdram_phaseinjector2_wrdata_storage_full[7]_i_1_n_0                                                                       | sys_rst                                                                                                                  |                3 |              8 |
|  sys_clk     | netsoc_sdram_phaseinjector3_wrdata_storage_full[15]_i_1_n_0                                                                      | sys_rst                                                                                                                  |                3 |              8 |
|  sys_clk     | netsoc_sdram_phaseinjector0_address_storage_full[7]_i_1_n_0                                                                      | sys_rst                                                                                                                  |                3 |              8 |
|  sys_clk     |                                                                                                                                  | netsoc_csrbankarray_interface6_bank_bus_dat_r[7]_i_1_n_0                                                                 |                6 |              8 |
|  sys_clk     |                                                                                                                                  | netsoc_csrbankarray_interface3_bank_bus_dat_r[7]_i_1_n_0                                                                 |                6 |              8 |
|  sys_clk     |                                                                                                                                  | netsoc_csrbankarray_interface1_bank_bus_dat_r[7]_i_1_n_0                                                                 |                5 |              8 |
|  sys_clk     |                                                                                                                                  | netsoc_csrbankarray_interface10_bank_bus_dat_r[7]_i_1_n_0                                                                |                3 |              8 |
|  sys_clk     |                                                                                                                                  | netsoc_csrbankarray_interface8_bank_bus_dat_r[7]_i_1_n_0                                                                 |                6 |              8 |
|  sys_clk     | netsoc_sdram_phaseinjector2_wrdata_storage_full[23]_i_1_n_0                                                                      | sys_rst                                                                                                                  |                3 |              8 |
|  sys_clk     | netsoc_sdram_phaseinjector2_wrdata_storage_full[31]_i_1_n_0                                                                      | sys_rst                                                                                                                  |                5 |              8 |
|  sys_clk     | netsoc_timer0_load_storage_full[23]_i_1_n_0                                                                                      | sys_rst                                                                                                                  |                2 |              8 |
|  sys_clk     | netsoc_timer0_load_storage_full[15]_i_1_n_0                                                                                      | sys_rst                                                                                                                  |                3 |              8 |
|  sys_clk     | mor1kx/mor1kx_cpu/cappuccino.mor1kx_cpu/mor1kx_lsu_cappuccino/dmmu_gen.mor1kx_dmmu/dtlb[0].dtlb_translate_regs/padv_decode_o     | mor1kx/mor1kx_cpu/cappuccino.mor1kx_cpu/mor1kx_ctrl_cappuccino/tt.mor1kx_ticktimer/spr_ttcr_reg[0]_0                     |                5 |              8 |
|  sys_clk     | mor1kx/mor1kx_cpu/cappuccino.mor1kx_cpu/mor1kx_ctrl_cappuccino/padv_execute_o                                                    | mor1kx/mor1kx_cpu/cappuccino.mor1kx_cpu/mor1kx_ctrl_cappuccino/tt.mor1kx_ticktimer/spr_ttcr_reg[0]_0                     |                4 |              9 |
|  sys_clk     | mor1kx/mor1kx_cpu/cappuccino.mor1kx_cpu/mor1kx_lsu_cappuccino/dmmu_gen.mor1kx_dmmu/dtlb[0].dtlb_translate_regs/E[0]              | mor1kx/mor1kx_cpu/cappuccino.mor1kx_cpu/mor1kx_ctrl_cappuccino/tt.mor1kx_ticktimer/spr_ttcr_reg[0]_0                     |                3 |              9 |
|  sys_clk     | mor1kx/mor1kx_cpu/cappuccino.mor1kx_cpu/mor1kx_lsu_cappuccino/dmmu_gen.mor1kx_dmmu/dtlb[0].dtlb_translate_regs/mem_reg_1_1       | mor1kx/mor1kx_cpu/cappuccino.mor1kx_cpu/mor1kx_ctrl_cappuccino/tt.mor1kx_ticktimer/spr_ttcr_reg[0]_0                     |                3 |              9 |
|  sys_clk     | counter_ce                                                                                                                       | sys_rst                                                                                                                  |                4 |              9 |
|  sys_clk     | reader_counter_ce                                                                                                                | reader_counter[10]_i_1_n_0                                                                                               |                3 |              9 |
|  eth_rx_clk  |                                                                                                                                  | crc32_checker_syncfifo_level                                                                                             |                2 |              9 |
|  eth_rx_clk  | rx_converter_converter_source_payload_data[19]_i_1_n_0                                                                           | eth_rx_rst                                                                                                               |                2 |             10 |
|  eth_rx_clk  | rx_converter_converter_source_payload_data[29]_i_1_n_0                                                                           | eth_rx_rst                                                                                                               |                2 |             10 |
|  eth_rx_clk  | rx_converter_converter_source_payload_data[9]_i_1_n_0                                                                            | eth_rx_rst                                                                                                               |                3 |             10 |
|  eth_rx_clk  | rx_converter_converter_source_payload_data[39]_i_1_n_0                                                                           | eth_rx_rst                                                                                                               |                3 |             10 |
|  sys_clk     | netsoc_sdram_timer_count[9]_i_2_n_0                                                                                              | netsoc_sdram_timer_count[9]_i_1_n_0                                                                                      |                3 |             10 |
|  sys_clk     | vccbram_status                                                                                                                   | sys_rst                                                                                                                  |                5 |             12 |
|  sys_clk     | temperature_status                                                                                                               | sys_rst                                                                                                                  |                3 |             12 |
|  sys_clk     | vccint_status                                                                                                                    | sys_rst                                                                                                                  |                6 |             12 |
|  sys_clk     | vccaux_status                                                                                                                    | sys_rst                                                                                                                  |                5 |             12 |
|  sys_clk     | netsoc_sdram_bankmachine5_row                                                                                                    | sys_rst                                                                                                                  |                2 |             14 |
|  sys_clk     | netsoc_sdram_bankmachine1_row[13]_i_1_n_0                                                                                        | sys_rst                                                                                                                  |                3 |             14 |
|  sys_clk     | netsoc_sdram_bankmachine0_row                                                                                                    | sys_rst                                                                                                                  |                4 |             14 |
|  sys_clk     | netsoc_sdram_bankmachine4_row[13]_i_1_n_0                                                                                        | sys_rst                                                                                                                  |                3 |             14 |
|  sys_clk     | netsoc_sdram_bankmachine3_row                                                                                                    | sys_rst                                                                                                                  |                4 |             14 |
|  sys_clk     | netsoc_sdram_bankmachine2_row                                                                                                    | sys_rst                                                                                                                  |                3 |             14 |
|  sys_clk     | netsoc_sdram_bankmachine6_row[13]_i_1_n_0                                                                                        | sys_rst                                                                                                                  |                2 |             14 |
|  sys_clk     | netsoc_sdram_bankmachine7_row                                                                                                    | sys_rst                                                                                                                  |                3 |             14 |
|  eth_tx_clk  | padding_inserter_counter_ce                                                                                                      | padding_inserter_counter[14]                                                                                             |                4 |             15 |
|  sys_clk     | storage_15_reg_0_1_0_5_i_1_n_0                                                                                                   |                                                                                                                          |                2 |             16 |
|  sys_clk     | netsoc_uart_tx_fifo_wrport_we                                                                                                    |                                                                                                                          |                2 |             16 |
|  sys_clk     | netsoc_uart_rx_fifo_wrport_we                                                                                                    |                                                                                                                          |                2 |             16 |
|  sys_clk     | mor1kx/mor1kx_cpu/cappuccino.mor1kx_cpu/mor1kx_execute_ctrl_cappuccino/spr_esr_reg[15][0]                                        | mor1kx/mor1kx_cpu/cappuccino.mor1kx_cpu/mor1kx_ctrl_cappuccino/tt.mor1kx_ticktimer/spr_ttcr_reg[0]_0                     |                9 |             16 |
|  eth_rx_clk  | crc32_checker_syncfifo_wrport_we                                                                                                 |                                                                                                                          |                2 |             16 |
|  sys_clk     | mor1kx/mor1kx_cpu/cappuccino.mor1kx_cpu/mor1kx_execute_ctrl_cappuccino/spr_evbar_reg[31][0]                                      | mor1kx/mor1kx_cpu/cappuccino.mor1kx_cpu/mor1kx_ctrl_cappuccino/tt.mor1kx_ticktimer/spr_ttcr_reg[0]_0                     |                7 |             19 |
|  sys_clk     | eventsourceprocess1_trigger                                                                                                      | waittimer1_count[0]_i_1_n_0                                                                                              |                5 |             20 |
|  sys_clk     | mor1kx/mor1kx_cpu/cappuccino.mor1kx_cpu/mor1kx_lsu_cappuccino/dcache_gen.mor1kx_dcache/way_memories[0].way_data_ram/mem_reg_2    | mor1kx/mor1kx_cpu/cappuccino.mor1kx_cpu/mor1kx_lsu_cappuccino/netsoc_count_reg_0_sn_1                                    |                5 |             20 |
|  sys_clk     | eventsourceprocess0_trigger                                                                                                      | waittimer0_count[0]_i_1_n_0                                                                                              |                5 |             20 |
|  sys_clk     | eventsourceprocess2_trigger                                                                                                      | waittimer2_count[0]_i_1_n_0                                                                                              |                5 |             20 |
|  sys_clk     | eventsourceprocess3_trigger                                                                                                      | waittimer3_count[0]_i_1_n_0                                                                                              |                5 |             20 |
|  sys_clk     | mor1kx/mor1kx_cpu/cappuccino.mor1kx_cpu/mor1kx_fetch_cappuccino/icache_gen.mor1kx_icache/tag_ram/refill_valid_r_reg[3]_0         |                                                                                                                          |                5 |             21 |
|  sys_clk     | mor1kx/mor1kx_cpu/cappuccino.mor1kx_cpu/mor1kx_lsu_cappuccino/dcache_gen.mor1kx_dcache/tag_ram/tag_save_lru_reg[0]_0[0]          |                                                                                                                          |                8 |             21 |
|  sys_clk     | spiflash_sr[31]_i_1_n_0                                                                                                          | sys_rst                                                                                                                  |               15 |             22 |
|  eth_tx_clk  |                                                                                                                                  | eth_tx_rst                                                                                                               |               10 |             22 |
|  eth_rx_clk  |                                                                                                                                  |                                                                                                                          |                8 |             22 |
|  sys_clk     | netsoc_sdram_bankmachine0_cmd_buffer_pipe_ce                                                                                     | sys_rst                                                                                                                  |                8 |             23 |
|  sys_clk     | netsoc_sdram_bankmachine2_cmd_buffer_pipe_ce                                                                                     | sys_rst                                                                                                                  |                7 |             23 |
|  sys_clk     | netsoc_sdram_bankmachine5_cmd_buffer_pipe_ce                                                                                     | sys_rst                                                                                                                  |                8 |             23 |
|  sys_clk     | netsoc_sdram_bankmachine3_cmd_buffer_pipe_ce                                                                                     | sys_rst                                                                                                                  |                7 |             23 |
|  sys_clk     | netsoc_sdram_bankmachine1_cmd_buffer_pipe_ce                                                                                     | sys_rst                                                                                                                  |                7 |             23 |
|  sys_clk     | netsoc_sdram_bankmachine7_cmd_buffer_pipe_ce                                                                                     | sys_rst                                                                                                                  |                6 |             23 |
|  sys_clk     | netsoc_sdram_bankmachine4_cmd_buffer_pipe_ce                                                                                     | sys_rst                                                                                                                  |                6 |             23 |
|  sys_clk     | mor1kx/mor1kx_cpu/cappuccino.mor1kx_cpu/mor1kx_ctrl_cappuccino/p_29_in                                                           |                                                                                                                          |               11 |             23 |
|  sys_clk     | netsoc_sdram_bankmachine6_cmd_buffer_pipe_ce                                                                                     | sys_rst                                                                                                                  |                7 |             23 |
|  sys_clk     | mor1kx/mor1kx_cpu/cappuccino.mor1kx_cpu/mor1kx_lsu_cappuccino/dmmu_gen.mor1kx_dmmu/dtlb[0].dtlb_translate_regs/padv_decode_o     | mor1kx/mor1kx_cpu/cappuccino.mor1kx_cpu/mor1kx_ctrl_cappuccino/execute_op_movhi_o_reg                                    |                5 |             23 |
|  sys_clk     | a7ddrphy_bitslip0_value                                                                                                          | a7ddrphy_bitslip7_value                                                                                                  |                7 |             24 |
|  eth_rx_clk  |                                                                                                                                  | eth_rx_rst                                                                                                               |                9 |             24 |
|  sys_clk     | a7ddrphy_bitslip8_value                                                                                                          | a7ddrphy_bitslip15_value                                                                                                 |               10 |             24 |
|  sys_clk     | netsoc_sdram_bandwidth_nwrites[0]_i_1_n_0                                                                                        | netsoc_sdram_bandwidth_nwrites                                                                                           |                6 |             24 |
|  sys_clk     | netsoc_sdram_bandwidth_nreads                                                                                                    | netsoc_sdram_bandwidth_nwrites                                                                                           |                6 |             24 |
|  sys_clk     | mor1kx/mor1kx_cpu/cappuccino.mor1kx_cpu/mor1kx_fetch_cappuccino/ibus_dat                                                         | mor1kx/mor1kx_cpu/cappuccino.mor1kx_cpu/mor1kx_fetch_cappuccino/ibus_dat[31]_i_1_n_0                                     |               12 |             26 |
|  sys_clk     | mor1kx/mor1kx_cpu/cappuccino.mor1kx_cpu/mor1kx_fetch_cappuccino/icache_gen.mor1kx_icache/tag_ram/pc_fetch_reg[0]                 | mor1kx/mor1kx_cpu/cappuccino.mor1kx_cpu/mor1kx_ctrl_cappuccino/tt.mor1kx_ticktimer/spr_ttcr_reg[0]_0                     |               14 |             26 |
|  eth_tx_clk  |                                                                                                                                  |                                                                                                                          |               10 |             27 |
|  sys_clk     | mor1kx/mor1kx_cpu/cappuccino.mor1kx_cpu/mor1kx_fetch_cappuccino/icache_gen.mor1kx_icache/tag_ram/E[1]                            |                                                                                                                          |                7 |             28 |
|  sys_clk     | mor1kx/mor1kx_cpu/cappuccino.mor1kx_cpu/mor1kx_lsu_cappuccino/dbus_adr[30]                                                       |                                                                                                                          |               16 |             28 |
|  sys_clk     | mor1kx/mor1kx_cpu/cappuccino.mor1kx_cpu/mor1kx_execute_ctrl_cappuccino/atomic_gen.atomic_addr_reg[2]_0[0]                        |                                                                                                                          |                9 |             30 |
|  sys_clk     | mor1kx/mor1kx_cpu/cappuccino.mor1kx_cpu/mor1kx_execute_alu/div_r[30]_i_1_n_0                                                     | mor1kx/mor1kx_cpu/cappuccino.mor1kx_cpu/mor1kx_decode_execute_cappuccino/div_done0                                       |                6 |             31 |
|  sys_clk     | mor1kx/mor1kx_cpu/cappuccino.mor1kx_cpu/mor1kx_execute_ctrl_cappuccino/spr_ttmr_reg[0][0]                                        | mor1kx/mor1kx_cpu/cappuccino.mor1kx_cpu/mor1kx_ctrl_cappuccino/tt.mor1kx_ticktimer/spr_ttcr_reg[0]_0                     |                9 |             31 |
|  sys_clk     |                                                                                                                                  | netsoc_uart_phy_phase_accumulator_rx[30]_i_1_n_0                                                                         |                8 |             31 |
|  sys_clk     | mor1kx/mor1kx_cpu/cappuccino.mor1kx_cpu/mor1kx_ctrl_cappuccino/tt.mor1kx_ticktimer/spr_ttcr[31]_i_1_n_0                          | mor1kx/mor1kx_cpu/cappuccino.mor1kx_cpu/mor1kx_ctrl_cappuccino/tt.mor1kx_ticktimer/spr_ttcr_reg[0]_0                     |               10 |             32 |
|  sys_clk     | mor1kx/mor1kx_cpu/cappuccino.mor1kx_cpu/mor1kx_decode_execute_cappuccino/div_n_reg[0][0]                                         |                                                                                                                          |               16 |             32 |
|  sys_clk     | mor1kx/mor1kx_cpu/cappuccino.mor1kx_cpu/mor1kx_fetch_cappuccino/immu_gen.mor1kx_immu/spr_bus_dat_r[31]_i_1_n_0                   |                                                                                                                          |               23 |             32 |
|  sys_clk     | mor1kx/mor1kx_cpu/cappuccino.mor1kx_cpu/mor1kx_lsu_cappuccino/netsoc_sdram_bankmachine3_cmd_buffer_lookahead_level_reg[3]        |                                                                                                                          |                4 |             32 |
|  sys_clk     | mem_4_reg_i_26_n_0                                                                                                               | writer_counter[0]_i_1_n_0                                                                                                |                8 |             32 |
|  sys_clk     | mor1kx/mor1kx_cpu/cappuccino.mor1kx_cpu/mor1kx_execute_ctrl_cappuccino/spr_epcr_reg[31][0]                                       |                                                                                                                          |               13 |             32 |
|  sys_clk     | mor1kx/mor1kx_cpu/cappuccino.mor1kx_cpu/mor1kx_lsu_cappuccino/netsoc_sdram_bankmachine0_cmd_buffer_lookahead_level_reg[0]        |                                                                                                                          |                4 |             32 |
|  sys_clk     | mor1kx/mor1kx_cpu/cappuccino.mor1kx_cpu/mor1kx_lsu_cappuccino/netsoc_sdram_bankmachine5_cmd_buffer_lookahead_level_reg[0]        |                                                                                                                          |                4 |             32 |
|  sys_clk     | mor1kx/mor1kx_cpu/cappuccino.mor1kx_cpu/mor1kx_lsu_cappuccino/netsoc_sdram_bankmachine7_cmd_buffer_lookahead_level_reg[0]        |                                                                                                                          |                4 |             32 |
|  sys_clk     | ps_preamble_error_o                                                                                                              | sys_rst                                                                                                                  |                8 |             32 |
|  sys_clk     | mor1kx/mor1kx_cpu/cappuccino.mor1kx_cpu/mor1kx_ctrl_cappuccino/pc_ctrl_o_reg[0][0]                                               | mor1kx/mor1kx_cpu/cappuccino.mor1kx_cpu/mor1kx_ctrl_cappuccino/tt.mor1kx_ticktimer/spr_ttcr_reg[0]_0                     |                6 |             32 |
|  sys_clk     | mor1kx/mor1kx_cpu/cappuccino.mor1kx_cpu/mor1kx_ctrl_cappuccino/spr_eear_reg[31]_0[0]                                             | mor1kx/mor1kx_cpu/cappuccino.mor1kx_cpu/mor1kx_ctrl_cappuccino/tt.mor1kx_ticktimer/spr_ttcr_reg[0]_0                     |               16 |             32 |
|  sys_clk     | mor1kx/mor1kx_cpu/cappuccino.mor1kx_cpu/mor1kx_decode_execute_cappuccino/ctrl_lsu_adr_o_reg[31][0]                               |                                                                                                                          |                8 |             32 |
|  sys_clk     |                                                                                                                                  | netsoc_uart_phy_phase_accumulator_tx[31]_i_1_n_0                                                                         |                8 |             32 |
|  sys_clk     | netsoc_ctrl_bus_errors                                                                                                           | sys_rst                                                                                                                  |                8 |             32 |
|  eth_tx_clk  | crc32_inserter_ce                                                                                                                | crc32_inserter_reg                                                                                                       |                9 |             32 |
|  eth_rx_clk  | crc32_checker_crc_ce                                                                                                             | crc32_checker_syncfifo_level                                                                                             |               14 |             32 |
|  sys_clk     | mor1kx/mor1kx_cpu/cappuccino.mor1kx_cpu/mor1kx_lsu_cappuccino/netsoc_sdram_bankmachine1_cmd_buffer_lookahead_level_reg[0]        |                                                                                                                          |                4 |             32 |
|  sys_clk     | netsoc_timer0_update_value_re                                                                                                    | sys_rst                                                                                                                  |               10 |             32 |
|  sys_clk     | mor1kx/mor1kx_cpu/cappuccino.mor1kx_cpu/mor1kx_lsu_cappuccino/dbus_dat[31]_i_1_n_0                                               |                                                                                                                          |               14 |             32 |
|  sys_clk     | mor1kx/mor1kx_cpu/cappuccino.mor1kx_cpu/mor1kx_fetch_cappuccino/netsoc_sdram_bankmachine6_cmd_buffer_lookahead_level_reg[0]      |                                                                                                                          |                4 |             32 |
|  sys_clk     | mor1kx/mor1kx_cpu/cappuccino.mor1kx_cpu/mor1kx_fetch_cappuccino/netsoc_sdram_bankmachine4_cmd_buffer_lookahead_level_reg[2]      |                                                                                                                          |                4 |             32 |
|  sys_clk     | mor1kx/mor1kx_cpu/cappuccino.mor1kx_cpu/mor1kx_fetch_cappuccino/netsoc_sdram_bankmachine2_cmd_buffer_lookahead_level_reg[0]      |                                                                                                                          |                4 |             32 |
|  sys_clk     | mor1kx/mor1kx_cpu/cappuccino.mor1kx_cpu/mor1kx_execute_ctrl_cappuccino/spr_picmr_reg[0][0]                                       | mor1kx/mor1kx_cpu/cappuccino.mor1kx_cpu/mor1kx_ctrl_cappuccino/tt.mor1kx_ticktimer/spr_ttcr_reg[0]_0                     |               12 |             32 |
|  sys_clk     | writer_errors_status_next_value_ce                                                                                               | sys_rst                                                                                                                  |                9 |             32 |
|  sys_clk     | mor1kx/mor1kx_cpu/cappuccino.mor1kx_cpu/mor1kx_execute_ctrl_cappuccino/E[0]                                                      |                                                                                                                          |                8 |             32 |
|  sys_clk     | mor1kx/mor1kx_cpu/cappuccino.mor1kx_cpu/mor1kx_execute_ctrl_cappuccino/wb_to_decode_result_b_reg[0][0]                           |                                                                                                                          |                6 |             32 |
|  sys_clk     | ps_crc_error_o                                                                                                                   | sys_rst                                                                                                                  |                8 |             32 |
|  sys_clk     | mor1kx/mor1kx_cpu/cappuccino.mor1kx_cpu/mor1kx_fetch_cappuccino/p_11_in                                                          |                                                                                                                          |                6 |             32 |
|  sys_clk     | mor1kx/mor1kx_cpu/cappuccino.mor1kx_cpu/mor1kx_fetch_cappuccino/p_11_in                                                          | mor1kx/mor1kx_cpu/cappuccino.mor1kx_cpu/mor1kx_ctrl_cappuccino/SR[0]                                                     |               10 |             32 |
|  sys_clk     | mor1kx/mor1kx_cpu/cappuccino.mor1kx_cpu/mor1kx_ctrl_cappuccino/E[0]                                                              | mor1kx/mor1kx_cpu/cappuccino.mor1kx_cpu/mor1kx_ctrl_cappuccino/tt.mor1kx_ticktimer/spr_ttcr_reg[0]_0                     |               15 |             32 |
|  sys_clk     | mor1kx/mor1kx_cpu/cappuccino.mor1kx_cpu/mor1kx_decode_execute_cappuccino/div_done0                                               |                                                                                                                          |               15 |             33 |
|  sys_clk     | mor1kx/mor1kx_cpu/cappuccino.mor1kx_cpu/mor1kx_fetch_cappuccino/E[0]                                                             |                                                                                                                          |               19 |             33 |
|  sys_clk     | netsoc_sdram_bandwidth_period                                                                                                    | sys_rst                                                                                                                  |                9 |             48 |
|  sys_clk     | netsoc_sdram_bandwidth_update_re                                                                                                 | sys_rst                                                                                                                  |                9 |             48 |
|  sys_clk     | writer_fifo_wrport_we__0                                                                                                         |                                                                                                                          |                6 |             48 |
|  sys_clk     | dna_status                                                                                                                       | sys_rst                                                                                                                  |               14 |             57 |
|  sys_clk     | mor1kx/mor1kx_cpu/cappuccino.mor1kx_cpu/mor1kx_decode_execute_cappuccino/decode_valid_o                                          |                                                                                                                          |               34 |             64 |
|  sys_clk     | mor1kx/mor1kx_cpu/cappuccino.mor1kx_cpu/mor1kx_lsu_cappuccino/dmmu_gen.mor1kx_dmmu/dtlb[0].dtlb_translate_regs/E[0]              |                                                                                                                          |               29 |             67 |
|  sys_clk     | mor1kx/mor1kx_cpu/cappuccino.mor1kx_cpu/mor1kx_ctrl_cappuccino/padv_execute_o                                                    |                                                                                                                          |               29 |             72 |
|  sys_clk     |                                                                                                                                  | mor1kx/mor1kx_cpu/cappuccino.mor1kx_cpu/mor1kx_ctrl_cappuccino/tt.mor1kx_ticktimer/spr_ttcr_reg[0]_0                     |               35 |             75 |
|  sys_clk     | netsoc_sdram_inti_p0_rddata_valid                                                                                                | sys_rst                                                                                                                  |               54 |            128 |
|  sys_clk     | mor1kx/mor1kx_cpu/cappuccino.mor1kx_cpu/mor1kx_lsu_cappuccino/dmmu_gen.mor1kx_dmmu/dtlb[0].dtlb_translate_regs/padv_decode_o     |                                                                                                                          |               48 |            208 |
|  sys_clk     |                                                                                                                                  |                                                                                                                          |              146 |            292 |
|  sys_clk     |                                                                                                                                  | sys_rst                                                                                                                  |              264 |            817 |
+--------------+----------------------------------------------------------------------------------------------------------------------------------+--------------------------------------------------------------------------------------------------------------------------+------------------+----------------+


+--------+-----------------------+
| Fanout | Number of ControlSets |
+--------+-----------------------+
| 1      |                     5 |
| 2      |                     5 |
| 4      |                    37 |
| 5      |                     9 |
| 6      |                    12 |
| 7      |                     1 |
| 8      |                    54 |
| 9      |                     6 |
| 10     |                     5 |
| 12     |                     4 |
| 14     |                     8 |
| 15     |                     1 |
| 16+    |                    85 |
+--------+-----------------------+


