Copyright 1986-2017 Xilinx, Inc. All Rights Reserved.
--------------------------------------------------------------------------------------------------------------
| Tool Version : Vivado v.2017.3 (lin64) Build 2018833 Wed Oct  4 19:58:07 MDT 2017
| Date         : Tue Oct  2 11:17:11 2018
| Host         : travis-job-timvideos-hdmi2usb-litex-435957384.travisci.net running 64-bit Ubuntu 14.04.5 LTS
| Command      : report_utilization -hierarchical -file top_utilization_hierarchical_place.rpt
| Design       : top
| Device       : 7a35tcsg324-1
| Design State : Fully Placed
--------------------------------------------------------------------------------------------------------------

Utilization Design Information

Table of Contents
-----------------
1. Utilization by Hierarchy

1. Utilization by Hierarchy
---------------------------

+----------------------------+------------------+------------+------------+---------+------+------+--------+--------+--------------+
|          Instance          |      Module      | Total LUTs | Logic LUTs | LUTRAMs | SRLs |  FFs | RAMB36 | RAMB18 | DSP48 Blocks |
+----------------------------+------------------+------------+------------+---------+------+------+--------+--------+--------------+
| top                        |            (top) |       3943 |       3773 |     168 |    2 | 3335 |     17 |     25 |            4 |
|   (top)                    |            (top) |       1844 |       1698 |     144 |    2 | 1878 |     16 |     17 |            0 |
|   VexRiscv                 |         VexRiscv |       2100 |       2076 |      24 |    0 | 1457 |      1 |      8 |            4 |
|     (VexRiscv)             |         VexRiscv |        775 |        775 |       0 |    0 |  904 |      0 |      2 |            4 |
|     IBusCachedPlugin_cache | InstructionCache |        376 |        376 |       0 |    0 |   97 |      1 |      1 |            0 |
|     dataCache_1            |        DataCache |        949 |        925 |      24 |    0 |  456 |      0 |      5 |            0 |
+----------------------------+------------------+------------+------------+---------+------+------+--------+--------+--------------+
* Note: The sum of lower-level cells may be larger than their parent cells total, due to cross-hierarchy LUT combining


