Copyright 1986-2017 Xilinx, Inc. All Rights Reserved.
--------------------------------------------------------------------------------------------------------------
| Tool Version : Vivado v.2017.3 (lin64) Build 2018833 Wed Oct  4 19:58:07 MDT 2017
| Date         : Sun Nov 18 01:17:21 2018
| Host         : travis-job-timvideos-hdmi2usb-litex-456468519.travisci.net running 64-bit Ubuntu 14.04.5 LTS
| Command      : report_utilization -hierarchical -file top_utilization_hierarchical_synth.rpt
| Design       : top
| Device       : 7a35tcsg324-1
| Design State : Synthesized
--------------------------------------------------------------------------------------------------------------

Utilization Design Information

Table of Contents
-----------------
1. Utilization by Hierarchy

1. Utilization by Hierarchy
---------------------------

+------------------------+------------------+------------+------------+---------+------+------+--------+--------+--------------+
|        Instance        |      Module      | Total LUTs | Logic LUTs | LUTRAMs | SRLs |  FFs | RAMB36 | RAMB18 | DSP48 Blocks |
+------------------------+------------------+------------+------------+---------+------+------+--------+--------+--------------+
| top                    |            (top) |       4929 |       4719 |     208 |    2 | 4355 |     19 |     35 |            4 |
|   (top)                |            (top) |       2702 |       2516 |     184 |    2 | 2902 |     18 |     27 |            0 |
|   VexRiscv             |         VexRiscv |       2227 |       2203 |      24 |    0 | 1453 |      1 |      8 |            4 |
|     (VexRiscv)         |         VexRiscv |        851 |        851 |       0 |    0 |  932 |      0 |      2 |            4 |
|     dataCache_1        |        DataCache |       1221 |       1197 |      24 |    0 |  456 |      0 |      5 |            0 |
|     instructionCache_1 | InstructionCache |        156 |        156 |       0 |    0 |   65 |      1 |      1 |            0 |
+------------------------+------------------+------------+------------+---------+------+------+--------+--------+--------------+


