Copyright 1986-2017 Xilinx, Inc. All Rights Reserved.
---------------------------------------------------------------------------------------------------
| Tool Version : Vivado v.2017.3 (lin64) Build 2018833 Wed Oct  4 19:58:07 MDT 2017
| Date         : Tue Jul  9 09:38:17 2019
| Host         : travis-job-4a176aa8-c8dd-4edb-a965-a4de9b5de3bb running 64-bit Ubuntu 14.04.5 LTS
| Command      : report_utilization -hierarchical -file top_utilization_hierarchical_synth.rpt
| Design       : top
| Device       : 7a35tcsg324-1
| Design State : Synthesized
---------------------------------------------------------------------------------------------------

Utilization Design Information

Table of Contents
-----------------
1. Utilization by Hierarchy

1. Utilization by Hierarchy
---------------------------

+----------------------------+------------------+------------+------------+---------+------+------+--------+--------+--------------+
|          Instance          |      Module      | Total LUTs | Logic LUTs | LUTRAMs | SRLs |  FFs | RAMB36 | RAMB18 | DSP48 Blocks |
+----------------------------+------------------+------------+------------+---------+------+------+--------+--------+--------------+
| top                        |            (top) |       4859 |       4673 |     184 |    2 | 4141 |     19 |     35 |            4 |
|   (top)                    |            (top) |       2706 |       2520 |     184 |    2 | 2913 |     18 |     27 |            0 |
|   VexRiscv                 |         VexRiscv |       2153 |       2153 |       0 |    0 | 1228 |      1 |      8 |            4 |
|     (VexRiscv)             |         VexRiscv |       1068 |       1068 |       0 |    0 | 1007 |      0 |      2 |            4 |
|     IBusCachedPlugin_cache | InstructionCache |        577 |        577 |       0 |    0 |  100 |      1 |      1 |            0 |
|     dataCache_1_           |        DataCache |        508 |        508 |       0 |    0 |  121 |      0 |      5 |            0 |
+----------------------------+------------------+------------+------------+---------+------+------+--------+--------+--------------+


