Copyright 1986-2017 Xilinx, Inc. All Rights Reserved.
---------------------------------------------------------------------------------------------------
| Tool Version : Vivado v.2017.3 (lin64) Build 2018833 Wed Oct  4 19:58:07 MDT 2017
| Date         : Tue Dec 25 07:13:02 2018
| Host         : travis-job-0bb0ea84-b717-49e5-a4de-7ed60d2700f7 running 64-bit Ubuntu 14.04.5 LTS
| Command      : report_utilization -hierarchical -file top_utilization_hierarchical_synth.rpt
| Design       : top
| Device       : 7a50tfgg484-1
| Design State : Synthesized
---------------------------------------------------------------------------------------------------

Utilization Design Information

Table of Contents
-----------------
1. Utilization by Hierarchy

1. Utilization by Hierarchy
---------------------------

+----------------------------+------------------+------------+------------+---------+------+------+--------+--------+--------------+
|          Instance          |      Module      | Total LUTs | Logic LUTs | LUTRAMs | SRLs |  FFs | RAMB36 | RAMB18 | DSP48 Blocks |
+----------------------------+------------------+------------+------------+---------+------+------+--------+--------+--------------+
| top                        |            (top) |       4829 |       4619 |     208 |    2 | 4239 |     27 |     35 |            4 |
|   (top)                    |            (top) |       2603 |       2417 |     184 |    2 | 2781 |     26 |     27 |            0 |
|   VexRiscv                 |         VexRiscv |       2226 |       2202 |      24 |    0 | 1458 |      1 |      8 |            4 |
|     (VexRiscv)             |         VexRiscv |        850 |        850 |       0 |    0 |  902 |      0 |      2 |            4 |
|     IBusCachedPlugin_cache | InstructionCache |        371 |        371 |       0 |    0 |  100 |      1 |      1 |            0 |
|     dataCache_1            |        DataCache |       1005 |        981 |      24 |    0 |  456 |      0 |      5 |            0 |
+----------------------------+------------------+------------+------------+---------+------+------+--------+--------+--------------+


