Copyright 1986-2017 Xilinx, Inc. All Rights Reserved.
---------------------------------------------------------------------------------------------------
| Tool Version : Vivado v.2017.3 (lin64) Build 2018833 Wed Oct  4 19:58:07 MDT 2017
| Date         : Fri Aug  2 11:38:36 2019
| Host         : travis-job-42c8f03e-60a0-4edc-8ecb-91d97fe3a5ee running 64-bit Ubuntu 16.04.6 LTS
| Command      : report_utilization -hierarchical -file top_utilization_hierarchical_place.rpt
| Design       : top
| Device       : 7a50tfgg484-1
| Design State : Fully Placed
---------------------------------------------------------------------------------------------------

Utilization Design Information

Table of Contents
-----------------
1. Utilization by Hierarchy

1. Utilization by Hierarchy
---------------------------

+----------------------------+------------------+------------+------------+---------+------+------+--------+--------+--------------+
|          Instance          |      Module      | Total LUTs | Logic LUTs | LUTRAMs | SRLs |  FFs | RAMB36 | RAMB18 | DSP48 Blocks |
+----------------------------+------------------+------------+------------+---------+------+------+--------+--------+--------------+
| top                        |            (top) |       4141 |       3995 |     144 |    2 | 3529 |     25 |     25 |            4 |
|   (top)                    |            (top) |       2064 |       1918 |     144 |    2 | 2302 |     24 |     17 |            0 |
|   VexRiscv                 |         VexRiscv |       2078 |       2078 |       0 |    0 | 1227 |      1 |      8 |            4 |
|     (VexRiscv)             |         VexRiscv |        981 |        981 |       0 |    0 | 1003 |      0 |      2 |            4 |
|     IBusCachedPlugin_cache | InstructionCache |        573 |        573 |       0 |    0 |  103 |      1 |      1 |            0 |
|     dataCache_1_           |        DataCache |        525 |        525 |       0 |    0 |  121 |      0 |      5 |            0 |
+----------------------------+------------------+------------+------------+---------+------+------+--------+--------+--------------+
* Note: The sum of lower-level cells may be larger than their parent cells total, due to cross-hierarchy LUT combining


