Copyright 1986-2017 Xilinx, Inc. All Rights Reserved.
--------------------------------------------------------------------------------------------------------------
| Tool Version : Vivado v.2017.3 (lin64) Build 2018833 Wed Oct  4 19:58:07 MDT 2017
| Date         : Sat Feb 10 17:24:49 2018
| Host         : travis-job-timvideos-hdmi2usb-litex-339893307.travisci.net running 64-bit Ubuntu 14.04.5 LTS
| Command      : report_timing_summary -file top_timing_synth.rpt
| Design       : top
| Device       : 7a35t-csg324
| Speed File   : -1  PRODUCTION 1.19 2017-08-11
--------------------------------------------------------------------------------------------------------------

Timing Summary Report

------------------------------------------------------------------------------------------------
| Timer Settings
| --------------
------------------------------------------------------------------------------------------------

  Enable Multi Corner Analysis               :  Yes
  Enable Pessimism Removal                   :  Yes
  Pessimism Removal Resolution               :  Nearest Common Node
  Enable Input Delay Default Clock           :  No
  Enable Preset / Clear Arcs                 :  No
  Disable Flight Delays                      :  No
  Ignore I/O Paths                           :  No
  Timing Early Launch at Borrowing Latches   :  false

  Corner  Analyze    Analyze    
  Name    Max Paths  Min Paths  
  ------  ---------  ---------  
  Slow    Yes        Yes        
  Fast    Yes        Yes        



check_timing report

Table of Contents
-----------------
1. checking no_clock
2. checking constant_clock
3. checking pulse_width_clock
4. checking unconstrained_internal_endpoints
5. checking no_input_delay
6. checking no_output_delay
7. checking multiple_clock
8. checking generated_clocks
9. checking loops
10. checking partial_input_delay
11. checking partial_output_delay
12. checking latch_loops

1. checking no_clock
--------------------
 There is 1 register/latch pin with no clock driven by root clock pin: dna_cnt_reg[0]/Q (HIGH)


2. checking constant_clock
--------------------------
 There are 0 register/latch pins with constant_clock.


3. checking pulse_width_clock
-----------------------------
 There are 0 register/latch pins which need pulse_width check


4. checking unconstrained_internal_endpoints
--------------------------------------------
 There are 2 pins that are not constrained for maximum delay. (HIGH)

 There are 0 pins that are not constrained for maximum delay due to constant clock.


5. checking no_input_delay
--------------------------
 There are 19 input ports with no input delay specified. (HIGH)

 There are 0 input ports with no input delay but user has a false path constraint.


6. checking no_output_delay
---------------------------
 There are 48 ports with no output delay specified. (HIGH)

 There are 0 ports with no output delay but user has a false path constraint

 There are 0 ports with no output delay but with a timing clock defined on it or propagating through it


7. checking multiple_clock
--------------------------
 There are 0 register/latch pins with multiple clocks.


8. checking generated_clocks
----------------------------
 There are 0 generated clocks that are not connected to a clock source.


9. checking loops
-----------------
 There are 0 combinational loops in the design.


10. checking partial_input_delay
--------------------------------
 There are 0 input ports with partial input delay specified.


11. checking partial_output_delay
---------------------------------
 There are 0 ports with partial output delay specified.


12. checking latch_loops
------------------------
 There are 0 combinational latch loops in the design through latch input



------------------------------------------------------------------------------------------------
| Design Timing Summary
| ---------------------
------------------------------------------------------------------------------------------------

    WNS(ns)      TNS(ns)  TNS Failing Endpoints  TNS Total Endpoints      WHS(ns)      THS(ns)  THS Failing Endpoints  THS Total Endpoints     WPWS(ns)     TPWS(ns)  TPWS Failing Endpoints  TPWS Total Endpoints  
    -------      -------  ---------------------  -------------------      -------      -------  ---------------------  -------------------     --------     --------  ----------------------  --------------------  
      0.649        0.000                      0                10323       -0.173       -7.781                     45                10323        0.264        0.000                       0                  3234  


Timing constraints are not met.


------------------------------------------------------------------------------------------------
| Clock Summary
| -------------
------------------------------------------------------------------------------------------------

Clock            Waveform(ns)         Period(ns)      Frequency(MHz)
-----            ------------         ----------      --------------
clk100           {0.000 5.000}        10.000          100.000         
  eth_clk        {0.000 20.000}       40.000          25.000          
  pll_clk100     {0.000 5.000}        10.000          100.000         
  pll_clk200     {0.000 2.500}        5.000           200.000         
  pll_clk50      {0.000 10.000}       20.000          50.000          
  pll_fb         {0.000 5.000}        10.000          100.000         
  pll_sys        {0.000 5.000}        10.000          100.000         
  pll_sys4x      {0.000 1.250}        2.500           400.000         
  pll_sys4x_dqs  {0.625 1.875}        2.500           400.000         
sys_clk          {0.000 5.000}        10.000          100.000         


------------------------------------------------------------------------------------------------
| Intra Clock Table
| -----------------
------------------------------------------------------------------------------------------------

Clock                WNS(ns)      TNS(ns)  TNS Failing Endpoints  TNS Total Endpoints      WHS(ns)      THS(ns)  THS Failing Endpoints  THS Total Endpoints     WPWS(ns)     TPWS(ns)  TPWS Failing Endpoints  TPWS Total Endpoints  
-----                -------      -------  ---------------------  -------------------      -------      -------  ---------------------  -------------------     --------     --------  ----------------------  --------------------  
clk100                                                                                                                                                             3.000        0.000                       0                     2  
  eth_clk                                                                                                                                                         37.845        0.000                       0                     1  
  pll_clk100                                                                                                                                                       7.845        0.000                       0                     2  
  pll_clk200           1.087        0.000                      0                   14        0.007        0.000                      0                   14        0.264        0.000                       0                    10  
  pll_clk50                                                                                                                                                       17.845        0.000                       0                     2  
  pll_fb                                                                                                                                                           8.751        0.000                       0                     2  
  pll_sys                                                                                                                                                          7.845        0.000                       0                     2  
  pll_sys4x                                                                                                                                                        0.345        0.000                       0                    77  
  pll_sys4x_dqs                                                                                                                                                    0.345        0.000                       0                     4  
sys_clk                0.649        0.000                      0                10309       -0.173       -7.781                     45                10309        3.750        0.000                       0                  3132  


------------------------------------------------------------------------------------------------
| Inter Clock Table
| -----------------
------------------------------------------------------------------------------------------------

From Clock    To Clock          WNS(ns)      TNS(ns)  TNS Failing Endpoints  TNS Total Endpoints      WHS(ns)      THS(ns)  THS Failing Endpoints  THS Total Endpoints  
----------    --------          -------      -------  ---------------------  -------------------      -------      -------  ---------------------  -------------------  


------------------------------------------------------------------------------------------------
| Other Path Groups Table
| -----------------------
------------------------------------------------------------------------------------------------

Path Group    From Clock    To Clock          WNS(ns)      TNS(ns)  TNS Failing Endpoints  TNS Total Endpoints      WHS(ns)      THS(ns)  THS Failing Endpoints  THS Total Endpoints  
----------    ----------    --------          -------      -------  ---------------------  -------------------      -------      -------  ---------------------  -------------------  


------------------------------------------------------------------------------------------------
| Timing Details
| --------------
------------------------------------------------------------------------------------------------


---------------------------------------------------------------------------------------------------
From Clock:  clk100
  To Clock:  clk100

Setup :           NA  Failing Endpoints,  Worst Slack           NA  ,  Total Violation           NA
Hold  :           NA  Failing Endpoints,  Worst Slack           NA  ,  Total Violation           NA
PW    :            0  Failing Endpoints,  Worst Slack        3.000ns,  Total Violation        0.000ns
---------------------------------------------------------------------------------------------------


Pulse Width Checks
--------------------------------------------------------------------------------------
Clock Name:         clk100
Waveform(ns):       { 0.000 5.000 }
Period(ns):         10.000
Sources:            { clk100 }

Check Type        Corner  Lib Pin           Reference Pin  Required(ns)  Actual(ns)  Slack(ns)  Location  Pin
Min Period        n/a     BUFR/I            n/a            1.666         10.000      8.334                BUFR/I
Max Period        n/a     PLLE2_ADV/CLKIN1  n/a            52.633        10.000      42.633               PLLE2_BASE/CLKIN1
Low Pulse Width   Slow    PLLE2_ADV/CLKIN1  n/a            2.000         5.000       3.000                PLLE2_BASE/CLKIN1
High Pulse Width  Slow    PLLE2_ADV/CLKIN1  n/a            2.000         5.000       3.000                PLLE2_BASE/CLKIN1



---------------------------------------------------------------------------------------------------
From Clock:  eth_clk
  To Clock:  eth_clk

Setup :           NA  Failing Endpoints,  Worst Slack           NA  ,  Total Violation           NA
Hold  :           NA  Failing Endpoints,  Worst Slack           NA  ,  Total Violation           NA
PW    :            0  Failing Endpoints,  Worst Slack       37.845ns,  Total Violation        0.000ns
---------------------------------------------------------------------------------------------------


Pulse Width Checks
--------------------------------------------------------------------------------------
Clock Name:         eth_clk
Waveform(ns):       { 0.000 20.000 }
Period(ns):         40.000
Sources:            { BUFR/O }

Check Type  Corner  Lib Pin  Reference Pin  Required(ns)  Actual(ns)  Slack(ns)  Location  Pin
Min Period  n/a     BUFG/I   n/a            2.155         40.000      37.845               BUFG_6/I



---------------------------------------------------------------------------------------------------
From Clock:  pll_clk100
  To Clock:  pll_clk100

Setup :           NA  Failing Endpoints,  Worst Slack           NA  ,  Total Violation           NA
Hold  :           NA  Failing Endpoints,  Worst Slack           NA  ,  Total Violation           NA
PW    :            0  Failing Endpoints,  Worst Slack        7.845ns,  Total Violation        0.000ns
---------------------------------------------------------------------------------------------------


Pulse Width Checks
--------------------------------------------------------------------------------------
Clock Name:         pll_clk100
Waveform(ns):       { 0.000 5.000 }
Period(ns):         10.000
Sources:            { PLLE2_BASE/CLKOUT5 }

Check Type  Corner  Lib Pin            Reference Pin  Required(ns)  Actual(ns)  Slack(ns)  Location  Pin
Min Period  n/a     BUFG/I             n/a            2.155         10.000      7.845                BUFG_4/I
Max Period  n/a     PLLE2_ADV/CLKOUT5  n/a            160.000       10.000      150.000              PLLE2_BASE/CLKOUT5



---------------------------------------------------------------------------------------------------
From Clock:  pll_clk200
  To Clock:  pll_clk200

Setup :            0  Failing Endpoints,  Worst Slack        1.087ns,  Total Violation        0.000ns
Hold  :            0  Failing Endpoints,  Worst Slack        0.007ns,  Total Violation        0.000ns
PW    :            0  Failing Endpoints,  Worst Slack        0.264ns,  Total Violation        0.000ns
---------------------------------------------------------------------------------------------------


Max Delay Paths
--------------------------------------------------------------------------------------
Slack (MET) :             1.087ns  (required time - arrival time)
  Source:                 FDPE_2/C
                            (rising edge-triggered cell FDPE clocked by pll_clk200  {rise@0.000ns fall@2.500ns period=5.000ns})
  Destination:            FDPE_3/D
                            (rising edge-triggered cell FDPE clocked by pll_clk200  {rise@0.000ns fall@2.500ns period=5.000ns})
  Path Group:             pll_clk200
  Path Type:              Setup (Max at Slow Process Corner)
  Requirement:            2.000ns  (MaxDelay Path 2.000ns)
  Data Path Delay:        0.648ns  (logic 0.456ns (70.370%)  route 0.192ns (29.630%))
  Logic Levels:           0  
  Clock Path Skew:        -0.145ns (DCD - SCD + CPR)
    Destination Clock Delay (DCD):    3.230ns
    Source Clock Delay      (SCD):    3.641ns
    Clock Pessimism Removal (CPR):    0.266ns
  Clock Uncertainty:      0.053ns  ((TSJ^2 + DJ^2)^1/2) / 2 + PE
    Total System Jitter     (TSJ):    0.071ns
    Discrete Jitter          (DJ):    0.078ns
    Phase Error              (PE):    0.000ns
  Timing Exception:       MaxDelay Path 2.000ns

    Location             Delay type                Incr(ns)  Path(ns)    Netlist Resource(s)
  -------------------------------------------------------------------    -------------------
                         (clock pll_clk200 rise edge)
                                                      0.000     0.000 r  
    E3                                                0.000     0.000 r  clk100 (IN)
                         net (fo=0)                   0.000     0.000    clk100
    E3                   IBUF (Prop_ibuf_I_O)         1.489     1.489 r  clk100_IBUF_inst/O
                         net (fo=2, unplaced)         0.584     2.073    clk100_IBUF
                         PLLE2_ADV (Prop_plle2_adv_CLKIN1_CLKOUT3)
                                                      0.088     2.161 r  PLLE2_BASE/CLKOUT3
                         net (fo=1, unplaced)         0.800     2.961    pll_clk200
                         BUFG (Prop_bufg_I_O)         0.096     3.057 r  BUFG_3/O
                         net (fo=8, unplaced)         0.584     3.641    clk200_clk
                         FDPE                                         r  FDPE_2/C
  -------------------------------------------------------------------    -------------------
                         FDPE (Prop_fdpe_C_Q)         0.456     4.097 r  FDPE_2/Q
                         net (fo=1, unplaced)         0.192     4.289    xilinxasyncresetsynchronizerimpl1_rst_meta
                         FDPE                                         r  FDPE_3/D
  -------------------------------------------------------------------    -------------------

                         max delay                    2.000     2.000    
    E3                                                0.000     2.000 r  clk100 (IN)
                         net (fo=0)                   0.000     2.000    clk100
    E3                   IBUF (Prop_ibuf_I_O)         1.418     3.418 r  clk100_IBUF_inst/O
                         net (fo=2, unplaced)         0.439     3.857    clk100_IBUF
                         PLLE2_ADV (Prop_plle2_adv_CLKIN1_CLKOUT3)
                                                      0.083     3.940 r  PLLE2_BASE/CLKOUT3
                         net (fo=1, unplaced)         0.760     4.700    pll_clk200
                         BUFG (Prop_bufg_I_O)         0.091     4.791 r  BUFG_3/O
                         net (fo=8, unplaced)         0.439     5.230    clk200_clk
                         FDPE                                         r  FDPE_3/C
                         clock pessimism              0.266     5.496    
                         clock uncertainty           -0.053     5.443    
                         FDPE (Setup_fdpe_C_D)       -0.067     5.376    FDPE_3
  -------------------------------------------------------------------
                         required time                          5.376    
                         arrival time                          -4.289    
  -------------------------------------------------------------------
                         slack                                  1.087    





Min Delay Paths
--------------------------------------------------------------------------------------
Slack (MET) :             0.007ns  (arrival time - required time)
  Source:                 FDPE_2/C
                            (rising edge-triggered cell FDPE clocked by pll_clk200  {rise@0.000ns fall@2.500ns period=5.000ns})
  Destination:            FDPE_3/D
                            (rising edge-triggered cell FDPE clocked by pll_clk200  {rise@0.000ns fall@2.500ns period=5.000ns})
  Path Group:             pll_clk200
  Path Type:              Hold (Min at Fast Process Corner)
  Requirement:            0.000ns  (pll_clk200 rise@0.000ns - pll_clk200 rise@0.000ns)
  Data Path Delay:        0.222ns  (logic 0.141ns (63.533%)  route 0.081ns (36.467%))
  Logic Levels:           0  
  Clock Path Skew:        0.145ns (DCD - SCD - CPR)
    Destination Clock Delay (DCD):    1.399ns
    Source Clock Delay      (SCD):    0.898ns
    Clock Pessimism Removal (CPR):    0.357ns

    Location             Delay type                Incr(ns)  Path(ns)    Netlist Resource(s)
  -------------------------------------------------------------------    -------------------
                         (clock pll_clk200 rise edge)
                                                      0.000     0.000 r  
    E3                                                0.000     0.000 r  clk100 (IN)
                         net (fo=0)                   0.000     0.000    clk100
    E3                   IBUF (Prop_ibuf_I_O)         0.257     0.257 r  clk100_IBUF_inst/O
                         net (fo=2, unplaced)         0.114     0.371    clk100_IBUF
                         PLLE2_ADV (Prop_plle2_adv_CLKIN1_CLKOUT3)
                                                      0.050     0.421 r  PLLE2_BASE/CLKOUT3
                         net (fo=1, unplaced)         0.337     0.758    pll_clk200
                         BUFG (Prop_bufg_I_O)         0.026     0.784 r  BUFG_3/O
                         net (fo=8, unplaced)         0.114     0.898    clk200_clk
                         FDPE                                         r  FDPE_2/C
  -------------------------------------------------------------------    -------------------
                         FDPE (Prop_fdpe_C_Q)         0.141     1.039 r  FDPE_2/Q
                         net (fo=1, unplaced)         0.081     1.120    xilinxasyncresetsynchronizerimpl1_rst_meta
                         FDPE                                         r  FDPE_3/D
  -------------------------------------------------------------------    -------------------

                         (clock pll_clk200 rise edge)
                                                      0.000     0.000 r  
    E3                                                0.000     0.000 r  clk100 (IN)
                         net (fo=0)                   0.000     0.000    clk100
    E3                   IBUF (Prop_ibuf_I_O)         0.445     0.445 r  clk100_IBUF_inst/O
                         net (fo=2, unplaced)         0.259     0.704    clk100_IBUF
                         PLLE2_ADV (Prop_plle2_adv_CLKIN1_CLKOUT3)
                                                      0.053     0.757 r  PLLE2_BASE/CLKOUT3
                         net (fo=1, unplaced)         0.355     1.111    pll_clk200
                         BUFG (Prop_bufg_I_O)         0.029     1.140 r  BUFG_3/O
                         net (fo=8, unplaced)         0.259     1.399    clk200_clk
                         FDPE                                         r  FDPE_3/C
                         clock pessimism             -0.357     1.043    
                         FDPE (Hold_fdpe_C_D)         0.070     1.113    FDPE_3
  -------------------------------------------------------------------
                         required time                         -1.113    
                         arrival time                           1.120    
  -------------------------------------------------------------------
                         slack                                  0.007    





Pulse Width Checks
--------------------------------------------------------------------------------------
Clock Name:         pll_clk200
Waveform(ns):       { 0.000 2.500 }
Period(ns):         5.000
Sources:            { PLLE2_BASE/CLKOUT3 }

Check Type        Corner  Lib Pin            Reference Pin  Required(ns)  Actual(ns)  Slack(ns)  Location  Pin
Min Period        n/a     IDELAYCTRL/REFCLK  n/a            3.225         5.000       1.775                IDELAYCTRL/REFCLK
Max Period        n/a     IDELAYCTRL/REFCLK  n/a            5.264         5.000       0.264                IDELAYCTRL/REFCLK
Low Pulse Width   Fast    FDPE/C             n/a            0.500         2.500       2.000                FDPE_2/C
High Pulse Width  Slow    FDPE/C             n/a            0.500         2.500       2.000                FDPE_2/C



---------------------------------------------------------------------------------------------------
From Clock:  pll_clk50
  To Clock:  pll_clk50

Setup :           NA  Failing Endpoints,  Worst Slack           NA  ,  Total Violation           NA
Hold  :           NA  Failing Endpoints,  Worst Slack           NA  ,  Total Violation           NA
PW    :            0  Failing Endpoints,  Worst Slack       17.845ns,  Total Violation        0.000ns
---------------------------------------------------------------------------------------------------


Pulse Width Checks
--------------------------------------------------------------------------------------
Clock Name:         pll_clk50
Waveform(ns):       { 0.000 10.000 }
Period(ns):         20.000
Sources:            { PLLE2_BASE/CLKOUT4 }

Check Type  Corner  Lib Pin            Reference Pin  Required(ns)  Actual(ns)  Slack(ns)  Location  Pin
Min Period  n/a     BUFG/I             n/a            2.155         20.000      17.845               BUFG_5/I
Max Period  n/a     PLLE2_ADV/CLKOUT4  n/a            160.000       20.000      140.000              PLLE2_BASE/CLKOUT4



---------------------------------------------------------------------------------------------------
From Clock:  pll_fb
  To Clock:  pll_fb

Setup :           NA  Failing Endpoints,  Worst Slack           NA  ,  Total Violation           NA
Hold  :           NA  Failing Endpoints,  Worst Slack           NA  ,  Total Violation           NA
PW    :            0  Failing Endpoints,  Worst Slack        8.751ns,  Total Violation        0.000ns
---------------------------------------------------------------------------------------------------


Pulse Width Checks
--------------------------------------------------------------------------------------
Clock Name:         pll_fb
Waveform(ns):       { 0.000 5.000 }
Period(ns):         10.000
Sources:            { PLLE2_BASE/CLKFBOUT }

Check Type  Corner  Lib Pin             Reference Pin  Required(ns)  Actual(ns)  Slack(ns)  Location  Pin
Min Period  n/a     PLLE2_ADV/CLKFBOUT  n/a            1.249         10.000      8.751                PLLE2_BASE/CLKFBOUT
Max Period  n/a     PLLE2_ADV/CLKFBIN   n/a            52.633        10.000      42.633               PLLE2_BASE/CLKFBIN



---------------------------------------------------------------------------------------------------
From Clock:  pll_sys
  To Clock:  pll_sys

Setup :           NA  Failing Endpoints,  Worst Slack           NA  ,  Total Violation           NA
Hold  :           NA  Failing Endpoints,  Worst Slack           NA  ,  Total Violation           NA
PW    :            0  Failing Endpoints,  Worst Slack        7.845ns,  Total Violation        0.000ns
---------------------------------------------------------------------------------------------------


Pulse Width Checks
--------------------------------------------------------------------------------------
Clock Name:         pll_sys
Waveform(ns):       { 0.000 5.000 }
Period(ns):         10.000
Sources:            { PLLE2_BASE/CLKOUT0 }

Check Type  Corner  Lib Pin            Reference Pin  Required(ns)  Actual(ns)  Slack(ns)  Location  Pin
Min Period  n/a     BUFG/I             n/a            2.155         10.000      7.845                BUFG/I
Max Period  n/a     PLLE2_ADV/CLKOUT0  n/a            160.000       10.000      150.000              PLLE2_BASE/CLKOUT0



---------------------------------------------------------------------------------------------------
From Clock:  pll_sys4x
  To Clock:  pll_sys4x

Setup :           NA  Failing Endpoints,  Worst Slack           NA  ,  Total Violation           NA
Hold  :           NA  Failing Endpoints,  Worst Slack           NA  ,  Total Violation           NA
PW    :            0  Failing Endpoints,  Worst Slack        0.345ns,  Total Violation        0.000ns
---------------------------------------------------------------------------------------------------


Pulse Width Checks
--------------------------------------------------------------------------------------
Clock Name:         pll_sys4x
Waveform(ns):       { 0.000 1.250 }
Period(ns):         2.500
Sources:            { PLLE2_BASE/CLKOUT1 }

Check Type  Corner  Lib Pin            Reference Pin  Required(ns)  Actual(ns)  Slack(ns)  Location  Pin
Min Period  n/a     BUFG/I             n/a            2.155         2.500       0.345                BUFG_1/I
Max Period  n/a     PLLE2_ADV/CLKOUT1  n/a            160.000       2.500       157.500              PLLE2_BASE/CLKOUT1



---------------------------------------------------------------------------------------------------
From Clock:  pll_sys4x_dqs
  To Clock:  pll_sys4x_dqs

Setup :           NA  Failing Endpoints,  Worst Slack           NA  ,  Total Violation           NA
Hold  :           NA  Failing Endpoints,  Worst Slack           NA  ,  Total Violation           NA
PW    :            0  Failing Endpoints,  Worst Slack        0.345ns,  Total Violation        0.000ns
---------------------------------------------------------------------------------------------------


Pulse Width Checks
--------------------------------------------------------------------------------------
Clock Name:         pll_sys4x_dqs
Waveform(ns):       { 0.625 1.875 }
Period(ns):         2.500
Sources:            { PLLE2_BASE/CLKOUT2 }

Check Type  Corner  Lib Pin            Reference Pin  Required(ns)  Actual(ns)  Slack(ns)  Location  Pin
Min Period  n/a     BUFG/I             n/a            2.155         2.500       0.345                BUFG_2/I
Max Period  n/a     PLLE2_ADV/CLKOUT2  n/a            160.000       2.500       157.500              PLLE2_BASE/CLKOUT2



---------------------------------------------------------------------------------------------------
From Clock:  sys_clk
  To Clock:  sys_clk

Setup :            0  Failing Endpoints,  Worst Slack        0.649ns,  Total Violation        0.000ns
Hold  :           45  Failing Endpoints,  Worst Slack       -0.173ns,  Total Violation       -7.781ns
PW    :            0  Failing Endpoints,  Worst Slack        3.750ns,  Total Violation        0.000ns
---------------------------------------------------------------------------------------------------


Max Delay Paths
--------------------------------------------------------------------------------------
Slack (MET) :             0.649ns  (required time - arrival time)
  Source:                 controllerinjector_bankmachine2_consume_reg[0]/C
                            (rising edge-triggered cell FDRE clocked by sys_clk  {rise@0.000ns fall@5.000ns period=10.000ns})
  Destination:            new_master_wdata_ready0_reg/D
                            (rising edge-triggered cell FDRE clocked by sys_clk  {rise@0.000ns fall@5.000ns period=10.000ns})
  Path Group:             sys_clk
  Path Type:              Setup (Max at Slow Process Corner)
  Requirement:            10.000ns  (sys_clk rise@10.000ns - sys_clk rise@0.000ns)
  Data Path Delay:        9.178ns  (logic 2.705ns (29.473%)  route 6.473ns (70.527%))
  Logic Levels:           10  (CARRY4=2 LUT5=1 LUT6=6 RAMD32=1)
  Clock Path Skew:        -0.145ns (DCD - SCD + CPR)
    Destination Clock Delay (DCD):    0.655ns = ( 10.655 - 10.000 ) 
    Source Clock Delay      (SCD):    0.800ns
    Clock Pessimism Removal (CPR):    0.000ns
  Clock Uncertainty:      0.057ns  ((TSJ^2 + DJ^2)^1/2) / 2 + PE
    Total System Jitter     (TSJ):    0.071ns
    Discrete Jitter          (DJ):    0.089ns
    Phase Error              (PE):    0.000ns

    Location             Delay type                Incr(ns)  Path(ns)    Netlist Resource(s)
  -------------------------------------------------------------------    -------------------
                         (clock sys_clk rise edge)    0.000     0.000 r  
                         BUFG                         0.000     0.000 r  BUFG/O
                         net (fo=3133, unplaced)      0.800     0.800    sys_clk
                         FDRE                                         r  controllerinjector_bankmachine2_consume_reg[0]/C
  -------------------------------------------------------------------    -------------------
                         FDRE (Prop_fdre_C_Q)         0.456     1.256 r  controllerinjector_bankmachine2_consume_reg[0]/Q
                         net (fo=27, unplaced)        1.032     2.288    storage_5_reg_0_7_6_11/ADDRC0
                         RAMD32 (Prop_ramd32_RADR0_O)
                                                      0.295     2.583 r  storage_5_reg_0_7_6_11/RAMC_D1/O
                         net (fo=3, unplaced)         1.129     3.712    p_0_in0_in[3]
                         LUT6 (Prop_lut6_I1_O)        0.124     3.836 r  controllerinjector_bankmachine2_count[2]_i_11/O
                         net (fo=1, unplaced)         0.000     3.836    controllerinjector_bankmachine2_count[2]_i_11_n_0
                         CARRY4 (Prop_carry4_S[1]_CO[3])
                                                      0.550     4.386 r  controllerinjector_bankmachine2_count_reg[2]_i_7/CO[3]
                         net (fo=1, unplaced)         0.009     4.395    controllerinjector_bankmachine2_count_reg[2]_i_7_n_0
                         CARRY4 (Prop_carry4_CI_CO[0])
                                                      0.293     4.688 f  controllerinjector_bankmachine2_count_reg[2]_i_6/CO[0]
                         net (fo=4, unplaced)         0.335     5.023    controllerinjector_bankmachine2_hit
                         LUT6 (Prop_lut6_I2_O)        0.367     5.390 r  controllerinjector_bankmachine7_consume[2]_i_10/O
                         net (fo=1, unplaced)         0.449     5.839    controllerinjector_bankmachine7_consume[2]_i_10_n_0
                         LUT6 (Prop_lut6_I4_O)        0.124     5.963 f  controllerinjector_bankmachine7_consume[2]_i_7/O
                         net (fo=10, unplaced)        0.945     6.908    controllerinjector_bankmachine7_consume[2]_i_7_n_0
                         LUT6 (Prop_lut6_I1_O)        0.124     7.032 f  controllerinjector_bankmachine7_consume[2]_i_4/O
                         net (fo=6, unplaced)         0.934     7.966    controllerinjector_bankmachine7_consume[2]_i_4_n_0
                         LUT5 (Prop_lut5_I1_O)        0.124     8.090 f  controllerinjector_bankmachine7_consume[2]_i_3/O
                         net (fo=45, unplaced)        0.529     8.619    controllerinjector_bankmachine7_consume[2]_i_3_n_0
                         LUT6 (Prop_lut6_I2_O)        0.124     8.743 r  new_master_wdata_ready0_i_3/O
                         net (fo=1, unplaced)         1.111     9.854    new_master_wdata_ready0_i_3_n_0
                         LUT6 (Prop_lut6_I1_O)        0.124     9.978 r  new_master_wdata_ready0_i_1/O
                         net (fo=1, unplaced)         0.000     9.978    new_master_wdata_ready00
                         FDRE                                         r  new_master_wdata_ready0_reg/D
  -------------------------------------------------------------------    -------------------

                         (clock sys_clk rise edge)   10.000    10.000 r  
                         BUFG                         0.000    10.000 r  BUFG/O
                         net (fo=3133, unplaced)      0.655    10.655    sys_clk
                         FDRE                                         r  new_master_wdata_ready0_reg/C
                         clock pessimism              0.000    10.655    
                         clock uncertainty           -0.057    10.598    
                         FDRE (Setup_fdre_C_D)        0.029    10.627    new_master_wdata_ready0_reg
  -------------------------------------------------------------------
                         required time                         10.627    
                         arrival time                          -9.978    
  -------------------------------------------------------------------
                         slack                                  0.649    





Min Delay Paths
--------------------------------------------------------------------------------------
Slack (VIOLATED) :        -0.173ns  (arrival time - required time)
  Source:                 FDPE_1/C
                            (rising edge-triggered cell FDPE clocked by sys_clk  {rise@0.000ns fall@5.000ns period=10.000ns})
  Destination:            OSERDESE2/RST
                            (rising edge-triggered cell OSERDESE2 clocked by sys_clk  {rise@0.000ns fall@5.000ns period=10.000ns})
  Path Group:             sys_clk
  Path Type:              Hold (Min at Fast Process Corner)
  Requirement:            0.000ns  (sys_clk rise@0.000ns - sys_clk rise@0.000ns)
  Data Path Delay:        0.478ns  (logic 0.141ns (29.492%)  route 0.337ns (70.508%))
  Logic Levels:           0  
  Clock Path Skew:        0.145ns (DCD - SCD - CPR)
    Destination Clock Delay (DCD):    0.355ns
    Source Clock Delay      (SCD):    0.210ns
    Clock Pessimism Removal (CPR):    -0.000ns

    Location             Delay type                Incr(ns)  Path(ns)    Netlist Resource(s)
  -------------------------------------------------------------------    -------------------
                         (clock sys_clk rise edge)    0.000     0.000 r  
                         BUFG                         0.000     0.000 r  BUFG/O
                         net (fo=3133, unplaced)      0.210     0.210    sys_clk
                         FDPE                                         r  FDPE_1/C
  -------------------------------------------------------------------    -------------------
                         FDPE (Prop_fdpe_C_Q)         0.141     0.351 r  FDPE_1/Q
                         net (fo=2247, unplaced)      0.337     0.688    sys_rst
    OLOGIC_X1Y8          OSERDESE2                                    r  OSERDESE2/RST
  -------------------------------------------------------------------    -------------------

                         (clock sys_clk rise edge)    0.000     0.000 r  
                         BUFG                         0.000     0.000 r  BUFG/O
                         net (fo=3133, unplaced)      0.355     0.355    sys_clk
    OLOGIC_X1Y8          OSERDESE2                                    r  OSERDESE2/CLKDIV
                         clock pessimism              0.000     0.355    
    OLOGIC_X1Y8          OSERDESE2 (Hold_oserdese2_CLKDIV_RST)
                                                      0.506     0.861    OSERDESE2
  -------------------------------------------------------------------
                         required time                         -0.861    
                         arrival time                           0.688    
  -------------------------------------------------------------------
                         slack                                 -0.173    





Pulse Width Checks
--------------------------------------------------------------------------------------
Clock Name:         sys_clk
Waveform(ns):       { 0.000 5.000 }
Period(ns):         10.000
Sources:            { BUFG/O }

Check Type        Corner  Lib Pin     Reference Pin  Required(ns)  Actual(ns)  Slack(ns)  Location  Pin
Min Period        n/a     XADC/DCLK   n/a            4.000         10.000      6.000                XADC/DCLK
Low Pulse Width   Fast    RAMD32/CLK  n/a            1.250         5.000       3.750                storage_10_reg_0_7_0_5/RAMA/CLK
High Pulse Width  Slow    RAMD32/CLK  n/a            1.250         5.000       3.750                storage_10_reg_0_7_0_5/RAMA/CLK



