Copyright 1986-2017 Xilinx, Inc. All Rights Reserved.
---------------------------------------------------------------------------------------------------
| Tool Version : Vivado v.2017.3 (lin64) Build 2018833 Wed Oct  4 19:58:07 MDT 2017
| Date         : Sun Jul  7 17:14:26 2019
| Host         : travis-job-785ba65f-eacf-4dfb-a25f-246bdeb2633e running 64-bit Ubuntu 14.04.5 LTS
| Command      : report_utilization -hierarchical -file top_utilization_hierarchical_synth.rpt
| Design       : top
| Device       : 7a50tfgg484-1
| Design State : Synthesized
---------------------------------------------------------------------------------------------------

Utilization Design Information

Table of Contents
-----------------
1. Utilization by Hierarchy

1. Utilization by Hierarchy
---------------------------

+----------------+-------------------+------------+------------+---------+------+------+--------+--------+--------------+
|    Instance    |       Module      | Total LUTs | Logic LUTs | LUTRAMs | SRLs |  FFs | RAMB36 | RAMB18 | DSP48 Blocks |
+----------------+-------------------+------------+------------+---------+------+------+--------+--------+--------------+
| top            |             (top) |       4939 |       4665 |     272 |    2 | 3960 |     26 |     27 |            0 |
|   (top)        |             (top) |       2574 |       2388 |     184 |    2 | 2789 |     26 |     27 |            0 |
|   picorv32     |          picorv32 |       2365 |       2277 |      88 |    0 | 1171 |      0 |      0 |            0 |
|     (picorv32) |          picorv32 |       1713 |       1625 |      88 |    0 |  716 |      0 |      0 |            0 |
|     pcpi_div   | picorv32_pcpi_div |        377 |        377 |       0 |    0 |  200 |      0 |      0 |            0 |
|     pcpi_mul   | picorv32_pcpi_mul |        275 |        275 |       0 |    0 |  255 |      0 |      0 |            0 |
+----------------+-------------------+------------+------------+---------+------+------+--------+--------+--------------+


