Copyright 1986-2017 Xilinx, Inc. All Rights Reserved.
---------------------------------------------------------------------------------------------------
| Tool Version : Vivado v.2017.3 (lin64) Build 2018833 Wed Oct  4 19:58:07 MDT 2017
| Date         : Tue Dec 18 06:35:58 2018
| Host         : travis-job-83e2bec7-5724-4c62-b946-2141a0cd6e28 running 64-bit Ubuntu 14.04.5 LTS
| Command      : report_utilization -hierarchical -file top_utilization_hierarchical_place.rpt
| Design       : top
| Device       : 7a35tcsg324-1
| Design State : Fully Placed
---------------------------------------------------------------------------------------------------

Utilization Design Information

Table of Contents
-----------------
1. Utilization by Hierarchy

1. Utilization by Hierarchy
---------------------------

+----------------+-------------------+------------+------------+---------+------+------+--------+--------+--------------+
|    Instance    |       Module      | Total LUTs | Logic LUTs | LUTRAMs | SRLs |  FFs | RAMB36 | RAMB18 | DSP48 Blocks |
+----------------+-------------------+------------+------------+---------+------+------+--------+--------+--------------+
| top            |             (top) |       5084 |       4810 |     272 |    2 | 4069 |     18 |     27 |            0 |
|   (top)        |             (top) |       2672 |       2486 |     184 |    2 | 2902 |     18 |     27 |            0 |
|   picorv32     |          picorv32 |       2413 |       2325 |      88 |    0 | 1167 |      0 |      0 |            0 |
|     (picorv32) |          picorv32 |       1767 |       1679 |      88 |    0 |  712 |      0 |      0 |            0 |
|     pcpi_div   | picorv32_pcpi_div |        390 |        390 |       0 |    0 |  200 |      0 |      0 |            0 |
|     pcpi_mul   | picorv32_pcpi_mul |        258 |        258 |       0 |    0 |  255 |      0 |      0 |            0 |
+----------------+-------------------+------------+------------+---------+------+------+--------+--------+--------------+
* Note: The sum of lower-level cells may be larger than their parent cells total, due to cross-hierarchy LUT combining


