Copyright 1986-2017 Xilinx, Inc. All Rights Reserved.
---------------------------------------------------------------------------------------------------
| Tool Version : Vivado v.2017.3 (lin64) Build 2018833 Wed Oct  4 19:58:07 MDT 2017
| Date         : Mon Jun  3 02:37:55 2019
| Host         : travis-job-71e5ff00-f8f4-40d7-8b21-f0b07c5e5e52 running 64-bit Ubuntu 14.04.5 LTS
| Command      : report_control_sets -verbose -file top_control_sets.rpt
| Design       : top
| Device       : xc7a50t
---------------------------------------------------------------------------------------------------

Control Set Information

Table of Contents
-----------------
1. Summary
2. Flip-Flop Distribution
3. Detailed Control Set Information

1. Summary
----------

+----------------------------------------------------------+-------+
|                          Status                          | Count |
+----------------------------------------------------------+-------+
| Number of unique control sets                            |   209 |
| Unused register locations in slices containing registers |   439 |
+----------------------------------------------------------+-------+


2. Flip-Flop Distribution
-------------------------

+--------------+-----------------------+------------------------+-----------------+--------------+
| Clock Enable | Synchronous Set/Reset | Asynchronous Set/Reset | Total Registers | Total Slices |
+--------------+-----------------------+------------------------+-----------------+--------------+
| No           | No                    | No                     |             227 |          109 |
| No           | No                    | Yes                    |               8 |            4 |
| No           | Yes                   | No                     |            1058 |          390 |
| Yes          | No                    | No                     |            1135 |          391 |
| Yes          | No                    | Yes                    |               0 |            0 |
| Yes          | Yes                   | No                     |            1813 |          603 |
+--------------+-----------------------+------------------------+-----------------+--------------+


3. Detailed Control Set Information
-----------------------------------

+--------------+----------------------------------------------------------------------------------------------+--------------------------------------------------------------------+------------------+----------------+
| Clock Signal |                                         Enable Signal                                        |                          Set/Reset Signal                          | Slice Load Count | Bel Load Count |
+--------------+----------------------------------------------------------------------------------------------+--------------------------------------------------------------------+------------------+----------------+
|  sys_clk     | VexRiscv/dataCache_1/memory_DivPlugin_div_counter_willClear                                  | VexRiscv/dataCache_1/execute_to_memory_BRANCH_CALC_reg[0][0]       |                1 |              1 |
|  clk200_clk  |                                                                                              |                                                                    |                1 |              1 |
|  sys_clk     | serial_tx_i_1_n_0                                                                            | sys_rst                                                            |                1 |              1 |
|  sys_clk     |                                                                                              | VexRiscv/dataCache_1/victim_readLineCmdCounter[3]_i_1_n_0          |                1 |              1 |
|  sys_clk     | netsoc_netsoc_sdram_tfawcon_ready_reg021_in                                                  | netsoc_netsoc_sdram_tfawcon_ready_i_1_n_0                          |                1 |              1 |
|  sys_clk     | netsoc_spiflash_i_i_1_n_0                                                                    | sys_rst                                                            |                1 |              1 |
|  sys_clk     |                                                                                              | netsoc_netsoc_sdram_tccdcon_ready_i_1_n_0                          |                1 |              1 |
|  eth_tx_clk  |                                                                                              | ethphy_reset0                                                      |                1 |              2 |
|  clk200_clk  |                                                                                              | xilinxasyncresetsynchronizerimpl0                                  |                1 |              2 |
|  sys_clk     |                                                                                              | xilinxasyncresetsynchronizerimpl0                                  |                1 |              2 |
|  eth_rx_clk  |                                                                                              | ethphy_reset0                                                      |                1 |              2 |
|  sys_clk     | VexRiscv/_zz_200                                                                             | VexRiscv/dataCache_1/reset0                                        |                1 |              3 |
|  sys_clk     | multiplexer_next_state                                                                       | sys_rst                                                            |                2 |              4 |
|  sys_clk     | VexRiscv/dataCache_1/netsoc_netsoc_sdram_bankmachine4_cmd_buffer_lookahead_level_reg[3]_1[0] | sys_rst                                                            |                1 |              4 |
|  sys_clk     | VexRiscv/dataCache_1/netsoc_netsoc_sdram_bankmachine6_cmd_buffer_lookahead_level_reg[3]_1[0] | sys_rst                                                            |                2 |              4 |
|  sys_clk     | bankmachine0_next_state                                                                      | sys_rst                                                            |                3 |              4 |
|  sys_clk     | netsoc_a7ddrphy_half_sys8x_taps_storage_full[3]_i_1_n_0                                      | sys_rst                                                            |                2 |              4 |
|  sys_clk     | VexRiscv/dataCache_1/netsoc_netsoc_sdram_bankmachine3_cmd_buffer_lookahead_level_reg[3]_1[0] | sys_rst                                                            |                1 |              4 |
|  sys_clk     | netsoc_netsoc_sdram_time1[3]_i_1_n_0                                                         | sys_rst                                                            |                2 |              4 |
|  sys_clk     | bankmachine1_next_state                                                                      | sys_rst                                                            |                2 |              4 |
|  sys_clk     | netsoc_netsoc_uart_phy_sink_ready1377_out                                                    | netsoc_netsoc_uart_phy_tx_bitcount[3]_i_1_n_0                      |                1 |              4 |
|  sys_clk     | VexRiscv/dataCache_1/netsoc_netsoc_sdram_bankmachine2_cmd_buffer_lookahead_level_reg[3]_1[0] | sys_rst                                                            |                2 |              4 |
|  sys_clk     | VexRiscv/dataCache_1/netsoc_netsoc_sdram_bankmachine0_cmd_buffer_lookahead_level_reg[3]_0[0] | sys_rst                                                            |                1 |              4 |
|  sys_clk     | VexRiscv/dataCache_1/netsoc_netsoc_sdram_bankmachine1_cmd_buffer_lookahead_level_reg[3]_1[0] | sys_rst                                                            |                1 |              4 |
|  sys_clk     | bankmachine6_next_state                                                                      | sys_rst                                                            |                1 |              4 |
|  sys_clk     | VexRiscv/dataCache_1/netsoc_netsoc_sdram_bankmachine7_cmd_buffer_lookahead_level_reg[3]_1[0] | sys_rst                                                            |                2 |              4 |
|  sys_clk     | VexRiscv/dataCache_1/netsoc_netsoc_sdram_bankmachine5_cmd_buffer_lookahead_level_reg[3][0]   | sys_rst                                                            |                1 |              4 |
|  sys_clk     | netsoc_netsoc_uart_tx_fifo_syncfifo_re                                                       | sys_rst                                                            |                1 |              4 |
|  sys_clk     | netsoc_netsoc_uart_rx_fifo_syncfifo_re                                                       | sys_rst                                                            |                1 |              4 |
|  sys_clk     | netsoc_netsoc_uart_tx_fifo_wrport_we                                                         | sys_rst                                                            |                1 |              4 |
|  sys_clk     | netsoc_netsoc_uart_phy_rx_bitcount                                                           | netsoc_netsoc_uart_phy_rx_bitcount[3]_i_1_n_0                      |                1 |              4 |
|  sys_clk     | bankmachine7_next_state                                                                      | sys_rst                                                            |                2 |              4 |
|  sys_clk     | netsoc_spiflash_bitbang_storage_full[3]_i_1_n_0                                              | sys_rst                                                            |                2 |              4 |
|  sys_clk     | bankmachine5_next_state                                                                      | sys_rst                                                            |                2 |              4 |
|  sys_clk     | netsoc_netsoc_uart_rx_fifo_wrport_we                                                         | sys_rst                                                            |                1 |              4 |
|  sys_clk     | bankmachine2_next_state                                                                      | sys_rst                                                            |                2 |              4 |
|  sys_clk     |                                                                                              | netsoc_interface1_bank_bus_dat_r[3]_i_1_n_0                        |                2 |              4 |
|  sys_clk     |                                                                                              | netsoc_interface6_bank_bus_dat_r[3]_i_1_n_0                        |                3 |              4 |
|  eth_tx_clk  | liteethmacgap_state                                                                          | ethmac_tx_gap_inserter_sink_ready                                  |                1 |              4 |
|  sys_clk     | bankmachine3_next_state                                                                      | sys_rst                                                            |                4 |              4 |
|  clk200_clk  | netsoc_reset_counter[3]_i_1_n_0                                                              | clk200_rst                                                         |                1 |              4 |
|  sys_clk     | bankmachine4_next_state                                                                      | sys_rst                                                            |                2 |              4 |
|  sys_clk     | netsoc_csrbank5_dfii_control0_re                                                             | sys_rst                                                            |                3 |              5 |
|  sys_clk     | netsoc_netsoc_uart_rx_fifo_level0[4]_i_1_n_0                                                 | sys_rst                                                            |                2 |              5 |
|  sys_clk     | netsoc_netsoc_sdram_generator_counter[4]_i_1_n_0                                             | sys_rst                                                            |                1 |              5 |
|  sys_clk     | netsoc_netsoc_sdram_time0[4]_i_1_n_0                                                         | sys_rst                                                            |                2 |              5 |
|  sys_clk     | netsoc_netsoc_uart_tx_fifo_level0[4]_i_1_n_0                                                 | sys_rst                                                            |                2 |              5 |
|  sys_clk     | netsoc_netsoc_sdram_phaseinjector1_address_storage_full[13]_i_1_n_0                          | sys_rst                                                            |                3 |              6 |
|  sys_clk     | netsoc_csrbank5_dfii_pi0_command0_re                                                         | sys_rst                                                            |                2 |              6 |
|  sys_clk     | netsoc_netsoc_sdram_phaseinjector0_address_storage_full[13]_i_1_n_0                          | sys_rst                                                            |                1 |              6 |
|  sys_clk     |                                                                                              | VexRiscv/dataCache_1/SR[0]                                         |                2 |              6 |
|  sys_clk     |                                                                                              | VexRiscv/IBusCachedPlugin_cache/_zz_122_reg                        |                2 |              6 |
|  sys_clk     | netsoc_netsoc_sdram_phaseinjector3_command_storage_full[5]_i_1_n_0                           | sys_rst                                                            |                1 |              6 |
|  sys_clk     | netsoc_netsoc_sdram_phaseinjector3_address_storage_full[13]_i_1_n_0                          | sys_rst                                                            |                2 |              6 |
|  sys_clk     | netsoc_csrbank5_dfii_pi2_command0_re                                                         | sys_rst                                                            |                1 |              6 |
|  sys_clk     | netsoc_csrbank5_dfii_pi1_command0_re                                                         | sys_rst                                                            |                2 |              6 |
|  sys_clk     | netsoc_netsoc_sdram_phaseinjector2_address_storage_full[13]_i_1_n_0                          | sys_rst                                                            |                1 |              6 |
|  sys_clk     | VexRiscv/dataCache_1/stageB_mmuRsp_physicalAddress[11]_i_1_n_0                               | VexRiscv/dataCache_1/reset0                                        |                3 |              7 |
|  sys_clk     | netsoc_dna_cnt[6]_i_1_n_0                                                                    | sys_rst                                                            |                2 |              7 |
|  sys_clk     | VexRiscv/dataCache_1/way_tags_reg_i_1_n_0                                                    |                                                                    |                3 |              7 |
|  sys_clk     | netsoc_netsoc_sdram_phaseinjector2_address_storage_full[7]_i_1_n_0                           | sys_rst                                                            |                2 |              8 |
|  sys_clk     | netsoc_netsoc_timer0_load_storage_full[23]_i_1_n_0                                           | sys_rst                                                            |                1 |              8 |
|  sys_clk     | netsoc_spiflash_i                                                                            | sys_rst                                                            |                3 |              8 |
|  sys_clk     | netsoc_netsoc_timer0_load_storage_full[31]_i_1_n_0                                           | sys_rst                                                            |                2 |              8 |
|  sys_clk     | netsoc_netsoc_sdram_phaseinjector2_wrdata_storage_full[31]_i_1_n_0                           | sys_rst                                                            |                2 |              8 |
|  sys_clk     | netsoc_netsoc_sdram_phaseinjector2_wrdata_storage_full[23]_i_1_n_0                           | sys_rst                                                            |                2 |              8 |
|  sys_clk     |                                                                                              | netsoc_interface2_bank_bus_dat_r[7]_i_1_n_0                        |                4 |              8 |
|  sys_clk     | ethmac_reader_length_storage_full[7]_i_1_n_0                                                 | sys_rst                                                            |                3 |              8 |
|  sys_clk     | netsoc_netsoc_sdram_phaseinjector0_wrdata_storage_full[7]_i_1_n_0                            | sys_rst                                                            |                2 |              8 |
|  sys_clk     | netsoc_netsoc_timer0_load_storage_full[7]_i_1_n_0                                            | sys_rst                                                            |                3 |              8 |
|  sys_clk     | netsoc_netsoc_sdram_phaseinjector2_wrdata_storage_full[15]_i_1_n_0                           | sys_rst                                                            |                5 |              8 |
|  sys_clk     |                                                                                              | netsoc_interface0_bank_bus_dat_r[7]_i_1_n_0                        |                5 |              8 |
|  sys_clk     | netsoc_netsoc_sdram_phaseinjector0_wrdata_storage_full[31]_i_1_n_0                           | sys_rst                                                            |                3 |              8 |
|  sys_clk     | netsoc_netsoc_ctrl_storage_full[23]_i_1_n_0                                                  | sys_rst                                                            |                1 |              8 |
|  sys_clk     |                                                                                              | netsoc_interface9_bank_bus_dat_r[7]_i_1_n_0                        |                2 |              8 |
|  sys_clk     | netsoc_netsoc_ctrl_storage_full[31]_i_1_n_0                                                  | sys_rst                                                            |                3 |              8 |
|  sys_clk     | netsoc_netsoc_sdram_phaseinjector1_address_storage_full[7]_i_1_n_0                           | sys_rst                                                            |                3 |              8 |
|  sys_clk     | netsoc_netsoc_sdram_phaseinjector0_address_storage_full[7]_i_1_n_0                           | sys_rst                                                            |                2 |              8 |
|  sys_clk     | netsoc_netsoc_uart_phy_tx_reg[7]_i_1_n_0                                                     | sys_rst                                                            |                2 |              8 |
|  sys_clk     |                                                                                              | netsoc_interface7_bank_bus_dat_r[7]_i_1_n_0                        |                7 |              8 |
|  sys_clk     | netsoc_netsoc_uart_tx_fifo_syncfifo_re                                                       |                                                                    |                2 |              8 |
|  sys_clk     | netsoc_netsoc_sdram_phaseinjector1_wrdata_storage_full[15]_i_1_n_0                           | sys_rst                                                            |                4 |              8 |
|  sys_clk     | netsoc_netsoc_sdram_phaseinjector1_wrdata_storage_full[23]_i_1_n_0                           | sys_rst                                                            |                3 |              8 |
|  sys_clk     |                                                                                              | netsoc_interface4_bank_bus_dat_r[7]_i_1_n_0                        |                6 |              8 |
|  sys_clk     |                                                                                              | netsoc_interface8_bank_bus_dat_r[7]_i_1_n_0                        |                3 |              8 |
|  sys_clk     | netsoc_netsoc_uart_phy_rx_reg                                                                | sys_rst                                                            |                1 |              8 |
|  sys_clk     | netsoc_netsoc_timer0_reload_storage_full[15]_i_1_n_0                                         | sys_rst                                                            |                2 |              8 |
|  sys_clk     | netsoc_netsoc_uart_rx_fifo_syncfifo_re                                                       |                                                                    |                2 |              8 |
|  sys_clk     | netsoc_netsoc_timer0_load_storage_full[15]_i_1_n_0                                           | sys_rst                                                            |                2 |              8 |
|  sys_clk     | p_4_out[7]                                                                                   | sys_rst                                                            |                2 |              8 |
|  sys_clk     | netsoc_netsoc_timer0_reload_storage_full[7]_i_1_n_0                                          | sys_rst                                                            |                3 |              8 |
|  sys_clk     | netsoc_netsoc_sdram_phaseinjector1_wrdata_storage_full[31]_i_1_n_0                           | sys_rst                                                            |                6 |              8 |
|  sys_clk     | netsoc_netsoc_sdram_phaseinjector0_wrdata_storage_full[23]_i_1_n_0                           | sys_rst                                                            |                2 |              8 |
|  sys_clk     | p_4_out[31]                                                                                  | sys_rst                                                            |                2 |              8 |
|  sys_clk     | netsoc_netsoc_sdram_phaseinjector0_wrdata_storage_full[15]_i_1_n_0                           | sys_rst                                                            |                3 |              8 |
|  sys_clk     | netsoc_netsoc_ctrl_storage_full[7]_i_1_n_0                                                   | sys_rst                                                            |                2 |              8 |
|  sys_clk     | netsoc_netsoc_sdram_phaseinjector1_wrdata_storage_full[7]_i_1_n_0                            | sys_rst                                                            |                1 |              8 |
|  sys_clk     | netsoc_netsoc_timer0_reload_storage_full[23]_i_1_n_0                                         | sys_rst                                                            |                2 |              8 |
|  sys_clk     | netsoc_netsoc_sdram_phaseinjector3_wrdata_storage_full[7]_i_1_n_0                            | sys_rst                                                            |                2 |              8 |
|  sys_clk     | netsoc_netsoc_sdram_phaseinjector3_address_storage_full[7]_i_1_n_0                           | sys_rst                                                            |                2 |              8 |
|  sys_clk     | netsoc_netsoc_sdram_phaseinjector3_wrdata_storage_full[31]_i_1_n_0                           | sys_rst                                                            |                3 |              8 |
|  sys_clk     | VexRiscv/dataCache_1/netsoc_spiflash_counter_reg[0][0]                                       | sys_rst                                                            |                3 |              8 |
|  sys_clk     | netsoc_netsoc_sdram_phaseinjector3_wrdata_storage_full[15]_i_1_n_0                           | sys_rst                                                            |                3 |              8 |
|  sys_clk     | netsoc_netsoc_sdram_phaseinjector3_wrdata_storage_full[23]_i_1_n_0                           | sys_rst                                                            |                2 |              8 |
|  sys_clk     |                                                                                              | netsoc_interface5_bank_bus_dat_r[7]_i_1_n_0                        |                6 |              8 |
|  sys_clk     | p_4_out[15]                                                                                  | sys_rst                                                            |                1 |              8 |
|  sys_clk     | netsoc_netsoc_ctrl_storage_full[15]_i_1_n_0                                                  | sys_rst                                                            |                3 |              8 |
|  sys_clk     | netsoc_netsoc_uart_phy_source_payload_data[7]_i_1_n_0                                        | sys_rst                                                            |                1 |              8 |
|  sys_clk     | p_4_out[23]                                                                                  | sys_rst                                                            |                1 |              8 |
|  sys_clk     | VexRiscv/IBusCachedPlugin_cache/_zz_17                                                       | VexRiscv/IBusCachedPlugin_cache/lineLoader_flushCounter[7]_i_1_n_0 |                2 |              8 |
|  sys_clk     | netsoc_netsoc_timer0_reload_storage_full[31]_i_1_n_0                                         | sys_rst                                                            |                2 |              8 |
|  sys_clk     | netsoc_netsoc_sdram_phaseinjector2_wrdata_storage_full[7]_i_1_n_0                            | sys_rst                                                            |                4 |              8 |
|  sys_clk     | VexRiscv/dataCache_1/p_4_out[1]                                                              |                                                                    |                3 |              9 |
|  sys_clk     | VexRiscv/dataCache_1/p_4_out[2]                                                              |                                                                    |                3 |              9 |
|  sys_clk     | VexRiscv/dataCache_1/p_4_out[3]                                                              |                                                                    |                2 |              9 |
|  eth_rx_clk  |                                                                                              | ethmac_crc32_checker_syncfifo_produce[2]_i_1_n_0                   |                5 |              9 |
|  sys_clk     | ethmac_reader_counter_ce                                                                     | ethmac_reader_counter[10]_i_1_n_0                                  |                2 |              9 |
|  sys_clk     | ethphy_counter_ce                                                                            | sys_rst                                                            |                4 |              9 |
|  sys_clk     | VexRiscv/dataCache_1/p_4_out[0]                                                              |                                                                    |                4 |              9 |
|  eth_rx_clk  | ethmac_rx_converter_converter_source_payload_data[29]_i_1_n_0                                | eth_rx_rst                                                         |                4 |             10 |
|  eth_rx_clk  | ethmac_rx_converter_converter_source_payload_data[9]_i_1_n_0                                 | eth_rx_rst                                                         |                3 |             10 |
|  eth_rx_clk  | ethmac_rx_converter_converter_source_payload_data[39]_i_1_n_0                                | eth_rx_rst                                                         |                3 |             10 |
|  sys_clk     | netsoc_netsoc_sdram_timer_count[9]_i_2_n_0                                                   | netsoc_netsoc_sdram_timer_count[9]_i_1_n_0                         |                4 |             10 |
|  eth_rx_clk  | ethmac_rx_converter_converter_source_payload_data[19]_i_1_n_0                                | eth_rx_rst                                                         |                3 |             10 |
|  sys_clk     | VexRiscv/dataCache_1/way_dataReadRspOneAddress[9]_i_1_n_0                                    |                                                                    |                3 |             10 |
|  sys_clk     | VexRiscv/dataCache_1/_zz_13                                                                  |                                                                    |                3 |             11 |
|  sys_clk     | netsoc_temperature_status                                                                    | sys_rst                                                            |                4 |             12 |
|  sys_clk     | netsoc_vccaux_status                                                                         | sys_rst                                                            |                5 |             12 |
|  sys_clk     | netsoc_vccint_status                                                                         | sys_rst                                                            |                5 |             12 |
|  sys_clk     | netsoc_vccbram_status                                                                        | sys_rst                                                            |                4 |             12 |
|  sys_clk     | netsoc_netsoc_sdram_bankmachine2_row_open                                                    | sys_rst                                                            |                3 |             14 |
|  sys_clk     | netsoc_netsoc_sdram_bankmachine5_row_open                                                    | sys_rst                                                            |                5 |             14 |
|  sys_clk     | netsoc_netsoc_sdram_bankmachine3_row[13]_i_1_n_0                                             | sys_rst                                                            |                3 |             14 |
|  sys_clk     | netsoc_netsoc_sdram_bankmachine7_row_open                                                    | sys_rst                                                            |                4 |             14 |
|  sys_clk     | netsoc_netsoc_sdram_bankmachine4_row_open                                                    | sys_rst                                                            |                3 |             14 |
|  sys_clk     | netsoc_netsoc_sdram_bankmachine1_row_open                                                    | sys_rst                                                            |                3 |             14 |
|  sys_clk     | netsoc_netsoc_sdram_bankmachine0_row_open                                                    | sys_rst                                                            |                3 |             14 |
|  sys_clk     | netsoc_netsoc_sdram_bankmachine6_row_open                                                    | sys_rst                                                            |                3 |             14 |
|  eth_tx_clk  | ethmac_padding_inserter_counter_ce                                                           | ethmac_padding_inserter_counter[14]                                |                4 |             15 |
|  sys_clk     |                                                                                              | VexRiscv/IBusCachedPlugin_cache/_zz_209_reg[0]                     |                7 |             15 |
|  sys_clk     | netsoc_netsoc_uart_tx_fifo_wrport_we                                                         |                                                                    |                2 |             16 |
|  sys_clk     | netsoc_netsoc_uart_rx_fifo_wrport_we                                                         |                                                                    |                2 |             16 |
|  eth_rx_clk  | storage_10_reg_0_7_0_5_i_1_n_0                                                               |                                                                    |                2 |             16 |
|  sys_clk     | storage_14_reg_0_1_0_5_i_1_n_0                                                               |                                                                    |                2 |             16 |
|  eth_rx_clk  |                                                                                              |                                                                    |                8 |             19 |
|  sys_clk     | sel                                                                                          | VexRiscv/dataCache_1/netsoc_count_reg[19]                          |                5 |             20 |
|  eth_tx_clk  |                                                                                              | eth_tx_rst                                                         |               12 |             21 |
|  sys_clk     | netsoc_spiflash_sr[31]_i_1_n_0                                                               | sys_rst                                                            |               10 |             22 |
|  eth_tx_clk  |                                                                                              |                                                                    |                8 |             22 |
|  sys_clk     | netsoc_netsoc_sdram_bankmachine3_cmd_buffer_pipe_ce                                          | sys_rst                                                            |                6 |             23 |
|  sys_clk     | netsoc_netsoc_sdram_bankmachine6_cmd_buffer_pipe_ce                                          | sys_rst                                                            |                5 |             23 |
|  sys_clk     | netsoc_netsoc_sdram_bankmachine7_cmd_buffer_source_payload_we_i_1_n_0                        | sys_rst                                                            |                7 |             23 |
|  sys_clk     | netsoc_netsoc_sdram_bankmachine1_cmd_buffer_pipe_ce                                          | sys_rst                                                            |               10 |             23 |
|  sys_clk     | netsoc_netsoc_sdram_bankmachine4_cmd_buffer_pipe_ce                                          | sys_rst                                                            |                6 |             23 |
|  sys_clk     | netsoc_netsoc_sdram_bankmachine0_cmd_buffer_pipe_ce                                          | sys_rst                                                            |                7 |             23 |
|  sys_clk     | netsoc_netsoc_sdram_bankmachine2_cmd_buffer_pipe_ce                                          | sys_rst                                                            |                7 |             23 |
|  sys_clk     | netsoc_netsoc_sdram_bankmachine5_cmd_buffer_pipe_ce                                          | sys_rst                                                            |                7 |             23 |
|  sys_clk     | netsoc_a7ddrphy_bitslip0_value                                                               | netsoc_a7ddrphy_bitslip7_value                                     |               14 |             24 |
|  sys_clk     | netsoc_netsoc_sdram_bandwidth_nwrites[0]_i_1_n_0                                             | netsoc_netsoc_sdram_bandwidth_nwrites                              |                6 |             24 |
|  sys_clk     | netsoc_a7ddrphy_bitslip8_value                                                               | netsoc_a7ddrphy_bitslip15_value                                    |                7 |             24 |
|  sys_clk     | netsoc_netsoc_sdram_bandwidth_nreads                                                         | netsoc_netsoc_sdram_bandwidth_nwrites                              |                6 |             24 |
|  sys_clk     | VexRiscv/IBusCachedPlugin_cache/lineLoader_address_reg[31]_1                                 |                                                                    |                7 |             27 |
|  eth_rx_clk  |                                                                                              | eth_rx_rst                                                         |                9 |             27 |
|  sys_clk     | VexRiscv/dataCache_1/_zz_47                                                                  |                                                                    |                7 |             27 |
|  sys_clk     | VexRiscv/dataCache_1/_zz_5                                                                   |                                                                    |               10 |             30 |
|  sys_clk     |                                                                                              | netsoc_netsoc_uart_phy_phase_accumulator_rx[30]_i_1_n_0            |                8 |             31 |
|  sys_clk     | ethmac_writer_errors_status_next_value_ce                                                    | sys_rst                                                            |                9 |             32 |
|  sys_clk     | VexRiscv/dataCache_1/netsoc_netsoc_sdram_bankmachine0_cmd_buffer_lookahead_level_reg[3]      |                                                                    |                4 |             32 |
|  eth_tx_clk  | ethmac_crc32_inserter_ce                                                                     | ethmac_crc32_inserter_reg                                          |                9 |             32 |
|  sys_clk     |                                                                                              | netsoc_netsoc_uart_phy_phase_accumulator_tx[31]_i_1_n_0            |                8 |             32 |
|  sys_clk     | VexRiscv/dataCache_1/memory_DivPlugin_accumulator_reg[2][0]                                  | VexRiscv/dataCache_1/memory_DivPlugin_div_counter_willClear        |                6 |             32 |
|  sys_clk     | VexRiscv/memory_DivPlugin_div_result                                                         |                                                                    |                8 |             32 |
|  eth_rx_clk  | ethmac_crc32_checker_crc_ce                                                                  | ethmac_crc32_checker_syncfifo_produce[2]_i_1_n_0                   |               13 |             32 |
|  sys_clk     | VexRiscv/dataCache_1/memory_DivPlugin_rs1_reg[1][0]                                          |                                                                    |                8 |             32 |
|  sys_clk     | VexRiscv/CsrPlugin_mtvec                                                                     |                                                                    |               14 |             32 |
|  sys_clk     | VexRiscv/_zz_196                                                                             | VexRiscv/dataCache_1/reset0                                        |               19 |             32 |
|  sys_clk     | ethmac_ps_crc_error_o                                                                        | sys_rst                                                            |                8 |             32 |
|  sys_clk     | ethmac_ps_preamble_error_o                                                                   | sys_rst                                                            |                8 |             32 |
|  sys_clk     | VexRiscv/dataCache_1/_zz_260                                                                 |                                                                    |               11 |             32 |
|  sys_clk     | VexRiscv/dataCache_1/_zz_35[31]_i_1_n_0                                                      |                                                                    |               10 |             32 |
|  sys_clk     | netsoc_netsoc_ctrl_bus_errors                                                                | sys_rst                                                            |                8 |             32 |
|  sys_clk     | VexRiscv/dataCache_1/netsoc_netsoc_sdram_bankmachine7_cmd_buffer_lookahead_level_reg[3]      |                                                                    |                4 |             32 |
|  sys_clk     | VexRiscv/dataCache_1/CsrPlugin_mepc_reg[0][0]                                                |                                                                    |               11 |             32 |
|  sys_clk     | VexRiscv/dataCache_1/netsoc_netsoc_sdram_bankmachine6_cmd_buffer_lookahead_level_reg[3]      |                                                                    |                4 |             32 |
|  sys_clk     | VexRiscv/dataCache_1/netsoc_netsoc_sdram_bankmachine5_cmd_buffer_lookahead_level_reg[2]      |                                                                    |                4 |             32 |
|  sys_clk     | netsoc_netsoc_timer0_update_value_re                                                         | sys_rst                                                            |                7 |             32 |
|  sys_clk     | VexRiscv/dataCache_1/netsoc_netsoc_sdram_bankmachine4_cmd_buffer_lookahead_level_reg[3]      |                                                                    |                4 |             32 |
|  sys_clk     | p_422_out                                                                                    | ethmac_writer_counter[0]_i_1_n_0                                   |                8 |             32 |
|  sys_clk     | VexRiscv/dataCache_1/netsoc_netsoc_sdram_bankmachine2_cmd_buffer_lookahead_level_reg[3]      |                                                                    |                4 |             32 |
|  sys_clk     | VexRiscv/dataCache_1/victim_bufferReadStream_ready                                           |                                                                    |                6 |             32 |
|  sys_clk     | VexRiscv/dataCache_1/netsoc_netsoc_sdram_bankmachine3_cmd_buffer_lookahead_level_reg[3]      |                                                                    |                4 |             32 |
|  sys_clk     | VexRiscv/_zz_188                                                                             |                                                                    |               13 |             32 |
|  sys_clk     | VexRiscv/IBusCachedPlugin_cache/IBusCachedPlugin_fetchPc_pcReg_reg[0]_0                      | VexRiscv/dataCache_1/reset0                                        |                9 |             32 |
|  sys_clk     | VexRiscv/dataCache_1/netsoc_netsoc_sdram_bankmachine1_cmd_buffer_lookahead_level_reg[3]      |                                                                    |                4 |             32 |
|  sys_clk     | VexRiscv/dataCache_1/CsrPlugin_exceptionPortCtrl_exceptionContext_code_reg[0][0]             |                                                                    |               11 |             35 |
|  sys_clk     |                                                                                              | VexRiscv/dataCache_1/reset0                                        |               24 |             46 |
|  sys_clk     | VexRiscv/dataCache_1/_zz_30                                                                  |                                                                    |                6 |             48 |
|  sys_clk     | netsoc_netsoc_sdram_bandwidth_update_re                                                      | sys_rst                                                            |               15 |             48 |
|  sys_clk     | ethmac_writer_fifo_wrport_we                                                                 |                                                                    |                6 |             48 |
|  sys_clk     | netsoc_netsoc_sdram_bandwidth_period                                                         | sys_rst                                                            |               15 |             48 |
|  sys_clk     | netsoc_dna_status                                                                            | sys_rst                                                            |               21 |             57 |
|  sys_clk     | VexRiscv/dataCache_1/E[0]                                                                    | VexRiscv/dataCache_1/reset0                                        |               26 |             65 |
|  sys_clk     | VexRiscv/IBusCachedPlugin_cache/_zz_120                                                      |                                                                    |               27 |             96 |
|  sys_clk     | netsoc_netsoc_sdram_inti_p0_rddata_valid                                                     | sys_rst                                                            |               66 |            128 |
|  sys_clk     | VexRiscv/dataCache_1/decode_to_execute_INSTRUCTION_reg[31][0]                                |                                                                    |               62 |            147 |
|  sys_clk     |                                                                                              |                                                                    |               93 |            187 |
|  sys_clk     | VexRiscv/dataCache_1/E[0]                                                                    |                                                                    |               72 |            191 |
|  sys_clk     | VexRiscv/dataCache_1/memory_DivPlugin_div_counter_willClear                                  |                                                                    |               89 |            246 |
|  sys_clk     |                                                                                              | sys_rst                                                            |              273 |            799 |
+--------------+----------------------------------------------------------------------------------------------+--------------------------------------------------------------------+------------------+----------------+


+--------+-----------------------+
| Fanout | Number of ControlSets |
+--------+-----------------------+
| 1      |                     7 |
| 2      |                     4 |
| 3      |                     1 |
| 4      |                    30 |
| 5      |                     5 |
| 6      |                    10 |
| 7      |                     3 |
| 8      |                    52 |
| 9      |                     7 |
| 10     |                     6 |
| 11     |                     1 |
| 12     |                     4 |
| 14     |                     8 |
| 15     |                     2 |
| 16+    |                    69 |
+--------+-----------------------+


