Copyright 1986-2017 Xilinx, Inc. All Rights Reserved.
---------------------------------------------------------------------------------------------------
| Tool Version : Vivado v.2017.3 (lin64) Build 2018833 Wed Oct  4 19:58:07 MDT 2017
| Date         : Mon Jan 13 02:49:27 2020
| Host         : travis-job-a8abef9c-13c8-424e-bd25-4d7629e179f1 running 64-bit Ubuntu 16.04.6 LTS
| Command      : report_utilization -hierarchical -file top_utilization_hierarchical_place.rpt
| Design       : top
| Device       : 7a35tcsg324-1
| Design State : Fully Placed
---------------------------------------------------------------------------------------------------

Utilization Design Information

Table of Contents
-----------------
1. Utilization by Hierarchy

1. Utilization by Hierarchy
---------------------------

+----------------------------+------------------+------------+------------+---------+------+------+--------+--------+--------------+
|          Instance          |      Module      | Total LUTs | Logic LUTs | LUTRAMs | SRLs |  FFs | RAMB36 | RAMB18 | DSP48 Blocks |
+----------------------------+------------------+------------+------------+---------+------+------+--------+--------+--------------+
| top                        |            (top) |       5661 |       5475 |     184 |    2 | 5191 |     23 |     35 |            0 |
|   (top)                    |            (top) |       2754 |       2568 |     184 |    2 | 3181 |     22 |     27 |            0 |
|   VexRiscv                 |         VexRiscv |       2907 |       2907 |       0 |    0 | 2010 |      1 |      8 |            0 |
|     (VexRiscv)             |         VexRiscv |       1367 |       1367 |       0 |    0 | 1733 |      0 |      2 |            0 |
|     IBusCachedPlugin_cache | InstructionCache |        748 |        748 |       0 |    0 |  106 |      1 |      1 |            0 |
|     dataCache_1_           |        DataCache |        792 |        792 |       0 |    0 |  171 |      0 |      5 |            0 |
+----------------------------+------------------+------------+------------+---------+------+------+--------+--------+--------------+
* Note: The sum of lower-level cells may be larger than their parent cells total, due to cross-hierarchy LUT combining


