Copyright 1986-2017 Xilinx, Inc. All Rights Reserved.
---------------------------------------------------------------------------------------------------
| Tool Version : Vivado v.2017.3 (lin64) Build 2018833 Wed Oct  4 19:58:07 MDT 2017
| Date         : Mon Jun  3 01:01:54 2019
| Host         : travis-job-e20310f7-a788-4e87-8b76-12d19bbf99ee running 64-bit Ubuntu 14.04.5 LTS
| Command      : report_utilization -hierarchical -file top_utilization_hierarchical_synth.rpt
| Design       : top
| Device       : 7a100tcsg324-1
| Design State : Synthesized
---------------------------------------------------------------------------------------------------

Utilization Design Information

Table of Contents
-----------------
1. Utilization by Hierarchy

1. Utilization by Hierarchy
---------------------------

+--------------------------------------------------+----------------------------+------------+------------+---------+------+------+--------+--------+--------------+
|                     Instance                     |           Module           | Total LUTs | Logic LUTs | LUTRAMs | SRLs |  FFs | RAMB36 | RAMB18 | DSP48 Blocks |
+--------------------------------------------------+----------------------------+------------+------------+---------+------+------+--------+--------+--------------+
| top                                              |                      (top) |       3804 |       3610 |     192 |    2 | 3460 |     18 |     19 |            3 |
|   (top)                                          |                      (top) |       2054 |       1908 |     144 |    2 | 2320 |     16 |     17 |            0 |
|   lm32_cpu                                       |                   lm32_cpu |       1750 |       1702 |      48 |    0 | 1140 |      2 |      2 |            3 |
|     (lm32_cpu)                                   |                   lm32_cpu |        115 |         67 |      48 |    0 |  340 |      0 |      0 |            0 |
|     instruction_unit                             |      lm32_instruction_unit |        593 |        593 |       0 |    0 |  323 |      1 |      1 |            0 |
|       (instruction_unit)                         |      lm32_instruction_unit |        417 |        417 |       0 |    0 |  277 |      0 |      0 |            0 |
|       icache                                     |                lm32_icache |        176 |        176 |       0 |    0 |   46 |      1 |      1 |            0 |
|         (icache)                                 |                lm32_icache |         88 |         88 |       0 |    0 |   46 |      0 |      0 |            0 |
|         memories[0].way_0_data_ram               |                 lm32_ram_0 |         71 |         71 |       0 |    0 |    0 |      1 |      0 |            0 |
|         memories[0].way_0_tag_ram                | lm32_ram__parameterized0_1 |         17 |         17 |       0 |    0 |    0 |      0 |      1 |            0 |
|     interrupt_unit                               |             lm32_interrupt |         38 |         38 |       0 |    0 |   34 |      0 |      0 |            0 |
|     load_store_unit                              |       lm32_load_store_unit |        612 |        612 |       0 |    0 |  224 |      1 |      1 |            0 |
|       (load_store_unit)                          |       lm32_load_store_unit |        410 |        410 |       0 |    0 |  180 |      0 |      0 |            0 |
|       dcache                                     |                lm32_dcache |        202 |        202 |       0 |    0 |   44 |      1 |      1 |            0 |
|         (dcache)                                 |                lm32_dcache |         92 |         92 |       0 |    0 |   44 |      0 |      0 |            0 |
|         memories[0].data_memories.way_0_data_ram |                   lm32_ram |         92 |         92 |       0 |    0 |    0 |      1 |      0 |            0 |
|         memories[0].way_0_tag_ram                |   lm32_ram__parameterized0 |         18 |         18 |       0 |    0 |    0 |      0 |      1 |            0 |
|     mc_arithmetic                                |         lm32_mc_arithmetic |        164 |        164 |       0 |    0 |  137 |      0 |      0 |            0 |
|     multiplier                                   |            lm32_multiplier |         93 |         93 |       0 |    0 |   49 |      0 |      0 |            3 |
|     shifter                                      |               lm32_shifter |        135 |        135 |       0 |    0 |   33 |      0 |      0 |            0 |
+--------------------------------------------------+----------------------------+------------+------------+---------+------+------+--------+--------+--------------+


