Copyright 1986-2017 Xilinx, Inc. All Rights Reserved.
---------------------------------------------------------------------------------------------------
| Tool Version : Vivado v.2017.3 (lin64) Build 2018833 Wed Oct  4 19:58:07 MDT 2017
| Date         : Fri Feb 15 04:58:31 2019
| Host         : travis-job-6ce370ce-9169-4dda-9dc3-3fd2d38cb50a running 64-bit Ubuntu 14.04.5 LTS
| Command      : report_utilization -hierarchical -file top_utilization_hierarchical_place.rpt
| Design       : top
| Device       : 7a35tcsg324-1
| Design State : Fully Placed
---------------------------------------------------------------------------------------------------

Utilization Design Information

Table of Contents
-----------------
1. Utilization by Hierarchy

1. Utilization by Hierarchy
---------------------------

+----------------+-------------------+------------+------------+---------+------+------+--------+--------+--------------+
|    Instance    |       Module      | Total LUTs | Logic LUTs | LUTRAMs | SRLs |  FFs | RAMB36 | RAMB18 | DSP48 Blocks |
+----------------+-------------------+------------+------------+---------+------+------+--------+--------+--------------+
| top            |             (top) |       5128 |       4854 |     272 |    2 | 4085 |     18 |     27 |            0 |
|   (top)        |             (top) |       2712 |       2526 |     184 |    2 | 2914 |     18 |     27 |            0 |
|   picorv32     |          picorv32 |       2417 |       2329 |      88 |    0 | 1171 |      0 |      0 |            0 |
|     (picorv32) |          picorv32 |       1771 |       1683 |      88 |    0 |  716 |      0 |      0 |            0 |
|     pcpi_div   | picorv32_pcpi_div |        389 |        389 |       0 |    0 |  200 |      0 |      0 |            0 |
|     pcpi_mul   | picorv32_pcpi_mul |        258 |        258 |       0 |    0 |  255 |      0 |      0 |            0 |
+----------------+-------------------+------------+------------+---------+------+------+--------+--------+--------------+
* Note: The sum of lower-level cells may be larger than their parent cells total, due to cross-hierarchy LUT combining


