Copyright 1986-2017 Xilinx, Inc. All Rights Reserved.
---------------------------------------------------------------------------------------------------
| Tool Version : Vivado v.2017.3 (lin64) Build 2018833 Wed Oct  4 19:58:07 MDT 2017
| Date         : Tue Dec 18 20:08:22 2018
| Host         : travis-job-63a45da7-e5db-4329-a669-aa258dc2d47b running 64-bit Ubuntu 14.04.5 LTS
| Command      : report_utilization -hierarchical -file top_utilization_hierarchical_synth.rpt
| Design       : top
| Device       : 7a35tcsg324-1
| Design State : Synthesized
---------------------------------------------------------------------------------------------------

Utilization Design Information

Table of Contents
-----------------
1. Utilization by Hierarchy

1. Utilization by Hierarchy
---------------------------

+----------------------------+------------------+------------+------------+---------+------+------+--------+--------+--------------+
|          Instance          |      Module      | Total LUTs | Logic LUTs | LUTRAMs | SRLs |  FFs | RAMB36 | RAMB18 | DSP48 Blocks |
+----------------------------+------------------+------------+------------+---------+------+------+--------+--------+--------------+
| top                        |            (top) |       4955 |       4745 |     208 |    2 | 4368 |     19 |     35 |            4 |
|   (top)                    |            (top) |       2718 |       2532 |     184 |    2 | 2910 |     18 |     27 |            0 |
|   VexRiscv                 |         VexRiscv |       2237 |       2213 |      24 |    0 | 1458 |      1 |      8 |            4 |
|     (VexRiscv)             |         VexRiscv |        850 |        850 |       0 |    0 |  905 |      0 |      2 |            4 |
|     IBusCachedPlugin_cache | InstructionCache |        371 |        371 |       0 |    0 |   97 |      1 |      1 |            0 |
|     dataCache_1            |        DataCache |       1016 |        992 |      24 |    0 |  456 |      0 |      5 |            0 |
+----------------------------+------------------+------------+------------+---------+------+------+--------+--------+--------------+


