make[1]: warning: jobserver unavailable: using -j1.  Add '+' to parent make rule.
make[1]: Entering directory '/home/travis/build/timvideos/HDMI2USB-litex-firmware/build/basys3_base_lm32/software/libcompiler_rt'
make[1]: Nothing to be done for 'all'.
make[1]: Leaving directory '/home/travis/build/timvideos/HDMI2USB-litex-firmware/build/basys3_base_lm32/software/libcompiler_rt'
make[1]: warning: jobserver unavailable: using -j1.  Add '+' to parent make rule.
make[1]: Entering directory '/home/travis/build/timvideos/HDMI2USB-litex-firmware/build/basys3_base_lm32/software/libbase'
 CC       exception.o
 CC       system.o
 CC       id.o
 CC       uart.o
 CC       time.o
 CC       spiflash.o
 AR       libbase.a
 AR       libbase-nofloat.a
make[1]: Leaving directory '/home/travis/build/timvideos/HDMI2USB-litex-firmware/build/basys3_base_lm32/software/libbase'
make[1]: warning: jobserver unavailable: using -j1.  Add '+' to parent make rule.
make[1]: Entering directory '/home/travis/build/timvideos/HDMI2USB-litex-firmware/build/basys3_base_lm32/software/libnet'
 CC       microudp.o
 AR       libnet.a
make[1]: Leaving directory '/home/travis/build/timvideos/HDMI2USB-litex-firmware/build/basys3_base_lm32/software/libnet'
make[1]: warning: jobserver unavailable: using -j1.  Add '+' to parent make rule.
make[1]: Entering directory '/home/travis/build/timvideos/HDMI2USB-litex-firmware/build/basys3_base_lm32/software/bios'
 CC       isr.o
 CC       sdram.o
 CC       main.o
 CC       boot.o
 LD       bios.elf
chmod -x bios.elf
 OBJCOPY  bios.bin
chmod -x bios.bin
python -m litex.soc.software.mkmscimg bios.bin
make[1]: Leaving directory '/home/travis/build/timvideos/HDMI2USB-litex-firmware/build/basys3_base_lm32/software/bios'
make[1]: warning: jobserver unavailable: using -j1.  Add '+' to parent make rule.
make[1]: Entering directory '/home/travis/build/timvideos/HDMI2USB-litex-firmware/build/basys3_base_lm32/software/uip'
 CC       clock-arch.o
 CC       liteethmac-drv.o
/home/travis/build/timvideos/HDMI2USB-litex-firmware/firmware/uip/liteethmac-drv.c:33:25: warning: 'txbuffer1' defined but not used [-Wunused-variable]
   33 | static ethernet_buffer *txbuffer1;
      |                         ^~~~~~~~~
/home/travis/build/timvideos/HDMI2USB-litex-firmware/firmware/uip/liteethmac-drv.c:32:25: warning: 'txbuffer0' defined but not used [-Wunused-variable]
   32 | static ethernet_buffer *txbuffer0;
      |                         ^~~~~~~~~
/home/travis/build/timvideos/HDMI2USB-litex-firmware/firmware/uip/liteethmac-drv.c:31:25: warning: 'txbuffer' defined but not used [-Wunused-variable]
   31 | static ethernet_buffer *txbuffer;
      |                         ^~~~~~~~
/home/travis/build/timvideos/HDMI2USB-litex-firmware/firmware/uip/liteethmac-drv.c:30:21: warning: 'txlen' defined but not used [-Wunused-variable]
   30 | static unsigned int txlen;
      |                     ^~~~~
/home/travis/build/timvideos/HDMI2USB-litex-firmware/firmware/uip/liteethmac-drv.c:29:21: warning: 'txslot' defined but not used [-Wunused-variable]
   29 | static unsigned int txslot;
      |                     ^~~~~~
/home/travis/build/timvideos/HDMI2USB-litex-firmware/firmware/uip/liteethmac-drv.c:28:25: warning: 'rxbuffer1' defined but not used [-Wunused-variable]
   28 | static ethernet_buffer *rxbuffer1;
      |                         ^~~~~~~~~
/home/travis/build/timvideos/HDMI2USB-litex-firmware/firmware/uip/liteethmac-drv.c:27:25: warning: 'rxbuffer0' defined but not used [-Wunused-variable]
   27 | static ethernet_buffer *rxbuffer0;
      |                         ^~~~~~~~~
/home/travis/build/timvideos/HDMI2USB-litex-firmware/firmware/uip/liteethmac-drv.c:26:25: warning: 'rxbuffer' defined but not used [-Wunused-variable]
   26 | static ethernet_buffer *rxbuffer;
      |                         ^~~~~~~~
/home/travis/build/timvideos/HDMI2USB-litex-firmware/firmware/uip/liteethmac-drv.c:25:21: warning: 'rxlen' defined but not used [-Wunused-variable]
   25 | static unsigned int rxlen;
      |                     ^~~~~
/home/travis/build/timvideos/HDMI2USB-litex-firmware/firmware/uip/liteethmac-drv.c:24:21: warning: 'rxslot' defined but not used [-Wunused-variable]
   24 | static unsigned int rxslot;
      |                     ^~~~~~
 AR       libuip.a
make[1]: Leaving directory '/home/travis/build/timvideos/HDMI2USB-litex-firmware/build/basys3_base_lm32/software/uip'
make[1]: warning: jobserver unavailable: using -j1.  Add '+' to parent make rule.
make[1]: Entering directory '/home/travis/build/timvideos/HDMI2USB-litex-firmware/build/basys3_base_lm32/software/stub'
 CC       main.o
 CC       isr.o
 LD       firmware.elf
lm32-elf-ld:/home/travis/build/timvideos/HDMI2USB-litex-firmware/firmware/stub/linker.ld:15: warning: memory region `user_flash' not declared
chmod -x firmware.elf
 OBJCOPY  firmware.bin
chmod -x firmware.bin
python -m litex.soc.software.mkmscimg -f firmware.bin -o firmware.fbi
make[1]: Leaving directory '/home/travis/build/timvideos/HDMI2USB-litex-firmware/build/basys3_base_lm32/software/stub'
