Copyright 1986-2017 Xilinx, Inc. All Rights Reserved.
---------------------------------------------------------------------------------------------------
| Tool Version : Vivado v.2017.3 (lin64) Build 2018833 Wed Oct  4 19:58:07 MDT 2017
| Date         : Sun Jul  7 15:26:01 2019
| Host         : travis-job-514697b1-95f3-4df8-8597-c34db8fb0127 running 64-bit Ubuntu 14.04.5 LTS
| Command      : report_utilization -hierarchical -file top_utilization_hierarchical_place.rpt
| Design       : top
| Device       : 7a200tsbg484-1
| Design State : Fully Placed
---------------------------------------------------------------------------------------------------

Utilization Design Information

Table of Contents
-----------------
1. Utilization by Hierarchy

1. Utilization by Hierarchy
---------------------------

+--------------------------------------------------+----------------------------+------------+------------+---------+------+------+--------+--------+--------------+
|                     Instance                     |           Module           | Total LUTs | Logic LUTs | LUTRAMs | SRLs |  FFs | RAMB36 | RAMB18 | DSP48 Blocks |
+--------------------------------------------------+----------------------------+------------+------------+---------+------+------+--------+--------+--------------+
| top                                              |                      (top) |       4044 |       3850 |     192 |    2 | 3646 |     18 |     19 |            3 |
|   (top)                                          |                      (top) |       2248 |       2102 |     144 |    2 | 2506 |     16 |     17 |            0 |
|   lm32_cpu                                       |                   lm32_cpu |       1796 |       1748 |      48 |    0 | 1140 |      2 |      2 |            3 |
|     (lm32_cpu)                                   |                   lm32_cpu |        115 |         67 |      48 |    0 |  340 |      0 |      0 |            0 |
|     instruction_unit                             |      lm32_instruction_unit |        572 |        572 |       0 |    0 |  323 |      1 |      1 |            0 |
|       (instruction_unit)                         |      lm32_instruction_unit |        406 |        406 |       0 |    0 |  277 |      0 |      0 |            0 |
|       icache                                     |                lm32_icache |        166 |        166 |       0 |    0 |   46 |      1 |      1 |            0 |
|         (icache)                                 |                lm32_icache |         88 |         88 |       0 |    0 |   46 |      0 |      0 |            0 |
|         memories[0].way_0_data_ram               |                 lm32_ram_0 |         22 |         22 |       0 |    0 |    0 |      1 |      0 |            0 |
|         memories[0].way_0_tag_ram                | lm32_ram__parameterized0_1 |         56 |         56 |       0 |    0 |    0 |      0 |      1 |            0 |
|     interrupt_unit                               |             lm32_interrupt |         39 |         39 |       0 |    0 |   34 |      0 |      0 |            0 |
|     load_store_unit                              |       lm32_load_store_unit |        680 |        680 |       0 |    0 |  224 |      1 |      1 |            0 |
|       (load_store_unit)                          |       lm32_load_store_unit |        466 |        466 |       0 |    0 |  180 |      0 |      0 |            0 |
|       dcache                                     |                lm32_dcache |        214 |        214 |       0 |    0 |   44 |      1 |      1 |            0 |
|         (dcache)                                 |                lm32_dcache |        105 |        105 |       0 |    0 |   44 |      0 |      0 |            0 |
|         memories[0].data_memories.way_0_data_ram |                   lm32_ram |         91 |         91 |       0 |    0 |    0 |      1 |      0 |            0 |
|         memories[0].way_0_tag_ram                |   lm32_ram__parameterized0 |         18 |         18 |       0 |    0 |    0 |      0 |      1 |            0 |
|     mc_arithmetic                                |         lm32_mc_arithmetic |        164 |        164 |       0 |    0 |  137 |      0 |      0 |            0 |
|     multiplier                                   |            lm32_multiplier |         91 |         91 |       0 |    0 |   49 |      0 |      0 |            3 |
|     shifter                                      |               lm32_shifter |        135 |        135 |       0 |    0 |   33 |      0 |      0 |            0 |
+--------------------------------------------------+----------------------------+------------+------------+---------+------+------+--------+--------+--------------+
* Note: The sum of lower-level cells may be larger than their parent cells total, due to cross-hierarchy LUT combining


