Copyright 1986-2017 Xilinx, Inc. All Rights Reserved.
---------------------------------------------------------------------------------------------------
| Tool Version : Vivado v.2017.3 (lin64) Build 2018833 Wed Oct  4 19:58:07 MDT 2017
| Date         : Sun Jul  7 17:07:49 2019
| Host         : travis-job-785ba65f-eacf-4dfb-a25f-246bdeb2633e running 64-bit Ubuntu 14.04.5 LTS
| Command      : report_control_sets -verbose -file top_control_sets.rpt
| Design       : top
| Device       : xc7a50t
---------------------------------------------------------------------------------------------------

Control Set Information

Table of Contents
-----------------
1. Summary
2. Flip-Flop Distribution
3. Detailed Control Set Information

1. Summary
----------

+----------------------------------------------------------+-------+
|                          Status                          | Count |
+----------------------------------------------------------+-------+
| Number of unique control sets                            |   178 |
| Unused register locations in slices containing registers |   327 |
+----------------------------------------------------------+-------+


2. Flip-Flop Distribution
-------------------------

+--------------+-----------------------+------------------------+-----------------+--------------+
| Clock Enable | Synchronous Set/Reset | Asynchronous Set/Reset | Total Registers | Total Slices |
+--------------+-----------------------+------------------------+-----------------+--------------+
| No           | No                    | No                     |             235 |          121 |
| No           | No                    | Yes                    |               4 |            2 |
| No           | Yes                   | No                     |             954 |          314 |
| Yes          | No                    | No                     |             451 |          140 |
| Yes          | No                    | Yes                    |               0 |            0 |
| Yes          | Yes                   | No                     |            1821 |          622 |
+--------------+-----------------------+------------------------+-----------------+--------------+


3. Detailed Control Set Information
-----------------------------------

+--------------+--------------------------------------------------------------------------+-----------------------------------------------------------+------------------+----------------+
| Clock Signal |                               Enable Signal                              |                      Set/Reset Signal                     | Slice Load Count | Bel Load Count |
+--------------+--------------------------------------------------------------------------+-----------------------------------------------------------+------------------+----------------+
|  sys_clk     | spiflash_i_i_1_n_0                                                       | sys_rst                                                   |                1 |              1 |
|  clk200_clk  |                                                                          |                                                           |                1 |              1 |
|  sys_clk     | basesoc_sdram_tfawcon_ready_reg019_in                                    | basesoc_sdram_tfawcon_ready_i_1_n_0                       |                1 |              1 |
|  sys_clk     |                                                                          | basesoc_sdram_tccdcon_ready_i_1_n_0                       |                1 |              1 |
|  sys_clk     | serial_tx_i_1_n_0                                                        | sys_rst                                                   |                1 |              1 |
|  clk200_clk  |                                                                          | xilinxasyncresetsynchronizerimpl0                         |                1 |              2 |
|  sys_clk     |                                                                          | xilinxasyncresetsynchronizerimpl0                         |                1 |              2 |
|  sys_clk     | basesoc_uart_phy_rx_bitcount                                             | basesoc_uart_phy_rx_bitcount[3]_i_1_n_0                   |                1 |              4 |
|  sys_clk     | bankmachine5_next_state                                                  | sys_rst                                                   |                1 |              4 |
|  sys_clk     | spiflash_bitbang_storage_full[3]_i_1_n_0                                 | sys_rst                                                   |                1 |              4 |
|  sys_clk     | picorv32/basesoc_sdram_bankmachine2_cmd_buffer_lookahead_level_reg[3][0] | sys_rst                                                   |                1 |              4 |
|  sys_clk     | basesoc_uart_rx_fifo_wrport_we                                           | sys_rst                                                   |                1 |              4 |
|  sys_clk     | basesoc_uart_tx_fifo_wrport_we                                           | sys_rst                                                   |                1 |              4 |
|  sys_clk     | picorv32/basesoc_sdram_bankmachine5_cmd_buffer_lookahead_level_reg[3][0] | sys_rst                                                   |                2 |              4 |
|  sys_clk     | picorv32/basesoc_sdram_bankmachine0_cmd_buffer_lookahead_level_reg[3][0] | sys_rst                                                   |                2 |              4 |
|  sys_clk     | picorv32/basesoc_sdram_bankmachine3_cmd_buffer_lookahead_level_reg[3][0] | sys_rst                                                   |                1 |              4 |
|  sys_clk     | bankmachine7_next_state                                                  | sys_rst                                                   |                1 |              4 |
|  sys_clk     | bankmachine2_next_state                                                  | sys_rst                                                   |                2 |              4 |
|  sys_clk     | bankmachine6_next_state                                                  | sys_rst                                                   |                2 |              4 |
|  sys_clk     | basesoc_uart_phy_sink_ready1338_out                                      | basesoc_uart_phy_tx_bitcount[3]_i_1_n_0                   |                1 |              4 |
|  sys_clk     | a7ddrphy_half_sys8x_taps_storage_full[3]_i_1_n_0                         | sys_rst                                                   |                1 |              4 |
|  sys_clk     | multiplexer_next_state                                                   | sys_rst                                                   |                1 |              4 |
|  sys_clk     | bankmachine3_next_state                                                  | sys_rst                                                   |                3 |              4 |
|  sys_clk     | bankmachine1_next_state                                                  | sys_rst                                                   |                2 |              4 |
|  sys_clk     | basesoc_sdram_time1[3]_i_1_n_0                                           | sys_rst                                                   |                2 |              4 |
|  sys_clk     | bankmachine0_next_state                                                  | sys_rst                                                   |                2 |              4 |
|  sys_clk     | picorv32/mem_addr[31]_i_1_n_0                                            | picorv32/mem_wstrb[3]_i_1_n_0                             |                1 |              4 |
|  sys_clk     | basesoc_uart_rx_fifo_syncfifo_re                                         | sys_rst                                                   |                1 |              4 |
|  sys_clk     |                                                                          | picorv32/pcpi_mul/instr_mulhu_i_1_n_0                     |                1 |              4 |
|  sys_clk     |                                                                          | picorv32/pcpi_div/instr_rem_i_1_n_0                       |                1 |              4 |
|  sys_clk     | picorv32/sel                                                             | picorv32/pcpi_mul/SS[0]                                   |                1 |              4 |
|  sys_clk     |                                                                          | basesoc_csrbankarray_interface1_bank_bus_dat_r[3]_i_1_n_0 |                1 |              4 |
|  sys_clk     | basesoc_uart_tx_fifo_syncfifo_re                                         | sys_rst                                                   |                1 |              4 |
|  sys_clk     |                                                                          | basesoc_csrbankarray_interface4_bank_bus_dat_r[3]_i_1_n_0 |                1 |              4 |
|  sys_clk     | picorv32/basesoc_sdram_bankmachine1_cmd_buffer_lookahead_level_reg[3][0] | sys_rst                                                   |                1 |              4 |
|  clk200_clk  | reset_counter[3]_i_1_n_0                                                 | clk200_rst                                                |                1 |              4 |
|  sys_clk     | picorv32/basesoc_sdram_bankmachine6_cmd_buffer_lookahead_level_reg[3][0] | sys_rst                                                   |                2 |              4 |
|  sys_clk     | picorv32/basesoc_sdram_bankmachine7_cmd_buffer_lookahead_level_reg[3][0] | sys_rst                                                   |                2 |              4 |
|  sys_clk     | bankmachine4_next_state                                                  | sys_rst                                                   |                1 |              4 |
|  sys_clk     | picorv32/basesoc_sdram_bankmachine4_cmd_buffer_lookahead_level_reg[3][0] | sys_rst                                                   |                2 |              4 |
|  sys_clk     | picorv32/is_lui_auipc_jal_jalr_addi_add_sub0                             | picorv32/instr_lw_i_1_n_0                                 |                1 |              5 |
|  sys_clk     | picorv32/latched_rd[4]_i_1_n_0                                           |                                                           |                2 |              5 |
|  sys_clk     | basesoc_uart_rx_fifo_level0[4]_i_1_n_0                                   | sys_rst                                                   |                2 |              5 |
|  sys_clk     | basesoc_sdram_time0[4]_i_1_n_0                                           | sys_rst                                                   |                2 |              5 |
|  sys_clk     | basesoc_csrbankarray_csrbank3_dfii_control0_re                           | sys_rst                                                   |                2 |              5 |
|  sys_clk     | basesoc_uart_tx_fifo_level0[4]_i_1_n_0                                   | sys_rst                                                   |                1 |              5 |
|  sys_clk     | picorv32/instr_lui0                                                      | picorv32/decoded_rs1[0]_i_1_n_0                           |                1 |              5 |
|  sys_clk     | basesoc_csrbankarray_csrbank3_dfii_pi3_command0_re                       | sys_rst                                                   |                1 |              6 |
|  sys_clk     | basesoc_csrbankarray_csrbank3_dfii_pi2_command0_re                       | sys_rst                                                   |                3 |              6 |
|  sys_clk     | basesoc_sdram_phaseinjector2_address_storage_full[13]_i_1_n_0            | sys_rst                                                   |                1 |              6 |
|  sys_clk     | basesoc_sdram_phaseinjector3_address_storage_full[13]_i_1_n_0            | sys_rst                                                   |                2 |              6 |
|  sys_clk     | basesoc_csrbankarray_csrbank3_dfii_pi0_command0_re                       | sys_rst                                                   |                3 |              6 |
|  sys_clk     | basesoc_sdram_phaseinjector1_address_storage_full[13]_i_1_n_0            | sys_rst                                                   |                1 |              6 |
|  sys_clk     | basesoc_sdram_phaseinjector1_command_storage_full[5]_i_1_n_0             | sys_rst                                                   |                2 |              6 |
|  sys_clk     | basesoc_sdram_phaseinjector0_address_storage_full[13]_i_1_n_0            | sys_rst                                                   |                3 |              6 |
|  sys_clk     | basesoc_sdram_generator_counter                                          | sys_rst                                                   |                2 |              6 |
|  sys_clk     | picorv32/pcpi_mul/E[0]                                                   |                                                           |                2 |              7 |
|  sys_clk     | dna_cnt[6]_i_1_n_0                                                       | sys_rst                                                   |                3 |              7 |
|  sys_clk     | basesoc_sdram_phaseinjector2_wrdata_storage_full[15]_i_1_n_0             | sys_rst                                                   |                3 |              8 |
|  sys_clk     | basesoc_sdram_phaseinjector2_wrdata_storage_full[23]_i_1_n_0             | sys_rst                                                   |                3 |              8 |
|  sys_clk     | basesoc_sdram_phaseinjector1_wrdata_storage_full[23]_i_1_n_0             | sys_rst                                                   |                2 |              8 |
|  sys_clk     | basesoc_uart_tx_fifo_syncfifo_re                                         |                                                           |                2 |              8 |
|  sys_clk     | basesoc_sdram_phaseinjector1_wrdata_storage_full[7]_i_1_n_0              | sys_rst                                                   |                3 |              8 |
|  sys_clk     | basesoc_sdram_phaseinjector2_wrdata_storage_full[7]_i_1_n_0              | sys_rst                                                   |                1 |              8 |
|  sys_clk     | basesoc_timer0_reload_storage_full[15]_i_1_n_0                           | sys_rst                                                   |                1 |              8 |
|  sys_clk     | basesoc_sdram_phaseinjector2_wrdata_storage_full[31]_i_1_n_0             | sys_rst                                                   |                3 |              8 |
|  sys_clk     | basesoc_sdram_phaseinjector3_wrdata_storage_full[23]_i_1_n_0             | sys_rst                                                   |                3 |              8 |
|  sys_clk     | basesoc_sdram_phaseinjector3_address_storage_full[7]_i_1_n_0             | sys_rst                                                   |                4 |              8 |
|  sys_clk     | basesoc_timer0_reload_storage_full[7]_i_1_n_0                            | sys_rst                                                   |                2 |              8 |
|  sys_clk     | basesoc_sdram_phaseinjector3_wrdata_storage_full[31]_i_1_n_0             | sys_rst                                                   |                3 |              8 |
|  sys_clk     | p_3_out[31]                                                              | sys_rst                                                   |                1 |              8 |
|  sys_clk     | basesoc_sdram_phaseinjector1_wrdata_storage_full[31]_i_1_n_0             | sys_rst                                                   |                3 |              8 |
|  sys_clk     | basesoc_uart_phy_tx_reg[7]_i_1_n_0                                       | sys_rst                                                   |                2 |              8 |
|  sys_clk     | basesoc_timer0_reload_storage_full[23]_i_1_n_0                           | sys_rst                                                   |                2 |              8 |
|  sys_clk     | basesoc_timer0_load_storage_full[31]_i_1_n_0                             | sys_rst                                                   |                2 |              8 |
|  sys_clk     | p_3_out[23]                                                              | sys_rst                                                   |                1 |              8 |
|  sys_clk     | basesoc_sdram_phaseinjector1_address_storage_full[7]_i_1_n_0             | sys_rst                                                   |                5 |              8 |
|  sys_clk     | basesoc_uart_rx_fifo_syncfifo_re                                         |                                                           |                2 |              8 |
|  sys_clk     | basesoc_timer0_load_storage_full[23]_i_1_n_0                             | sys_rst                                                   |                2 |              8 |
|  sys_clk     | basesoc_timer0_load_storage_full[15]_i_1_n_0                             | sys_rst                                                   |                2 |              8 |
|  sys_clk     | basesoc_timer0_load_storage_full[7]_i_1_n_0                              | sys_rst                                                   |                2 |              8 |
|  sys_clk     | p_3_out[7]                                                               | sys_rst                                                   |                2 |              8 |
|  sys_clk     |                                                                          | basesoc_csrbankarray_interface6_bank_bus_dat_r[7]_i_1_n_0 |                2 |              8 |
|  sys_clk     | basesoc_uart_phy_source_payload_data[7]_i_1_n_0                          | sys_rst                                                   |                1 |              8 |
|  sys_clk     | basesoc_sdram_phaseinjector0_wrdata_storage_full[31]_i_1_n_0             | sys_rst                                                   |                3 |              8 |
|  sys_clk     | basesoc_sdram_phaseinjector0_wrdata_storage_full[7]_i_1_n_0              | sys_rst                                                   |                2 |              8 |
|  sys_clk     | basesoc_sdram_phaseinjector0_wrdata_storage_full[15]_i_1_n_0             | sys_rst                                                   |                3 |              8 |
|  sys_clk     | basesoc_sdram_phaseinjector1_wrdata_storage_full[15]_i_1_n_0             | sys_rst                                                   |                4 |              8 |
|  sys_clk     | picorv32/E[0]                                                            | sys_rst                                                   |                4 |              8 |
|  sys_clk     | basesoc_sdram_phaseinjector0_wrdata_storage_full[23]_i_1_n_0             | sys_rst                                                   |                2 |              8 |
|  sys_clk     | basesoc_sdram_phaseinjector2_address_storage_full[7]_i_1_n_0             | sys_rst                                                   |                3 |              8 |
|  sys_clk     | basesoc_uart_phy_rx_reg                                                  | sys_rst                                                   |                1 |              8 |
|  sys_clk     |                                                                          | basesoc_csrbankarray_interface5_bank_bus_dat_r[7]_i_1_n_0 |                4 |              8 |
|  sys_clk     | spiflash_i                                                               | sys_rst                                                   |                3 |              8 |
|  sys_clk     | basesoc_sdram_phaseinjector0_address_storage_full[7]_i_1_n_0             | sys_rst                                                   |                2 |              8 |
|  sys_clk     | basesoc_timer0_reload_storage_full[31]_i_1_n_0                           | sys_rst                                                   |                2 |              8 |
|  sys_clk     | basesoc_sdram_phaseinjector3_wrdata_storage_full[7]_i_1_n_0              | sys_rst                                                   |                4 |              8 |
|  sys_clk     | basesoc_ctrl_storage_full[31]_i_1_n_0                                    | sys_rst                                                   |                2 |              8 |
|  sys_clk     | basesoc_ctrl_storage_full[23]_i_1_n_0                                    | sys_rst                                                   |                1 |              8 |
|  sys_clk     | basesoc_ctrl_storage_full[15]_i_1_n_0                                    | sys_rst                                                   |                2 |              8 |
|  sys_clk     | basesoc_ctrl_storage_full[7]_i_1_n_0                                     | sys_rst                                                   |                3 |              8 |
|  sys_clk     |                                                                          | basesoc_csrbankarray_interface0_bank_bus_dat_r[7]_i_1_n_0 |                4 |              8 |
|  sys_clk     | p_3_out[15]                                                              | sys_rst                                                   |                1 |              8 |
|  sys_clk     | basesoc_sdram_phaseinjector3_wrdata_storage_full[15]_i_1_n_0             | sys_rst                                                   |                3 |              8 |
|  sys_clk     |                                                                          | basesoc_csrbankarray_interface2_bank_bus_dat_r[7]_i_1_n_0 |                7 |              8 |
|  sys_clk     |                                                                          | basesoc_csrbankarray_interface3_bank_bus_dat_r[7]_i_1_n_0 |                6 |              8 |
|  sys_clk     |                                                                          | basesoc_csrbankarray_interface7_bank_bus_dat_r[7]_i_1_n_0 |                2 |              8 |
|  sys_clk     | basesoc_sdram_timer_count[9]_i_2_n_0                                     | basesoc_sdram_timer_count[9]_i_1_n_0                      |                4 |             10 |
|  sys_clk     | vccint_status                                                            | sys_rst                                                   |                3 |             12 |
|  sys_clk     | vccaux_status                                                            | sys_rst                                                   |                4 |             12 |
|  sys_clk     | vccbram_status                                                           | sys_rst                                                   |                4 |             12 |
|  sys_clk     | temperature_status                                                       | sys_rst                                                   |                3 |             12 |
|  sys_clk     | basesoc_sdram_bankmachine7_row_open                                      | sys_rst                                                   |                3 |             14 |
|  sys_clk     | basesoc_sdram_bankmachine0_row_open                                      | sys_rst                                                   |                3 |             14 |
|  sys_clk     | basesoc_sdram_bankmachine3_row_open                                      | sys_rst                                                   |                3 |             14 |
|  sys_clk     | basesoc_sdram_bankmachine5_row_open                                      | sys_rst                                                   |                2 |             14 |
|  sys_clk     | basesoc_sdram_bankmachine4_row_open                                      | sys_rst                                                   |                4 |             14 |
|  sys_clk     | basesoc_sdram_bankmachine6_row_open                                      | sys_rst                                                   |                4 |             14 |
|  sys_clk     | basesoc_sdram_bankmachine1_row_open                                      | sys_rst                                                   |                3 |             14 |
|  sys_clk     | basesoc_sdram_bankmachine2_row_open                                      | sys_rst                                                   |                3 |             14 |
|  sys_clk     | picorv32/mem_rdata_q[24]_i_1_n_0                                         |                                                           |                4 |             15 |
|  sys_clk     | basesoc_uart_tx_fifo_wrport_we                                           |                                                           |                2 |             16 |
|  sys_clk     | basesoc_uart_rx_fifo_wrport_we                                           |                                                           |                2 |             16 |
|  sys_clk     | picorv32/is_lui_auipc_jal_jalr_addi_add_sub0                             | picorv32/decoded_imm[31]_i_1_n_0                          |                7 |             20 |
|  sys_clk     | picorv32/mem_rdata_q_reg[7]_0                                            | picorv32/basesoc_count_reg_19_sn_1                        |                5 |             20 |
|  sys_clk     | picorv32/is_lui_auipc_jal_jalr_addi_add_sub0                             | picorv32/pcpi_mul/mem_state2                              |                8 |             22 |
|  sys_clk     | spiflash_sr[31]_i_1_n_0                                                  | sys_rst                                                   |               13 |             22 |
|  sys_clk     | basesoc_sdram_bankmachine2_cmd_buffer_pipe_ce                            | sys_rst                                                   |                8 |             23 |
|  sys_clk     | basesoc_sdram_bankmachine5_cmd_buffer_pipe_ce                            | sys_rst                                                   |                7 |             23 |
|  sys_clk     | basesoc_sdram_bankmachine1_cmd_buffer_pipe_ce                            | sys_rst                                                   |                6 |             23 |
|  sys_clk     | basesoc_sdram_bankmachine3_cmd_buffer_pipe_ce                            | sys_rst                                                   |               10 |             23 |
|  sys_clk     | basesoc_sdram_bankmachine7_cmd_buffer_source_payload_we_i_1_n_0          | sys_rst                                                   |                9 |             23 |
|  sys_clk     | basesoc_sdram_bankmachine0_cmd_buffer_pipe_ce                            | sys_rst                                                   |                6 |             23 |
|  sys_clk     | basesoc_sdram_bankmachine6_cmd_buffer_pipe_ce                            | sys_rst                                                   |                8 |             23 |
|  sys_clk     | basesoc_sdram_bankmachine4_cmd_buffer_pipe_ce                            | sys_rst                                                   |                6 |             23 |
|  sys_clk     | basesoc_sdram_bandwidth_nwrites[0]_i_1_n_0                               | basesoc_sdram_bandwidth_nwrites                           |                6 |             24 |
|  sys_clk     | a7ddrphy_bitslip8_value                                                  | a7ddrphy_bitslip15_value                                  |               11 |             24 |
|  sys_clk     | a7ddrphy_bitslip0_value                                                  | a7ddrphy_bitslip7_value                                   |               11 |             24 |
|  sys_clk     | basesoc_sdram_bandwidth_nreads                                           | basesoc_sdram_bandwidth_nwrites                           |                6 |             24 |
|  sys_clk     | picorv32/pcpi_mul/rs1_reg[32]_1                                          | picorv32/pcpi_mul/rs1[62]_i_1_n_0                         |                6 |             31 |
|  sys_clk     | picorv32/pcpi_div/divisor                                                | picorv32/pcpi_div/divisor[30]_i_1_n_0                     |               12 |             31 |
|  sys_clk     |                                                                          | basesoc_uart_phy_phase_accumulator_rx[30]_i_1_n_0         |                8 |             31 |
|  sys_clk     | picorv32/basesoc_sdram_bankmachine3_cmd_buffer_lookahead_wrport_we       |                                                           |                4 |             32 |
|  sys_clk     | picorv32/reg_op2[31]_i_1_n_0                                             |                                                           |               13 |             32 |
|  sys_clk     | picorv32/pcpi_mul/pcpi_wr0                                               |                                                           |               11 |             32 |
|  sys_clk     | picorv32/reg_op1[31]_i_1_n_0                                             |                                                           |               12 |             32 |
|  sys_clk     | picorv32/pcpi_div/quotient                                               | picorv32/pcpi_div/quotient_msk[31]_i_1_n_0                |               13 |             32 |
|  sys_clk     |                                                                          | basesoc_uart_phy_phase_accumulator_tx[31]_i_1_n_0         |                8 |             32 |
|  sys_clk     | basesoc_ctrl_bus_errors                                                  | sys_rst                                                   |                8 |             32 |
|  sys_clk     | picorv32/basesoc_sdram_bankmachine0_cmd_buffer_lookahead_wrport_we__0    |                                                           |                4 |             32 |
|  sys_clk     | picorv32/timer                                                           | picorv32/pcpi_mul/mem_state2                              |               17 |             32 |
|  sys_clk     | picorv32/basesoc_sdram_bankmachine1_cmd_buffer_lookahead_wrport_we       |                                                           |                4 |             32 |
|  sys_clk     | picorv32/basesoc_sdram_bankmachine4_cmd_buffer_lookahead_wrport_we       |                                                           |                4 |             32 |
|  sys_clk     | picorv32/basesoc_sdram_bankmachine2_cmd_buffer_lookahead_wrport_we       |                                                           |                4 |             32 |
|  sys_clk     | picorv32/basesoc_sdram_bankmachine5_cmd_buffer_lookahead_wrport_we       |                                                           |                4 |             32 |
|  sys_clk     | picorv32/mem_wdata[31]_i_1_n_0                                           |                                                           |                9 |             32 |
|  sys_clk     | picorv32/pcpi_div/quotient_msk[31]_i_2_n_0                               | picorv32/pcpi_div/quotient_msk[31]_i_1_n_0                |                7 |             32 |
|  sys_clk     | picorv32/irq_mask                                                        | picorv32/pcpi_mul/mem_state2                              |               19 |             32 |
|  sys_clk     | basesoc_timer0_value_status[31]_i_1_n_0                                  | sys_rst                                                   |               11 |             32 |
|  sys_clk     | picorv32/pcpi_div/dividend                                               |                                                           |               13 |             32 |
|  sys_clk     | picorv32/basesoc_sdram_bankmachine6_cmd_buffer_lookahead_wrport_we       |                                                           |                4 |             32 |
|  sys_clk     | picorv32/pcpi_div/divisor                                                |                                                           |               10 |             32 |
|  sys_clk     | picorv32/basesoc_sdram_bankmachine7_cmd_buffer_lookahead_wrport_we       |                                                           |                4 |             32 |
|  sys_clk     | picorv32/instr_lui0                                                      |                                                           |               12 |             35 |
|  sys_clk     | picorv32/mem_addr[31]_i_1_n_0                                            |                                                           |               12 |             37 |
|  sys_clk     | picorv32/is_lui_auipc_jal_jalr_addi_add_sub0                             |                                                           |               16 |             47 |
|  sys_clk     | basesoc_sdram_bandwidth_period                                           | sys_rst                                                   |               11 |             48 |
|  sys_clk     | basesoc_sdram_bandwidth_update_re                                        | sys_rst                                                   |               15 |             48 |
|  sys_clk     | dna_status                                                               | sys_rst                                                   |               14 |             57 |
|  sys_clk     | picorv32/cpu_state_reg_n_0_[6]                                           | picorv32/pcpi_mul/mem_state2                              |               40 |             64 |
|  sys_clk     | picorv32/irq_delay                                                       | picorv32/pcpi_mul/mem_state2                              |               16 |             65 |
|  sys_clk     | picorv32/pcpi_mul/rs1_reg[32]_1                                          | picorv32/pcpi_mul/mul_counter[6]                          |               31 |             85 |
|  sys_clk     |                                                                          | picorv32/pcpi_mul/mem_state2                              |               35 |             86 |
|  sys_clk     | picorv32/p_0_in__1                                                       |                                                           |               22 |             88 |
|  sys_clk     | picorv32/pcpi_mul/rs1_reg[32]_1                                          |                                                           |               20 |             97 |
|  sys_clk     | basesoc_sdram_inti_p0_rddata_valid                                       | sys_rst                                                   |               60 |            128 |
|  sys_clk     |                                                                          |                                                           |              121 |            236 |
|  sys_clk     |                                                                          | sys_rst                                                   |              233 |            740 |
+--------------+--------------------------------------------------------------------------+-----------------------------------------------------------+------------------+----------------+


+--------+-----------------------+
| Fanout | Number of ControlSets |
+--------+-----------------------+
| 1      |                     5 |
| 2      |                     2 |
| 4      |                    33 |
| 5      |                     7 |
| 6      |                     9 |
| 7      |                     2 |
| 8      |                    49 |
| 10     |                     1 |
| 12     |                     4 |
| 14     |                     8 |
| 15     |                     1 |
| 16+    |                    57 |
+--------+-----------------------+


