Copyright 1986-2017 Xilinx, Inc. All Rights Reserved.
---------------------------------------------------------------------------------------------------
| Tool Version : Vivado v.2017.3 (lin64) Build 2018833 Wed Oct  4 19:58:07 MDT 2017
| Date         : Fri May 31 12:05:47 2019
| Host         : travis-job-9709fb59-a388-484e-916b-4cd8a3c6a2d2 running 64-bit Ubuntu 14.04.5 LTS
| Command      : report_utilization -hierarchical -file top_utilization_hierarchical_synth.rpt
| Design       : top
| Device       : 7a35tcsg324-1
| Design State : Synthesized
---------------------------------------------------------------------------------------------------

Utilization Design Information

Table of Contents
-----------------
1. Utilization by Hierarchy

1. Utilization by Hierarchy
---------------------------

+------------+----------+------------+------------+---------+------+------+--------+--------+--------------+
|  Instance  |  Module  | Total LUTs | Logic LUTs | LUTRAMs | SRLs |  FFs | RAMB36 | RAMB18 | DSP48 Blocks |
+------------+----------+------------+------------+---------+------+------+--------+--------+--------------+
| top        |    (top) |       4184 |       3910 |     272 |    2 | 3408 |     18 |     27 |            0 |
|   (top)    |    (top) |       2719 |       2533 |     184 |    2 | 2912 |     18 |     27 |            0 |
|   picorv32 | picorv32 |       1465 |       1377 |      88 |    0 |  496 |      0 |      0 |            0 |
+------------+----------+------------+------------+---------+------+------+--------+--------+--------------+


