Copyright 1986-2017 Xilinx, Inc. All Rights Reserved.
---------------------------------------------------------------------------------------------------
| Tool Version : Vivado v.2017.3 (lin64) Build 2018833 Wed Oct  4 19:58:07 MDT 2017
| Date         : Mon Jan 13 02:47:01 2020
| Host         : travis-job-34f2b180-cdb9-4c4d-9952-45f4520aa33a running 64-bit Ubuntu 16.04.6 LTS
| Command      : report_clock_utilization -file top_clock_utilization.rpt
| Design       : top
| Device       : 7a200t-sbg484
| Speed File   : -1  PRODUCTION 1.19 2017-08-11
---------------------------------------------------------------------------------------------------

Clock Utilization Report

Table of Contents
-----------------
1. Clock Primitive Utilization
2. Global Clock Resources
3. Global Clock Source Details
4. Local Clock Details
5. Clock Regions: Key Resource Utilization
6. Clock Regions : Global Clock Summary
7. Device Cell Placement Summary for Global Clock g0
8. Device Cell Placement Summary for Global Clock g1
9. Device Cell Placement Summary for Global Clock g2
10. Device Cell Placement Summary for Global Clock g3
11. Device Cell Placement Summary for Global Clock g4
12. Device Cell Placement Summary for Global Clock g5
13. Device Cell Placement Summary for Global Clock g6
14. Device Cell Placement Summary for Global Clock g7
15. Device Cell Placement Summary for Global Clock g8
16. Device Cell Placement Summary for Global Clock g9
17. Device Cell Placement Summary for Global Clock g10
18. Device Cell Placement Summary for Global Clock g11
19. Device Cell Placement Summary for Global Clock g12
20. Device Cell Placement Summary for Global Clock g13
21. Clock Region Cell Placement per Global Clock: Region X1Y0
22. Clock Region Cell Placement per Global Clock: Region X0Y1
23. Clock Region Cell Placement per Global Clock: Region X1Y1
24. Clock Region Cell Placement per Global Clock: Region X0Y2
25. Clock Region Cell Placement per Global Clock: Region X1Y2
26. Clock Region Cell Placement per Global Clock: Region X0Y3
27. Clock Region Cell Placement per Global Clock: Region X1Y3

1. Clock Primitive Utilization
------------------------------

+----------+------+-----------+-----+--------------+--------+
| Type     | Used | Available | LOC | Clock Region | Pblock |
+----------+------+-----------+-----+--------------+--------+
| BUFGCTRL |   13 |        32 |   0 |            0 |      0 |
| BUFH     |    0 |       120 |   0 |            0 |      0 |
| BUFIO    |    1 |        40 |   0 |            0 |      0 |
| BUFMR    |    0 |        20 |   0 |            0 |      0 |
| BUFR     |    1 |        40 |   0 |            0 |      0 |
| MMCM     |    2 |        10 |   0 |            0 |      0 |
| PLL      |    2 |        10 |   0 |            0 |      0 |
+----------+------+-----------+-----+--------------+--------+


2. Global Clock Resources
-------------------------

+-----------+-----------+-----------------+------------+----------------+--------------+-------------------+-------------+-----------------+--------------+----------------------------+------------+---------------------+
| Global Id | Source Id | Driver Type/Pin | Constraint | Site           | Clock Region | Load Clock Region | Clock Loads | Non-Clock Loads | Clock Period | Clock                      | Driver Pin | Net                 |
+-----------+-----------+-----------------+------------+----------------+--------------+-------------------+-------------+-----------------+--------------+----------------------------+------------+---------------------+
| g0        | src0      | BUFG/O          | None       | BUFGCTRL_X0Y0  | n/a          |                 7 |        5406 |               0 |       10.000 | sys_clk                    | BUFG/O     | sys_clk             |
| g1        | src1      | BUFG/O          | None       | BUFGCTRL_X0Y10 | n/a          |                 2 |        1044 |               0 |        6.734 | hdmi_in0_pix_clk           | BUFG_8/O   | hdmi_in0_pix_clk    |
| g2        | src2      | BUFG/O          | None       | BUFGCTRL_X0Y1  | n/a          |                 1 |         745 |               0 |        6.734 | hdmi_out0_pix_clk          | BUFG_11/O  | hdmi_out0_pix_clk   |
| g3        | src1      | BUFG/O          | None       | BUFGCTRL_X0Y2  | n/a          |                 2 |         471 |               0 |        5.387 | pix1p25x_clk               | BUFG_9/O   | pix1p25x_clk        |
| g4        | src3      | BUFG/O          | None       | BUFGCTRL_X0Y3  | n/a          |                 3 |         138 |               0 |        8.000 | eth_rx_clk                 | BUFG_5/O   | eth_rx_clk          |
| g5        | src4      | BUFG/O          | None       | BUFGCTRL_X0Y4  | n/a          |                 1 |         102 |               0 |        8.000 | eth_tx_clk                 | BUFG_6/O   | eth_tx_clk          |
| g6        | src0      | BUFG/O          | None       | BUFGCTRL_X0Y5  | n/a          |                 1 |          75 |               0 |        2.500 | soc_videosoc_pll_sys4x     | BUFG_1/O   | sys4x_clk           |
| g7        | src0      | BUFG/O          | None       | BUFGCTRL_X0Y7  | n/a          |                 3 |          10 |               0 |        5.000 | soc_videosoc_pll_clk200    | BUFG_3/O   | clk200_clk          |
| g8        | src2      | BUFG/O          | None       | BUFGCTRL_X0Y6  | n/a          |                 1 |           8 |               0 |        1.346 | hdmi_out0_pix5x_clk        | BUFG_12/O  | hdmi_out0_pix5x_clk |
| g9        | src0      | BUFG/O          | None       | BUFGCTRL_X0Y8  | n/a          |                 1 |           2 |               0 |        2.500 | soc_videosoc_pll_sys4x_dqs | BUFG_2/O   | sys4x_dqs_clk       |
| g10       | src5      | BUFG/O          | None       | BUFGCTRL_X0Y12 | n/a          |                 1 |           1 |               0 |       10.000 | clk100                     | BUFG_4/O   | clk100_clk          |
| g11       | src4      | BUFG/O          | None       | BUFGCTRL_X0Y9  | n/a          |                 1 |           1 |               0 |        8.000 | soc_ethphy_pll_clk_tx90    | BUFG_7/O   | eth_tx90_clk        |
| g12       | src6      | BUFR/O          | None       | BUFR_X1Y9      | X1Y2         |                 1 |           1 |               0 |              |                            | BUFR/O     | soc_clk_input_bufr  |
| g13       | src1      | BUFG/O          | None       | BUFGCTRL_X0Y11 | n/a          |                 1 |           1 |               0 |              |                            | BUFG_10/O  | soc_mmcm_fb_o       |
+-----------+-----------+-----------------+------------+----------------+--------------+-------------------+-------------+-----------------+--------------+----------------------------+------------+---------------------+
* Clock Loads column represents the clock pin loads (pin count)
** Non-Clock Loads column represents the non-clock pin loads (pin count)


3. Global Clock Source Details
------------------------------

+-----------+-----------+---------------------+------------+-----------------+--------------+-------------+-----------------+---------------------+----------------------------------------+----------------------+----------------------------------------+
| Source Id | Global Id | Driver Type/Pin     | Constraint | Site            | Clock Region | Clock Loads | Non-Clock Loads | Source Clock Period | Source Clock                           | Driver Pin           | Net                                    |
+-----------+-----------+---------------------+------------+-----------------+--------------+-------------+-----------------+---------------------+----------------------------------------+----------------------+----------------------------------------+
| src0      | g7        | PLLE2_ADV/CLKOUT3   | None       | PLLE2_ADV_X1Y2  | X1Y2         |           1 |               0 |               5.000 | soc_videosoc_pll_clk200                | PLLE2_BASE/CLKOUT3   | soc_videosoc_pll_clk200                |
| src0      | g0        | PLLE2_ADV/CLKOUT0   | None       | PLLE2_ADV_X1Y2  | X1Y2         |           1 |               0 |              10.000 | soc_videosoc_pll_sys                   | PLLE2_BASE/CLKOUT0   | soc_videosoc_pll_sys                   |
| src0      | g6        | PLLE2_ADV/CLKOUT1   | None       | PLLE2_ADV_X1Y2  | X1Y2         |           1 |               0 |               2.500 | soc_videosoc_pll_sys4x                 | PLLE2_BASE/CLKOUT1   | soc_videosoc_pll_sys4x                 |
| src0      | g9        | PLLE2_ADV/CLKOUT2   | None       | PLLE2_ADV_X1Y2  | X1Y2         |           1 |               0 |               2.500 | soc_videosoc_pll_sys4x_dqs             | PLLE2_BASE/CLKOUT2   | soc_videosoc_pll_sys4x_dqs             |
| src1      | g1        | MMCME2_ADV/CLKOUT0  | None       | MMCME2_ADV_X1Y2 | X1Y2         |           1 |               0 |                     |                                        | MMCME2_ADV/CLKOUT0   | soc_mmcm_clk0                          |
| src1      | g3        | MMCME2_ADV/CLKOUT1  | None       | MMCME2_ADV_X1Y2 | X1Y2         |           1 |               0 |                     |                                        | MMCME2_ADV/CLKOUT1   | soc_mmcm_clk1                          |
| src1      | g13       | MMCME2_ADV/CLKFBOUT | None       | MMCME2_ADV_X1Y2 | X1Y2         |           1 |               0 |                     |                                        | MMCME2_ADV/CLKFBOUT  | soc_mmcm_fb                            |
| src2      | g2        | MMCME2_ADV/CLKOUT0  | None       | MMCME2_ADV_X1Y0 | X1Y0         |           1 |               0 |               6.667 | soc_driver_s7hdmioutclocking_mmcm_clk0 | MMCME2_ADV_1/CLKOUT0 | soc_driver_s7hdmioutclocking_mmcm_clk0 |
| src2      | g8        | MMCME2_ADV/CLKOUT1  | None       | MMCME2_ADV_X1Y0 | X1Y0         |           1 |               0 |               1.333 | soc_driver_s7hdmioutclocking_mmcm_clk1 | MMCME2_ADV_1/CLKOUT1 | soc_driver_s7hdmioutclocking_mmcm_clk1 |
| src3      | g4        | IBUF/O              | IOB_X0Y74  | IOB_X0Y74       | X0Y1         |           1 |               0 |               8.000 | eth_clocks_rx                          | IBUF/O               | soc_ethphy_eth_rx_clk_ibuf             |
| src4      | g5        | PLLE2_ADV/CLKOUT0   | None       | PLLE2_ADV_X1Y0  | X1Y0         |           1 |               0 |               8.000 | soc_ethphy_pll_clk_tx                  | PLLE2_BASE_1/CLKOUT0 | soc_ethphy_pll_clk_tx                  |
| src4      | g11       | PLLE2_ADV/CLKOUT1   | None       | PLLE2_ADV_X1Y0  | X1Y0         |           1 |               0 |               8.000 | soc_ethphy_pll_clk_tx90                | PLLE2_BASE_1/CLKOUT1 | soc_ethphy_pll_clk_tx90                |
| src5      | g10       | IBUF/O              | IOB_X1Y124 | IOB_X1Y124      | X1Y2         |           2 |               0 |              10.000 | clk100                                 | clk100_IBUF_inst/O   | clk100_IBUF                            |
| src6      | g12       | IBUFDS/O            | IOB_X1Y126 | IOB_X1Y126      | X1Y2         |           1 |               0 |                     |                                        | hdmi_in_ibufds_1/O   | soc_clk_input                          |
+-----------+-----------+---------------------+------------+-----------------+--------------+-------------+-----------------+---------------------+----------------------------------------+----------------------+----------------------------------------+
* Clock Loads column represents the clock pin loads (pin count)
** Non-Clock Loads column represents the non-clock pin loads (pin count)


4. Local Clock Details
----------------------

+----------+-----------------+------------+-------------------+--------------+-------------+-----------------+--------------+-------+------------------------------------+-------------------------------------+
| Local Id | Driver Type/Pin | Constraint | Site/BEL          | Clock Region | Clock Loads | Non-Clock Loads | Clock Period | Clock | Driver Pin                         | Net                                 |
+----------+-----------------+------------+-------------------+--------------+-------------+-----------------+--------------+-------+------------------------------------+-------------------------------------||
| 0        | FDRE/Q          | None       | SLICE_X36Y136/AFF | X0Y2         |           1 |               8 |              |       | soc_videosoc_info_dna_cnt_reg[0]/Q | soc_videosoc_info_dna_cnt_reg__0[0] - Static -
+----------+-----------------+------------+-------------------+--------------+-------------+-----------------+--------------+-------+------------------------------------+-------------------------------------||
* Local Clocks in this context represents only clocks driven by non-global buffers
** Clock Loads column represents the clock pin loads (pin count)
*** Non-Clock Loads column represents the non-clock pin loads (pin count)


5. Clock Regions: Key Resource Utilization
------------------------------------------

+-------------------+--------------+--------------+--------------+--------------+--------------+--------------+--------------+--------------+--------------+--------------+--------------+--------------+--------------+--------------+--------------+
|                   | Global Clock |     BUFRs    |    BUFMRs    |    BUFIOs    |     MMCM     |      PLL     |      GT      |      PCI     |    ILOGIC    |    OLOGIC    |      FF      |     LUTM     |    RAMB18    |    RAMB36    |    DSP48E2   |
+-------------------+------+-------+------+-------+------+-------+------+-------+------+-------+------+-------+------+-------+------+-------+------+-------+------+-------+------+-------+------+-------+------+-------+------+-------+------+-------+
| Clock Region Name | Used | Avail | Used | Avail | Used | Avail | Used | Avail | Used | Avail | Used | Avail | Used | Avail | Used | Avail | Used | Avail | Used | Avail | Used | Avail | Used | Avail | Used | Avail | Used | Avail | Used | Avail |
+-------------------+------+-------+------+-------+------+-------+------+-------+------+-------+------+-------+------+-------+------+-------+------+-------+------+-------+------+-------+------+-------+------+-------+------+-------+------+-------+
| X0Y0              |    0 |    12 |    0 |     4 |    0 |     2 |    0 |     4 |    0 |     1 |    0 |     1 |    0 |     4 |    0 |     0 |    0 |    50 |    0 |    50 |    0 |  2700 |    0 |   800 |    0 |    60 |    0 |    30 |    0 |    60 |
| X1Y0              |    3 |    12 |    0 |     4 |    0 |     2 |    0 |     4 |    1 |     1 |    1 |     1 |    0 |     4 |    0 |     0 |    0 |    50 |    0 |    50 |    0 |  2500 |    0 |   800 |    0 |    40 |    0 |    20 |    0 |    40 |
| X0Y1              |    5 |    12 |    0 |     4 |    0 |     2 |    0 |     4 |    0 |     1 |    0 |     1 |    0 |     0 |    0 |     0 |    5 |    50 |    6 |    50 |  149 |  4200 |   58 |  1400 |    0 |   100 |    1 |    50 |    0 |   100 |
| X1Y1              |    1 |    12 |    0 |     4 |    0 |     2 |    0 |     4 |    0 |     1 |    0 |     1 |    0 |     0 |    0 |     0 |    0 |    50 |    0 |    50 |   31 |  4000 |   13 |  1400 |    0 |    80 |    4 |    40 |    0 |    80 |
| X0Y2              |    2 |    12 |    0 |     4 |    0 |     2 |    0 |     4 |    0 |     1 |    0 |     1 |    0 |     0 |    0 |     0 |    0 |    50 |    0 |    50 |  168 |  3600 |   62 |  1400 |    1 |   100 |    1 |    50 |    0 |   100 |
| X1Y2              |    9 |    12 |    1 |     4 |    0 |     2 |    1 |     4 |    1 |     1 |    0 |     1 |    0 |     0 |    0 |     0 |    6 |    50 |    8 |    50 | 5710 |  4000 | 1890 |  1400 |    8 |    80 |   17 |    40 |    3 |    80 |
| X0Y3              |    1 |    12 |    0 |     4 |    0 |     2 |    0 |     4 |    0 |     1 |    0 |     1 |    0 |     0 |    0 |     0 |    0 |    50 |    0 |    50 |    0 |  3600 |    0 |  1400 |    0 |   100 |    0 |    50 |    0 |   100 |
| X1Y3              |    6 |    12 |    0 |     4 |    0 |     2 |    0 |     4 |    0 |     1 |    0 |     1 |    0 |     0 |    0 |     0 |   16 |    50 |   45 |    50 | 1462 |  4000 |  606 |  1400 |    3 |    80 |    1 |    40 |    2 |    80 |
| X0Y4              |    0 |    12 |    0 |     4 |    0 |     2 |    0 |     4 |    0 |     1 |    0 |     1 |    0 |     4 |    0 |     1 |    0 |    50 |    0 |    50 |    0 |  2550 |    0 |   750 |    0 |    50 |    0 |    25 |    0 |    60 |
| X1Y4              |    0 |    12 |    0 |     4 |    0 |     2 |    0 |     4 |    0 |     1 |    0 |     1 |    0 |     4 |    0 |     0 |    0 |    50 |    0 |    50 |    0 |  2500 |    0 |   800 |    0 |    40 |    0 |    20 |    0 |    40 |
+-------------------+------+-------+------+-------+------+-------+------+-------+------+-------+------+-------+------+-------+------+-------+------+-------+------+-------+------+-------+------+-------+------+-------+------+-------+------+-------+
* Global Clock column represents track count; while other columns represents cell counts


6. Clock Regions : Global Clock Summary
---------------------------------------

All Modules
+----+----+----+
|    | X0 | X1 |
+----+----+----+
| Y4 |  0 |  0 |
| Y3 |  1 |  6 |
| Y2 |  2 |  9 |
| Y1 |  5 |  1 |
| Y0 |  0 |  3 |
+----+----+----+


7. Device Cell Placement Summary for Global Clock g0
----------------------------------------------------

+-----------+-----------------+-------------------+---------+-------------+---------------+-------------+----------+----------------+----------+---------+
| Global Id | Driver Type/Pin | Driver Region (D) | Clock   | Period (ns) | Waveform (ns) | Slice Loads | IO Loads | Clocking Loads | GT Loads | Net     |
+-----------+-----------------+-------------------+---------+-------------+---------------+-------------+----------+----------------+----------+---------+
| g0        | BUFG/O          | n/a               | sys_clk |      10.000 | {0.000 5.000} |        5169 |       61 |              2 |        0 | sys_clk |
+-----------+-----------------+-------------------+---------+-------------+---------------+-------------+----------+----------------+----------+---------+
* Logic Loads column represents load cell count of all cell types other than IO, GT and clock resources
** IO Loads column represents load cell count of IO types
*** Clocking Loads column represents load cell count that are clock resources (global clock buffer, MMCM, PLL, etc)
**** GT Loads column represents load cell count of GT types


+----+-----+-------+
|    | X0  | X1    |
+----+-----+-------+
| Y4 |   0 |     0 |
| Y3 |   1 |  1190 |
| Y2 |  57 |  3908 |
| Y1 |  40 |    35 |
| Y0 |   0 |     1 |
+----+-----+-------+


8. Device Cell Placement Summary for Global Clock g1
----------------------------------------------------

+-----------+-----------------+-------------------+------------------+-------------+---------------+-------------+----------+----------------+----------+------------------+
| Global Id | Driver Type/Pin | Driver Region (D) | Clock            | Period (ns) | Waveform (ns) | Slice Loads | IO Loads | Clocking Loads | GT Loads | Net              |
+-----------+-----------------+-------------------+------------------+-------------+---------------+-------------+----------+----------------+----------+------------------+
| g1        | BUFG/O          | n/a               | hdmi_in0_pix_clk |       6.734 | {0.000 3.367} |        1035 |        0 |              0 |        0 | hdmi_in0_pix_clk |
+-----------+-----------------+-------------------+------------------+-------------+---------------+-------------+----------+----------------+----------+------------------+
* Logic Loads column represents load cell count of all cell types other than IO, GT and clock resources
** IO Loads column represents load cell count of IO types
*** Clocking Loads column represents load cell count that are clock resources (global clock buffer, MMCM, PLL, etc)
**** GT Loads column represents load cell count of GT types


+----+----+------+
|    | X0 | X1   |
+----+----+------+
| Y4 |  0 |    0 |
| Y3 |  0 |  306 |
| Y2 |  0 |  729 |
| Y1 |  0 |    0 |
| Y0 |  0 |    0 |
+----+----+------+


9. Device Cell Placement Summary for Global Clock g2
----------------------------------------------------

+-----------+-----------------+-------------------+-------------------+-------------+---------------+-------------+----------+----------------+----------+-------------------+
| Global Id | Driver Type/Pin | Driver Region (D) | Clock             | Period (ns) | Waveform (ns) | Slice Loads | IO Loads | Clocking Loads | GT Loads | Net               |
+-----------+-----------------+-------------------+-------------------+-------------+---------------+-------------+----------+----------------+----------+-------------------+
| g2        | BUFG/O          | n/a               | hdmi_out0_pix_clk |       6.734 | {0.000 3.367} |         722 |        8 |              0 |        0 | hdmi_out0_pix_clk |
+-----------+-----------------+-------------------+-------------------+-------------+---------------+-------------+----------+----------------+----------+-------------------+
* Logic Loads column represents load cell count of all cell types other than IO, GT and clock resources
** IO Loads column represents load cell count of IO types
*** Clocking Loads column represents load cell count that are clock resources (global clock buffer, MMCM, PLL, etc)
**** GT Loads column represents load cell count of GT types


+----+----+------+
|    | X0 | X1   |
+----+----+------+
| Y4 |  0 |    0 |
| Y3 |  0 |    0 |
| Y2 |  0 |  730 |
| Y1 |  0 |    0 |
| Y0 |  0 |    0 |
+----+----+------+


10. Device Cell Placement Summary for Global Clock g3
-----------------------------------------------------

+-----------+-----------------+-------------------+--------------+-------------+---------------+-------------+----------+----------------+----------+--------------+
| Global Id | Driver Type/Pin | Driver Region (D) | Clock        | Period (ns) | Waveform (ns) | Slice Loads | IO Loads | Clocking Loads | GT Loads | Net          |
+-----------+-----------------+-------------------+--------------+-------------+---------------+-------------+----------+----------------+----------+--------------+
| g3        | BUFG/O          | n/a               | pix1p25x_clk |       5.387 | {0.000 2.693} |         465 |        6 |              0 |        0 | pix1p25x_clk |
+-----------+-----------------+-------------------+--------------+-------------+---------------+-------------+----------+----------------+----------+--------------+
* Logic Loads column represents load cell count of all cell types other than IO, GT and clock resources
** IO Loads column represents load cell count of IO types
*** Clocking Loads column represents load cell count that are clock resources (global clock buffer, MMCM, PLL, etc)
**** GT Loads column represents load cell count of GT types


+----+----+------+
|    | X0 | X1   |
+----+----+------+
| Y4 |  0 |    0 |
| Y3 |  0 |   60 |
| Y2 |  0 |  411 |
| Y1 |  0 |    0 |
| Y0 |  0 |    0 |
+----+----+------+


11. Device Cell Placement Summary for Global Clock g4
-----------------------------------------------------

+-----------+-----------------+-------------------+------------+-------------+---------------+-------------+----------+----------------+----------+------------+
| Global Id | Driver Type/Pin | Driver Region (D) | Clock      | Period (ns) | Waveform (ns) | Slice Loads | IO Loads | Clocking Loads | GT Loads | Net        |
+-----------+-----------------+-------------------+------------+-------------+---------------+-------------+----------+----------------+----------+------------+
| g4        | BUFG/O          | n/a               | eth_rx_clk |       8.000 | {0.000 4.000} |         135 |        0 |              1 |        0 | eth_rx_clk |
+-----------+-----------------+-------------------+------------+-------------+---------------+-------------+----------+----------------+----------+------------+
* Logic Loads column represents load cell count of all cell types other than IO, GT and clock resources
** IO Loads column represents load cell count of IO types
*** Clocking Loads column represents load cell count that are clock resources (global clock buffer, MMCM, PLL, etc)
**** GT Loads column represents load cell count of GT types


+----+------+----+
|    | X0   | X1 |
+----+------+----+
| Y4 |    0 |  0 |
| Y3 |    0 |  0 |
| Y2 |  116 |  0 |
| Y1 |   19 |  0 |
| Y0 |    0 |  1 |
+----+------+----+


12. Device Cell Placement Summary for Global Clock g5
-----------------------------------------------------

+-----------+-----------------+-------------------+------------+-------------+---------------+-------------+----------+----------------+----------+------------+
| Global Id | Driver Type/Pin | Driver Region (D) | Clock      | Period (ns) | Waveform (ns) | Slice Loads | IO Loads | Clocking Loads | GT Loads | Net        |
+-----------+-----------------+-------------------+------------+-------------+---------------+-------------+----------+----------------+----------+------------+
| g5        | BUFG/O          | n/a               | eth_tx_clk |       8.000 | {0.000 4.000} |         102 |        0 |              0 |        0 | eth_tx_clk |
+-----------+-----------------+-------------------+------------+-------------+---------------+-------------+----------+----------------+----------+------------+
* Logic Loads column represents load cell count of all cell types other than IO, GT and clock resources
** IO Loads column represents load cell count of IO types
*** Clocking Loads column represents load cell count that are clock resources (global clock buffer, MMCM, PLL, etc)
**** GT Loads column represents load cell count of GT types


+----+------+----+
|    | X0   | X1 |
+----+------+----+
| Y4 |    0 |  0 |
| Y3 |    0 |  0 |
| Y2 |    0 |  0 |
| Y1 |  102 |  0 |
| Y0 |    0 |  0 |
+----+------+----+


13. Device Cell Placement Summary for Global Clock g6
-----------------------------------------------------

+-----------+-----------------+-------------------+------------------------+-------------+---------------+-------------+----------+----------------+----------+-----------+
| Global Id | Driver Type/Pin | Driver Region (D) | Clock                  | Period (ns) | Waveform (ns) | Slice Loads | IO Loads | Clocking Loads | GT Loads | Net       |
+-----------+-----------------+-------------------+------------------------+-------------+---------------+-------------+----------+----------------+----------+-----------+
| g6        | BUFG/O          | n/a               | soc_videosoc_pll_sys4x |       2.500 | {0.000 1.250} |           0 |       59 |              0 |        0 | sys4x_clk |
+-----------+-----------------+-------------------+------------------------+-------------+---------------+-------------+----------+----------------+----------+-----------+
* Logic Loads column represents load cell count of all cell types other than IO, GT and clock resources
** IO Loads column represents load cell count of IO types
*** Clocking Loads column represents load cell count that are clock resources (global clock buffer, MMCM, PLL, etc)
**** GT Loads column represents load cell count of GT types


+----+----+-----+
|    | X0 | X1  |
+----+----+-----+
| Y4 |  0 |   0 |
| Y3 |  0 |  59 |
| Y2 |  0 |   0 |
| Y1 |  0 |   0 |
| Y0 |  0 |   0 |
+----+----+-----+


14. Device Cell Placement Summary for Global Clock g7
-----------------------------------------------------

+-----------+-----------------+-------------------+-------------------------+-------------+---------------+-------------+----------+----------------+----------+------------+
| Global Id | Driver Type/Pin | Driver Region (D) | Clock                   | Period (ns) | Waveform (ns) | Slice Loads | IO Loads | Clocking Loads | GT Loads | Net        |
+-----------+-----------------+-------------------+-------------------------+-------------+---------------+-------------+----------+----------------+----------+------------+
| g7        | BUFG/O          | n/a               | soc_videosoc_pll_clk200 |       5.000 | {0.000 2.500} |          10 |        0 |              0 |        0 | clk200_clk |
+-----------+-----------------+-------------------+-------------------------+-------------+---------------+-------------+----------+----------------+----------+------------+
* Logic Loads column represents load cell count of all cell types other than IO, GT and clock resources
** IO Loads column represents load cell count of IO types
*** Clocking Loads column represents load cell count that are clock resources (global clock buffer, MMCM, PLL, etc)
**** GT Loads column represents load cell count of GT types


+----+----+----+
|    | X0 | X1 |
+----+----+----+
| Y4 |  0 |  0 |
| Y3 |  0 |  8 |
| Y2 |  0 |  1 |
| Y1 |  1 |  0 |
| Y0 |  0 |  0 |
+----+----+----+


15. Device Cell Placement Summary for Global Clock g8
-----------------------------------------------------

+-----------+-----------------+-------------------+---------------------+-------------+---------------+-------------+----------+----------------+----------+---------------------+
| Global Id | Driver Type/Pin | Driver Region (D) | Clock               | Period (ns) | Waveform (ns) | Slice Loads | IO Loads | Clocking Loads | GT Loads | Net                 |
+-----------+-----------------+-------------------+---------------------+-------------+---------------+-------------+----------+----------------+----------+---------------------+
| g8        | BUFG/O          | n/a               | hdmi_out0_pix5x_clk |       1.346 | {0.000 0.673} |           0 |        8 |              0 |        0 | hdmi_out0_pix5x_clk |
+-----------+-----------------+-------------------+---------------------+-------------+---------------+-------------+----------+----------------+----------+---------------------+
* Logic Loads column represents load cell count of all cell types other than IO, GT and clock resources
** IO Loads column represents load cell count of IO types
*** Clocking Loads column represents load cell count that are clock resources (global clock buffer, MMCM, PLL, etc)
**** GT Loads column represents load cell count of GT types


+----+----+----+
|    | X0 | X1 |
+----+----+----+
| Y4 |  0 |  0 |
| Y3 |  0 |  0 |
| Y2 |  0 |  8 |
| Y1 |  0 |  0 |
| Y0 |  0 |  0 |
+----+----+----+


16. Device Cell Placement Summary for Global Clock g9
-----------------------------------------------------

+-----------+-----------------+-------------------+----------------------------+-------------+---------------+-------------+----------+----------------+----------+---------------+
| Global Id | Driver Type/Pin | Driver Region (D) | Clock                      | Period (ns) | Waveform (ns) | Slice Loads | IO Loads | Clocking Loads | GT Loads | Net           |
+-----------+-----------------+-------------------+----------------------------+-------------+---------------+-------------+----------+----------------+----------+---------------+
| g9        | BUFG/O          | n/a               | soc_videosoc_pll_sys4x_dqs |       2.500 | {0.625 1.875} |           0 |        2 |              0 |        0 | sys4x_dqs_clk |
+-----------+-----------------+-------------------+----------------------------+-------------+---------------+-------------+----------+----------------+----------+---------------+
* Logic Loads column represents load cell count of all cell types other than IO, GT and clock resources
** IO Loads column represents load cell count of IO types
*** Clocking Loads column represents load cell count that are clock resources (global clock buffer, MMCM, PLL, etc)
**** GT Loads column represents load cell count of GT types


+----+----+----+
|    | X0 | X1 |
+----+----+----+
| Y4 |  0 |  0 |
| Y3 |  0 |  2 |
| Y2 |  0 |  0 |
| Y1 |  0 |  0 |
| Y0 |  0 |  0 |
+----+----+----+


17. Device Cell Placement Summary for Global Clock g10
------------------------------------------------------

+-----------+-----------------+-------------------+--------+-------------+---------------+-------------+----------+----------------+----------+------------+
| Global Id | Driver Type/Pin | Driver Region (D) | Clock  | Period (ns) | Waveform (ns) | Slice Loads | IO Loads | Clocking Loads | GT Loads | Net        |
+-----------+-----------------+-------------------+--------+-------------+---------------+-------------+----------+----------------+----------+------------+
| g10       | BUFG/O          | n/a               | clk100 |      10.000 | {0.000 5.000} |           0 |        0 |              1 |        0 | clk100_clk |
+-----------+-----------------+-------------------+--------+-------------+---------------+-------------+----------+----------------+----------+------------+
* Logic Loads column represents load cell count of all cell types other than IO, GT and clock resources
** IO Loads column represents load cell count of IO types
*** Clocking Loads column represents load cell count that are clock resources (global clock buffer, MMCM, PLL, etc)
**** GT Loads column represents load cell count of GT types


+----+----+----+
|    | X0 | X1 |
+----+----+----+
| Y4 |  0 |  0 |
| Y3 |  0 |  0 |
| Y2 |  0 |  0 |
| Y1 |  0 |  0 |
| Y0 |  0 |  1 |
+----+----+----+


18. Device Cell Placement Summary for Global Clock g11
------------------------------------------------------

+-----------+-----------------+-------------------+-------------------------+-------------+---------------+-------------+----------+----------------+----------+--------------+
| Global Id | Driver Type/Pin | Driver Region (D) | Clock                   | Period (ns) | Waveform (ns) | Slice Loads | IO Loads | Clocking Loads | GT Loads | Net          |
+-----------+-----------------+-------------------+-------------------------+-------------+---------------+-------------+----------+----------------+----------+--------------+
| g11       | BUFG/O          | n/a               | soc_ethphy_pll_clk_tx90 |       8.000 | {2.000 6.000} |           1 |        0 |              0 |        0 | eth_tx90_clk |
+-----------+-----------------+-------------------+-------------------------+-------------+---------------+-------------+----------+----------------+----------+--------------+
* Logic Loads column represents load cell count of all cell types other than IO, GT and clock resources
** IO Loads column represents load cell count of IO types
*** Clocking Loads column represents load cell count that are clock resources (global clock buffer, MMCM, PLL, etc)
**** GT Loads column represents load cell count of GT types


+----+----+----+
|    | X0 | X1 |
+----+----+----+
| Y4 |  0 |  0 |
| Y3 |  0 |  0 |
| Y2 |  0 |  0 |
| Y1 |  1 |  0 |
| Y0 |  0 |  0 |
+----+----+----+


19. Device Cell Placement Summary for Global Clock g12
------------------------------------------------------

+-----------+-----------------+-------------------+-------+-------------+---------------+-------------+----------+----------------+----------+--------------------+
| Global Id | Driver Type/Pin | Driver Region (D) | Clock | Period (ns) | Waveform (ns) | Slice Loads | IO Loads | Clocking Loads | GT Loads | Net                |
+-----------+-----------------+-------------------+-------+-------------+---------------+-------------+----------+----------------+----------+--------------------+
| g12       | BUFR/O          | X1Y2              |       |             |               |           0 |        0 |              1 |        0 | soc_clk_input_bufr |
+-----------+-----------------+-------------------+-------+-------------+---------------+-------------+----------+----------------+----------+--------------------+
* Logic Loads column represents load cell count of all cell types other than IO, GT and clock resources
** IO Loads column represents load cell count of IO types
*** Clocking Loads column represents load cell count that are clock resources (global clock buffer, MMCM, PLL, etc)
**** GT Loads column represents load cell count of GT types


+----+----+--------+
|    | X0 | X1     |
+----+----+--------+
| Y4 |  0 |      0 |
| Y3 |  0 |      0 |
| Y2 |  0 |  (D) 1 |
| Y1 |  0 |      0 |
| Y0 |  0 |      0 |
+----+----+--------+


20. Device Cell Placement Summary for Global Clock g13
------------------------------------------------------

+-----------+-----------------+-------------------+-------+-------------+---------------+-------------+----------+----------------+----------+---------------+
| Global Id | Driver Type/Pin | Driver Region (D) | Clock | Period (ns) | Waveform (ns) | Slice Loads | IO Loads | Clocking Loads | GT Loads | Net           |
+-----------+-----------------+-------------------+-------+-------------+---------------+-------------+----------+----------------+----------+---------------+
| g13       | BUFG/O          | n/a               |       |             |               |           0 |        0 |              1 |        0 | soc_mmcm_fb_o |
+-----------+-----------------+-------------------+-------+-------------+---------------+-------------+----------+----------------+----------+---------------+
* Logic Loads column represents load cell count of all cell types other than IO, GT and clock resources
** IO Loads column represents load cell count of IO types
*** Clocking Loads column represents load cell count that are clock resources (global clock buffer, MMCM, PLL, etc)
**** GT Loads column represents load cell count of GT types


+----+----+----+
|    | X0 | X1 |
+----+----+----+
| Y4 |  0 |  0 |
| Y3 |  0 |  0 |
| Y2 |  0 |  1 |
| Y1 |  0 |  0 |
| Y0 |  0 |  0 |
+----+----+----+


21. Clock Region Cell Placement per Global Clock: Region X1Y0
-------------------------------------------------------------

+-----------+-------+-----------------+------------+-------------+-----------------+----+--------+------+-----+----+------+-----+---------+------------+
| Global Id | Track | Driver Type/Pin | Constraint | Clock Loads | Non-Clock Loads | FF | LUTRAM | RAMB | DSP | GT | MMCM | PLL | Hard IP | Net        |
+-----------+-------+-----------------+------------+-------------+-----------------+----+--------+------+-----+----+------+-----+---------+------------+
| g0        | n/a   | BUFG/O          | None       |           1 |               0 |  0 |      0 |    0 |   0 |  0 |    1 |   0 |       0 | sys_clk    |
| g4        | n/a   | BUFG/O          | None       |           1 |               0 |  0 |      0 |    0 |   0 |  0 |    0 |   1 |       0 | eth_rx_clk |
| g10       | n/a   | BUFG/O          | None       |           1 |               0 |  0 |      0 |    0 |   0 |  0 |    1 |   0 |       0 | clk100_clk |
+-----------+-------+-----------------+------------+-------------+-----------------+----+--------+------+-----+----+------+-----+---------+------------+
* Clock Loads column represents the clock pin loads (pin count)
** Non-Clock Loads column represents the non-clock pin loads (pin count)
*** Columns FF, LUTRAM, RAMB through 'Hard IP' represents load cell counts


22. Clock Region Cell Placement per Global Clock: Region X0Y1
-------------------------------------------------------------

+-----------+-------+-----------------+------------+-------------+-----------------+----+--------+------+-----+----+------+-----+---------+--------------+
| Global Id | Track | Driver Type/Pin | Constraint | Clock Loads | Non-Clock Loads | FF | LUTRAM | RAMB | DSP | GT | MMCM | PLL | Hard IP | Net          |
+-----------+-------+-----------------+------------+-------------+-----------------+----+--------+------+-----+----+------+-----+---------+--------------+
| g0        | n/a   | BUFG/O          | None       |          40 |               0 | 39 |      0 |    1 |   0 |  0 |    0 |   0 |       0 | sys_clk      |
| g4        | n/a   | BUFG/O          | None       |          19 |               0 | 14 |      0 |    0 |   0 |  0 |    0 |   0 |       0 | eth_rx_clk   |
| g5        | n/a   | BUFG/O          | None       |         102 |               0 | 96 |      0 |    1 |   0 |  0 |    0 |   0 |       0 | eth_tx_clk   |
| g7        | n/a   | BUFG/O          | None       |           1 |               0 |  0 |      0 |    0 |   0 |  0 |    0 |   0 |       0 | clk200_clk   |
| g11       | n/a   | BUFG/O          | None       |           1 |               0 |  0 |      0 |    0 |   0 |  0 |    0 |   0 |       0 | eth_tx90_clk |
+-----------+-------+-----------------+------------+-------------+-----------------+----+--------+------+-----+----+------+-----+---------+--------------+
* Clock Loads column represents the clock pin loads (pin count)
** Non-Clock Loads column represents the non-clock pin loads (pin count)
*** Columns FF, LUTRAM, RAMB through 'Hard IP' represents load cell counts


23. Clock Region Cell Placement per Global Clock: Region X1Y1
-------------------------------------------------------------

+-----------+-------+-----------------+------------+-------------+-----------------+----+--------+------+-----+----+------+-----+---------+---------+
| Global Id | Track | Driver Type/Pin | Constraint | Clock Loads | Non-Clock Loads | FF | LUTRAM | RAMB | DSP | GT | MMCM | PLL | Hard IP | Net     |
+-----------+-------+-----------------+------------+-------------+-----------------+----+--------+------+-----+----+------+-----+---------+---------+
| g0        | n/a   | BUFG/O          | None       |          35 |               0 | 31 |      0 |    4 |   0 |  0 |    0 |   0 |       0 | sys_clk |
+-----------+-------+-----------------+------------+-------------+-----------------+----+--------+------+-----+----+------+-----+---------+---------+
* Clock Loads column represents the clock pin loads (pin count)
** Non-Clock Loads column represents the non-clock pin loads (pin count)
*** Columns FF, LUTRAM, RAMB through 'Hard IP' represents load cell counts


24. Clock Region Cell Placement per Global Clock: Region X0Y2
-------------------------------------------------------------

+-----------+-------+-----------------+------------+-------------+-----------------+-----+--------+------+-----+----+------+-----+---------+------------+
| Global Id | Track | Driver Type/Pin | Constraint | Clock Loads | Non-Clock Loads | FF  | LUTRAM | RAMB | DSP | GT | MMCM | PLL | Hard IP | Net        |
+-----------+-------+-----------------+------------+-------------+-----------------+-----+--------+------+-----+----+------+-----+---------+------------+
| g0        | n/a   | BUFG/O          | None       |          57 |               0 |  53 |      0 |    2 |   0 |  0 |    0 |   0 |       0 | sys_clk    |
| g4        | n/a   | BUFG/O          | None       |         116 |               0 | 115 |      0 |    1 |   0 |  0 |    0 |   0 |       0 | eth_rx_clk |
+-----------+-------+-----------------+------------+-------------+-----------------+-----+--------+------+-----+----+------+-----+---------+------------+
* Clock Loads column represents the clock pin loads (pin count)
** Non-Clock Loads column represents the non-clock pin loads (pin count)
*** Columns FF, LUTRAM, RAMB through 'Hard IP' represents load cell counts


25. Clock Region Cell Placement per Global Clock: Region X1Y2
-------------------------------------------------------------

+-----------+-------+-----------------+------------+-------------+-----------------+------+--------+------+-----+----+------+-----+---------+---------------------+
| Global Id | Track | Driver Type/Pin | Constraint | Clock Loads | Non-Clock Loads | FF   | LUTRAM | RAMB | DSP | GT | MMCM | PLL | Hard IP | Net                 |
+-----------+-------+-----------------+------------+-------------+-----------------+------+--------+------+-----+----+------+-----+---------+---------------------+
| g0        | n/a   | BUFG/O          | None       |        3908 |               0 | 3867 |      2 |   23 |   3 |  0 |    1 |   0 |       0 | sys_clk             |
| g1        | n/a   | BUFG/O          | None       |         729 |               0 |  727 |      1 |    1 |   0 |  0 |    0 |   0 |       0 | hdmi_in0_pix_clk    |
| g2        | n/a   | BUFG/O          | None       |         730 |               0 |  717 |      3 |    2 |   0 |  0 |    0 |   0 |       0 | hdmi_out0_pix_clk   |
| g3        | n/a   | BUFG/O          | None       |         411 |               0 |  399 |      0 |    0 |   0 |  0 |    0 |   0 |       0 | pix1p25x_clk        |
| g7        | n/a   | BUFG/O          | None       |           1 |               0 |    0 |      0 |    0 |   0 |  0 |    0 |   0 |       0 | clk200_clk          |
| g8        | n/a   | BUFG/O          | None       |           8 |               0 |    0 |      0 |    0 |   0 |  0 |    0 |   0 |       0 | hdmi_out0_pix5x_clk |
| g12       | n/a   | BUFR/O          | None       |           1 |               0 |    0 |      0 |    0 |   0 |  0 |    1 |   0 |       0 | soc_clk_input_bufr  |
| g13       | n/a   | BUFG/O          | None       |           1 |               0 |    0 |      0 |    0 |   0 |  0 |    1 |   0 |       0 | soc_mmcm_fb_o       |
+-----------+-------+-----------------+------------+-------------+-----------------+------+--------+------+-----+----+------+-----+---------+---------------------+
* Clock Loads column represents the clock pin loads (pin count)
** Non-Clock Loads column represents the non-clock pin loads (pin count)
*** Columns FF, LUTRAM, RAMB through 'Hard IP' represents load cell counts


26. Clock Region Cell Placement per Global Clock: Region X0Y3
-------------------------------------------------------------

+-----------+-------+-----------------+------------+-------------+-----------------+----+--------+------+-----+----+------+-----+---------+---------+
| Global Id | Track | Driver Type/Pin | Constraint | Clock Loads | Non-Clock Loads | FF | LUTRAM | RAMB | DSP | GT | MMCM | PLL | Hard IP | Net     |
+-----------+-------+-----------------+------------+-------------+-----------------+----+--------+------+-----+----+------+-----+---------+---------+
| g0        | n/a   | BUFG/O          | None       |           1 |               0 |  0 |      0 |    0 |   0 |  0 |    0 |   0 |       0 | sys_clk |
+-----------+-------+-----------------+------------+-------------+-----------------+----+--------+------+-----+----+------+-----+---------+---------+
* Clock Loads column represents the clock pin loads (pin count)
** Non-Clock Loads column represents the non-clock pin loads (pin count)
*** Columns FF, LUTRAM, RAMB through 'Hard IP' represents load cell counts


27. Clock Region Cell Placement per Global Clock: Region X1Y3
-------------------------------------------------------------

+-----------+-------+-----------------+------------+-------------+-----------------+------+--------+------+-----+----+------+-----+---------+------------------+
| Global Id | Track | Driver Type/Pin | Constraint | Clock Loads | Non-Clock Loads | FF   | LUTRAM | RAMB | DSP | GT | MMCM | PLL | Hard IP | Net              |
+-----------+-------+-----------------+------------+-------------+-----------------+------+--------+------+-----+----+------+-----+---------+------------------+
| g0        | n/a   | BUFG/O          | None       |        1190 |               0 | 1105 |      1 |    4 |   0 |  0 |    0 |   0 |       0 | sys_clk          |
| g1        | n/a   | BUFG/O          | None       |         306 |               0 |  290 |     13 |    1 |   2 |  0 |    0 |   0 |       0 | hdmi_in0_pix_clk |
| g3        | n/a   | BUFG/O          | None       |          60 |               0 |   60 |      0 |    0 |   0 |  0 |    0 |   0 |       0 | pix1p25x_clk     |
| g6        | n/a   | BUFG/O          | None       |          59 |               0 |    0 |      0 |    0 |   0 |  0 |    0 |   0 |       0 | sys4x_clk        |
| g7        | n/a   | BUFG/O          | None       |           8 |               0 |    7 |      0 |    0 |   0 |  0 |    0 |   0 |       0 | clk200_clk       |
| g9        | n/a   | BUFG/O          | None       |           2 |               0 |    0 |      0 |    0 |   0 |  0 |    0 |   0 |       0 | sys4x_dqs_clk    |
+-----------+-------+-----------------+------------+-------------+-----------------+------+--------+------+-----+----+------+-----+---------+------------------+
* Clock Loads column represents the clock pin loads (pin count)
** Non-Clock Loads column represents the non-clock pin loads (pin count)
*** Columns FF, LUTRAM, RAMB through 'Hard IP' represents load cell counts



# Location of BUFG Primitives 
set_property LOC BUFGCTRL_X0Y0 [get_cells BUFG]
set_property LOC BUFGCTRL_X0Y8 [get_cells BUFG_2]
set_property LOC BUFGCTRL_X0Y5 [get_cells BUFG_1]
set_property LOC BUFGCTRL_X0Y11 [get_cells BUFG_10]
set_property LOC BUFGCTRL_X0Y2 [get_cells BUFG_9]
set_property LOC BUFGCTRL_X0Y1 [get_cells BUFG_11]
set_property LOC BUFGCTRL_X0Y6 [get_cells BUFG_12]
set_property LOC BUFGCTRL_X0Y10 [get_cells BUFG_8]
set_property LOC BUFGCTRL_X0Y4 [get_cells BUFG_6]
set_property LOC BUFGCTRL_X0Y9 [get_cells BUFG_7]
set_property LOC BUFGCTRL_X0Y3 [get_cells BUFG_5]
set_property LOC BUFGCTRL_X0Y7 [get_cells BUFG_3]
set_property LOC BUFGCTRL_X0Y12 [get_cells BUFG_4]

# Location of BUFIO Primitives 
set_property LOC BUFIO_X1Y9 [get_cells BUFIO]

# Location of BUFR Primitives 
set_property LOC BUFR_X1Y9 [get_cells BUFR]

# Location of IO Primitives which is load of clock spine

# Location of clock ports
set_property LOC IOB_X1Y124 [get_ports clk100]
set_property LOC IOB_X0Y74 [get_ports eth_clocks_rx]
set_property LOC IOB_X1Y125 [get_ports hdmi_in_clk_n]
set_property LOC IOB_X1Y126 [get_ports hdmi_in_clk_p]

# Clock net "sys_clk" driven by instance "BUFG" located at site "BUFGCTRL_X0Y0"
#startgroup
create_pblock {CLKAG_sys_clk}
add_cells_to_pblock [get_pblocks  {CLKAG_sys_clk}] [get_cells -filter { PRIMITIVE_GROUP != I/O && IS_PRIMITIVE==1 && PRIMITIVE_LEVEL !=INTERNAL && NAME!=MMCME2_ADV_1 && NAME!=MMCME2_ADV} -of_object [get_pins -filter {DIRECTION==IN} -of_objects [get_nets -hierarchical -filter {PARENT=="sys_clk"}]]]
resize_pblock [get_pblocks {CLKAG_sys_clk}] -add {CLOCKREGION_X0Y0:CLOCKREGION_X0Y0 CLOCKREGION_X0Y1:CLOCKREGION_X0Y1 CLOCKREGION_X0Y2:CLOCKREGION_X0Y2 CLOCKREGION_X0Y3:CLOCKREGION_X0Y3 CLOCKREGION_X0Y4:CLOCKREGION_X0Y4 CLOCKREGION_X1Y0:CLOCKREGION_X1Y0 CLOCKREGION_X1Y1:CLOCKREGION_X1Y1 CLOCKREGION_X1Y2:CLOCKREGION_X1Y2 CLOCKREGION_X1Y3:CLOCKREGION_X1Y3 CLOCKREGION_X1Y4:CLOCKREGION_X1Y4}
#endgroup

# Clock net "sys4x_dqs_clk" driven by instance "BUFG_2" located at site "BUFGCTRL_X0Y8"
#startgroup
create_pblock {CLKAG_sys4x_dqs_clk}
add_cells_to_pblock [get_pblocks  {CLKAG_sys4x_dqs_clk}] [get_cells -filter { PRIMITIVE_GROUP != I/O && IS_PRIMITIVE==1 && PRIMITIVE_LEVEL !=INTERNAL } -of_object [get_pins -filter {DIRECTION==IN} -of_objects [get_nets -hierarchical -filter {PARENT=="sys4x_dqs_clk"}]]]
resize_pblock [get_pblocks {CLKAG_sys4x_dqs_clk}] -add {CLOCKREGION_X0Y0:CLOCKREGION_X0Y0 CLOCKREGION_X0Y1:CLOCKREGION_X0Y1 CLOCKREGION_X0Y2:CLOCKREGION_X0Y2 CLOCKREGION_X0Y3:CLOCKREGION_X0Y3 CLOCKREGION_X0Y4:CLOCKREGION_X0Y4 CLOCKREGION_X1Y0:CLOCKREGION_X1Y0 CLOCKREGION_X1Y1:CLOCKREGION_X1Y1 CLOCKREGION_X1Y2:CLOCKREGION_X1Y2 CLOCKREGION_X1Y3:CLOCKREGION_X1Y3 CLOCKREGION_X1Y4:CLOCKREGION_X1Y4}
#endgroup

# Clock net "sys4x_clk" driven by instance "BUFG_1" located at site "BUFGCTRL_X0Y5"
#startgroup
create_pblock {CLKAG_sys4x_clk}
add_cells_to_pblock [get_pblocks  {CLKAG_sys4x_clk}] [get_cells -filter { PRIMITIVE_GROUP != I/O && IS_PRIMITIVE==1 && PRIMITIVE_LEVEL !=INTERNAL } -of_object [get_pins -filter {DIRECTION==IN} -of_objects [get_nets -hierarchical -filter {PARENT=="sys4x_clk"}]]]
resize_pblock [get_pblocks {CLKAG_sys4x_clk}] -add {CLOCKREGION_X0Y0:CLOCKREGION_X0Y0 CLOCKREGION_X0Y1:CLOCKREGION_X0Y1 CLOCKREGION_X0Y2:CLOCKREGION_X0Y2 CLOCKREGION_X0Y3:CLOCKREGION_X0Y3 CLOCKREGION_X0Y4:CLOCKREGION_X0Y4 CLOCKREGION_X1Y0:CLOCKREGION_X1Y0 CLOCKREGION_X1Y1:CLOCKREGION_X1Y1 CLOCKREGION_X1Y2:CLOCKREGION_X1Y2 CLOCKREGION_X1Y3:CLOCKREGION_X1Y3 CLOCKREGION_X1Y4:CLOCKREGION_X1Y4}
#endgroup

# Clock net "pix1p25x_clk" driven by instance "BUFG_9" located at site "BUFGCTRL_X0Y2"
#startgroup
create_pblock {CLKAG_pix1p25x_clk}
add_cells_to_pblock [get_pblocks  {CLKAG_pix1p25x_clk}] [get_cells -filter { PRIMITIVE_GROUP != I/O && IS_PRIMITIVE==1 && PRIMITIVE_LEVEL !=INTERNAL } -of_object [get_pins -filter {DIRECTION==IN} -of_objects [get_nets -hierarchical -filter {PARENT=="pix1p25x_clk"}]]]
resize_pblock [get_pblocks {CLKAG_pix1p25x_clk}] -add {CLOCKREGION_X0Y0:CLOCKREGION_X0Y0 CLOCKREGION_X0Y1:CLOCKREGION_X0Y1 CLOCKREGION_X0Y2:CLOCKREGION_X0Y2 CLOCKREGION_X0Y3:CLOCKREGION_X0Y3 CLOCKREGION_X0Y4:CLOCKREGION_X0Y4 CLOCKREGION_X1Y0:CLOCKREGION_X1Y0 CLOCKREGION_X1Y1:CLOCKREGION_X1Y1 CLOCKREGION_X1Y2:CLOCKREGION_X1Y2 CLOCKREGION_X1Y3:CLOCKREGION_X1Y3 CLOCKREGION_X1Y4:CLOCKREGION_X1Y4}
#endgroup

# Clock net "hdmi_out0_pix_clk" driven by instance "BUFG_11" located at site "BUFGCTRL_X0Y1"
#startgroup
create_pblock {CLKAG_hdmi_out0_pix_clk}
add_cells_to_pblock [get_pblocks  {CLKAG_hdmi_out0_pix_clk}] [get_cells -filter { PRIMITIVE_GROUP != I/O && IS_PRIMITIVE==1 && PRIMITIVE_LEVEL !=INTERNAL } -of_object [get_pins -filter {DIRECTION==IN} -of_objects [get_nets -hierarchical -filter {PARENT=="hdmi_out0_pix_clk"}]]]
resize_pblock [get_pblocks {CLKAG_hdmi_out0_pix_clk}] -add {CLOCKREGION_X0Y0:CLOCKREGION_X0Y0 CLOCKREGION_X0Y1:CLOCKREGION_X0Y1 CLOCKREGION_X0Y2:CLOCKREGION_X0Y2 CLOCKREGION_X0Y3:CLOCKREGION_X0Y3 CLOCKREGION_X0Y4:CLOCKREGION_X0Y4 CLOCKREGION_X1Y0:CLOCKREGION_X1Y0 CLOCKREGION_X1Y1:CLOCKREGION_X1Y1 CLOCKREGION_X1Y2:CLOCKREGION_X1Y2 CLOCKREGION_X1Y3:CLOCKREGION_X1Y3 CLOCKREGION_X1Y4:CLOCKREGION_X1Y4}
#endgroup

# Clock net "hdmi_out0_pix5x_clk" driven by instance "BUFG_12" located at site "BUFGCTRL_X0Y6"
#startgroup
create_pblock {CLKAG_hdmi_out0_pix5x_clk}
add_cells_to_pblock [get_pblocks  {CLKAG_hdmi_out0_pix5x_clk}] [get_cells -filter { PRIMITIVE_GROUP != I/O && IS_PRIMITIVE==1 && PRIMITIVE_LEVEL !=INTERNAL } -of_object [get_pins -filter {DIRECTION==IN} -of_objects [get_nets -hierarchical -filter {PARENT=="hdmi_out0_pix5x_clk"}]]]
resize_pblock [get_pblocks {CLKAG_hdmi_out0_pix5x_clk}] -add {CLOCKREGION_X0Y0:CLOCKREGION_X0Y0 CLOCKREGION_X0Y1:CLOCKREGION_X0Y1 CLOCKREGION_X0Y2:CLOCKREGION_X0Y2 CLOCKREGION_X0Y3:CLOCKREGION_X0Y3 CLOCKREGION_X0Y4:CLOCKREGION_X0Y4 CLOCKREGION_X1Y0:CLOCKREGION_X1Y0 CLOCKREGION_X1Y1:CLOCKREGION_X1Y1 CLOCKREGION_X1Y2:CLOCKREGION_X1Y2 CLOCKREGION_X1Y3:CLOCKREGION_X1Y3 CLOCKREGION_X1Y4:CLOCKREGION_X1Y4}
#endgroup

# Clock net "hdmi_in0_pix_clk" driven by instance "BUFG_8" located at site "BUFGCTRL_X0Y10"
#startgroup
create_pblock {CLKAG_hdmi_in0_pix_clk}
add_cells_to_pblock [get_pblocks  {CLKAG_hdmi_in0_pix_clk}] [get_cells -filter { PRIMITIVE_GROUP != I/O && IS_PRIMITIVE==1 && PRIMITIVE_LEVEL !=INTERNAL } -of_object [get_pins -filter {DIRECTION==IN} -of_objects [get_nets -hierarchical -filter {PARENT=="hdmi_in0_pix_clk"}]]]
resize_pblock [get_pblocks {CLKAG_hdmi_in0_pix_clk}] -add {CLOCKREGION_X0Y0:CLOCKREGION_X0Y0 CLOCKREGION_X0Y1:CLOCKREGION_X0Y1 CLOCKREGION_X0Y2:CLOCKREGION_X0Y2 CLOCKREGION_X0Y3:CLOCKREGION_X0Y3 CLOCKREGION_X0Y4:CLOCKREGION_X0Y4 CLOCKREGION_X1Y0:CLOCKREGION_X1Y0 CLOCKREGION_X1Y1:CLOCKREGION_X1Y1 CLOCKREGION_X1Y2:CLOCKREGION_X1Y2 CLOCKREGION_X1Y3:CLOCKREGION_X1Y3 CLOCKREGION_X1Y4:CLOCKREGION_X1Y4}
#endgroup

# Clock net "eth_tx_clk" driven by instance "BUFG_6" located at site "BUFGCTRL_X0Y4"
#startgroup
create_pblock {CLKAG_eth_tx_clk}
add_cells_to_pblock [get_pblocks  {CLKAG_eth_tx_clk}] [get_cells -filter { PRIMITIVE_GROUP != I/O && IS_PRIMITIVE==1 && PRIMITIVE_LEVEL !=INTERNAL } -of_object [get_pins -filter {DIRECTION==IN} -of_objects [get_nets -hierarchical -filter {PARENT=="eth_tx_clk"}]]]
resize_pblock [get_pblocks {CLKAG_eth_tx_clk}] -add {CLOCKREGION_X0Y0:CLOCKREGION_X0Y0 CLOCKREGION_X0Y1:CLOCKREGION_X0Y1 CLOCKREGION_X0Y2:CLOCKREGION_X0Y2 CLOCKREGION_X0Y3:CLOCKREGION_X0Y3 CLOCKREGION_X0Y4:CLOCKREGION_X0Y4 CLOCKREGION_X1Y0:CLOCKREGION_X1Y0 CLOCKREGION_X1Y1:CLOCKREGION_X1Y1 CLOCKREGION_X1Y2:CLOCKREGION_X1Y2 CLOCKREGION_X1Y3:CLOCKREGION_X1Y3 CLOCKREGION_X1Y4:CLOCKREGION_X1Y4}
#endgroup

# Clock net "eth_tx90_clk" driven by instance "BUFG_7" located at site "BUFGCTRL_X0Y9"
#startgroup
create_pblock {CLKAG_eth_tx90_clk}
add_cells_to_pblock [get_pblocks  {CLKAG_eth_tx90_clk}] [get_cells -filter { PRIMITIVE_GROUP != I/O && IS_PRIMITIVE==1 && PRIMITIVE_LEVEL !=INTERNAL } -of_object [get_pins -filter {DIRECTION==IN} -of_objects [get_nets -hierarchical -filter {PARENT=="eth_tx90_clk"}]]]
resize_pblock [get_pblocks {CLKAG_eth_tx90_clk}] -add {CLOCKREGION_X0Y0:CLOCKREGION_X0Y0 CLOCKREGION_X0Y1:CLOCKREGION_X0Y1 CLOCKREGION_X0Y2:CLOCKREGION_X0Y2 CLOCKREGION_X0Y3:CLOCKREGION_X0Y3 CLOCKREGION_X0Y4:CLOCKREGION_X0Y4 CLOCKREGION_X1Y0:CLOCKREGION_X1Y0 CLOCKREGION_X1Y1:CLOCKREGION_X1Y1 CLOCKREGION_X1Y2:CLOCKREGION_X1Y2 CLOCKREGION_X1Y3:CLOCKREGION_X1Y3 CLOCKREGION_X1Y4:CLOCKREGION_X1Y4}
#endgroup

# Clock net "eth_rx_clk" driven by instance "BUFG_5" located at site "BUFGCTRL_X0Y3"
#startgroup
create_pblock {CLKAG_eth_rx_clk}
add_cells_to_pblock [get_pblocks  {CLKAG_eth_rx_clk}] [get_cells -filter { PRIMITIVE_GROUP != I/O && IS_PRIMITIVE==1 && PRIMITIVE_LEVEL !=INTERNAL && NAME!=PLLE2_BASE_1} -of_object [get_pins -filter {DIRECTION==IN} -of_objects [get_nets -hierarchical -filter {PARENT=="eth_rx_clk"}]]]
resize_pblock [get_pblocks {CLKAG_eth_rx_clk}] -add {CLOCKREGION_X0Y0:CLOCKREGION_X0Y0 CLOCKREGION_X0Y1:CLOCKREGION_X0Y1 CLOCKREGION_X0Y2:CLOCKREGION_X0Y2 CLOCKREGION_X0Y3:CLOCKREGION_X0Y3 CLOCKREGION_X0Y4:CLOCKREGION_X0Y4 CLOCKREGION_X1Y0:CLOCKREGION_X1Y0 CLOCKREGION_X1Y1:CLOCKREGION_X1Y1 CLOCKREGION_X1Y2:CLOCKREGION_X1Y2 CLOCKREGION_X1Y3:CLOCKREGION_X1Y3 CLOCKREGION_X1Y4:CLOCKREGION_X1Y4}
#endgroup

# Clock net "clk200_clk" driven by instance "BUFG_3" located at site "BUFGCTRL_X0Y7"
#startgroup
create_pblock {CLKAG_clk200_clk}
add_cells_to_pblock [get_pblocks  {CLKAG_clk200_clk}] [get_cells -filter { PRIMITIVE_GROUP != I/O && IS_PRIMITIVE==1 && PRIMITIVE_LEVEL !=INTERNAL } -of_object [get_pins -filter {DIRECTION==IN} -of_objects [get_nets -hierarchical -filter {PARENT=="clk200_clk"}]]]
resize_pblock [get_pblocks {CLKAG_clk200_clk}] -add {CLOCKREGION_X0Y0:CLOCKREGION_X0Y0 CLOCKREGION_X0Y1:CLOCKREGION_X0Y1 CLOCKREGION_X0Y2:CLOCKREGION_X0Y2 CLOCKREGION_X0Y3:CLOCKREGION_X0Y3 CLOCKREGION_X0Y4:CLOCKREGION_X0Y4 CLOCKREGION_X1Y0:CLOCKREGION_X1Y0 CLOCKREGION_X1Y1:CLOCKREGION_X1Y1 CLOCKREGION_X1Y2:CLOCKREGION_X1Y2 CLOCKREGION_X1Y3:CLOCKREGION_X1Y3 CLOCKREGION_X1Y4:CLOCKREGION_X1Y4}
#endgroup
