Copyright 1986-2017 Xilinx, Inc. All Rights Reserved.
--------------------------------------------------------------------------------------------------------------
| Tool Version : Vivado v.2017.3 (lin64) Build 2018833 Wed Oct  4 19:58:07 MDT 2017
| Date         : Sat Feb 10 18:35:49 2018
| Host         : travis-job-timvideos-hdmi2usb-litex-339893334.travisci.net running 64-bit Ubuntu 14.04.5 LTS
| Command      : report_control_sets -verbose -file top_control_sets.rpt
| Design       : top
| Device       : xc7a200t
--------------------------------------------------------------------------------------------------------------

Control Set Information

Table of Contents
-----------------
1. Summary
2. Flip-Flop Distribution
3. Detailed Control Set Information

1. Summary
----------

+----------------------------------------------------------+-------+
|                          Status                          | Count |
+----------------------------------------------------------+-------+
| Number of unique control sets                            |   318 |
| Unused register locations in slices containing registers |   546 |
+----------------------------------------------------------+-------+


2. Flip-Flop Distribution
-------------------------

+--------------+-----------------------+------------------------+-----------------+--------------+
| Clock Enable | Synchronous Set/Reset | Asynchronous Set/Reset | Total Registers | Total Slices |
+--------------+-----------------------+------------------------+-----------------+--------------+
| No           | No                    | No                     |             711 |          259 |
| No           | No                    | Yes                    |              12 |            6 |
| No           | Yes                   | No                     |            1579 |          570 |
| Yes          | No                    | No                     |             564 |          145 |
| Yes          | No                    | Yes                    |               0 |            0 |
| Yes          | Yes                   | No                     |            3180 |          978 |
+--------------+-----------------------+------------------------+-----------------+--------------+


3. Detailed Control Set Information
-----------------------------------

+--------------------+-----------------------------------------------------------------------------------------------+--------------------------------------------------------+------------------+----------------+
|    Clock Signal    |                                         Enable Signal                                         |                    Set/Reset Signal                    | Slice Load Count | Bel Load Count |
+--------------------+-----------------------------------------------------------------------------------------------+--------------------------------------------------------+------------------+----------------+
|  sys_clk           | videosoc_i_i_1_n_0                                                                            | sys_rst                                                |                1 |              1 |
|  sys_clk           | serial_tx_i_1_n_0                                                                             | sys_rst                                                |                1 |              1 |
|  sys_clk           | videosoc_oled_spimaster_set_clk                                                               | videosoc_oled_spi_pads_clk_i_1_n_0                     |                1 |              1 |
|  sys_clk           | videosoc_oled_spi_pads_mosi                                                                   | sys_rst                                                |                1 |              1 |
|  clk200_clk        |                                                                                               |                                                        |                1 |              1 |
|  hdmi_in0_pix_clk  | syncpol_c_polarity0                                                                           | hdmi_in0_pix_rst                                       |                1 |              1 |
|  eth_rx_clk        |                                                                                               | ethphy_reset0                                          |                1 |              2 |
|  pix1p25x_clk      |                                                                                               | xilinxasyncresetsynchronizerimpl5                      |                1 |              2 |
|  clk200_clk        |                                                                                               | xilinxasyncresetsynchronizerimpl0                      |                1 |              2 |
|  sys_clk           | lm32_cpu/instruction_unit/icache/refill_offset[3]_i_1_n_0                                     | sys_rst                                                |                1 |              2 |
|  hdmi_in0_pix_clk  |                                                                                               | xilinxasyncresetsynchronizerimpl5                      |                1 |              2 |
|  eth_tx_clk        |                                                                                               | ethphy_reset0                                          |                1 |              2 |
|  sys_clk           |                                                                                               | xilinxasyncresetsynchronizerimpl0                      |                1 |              2 |
|  eth_tx_clk        | liteethmacgap_state                                                                           | ethmac_tx_gap_inserter_sink_ready                      |                1 |              4 |
|  hdmi_in0_pix_clk  | charsync0_control_counter1                                                                    | hdmi_in0_pix_rst                                       |                1 |              4 |
|  sys_clk           | edid_next_state                                                                               | sys_rst                                                |                3 |              4 |
|  sys_clk           | lm32_cpu/load_store_unit/videosoc_controllerinjector_bankmachine5_level_reg[0][0]             | sys_rst                                                |                2 |              4 |
|  sys_clk           | lm32_cpu/load_store_unit/videosoc_controllerinjector_bankmachine2_level_reg[0][0]             | sys_rst                                                |                2 |              4 |
|  clk200_clk        | videosoc_reset_counter[3]_i_1_n_0                                                             | clk200_rst                                             |                1 |              4 |
|  sys_clk           | videosoc_controllerinjector_counter[4]_i_2_n_0                                                | videosoc_controllerinjector_counter[4]                 |                1 |              4 |
|  sys_clk           | videosoc_uart_rx_fifo_wrport_we                                                               | sys_rst                                                |                1 |              4 |
|  sys_clk           | videosoc_uart_rx_fifo_do_read                                                                 | sys_rst                                                |                1 |              4 |
|  sys_clk           | videosoc_controllerinjector_time1[3]_i_1_n_0                                                  | sys_rst                                                |                1 |              4 |
|  sys_clk           |                                                                                               | videosoc_interface11_dat_r[3]_i_1_n_0                  |                2 |              4 |
|  sys_clk           | edid_scl_rising                                                                               | edid_counter[3]_i_1_n_0                                |                2 |              4 |
|  sys_clk           | videosoc_csrbank5_core_initiator_hsync_end1_re                                                | sys_rst                                                |                1 |              4 |
|  sys_clk           |                                                                                               | videosoc_oled_spi_pads_clk_i_1_n_0                     |                1 |              4 |
|  hdmi_in0_pix_clk  | charsync1_control_counter1                                                                    | hdmi_in0_pix_rst                                       |                1 |              4 |
|  sys_clk           | lm32_cpu/load_store_unit/videosoc_controllerinjector_bankmachine4_level_reg[0][0]             | sys_rst                                                |                3 |              4 |
|  sys_clk           | videosoc_oled_storage_full[3]_i_1_n_0                                                         | sys_rst                                                |                1 |              4 |
|  hdmi_in0_pix_clk  | charsync2_control_counter1                                                                    | hdmi_in0_pix_rst                                       |                1 |              4 |
|  sys_clk           | dma_fifo_do_read                                                                              | sys_rst                                                |                1 |              4 |
|  sys_clk           | dma_slot_array_slot0_address_storage_full[7]_i_1_n_0                                          | sys_rst                                                |                1 |              4 |
|  sys_clk           | lm32_cpu/load_store_unit/videosoc_controllerinjector_bankmachine3_level_reg[3]_0[0]           | sys_rst                                                |                2 |              4 |
|  sys_clk           | videosoc_csrbank5_core_initiator_vsync_start_backstore[3]_i_1_n_0                             | sys_rst                                                |                1 |              4 |
|  sys_clk           | videosoc_csrbank5_core_initiator_vsync_end_backstore[3]_i_1_n_0                               | sys_rst                                                |                1 |              4 |
|  sys_clk           | videosoc_csrbank5_core_initiator_hscan1_re                                                    | sys_rst                                                |                1 |              4 |
|  sys_clk           | videosoc_uart_phy_rx_bitcount                                                                 | videosoc_uart_phy_rx_bitcount[3]_i_1_n_0               |                1 |              4 |
|  sys_clk           | videosoc_csrbank5_core_initiator_vres_backstore[3]_i_1_n_0                                    | sys_rst                                                |                1 |              4 |
|  sys_clk           | videosoc_csrbank5_core_initiator_vscan1_re                                                    | sys_rst                                                |                1 |              4 |
|  sys_clk           | videosoc_uart_tx_fifo_do_read                                                                 | sys_rst                                                |                1 |              4 |
|  sys_clk           | lm32_cpu/instruction_unit/icache/state[3]_i_1_n_0                                             | sys_rst                                                |                2 |              4 |
|  sys_clk           | videosoc_csrbank9_bitbang0_re                                                                 | sys_rst                                                |                1 |              4 |
|  sys_clk           | lm32_cpu/load_store_unit/videosoc_controllerinjector_bankmachine6_level_reg[3]_1[0]           | sys_rst                                                |                1 |              4 |
|  sys_clk           | videosoc_uart_tx_fifo_wrport_we                                                               | sys_rst                                                |                1 |              4 |
|  sys_clk           | multiplexer_next_state                                                                        | sys_rst                                                |                2 |              4 |
|  sys_clk           | dma_fifo_wrport_we                                                                            | sys_rst                                                |                1 |              4 |
|  sys_clk           | lm32_cpu/load_store_unit/videosoc_controllerinjector_bankmachine7_level_reg[3]_1[0]           | sys_rst                                                |                2 |              4 |
|  sys_clk           | videosoc_uart_phy_sink_ready1386_out                                                          | videosoc_uart_phy_tx_bitcount[3]_i_1_n_0               |                2 |              4 |
|  sys_clk           | lm32_cpu/load_store_unit/videosoc_controllerinjector_bankmachine1_level_reg[3]_1[0]           | sys_rst                                                |                2 |              4 |
|  sys_clk           | videosoc_csrbank5_core_initiator_hsync_start_backstore[3]_i_1_n_0                             | sys_rst                                                |                1 |              4 |
|  sys_clk           | videosoc_csrbank5_core_initiator_hres1_re                                                     | sys_rst                                                |                1 |              4 |
|  sys_clk           | lm32_cpu/load_store_unit/E[0]                                                                 | sys_rst                                                |                3 |              4 |
|  sys_clk           | dma_slot_array_slot1_address_storage_full[7]_i_1_n_0                                          | sys_rst                                                |                1 |              4 |
|  sys_clk           | dma_frame_size_storage_full[7]_i_1_n_0                                                        | sys_rst                                                |                1 |              4 |
|  sys_clk           | videosoc_controllerinjector_time0[4]_i_1_n_0                                                  | sys_rst                                                |                2 |              5 |
|  sys_clk           | dma_fifo_level[4]_i_1_n_0                                                                     | sys_rst                                                |                2 |              5 |
|  sys_clk           | dma_slot_array_slot0_address_storage_full[28]_i_1_n_0                                         | sys_rst                                                |                2 |              5 |
|  sys_clk           | dma_frame_size_storage_full[28]_i_1_n_0                                                       | sys_rst                                                |                3 |              5 |
|  sys_clk           | videosoc_uart_tx_fifo_level[4]_i_1_n_0                                                        | sys_rst                                                |                1 |              5 |
|  sys_clk           | videosoc_uart_rx_fifo_level[4]_i_1_n_0                                                        | sys_rst                                                |                2 |              5 |
|  sys_clk           | dma_slot_array_slot1_address_storage_full[28]_i_1_n_0                                         | sys_rst                                                |                2 |              5 |
|  sys_clk           | videosoc_csrbank8_dfii_pi2_command0_re                                                        | sys_rst                                                |                1 |              6 |
|  sys_clk           | videosoc_csrbank8_dfii_pi1_command0_re                                                        | sys_rst                                                |                3 |              6 |
|  sys_clk           | videosoc_csrbank8_dfii_pi3_command0_re                                                        | sys_rst                                                |                1 |              6 |
|  sys_clk           | videosoc_controllerinjector_phaseinjector0_command_storage_full[5]_i_1_n_0                    | sys_rst                                                |                2 |              6 |
|  sys_clk           | videosoc_csrbank8_dfii_control0_re                                                            | sys_rst                                                |                2 |              6 |
|  sys_clk           | lm32_cpu/load_store_unit/dcache/memories[0].data_memories.way_0_data_ram/byte_enable_m_reg[0] | lm32_cpu/load_store_unit/dcache/SR[0]                  |                2 |              6 |
|  sys_clk           | videosoc_oled_spimaster_sr_mosi[7]                                                            | sys_rst                                                |                1 |              7 |
|  sys_clk           | edid_offset_counter[6]_i_1_n_0                                                                | sys_rst                                                |                2 |              7 |
|  sys_clk           | videosoc_controllerinjector_phaseinjector3_address_storage_full[14]_i_1_n_0                   | sys_rst                                                |                2 |              7 |
|  sys_clk           | videosoc_info_dna_cnt[6]_i_1_n_0                                                              | sys_rst                                                |                3 |              7 |
|  sys_clk           | videosoc_csrbank5_driver_clocking_mmcm_adr0_re                                                | sys_rst                                                |                2 |              7 |
|  sys_clk           | videosoc_controllerinjector_phaseinjector1_address_storage_full[14]_i_1_n_0                   | sys_rst                                                |                2 |              7 |
|  sys_clk           | videosoc_controllerinjector_phaseinjector2_address_storage_full[14]_i_1_n_0                   | sys_rst                                                |                1 |              7 |
|  sys_clk           | videosoc_controllerinjector_phaseinjector0_address_storage_full[14]_i_1_n_0                   | sys_rst                                                |                2 |              7 |
|  sys_clk           | videosoc_csrbank3_clocking_mmcm_adr0_re                                                       | sys_rst                                                |                3 |              7 |
|  sys_clk           | videosoc_controllerinjector_phaseinjector3_address_storage_full[7]_i_1_n_0                    | sys_rst                                                |                2 |              8 |
|  sys_clk           | dma_slot_array_slot1_address_storage_full[15]_i_1_n_0                                         | sys_rst                                                |                3 |              8 |
|  sys_clk           | dma_frame_size_storage_full[15]_i_1_n_0                                                       | sys_rst                                                |                2 |              8 |
|  sys_clk           | videosoc_uart_phy_tx_reg[7]_i_1_n_0                                                           | sys_rst                                                |                3 |              8 |
|  sys_clk           | videosoc_controllerinjector_phaseinjector0_wrdata_storage_full[7]_i_1_n_0                     | sys_rst                                                |                3 |              8 |
|  sys_clk           | p_1_out[8]                                                                                    | sys_rst                                                |                2 |              8 |
|  sys_clk           | videosoc_controllerinjector_phaseinjector3_wrdata_storage_full[31]_i_1_n_0                    | sys_rst                                                |                3 |              8 |
|  sys_clk           | mmcm_dat_w_storage_full[7]_i_1_n_0                                                            | sys_rst                                                |                2 |              8 |
|  sys_clk           | p_5_out[15]                                                                                   | sys_rst                                                |                4 |              8 |
|  sys_clk           | p_5_out[23]                                                                                   | sys_rst                                                |                3 |              8 |
|  sys_clk           | p_5_out[31]                                                                                   | sys_rst                                                |                3 |              8 |
|  sys_clk           | videosoc_controllerinjector_phaseinjector0_address_storage_full[7]_i_1_n_0                    | sys_rst                                                |                2 |              8 |
|  sys_clk           | videosoc_controllerinjector_phaseinjector3_wrdata_storage_full[23]_i_1_n_0                    | sys_rst                                                |                5 |              8 |
|  sys_clk           | hdmi_out0_driver_s7hdmioutclocking_mmcm_dat_w_storage_full[7]_i_1_n_0                         | sys_rst                                                |                2 |              8 |
|  sys_clk           | videosoc_uart_phy_storage_full[7]_i_1_n_0                                                     | sys_rst                                                |                1 |              8 |
|  sys_clk           | dma_slot_array_slot1_address_storage_full[23]_i_1_n_0                                         | sys_rst                                                |                3 |              8 |
|  sys_clk           | videosoc_controllerinjector_phaseinjector3_wrdata_storage_full[15]_i_1_n_0                    | sys_rst                                                |                2 |              8 |
|  sys_clk           | videosoc_controllerinjector_phaseinjector1_wrdata_storage_full[7]_i_1_n_0                     | sys_rst                                                |                2 |              8 |
|  sys_clk           | videosoc_controllerinjector_phaseinjector3_wrdata_storage_full[7]_i_1_n_0                     | sys_rst                                                |                4 |              8 |
|  sys_clk           | videosoc_controllerinjector_phaseinjector1_wrdata_storage_full[15]_i_1_n_0                    | sys_rst                                                |                4 |              8 |
|  sys_clk           | videosoc_controllerinjector_phaseinjector2_address_storage_full[7]_i_1_n_0                    | sys_rst                                                |                4 |              8 |
|  sys_clk           | lm32_cpu/load_store_unit/videosoc_counter_reg[0][0]                                           | sys_rst                                                |                4 |              8 |
|  sys_clk           | videosoc_oled_spimaster_length_storage_full[7]_i_1_n_0                                        | sys_rst                                                |                2 |              8 |
|  sys_clk           | videosoc_videosoc_load_storage_full[7]_i_1_n_0                                                | sys_rst                                                |                2 |              8 |
|  sys_clk           | videosoc_videosoc_reload_storage_full[31]_i_1_n_0                                             | sys_rst                                                |                2 |              8 |
|  sys_clk           | videosoc_bridge_length_ce                                                                     |                                                        |                2 |              8 |
|  sys_clk           | videosoc_videosoc_reload_storage_full[23]_i_1_n_0                                             | sys_rst                                                |                2 |              8 |
|  sys_clk           | videosoc_videosoc_reload_storage_full[15]_i_1_n_0                                             | sys_rst                                                |                3 |              8 |
|  sys_clk           | videosoc_videosoc_reload_storage_full[7]_i_1_n_0                                              | sys_rst                                                |                2 |              8 |
|  sys_clk           | videosoc_csrbank5_core_initiator_base_backstore[23]_i_1_n_0                                   | sys_rst                                                |                1 |              8 |
|  sys_clk           | videosoc_csrbank7_spi_mosi0_re                                                                | sys_rst                                                |                2 |              8 |
|  sys_clk           | videosoc_i                                                                                    | sys_rst                                                |                4 |              8 |
|  sys_clk           | videosoc_uart_phy_source_payload_data                                                         |                                                        |                1 |              8 |
|  sys_clk           | videosoc_uart_phy_storage_full[23]_i_1_n_0                                                    | sys_rst                                                |                2 |              8 |
|  sys_clk           | videosoc_csrbank5_core_initiator_length_backstore[23]_i_1_n_0                                 | sys_rst                                                |                2 |              8 |
|  sys_clk           | videosoc_csrbank5_core_initiator_length_backstore[15]_i_1_n_0                                 | sys_rst                                                |                1 |              8 |
|  sys_clk           | videosoc_controllerinjector_phaseinjector2_wrdata_storage_full[7]_i_1_n_0                     | sys_rst                                                |                2 |              8 |
|  sys_clk           | videosoc_controllerinjector_phaseinjector2_wrdata_storage_full[31]_i_1_n_0                    | sys_rst                                                |                3 |              8 |
|  sys_clk           | videosoc_videosoc_load_storage_full[15]_i_1_n_0                                               | sys_rst                                                |                2 |              8 |
|  sys_clk           | videosoc_controllerinjector_phaseinjector2_wrdata_storage_full[23]_i_1_n_0                    | sys_rst                                                |                5 |              8 |
|  sys_clk           | videosoc_videosoc_load_storage_full[23]_i_1_n_0                                               | sys_rst                                                |                2 |              8 |
|  sys_clk           | videosoc_controllerinjector_phaseinjector2_wrdata_storage_full[15]_i_1_n_0                    | sys_rst                                                |                2 |              8 |
|  sys_clk           | videosoc_videosoc_load_storage_full[31]_i_1_n_0                                               | sys_rst                                                |                2 |              8 |
|  sys_clk           | dma_slot_array_slot0_address_storage_full[15]_i_1_n_0                                         | sys_rst                                                |                3 |              8 |
|  pix1p25x_clk      | s7datacapture0_gearbox_storage[23]_i_1_n_0                                                    |                                                        |                1 |              8 |
|  pix1p25x_clk      | s7datacapture1_gearbox_storage[7]_i_1_n_0                                                     |                                                        |                2 |              8 |
|  pix1p25x_clk      | s7datacapture1_gearbox_storage[31]_i_1_n_0                                                    |                                                        |                2 |              8 |
|  pix1p25x_clk      | s7datacapture2_lateness                                                                       | s7datacapture2_lateness[7]_i_1_n_0                     |                3 |              8 |
|  pix1p25x_clk      | s7datacapture1_lateness                                                                       | s7datacapture1_lateness[7]_i_1_n_0                     |                2 |              8 |
|  pix1p25x_clk      | s7datacapture0_gearbox_storage[63]_i_1_n_0                                                    |                                                        |                1 |              8 |
|  pix1p25x_clk      | s7datacapture0_gearbox_storage[7]_i_1_n_0                                                     |                                                        |                4 |              8 |
|  pix1p25x_clk      | s7datacapture0_gearbox_storage[47]_i_1_n_0                                                    |                                                        |                1 |              8 |
|  pix1p25x_clk      | s7datacapture0_gearbox_storage[55]_i_1_n_0                                                    |                                                        |                2 |              8 |
|  pix1p25x_clk      | s7datacapture0_gearbox_storage[15]_i_1_n_0                                                    |                                                        |                1 |              8 |
|  pix1p25x_clk      | s7datacapture2_gearbox_storage[39]_i_1_n_0                                                    |                                                        |                1 |              8 |
|  pix1p25x_clk      | s7datacapture0_gearbox_storage[64]                                                            |                                                        |                2 |              8 |
|  pix1p25x_clk      | s7datacapture0_gearbox_storage[39]_i_1_n_0                                                    |                                                        |                1 |              8 |
|  pix1p25x_clk      | s7datacapture0_gearbox_storage[31]_i_1_n_0                                                    |                                                        |                1 |              8 |
|  pix1p25x_clk      | s7datacapture2_gearbox_storage[7]_i_1_n_0                                                     |                                                        |                3 |              8 |
|  pix1p25x_clk      | s7datacapture2_gearbox_storage[31]_i_1_n_0                                                    |                                                        |                2 |              8 |
|  pix1p25x_clk      | s7datacapture2_gearbox_storage[15]_i_1_n_0                                                    |                                                        |                1 |              8 |
|  sys_clk           | videosoc_controllerinjector_phaseinjector1_wrdata_storage_full[23]_i_1_n_0                    | sys_rst                                                |                5 |              8 |
|  sys_clk           |                                                                                               | videosoc_interface14_dat_r[7]_i_1_n_0                  |                3 |              8 |
|  pix1p25x_clk      | s7datacapture1_gearbox_storage[47]_i_1_n_0                                                    |                                                        |                2 |              8 |
|  hdmi_out0_pix_clk | hdmi_out0_dram_port_rdata_chunk0                                                              | hdmi_out0_pix_rst                                      |                2 |              8 |
|  pix1p25x_clk      | s7datacapture1_gearbox_storage[70]                                                            |                                                        |                1 |              8 |
|  pix1p25x_clk      | s7datacapture0_lateness                                                                       | s7datacapture0_lateness[7]_i_1_n_0                     |                3 |              8 |
|  pix1p25x_clk      | s7datacapture1_gearbox_storage[39]_i_1_n_0                                                    |                                                        |                1 |              8 |
|  pix1p25x_clk      | s7datacapture1_gearbox_storage[23]_i_1_n_0                                                    |                                                        |                1 |              8 |
|  pix1p25x_clk      | s7datacapture1_gearbox_storage[63]_i_1_n_0                                                    |                                                        |                2 |              8 |
|  pix1p25x_clk      | s7datacapture1_gearbox_storage[15]_i_1_n_0                                                    |                                                        |                1 |              8 |
|  pix1p25x_clk      | s7datacapture1_gearbox_storage[55]_i_1_n_0                                                    |                                                        |                2 |              8 |
|  sys_clk           |                                                                                               | videosoc_interface10_dat_r[7]_i_1_n_0                  |                6 |              8 |
|  pix1p25x_clk      | s7datacapture2_gearbox_storage[63]_i_1_n_0                                                    |                                                        |                1 |              8 |
|  pix1p25x_clk      | s7datacapture2_gearbox_storage[70]                                                            |                                                        |                1 |              8 |
|  pix1p25x_clk      | s7datacapture2_gearbox_storage[74]                                                            |                                                        |                1 |              8 |
|  pix1p25x_clk      | s7datacapture1_gearbox_storage[74]                                                            |                                                        |                1 |              8 |
|  pix1p25x_clk      | s7datacapture0_gearbox_storage[74]                                                            |                                                        |                1 |              8 |
|  pix1p25x_clk      | s7datacapture2_gearbox_storage[23]_i_1_n_0                                                    |                                                        |                2 |              8 |
|  pix1p25x_clk      | s7datacapture2_gearbox_storage[47]_i_1_n_0                                                    |                                                        |                2 |              8 |
|  pix1p25x_clk      | s7datacapture2_gearbox_storage[55]_i_1_n_0                                                    |                                                        |                3 |              8 |
|  sys_clk           |                                                                                               | videosoc_interface8_dat_r[7]_i_1_n_0                   |                7 |              8 |
|  sys_clk           | videosoc_csrbank5_core_initiator_length_backstore[7]_i_1_n_0                                  | sys_rst                                                |                2 |              8 |
|  sys_clk           | videosoc_oled_spimaster_inc_cnt                                                               | videosoc_oled_spimaster_cnt[7]_i_1_n_0                 |                3 |              8 |
|  sys_clk           | dma_frame_size_storage_full[23]_i_1_n_0                                                       | sys_rst                                                |                2 |              8 |
|  sys_clk           | videosoc_uart_phy_storage_full[15]_i_1_n_0                                                    | sys_rst                                                |                1 |              8 |
|  sys_clk           | hdmi_out0_driver_s7hdmioutclocking_mmcm_dat_w_storage_full[15]_i_1_n_0                        | sys_rst                                                |                1 |              8 |
|  sys_clk           | edid_din                                                                                      | sys_rst                                                |                2 |              8 |
|  sys_clk           | lm32_cpu/load_store_unit/dcache/flush_set[7]_i_1__0_n_0                                       | sys_rst                                                |                2 |              8 |
|  sys_clk           |                                                                                               | videosoc_interface12_dat_r[7]_i_1_n_0                  |                6 |              8 |
|  sys_clk           | dma_slot_array_slot0_address_storage_full[23]_i_1_n_0                                         | sys_rst                                                |                2 |              8 |
|  sys_clk           | lm32_cpu/instruction_unit/icache/flush_set[7]_i_1_n_0                                         | sys_rst                                                |                2 |              8 |
|  sys_clk           | videosoc_uart_phy_storage_full[31]_i_1_n_0                                                    | sys_rst                                                |                1 |              8 |
|  sys_clk           |                                                                                               | videosoc_interface1_dat_r[7]_i_1_n_0                   |                7 |              8 |
|  sys_clk           |                                                                                               | videosoc_interface9_dat_r[7]_i_1_n_0                   |                3 |              8 |
|  sys_clk           | videosoc_uart_phy_rx_reg                                                                      | sys_rst                                                |                1 |              8 |
|  sys_clk           |                                                                                               | videosoc_interface4_dat_r[7]_i_1_n_0                   |                6 |              8 |
|  sys_clk           |                                                                                               | videosoc_interface5_dat_r[7]_i_1_n_0                   |                5 |              8 |
|  sys_clk           | videosoc_csrbank5_core_initiator_base_backstore[7]_i_1_n_0                                    | sys_rst                                                |                3 |              8 |
|  sys_clk           |                                                                                               | videosoc_interface13_dat_r[7]_i_1_n_0                  |                3 |              8 |
|  sys_clk           | ethmac_reader_length_storage_full[7]_i_1_n_0                                                  | sys_rst                                                |                3 |              8 |
|  sys_clk           | videosoc_bridge_cmd[7]_i_1_n_0                                                                |                                                        |                3 |              8 |
|  sys_clk           | videosoc_csrbank5_core_initiator_base_backstore[15]_i_1_n_0                                   | sys_rst                                                |                2 |              8 |
|  sys_clk           | videosoc_controllerinjector_phaseinjector1_address_storage_full[7]_i_1_n_0                    | sys_rst                                                |                2 |              8 |
|  sys_clk           |                                                                                               | videosoc_interface6_dat_r[7]_i_1_n_0                   |                5 |              8 |
|  sys_clk           | videosoc_controllerinjector_phaseinjector1_wrdata_storage_full[31]_i_1_n_0                    | sys_rst                                                |                4 |              8 |
|  sys_clk           | ethphy_counter_ce                                                                             | sys_rst                                                |                2 |              9 |
|  hdmi_in0_pix_clk  |                                                                                               | data0_cap_write_rst                                    |                4 |              9 |
|  eth_rx_clk        |                                                                                               | ethmac_crc32_checker_syncfifo_level                    |                3 |              9 |
|  sys_clk           | lm32_cpu/load_store_unit/dcache/valid_f2                                                      |                                                        |                3 |             10 |
|  sys_clk           | lm32_cpu/mc_arithmetic/direction_m_reg                                                        |                                                        |                5 |             10 |
|  sys_clk           | videosoc_controllerinjector_count[9]_i_2_n_0                                                  | videosoc_controllerinjector_count[9]_i_1_n_0           |                3 |             10 |
|  eth_rx_clk        | ethmac_rx_converter_converter_source_payload_data[39]_i_1_n_0                                 |                                                        |                3 |             10 |
|  eth_rx_clk        | ethmac_rx_converter_converter_source_payload_data[29]_i_1_n_0                                 |                                                        |                2 |             10 |
|  eth_rx_clk        | ethmac_rx_converter_converter_source_payload_data[19]_i_1_n_0                                 |                                                        |                2 |             10 |
|  eth_rx_clk        | ethmac_rx_converter_converter_source_payload_data[9]_i_1_n_0                                  |                                                        |                3 |             10 |
|  hdmi_in0_pix_clk  |                                                                                               | resdetection_hcounter[10]_i_1_n_0                      |                2 |             11 |
|  hdmi_in0_pix_clk  | resdetection_pn_de                                                                            | resdetection_vcounter[10]_i_1_n_0                      |                2 |             11 |
|  sys_clk           | hdmi_out0_core_initiator_csrstorage2_storage_full[11]_i_1_n_0                                 | sys_rst                                                |                7 |             12 |
|  sys_clk           | videosoc_info_vccbram_status                                                                  | sys_rst                                                |                3 |             12 |
|  pix1p25x_clk      |                                                                                               | data0_cap_write_rst                                    |                2 |             12 |
|  hdmi_out0_pix_clk | hdmi_out0_core_timinggenerator_source_ready                                                   | hdmi_out0_core_timinggenerator_hcounter[0]_i_1_n_0     |                3 |             12 |
|  hdmi_out0_pix_clk | hdmi_out0_core_timinggenerator_hcounter                                                       | hdmi_out0_core_timinggenerator_vcounter[0]_i_1_n_0     |                3 |             12 |
|  sys_clk           | videosoc_csrbank5_core_initiator_vres0_re                                                     | sys_rst                                                |                3 |             12 |
|  sys_clk           | videosoc_csrbank5_core_initiator_hsync_start0_re                                              | sys_rst                                                |                4 |             12 |
|  sys_clk           | videosoc_csrbank5_core_initiator_hres0_re                                                     | sys_rst                                                |                3 |             12 |
|  sys_clk           | videosoc_info_vccaux_status                                                                   | sys_rst                                                |                5 |             12 |
|  sys_clk           | videosoc_info_vccint_status                                                                   | sys_rst                                                |                5 |             12 |
|  sys_clk           | videosoc_info_temperature_status                                                              | sys_rst                                                |                4 |             12 |
|  sys_clk           | hdmi_out0_core_initiator_csrstorage6_storage_full[11]_i_1_n_0                                 | sys_rst                                                |                8 |             12 |
|  sys_clk           | videosoc_csrbank5_core_initiator_vsync_start0_re                                              | sys_rst                                                |                7 |             12 |
|  sys_clk           | videosoc_csrbank5_core_initiator_vscan0_re                                                    | sys_rst                                                |                2 |             12 |
|  sys_clk           | videosoc_csrbank5_core_initiator_hscan0_re                                                    | sys_rst                                                |                2 |             12 |
|  hdmi_out0_pix_clk | hdmi_out0_core_dmareader_fifo_level0[0]_i_1_n_0                                               | hdmi_out0_pix_rst                                      |                4 |             13 |
|  hdmi_out0_pix_clk | hdmi_out0_core_dmareader_rsv_level[0]_i_1_n_0                                                 | hdmi_out0_pix_rst                                      |                4 |             13 |
|  sys_clk           | videosoc_controllerinjector_bankmachine4_sel_row_adr                                          |                                                        |                4 |             15 |
|  sys_clk           | videosoc_controllerinjector_bankmachine7_sel_row_adr                                          |                                                        |                4 |             15 |
|  sys_clk           | videosoc_controllerinjector_bankmachine6_sel_row_adr                                          |                                                        |                5 |             15 |
|  sys_clk           | videosoc_controllerinjector_bankmachine3_sel_row_adr                                          |                                                        |                5 |             15 |
|  sys_clk           | videosoc_controllerinjector_bankmachine1_sel_row_adr                                          |                                                        |                5 |             15 |
|  sys_clk           | videosoc_controllerinjector_bankmachine0_sel_row_adr                                          |                                                        |                6 |             15 |
|  sys_clk           | videosoc_controllerinjector_bankmachine2_openrow[14]_i_1_n_0                                  |                                                        |                5 |             15 |
|  eth_tx_clk        | ethmac_padding_inserter_counter_ce                                                            | ethmac_padding_inserter_counter[14]                    |                4 |             15 |
|  sys_clk           | videosoc_controllerinjector_bankmachine5_sel_row_adr                                          |                                                        |                6 |             15 |
|  sys_clk           |                                                                                               | videosoc_controllerinjector_dfi_p1_address[14]_i_1_n_0 |                5 |             15 |
|  sys_clk           | videosoc_uart_rx_fifo_wrport_we                                                               |                                                        |                2 |             16 |
|  hdmi_in0_pix_clk  | frame_cur_word[79]_i_1_n_0                                                                    | hdmi_in0_pix_rst                                       |                4 |             16 |
|  hdmi_in0_pix_clk  | frame_chroma_downsampler_parity                                                               | hdmi_in0_pix_rst                                       |                6 |             16 |
|  sys_clk           | storage_14_reg_0_1_0_5_i_1_n_0                                                                |                                                        |                2 |             16 |
|  hdmi_in0_pix_clk  | frame_cur_word[31]_i_1_n_0                                                                    | hdmi_in0_pix_rst                                       |                2 |             16 |
|  eth_rx_clk        | storage_10_reg_0_7_0_5_i_1_n_0                                                                |                                                        |                2 |             16 |
|  hdmi_out0_pix_clk | storage_22_reg_0_3_0_5_i_1_n_0                                                                |                                                        |                2 |             16 |
|  hdmi_in0_pix_clk  | frame_cur_word[127]_i_1_n_0                                                                   | hdmi_in0_pix_rst                                       |                3 |             16 |
|  hdmi_in0_pix_clk  | frame_cur_word[15]_i_1_n_0                                                                    | hdmi_in0_pix_rst                                       |                5 |             16 |
|  hdmi_in0_pix_clk  | frame_cur_word[47]_i_1_n_0                                                                    | hdmi_in0_pix_rst                                       |                2 |             16 |
|  sys_clk           | videosoc_uart_tx_fifo_wrport_we                                                               |                                                        |                2 |             16 |
|  hdmi_in0_pix_clk  | frame_cur_word[95]_i_1_n_0                                                                    | hdmi_in0_pix_rst                                       |                3 |             16 |
|  hdmi_in0_pix_clk  | frame_cur_word[111]_i_1_n_0                                                                   | hdmi_in0_pix_rst                                       |                2 |             16 |
|  hdmi_in0_pix_clk  | frame_cur_word[63]_i_1_n_0                                                                    | hdmi_in0_pix_rst                                       |                3 |             16 |
|  sys_clk           | ethmac_reader_counter_ce                                                                      | ethmac_reader_counter[10]_i_1_n_0                      |                5 |             18 |
|  sys_clk           |                                                                                               | videosoc_controllerinjector_dfi_p2_address[14]_i_1_n_0 |                4 |             18 |
|  eth_rx_clk        |                                                                                               | eth_rx_rst                                             |                7 |             19 |
|  eth_tx_clk        |                                                                                               | eth_tx_rst                                             |               10 |             21 |
|  sys_clk           | videosoc_sr[31]_i_1_n_0                                                                       | sys_rst                                                |               12 |             22 |
|  eth_tx_clk        |                                                                                               |                                                        |                9 |             22 |
|  sys_clk           | lm32_cpu/mc_arithmetic/E[0]                                                                   | sys_rst                                                |               13 |             23 |
|  hdmi_in0_pix_clk  | wer2_is_error                                                                                 | wer2_wer_counter[0]_i_1_n_0                            |                6 |             24 |
|  hdmi_in0_pix_clk  | wer0_is_error                                                                                 | wer0_wer_counter[0]_i_1_n_0                            |                6 |             24 |
|  sys_clk           | sel                                                                                           | videosoc_bridge_count[0]_i_1_n_0                       |                6 |             24 |
|  hdmi_in0_pix_clk  | wer1_is_error                                                                                 | wer1_wer_counter[0]_i_1_n_0                            |                6 |             24 |
|  hdmi_in0_pix_clk  | wer1_period_done                                                                              | hdmi_in0_pix_rst                                       |                6 |             24 |
|  sys_clk           | wer1_update_re                                                                                | sys_rst                                                |                7 |             24 |
|  sys_clk           | wer0_status[23]_i_1_n_0                                                                       | sys_rst                                                |                7 |             24 |
|  sys_clk           | videosoc_controllerinjector_bandwidth_nwrites[0]_i_1_n_0                                      | videosoc_controllerinjector_bandwidth_nwrites          |                6 |             24 |
|  hdmi_in0_pix_clk  | wer2_period_done                                                                              | hdmi_in0_pix_rst                                       |                6 |             24 |
|  sys_clk           | wer0_o                                                                                        | sys_rst                                                |                4 |             24 |
|  hdmi_in0_pix_clk  | wer0_period_done                                                                              | hdmi_in0_pix_rst                                       |                4 |             24 |
|  sys_clk           | wer1_o                                                                                        | sys_rst                                                |                6 |             24 |
|  pix1p25x_clk      |                                                                                               | pix1p25x_rst                                           |                7 |             24 |
|  sys_clk           | wer2_update_re                                                                                | sys_rst                                                |                5 |             24 |
|  sys_clk           | videosoc_controllerinjector_bandwidth_nreads                                                  | videosoc_controllerinjector_bandwidth_nwrites          |                6 |             24 |
|  sys_clk           | wer2_o                                                                                        | sys_rst                                                |                8 |             24 |
|  eth_rx_clk        |                                                                                               |                                                        |               10 |             27 |
|  hdmi_out0_pix_clk | hdmi_out0_core_dmareader_offset_videoout_next_value_ce                                        | hdmi_out0_core_dmareader_offset[0]_i_1_n_0             |                7 |             28 |
|  sys_clk           | lm32_cpu/instruction_unit/icache/i_adr_o_reg[30]                                              | sys_rst                                                |               13 |             28 |
|  sys_clk           | lm32_cpu/load_store_unit/dcache/refill_address[31]_i_1__0_n_0                                 |                                                        |               11 |             28 |
|  sys_clk           | videosoc_bridge_address_ce                                                                    |                                                        |                9 |             30 |
|  sys_clk           | lm32_cpu/load_store_unit/dcache/restart_address_reg[31][0]                                    | sys_rst                                                |                6 |             30 |
|  sys_clk           | lm32_cpu/instruction_unit/icache/refill_address[31]_i_1_n_0                                   |                                                        |                6 |             30 |
|  sys_clk           |                                                                                               | videosoc_uart_phy_phase_accumulator_rx[30]_i_1_n_0     |                8 |             31 |
|  sys_clk           |                                                                                               | videosoc_uart_phy_phase_accumulator_tx[31]_i_1_n_0     |                8 |             32 |
|  sys_clk           | lm32_cpu/load_store_unit/wb_load_complete                                                     | sys_rst                                                |                9 |             32 |
|  eth_rx_clk        | ethmac_crc32_checker_crc_ce                                                                   | ethmac_crc32_checker_syncfifo_level                    |               11 |             32 |
|  hdmi_out0_pix_clk | hdmi_out0_core_underflow_counter[0]_i_2_n_0                                                   | hdmi_out0_core_underflow_counter[0]_i_1_n_0            |                8 |             32 |
|  sys_clk           | videosoc_csrbank5_core_initiator_base0_re                                                     | sys_rst                                                |               10 |             32 |
|  hdmi_out0_pix_clk | hdmi_out0_core_o                                                                              | hdmi_out0_pix_rst                                      |                6 |             32 |
|  sys_clk           | lm32_cpu/mc_arithmetic/result_x_reg[0]_0                                                      | sys_rst                                                |                5 |             32 |
|  sys_clk           | hdmi_in0_freq_sampler_latch                                                                   | sys_rst                                                |                9 |             32 |
|  sys_clk           | ethmac_ps_preamble_error_o                                                                    | sys_rst                                                |                8 |             32 |
|  sys_clk           | ethmac_ps_crc_error_o                                                                         | sys_rst                                                |                8 |             32 |
|  sys_clk           | videosoc_videosoc_value_status[31]_i_1_n_0                                                    | sys_rst                                                |                7 |             32 |
|  sys_clk           | lm32_cpu/load_store_unit/videosoc_controllerinjector_bankmachine5_produce_reg[1]              |                                                        |                4 |             32 |
|  sys_clk           | lm32_cpu/load_store_unit/videosoc_controllerinjector_bankmachine7_level_reg[3]                |                                                        |                4 |             32 |
|  sys_clk           | lm32_cpu/load_store_unit/videosoc_controllerinjector_bankmachine2_produce_reg[1]              |                                                        |                4 |             32 |
|  sys_clk           | lm32_cpu/load_store_unit/videosoc_controllerinjector_bankmachine6_level_reg[3]                |                                                        |                4 |             32 |
|  sys_clk           | lm32_cpu/load_store_unit/videosoc_controllerinjector_bankmachine4_produce_reg[1]              |                                                        |                4 |             32 |
|  sys_clk           | lm32_cpu/load_store_unit/dcache/d_cyc_o6_out                                                  | sys_rst                                                |               12 |             32 |
|  sys_clk           | ethmac_writer_errors_status_liteethmac_next_value_ce                                          | sys_rst                                                |                9 |             32 |
|  sys_clk           | videosoc_csrbank5_core_initiator_length0_re                                                   | sys_rst                                                |                7 |             32 |
|  sys_clk           | lm32_cpu/load_store_unit/dcache/d_cyc_o116_out                                                | sys_rst                                                |               10 |             32 |
|  sys_clk           | lm32_cpu/load_store_unit/videosoc_controllerinjector_bankmachine0_produce_reg[1]              |                                                        |                4 |             32 |
|  sys_clk           | lm32_cpu/load_store_unit/icache_refill_data_reg[31]                                           | sys_rst                                                |                6 |             32 |
|  sys_clk           | p_479_out                                                                                     | ethmac_writer_counter[0]_i_1_n_0                       |                8 |             32 |
|  sys_clk           | lm32_cpu/mc_arithmetic/b[31]_i_1_n_0                                                          | sys_rst                                                |                8 |             32 |
|  sys_clk           | lm32_cpu/load_store_unit/videosoc_bridge_data_reg[0][0]                                       |                                                        |                8 |             32 |
|  sys_clk           | lm32_cpu/load_store_unit/videosoc_controllerinjector_bankmachine3_produce_reg[1]              |                                                        |                4 |             32 |
|  sys_clk           | lm32_cpu/load_store_unit/videosoc_controllerinjector_bankmachine1_level_reg[3]                |                                                        |                4 |             32 |
|  sys_clk           | lm32_cpu/load_store_unit/dcache/im_reg[31][0]                                                 | sys_rst                                                |               26 |             32 |
|  eth_tx_clk        | ethmac_crc32_inserter_ce                                                                      | ethmac_crc32_inserter_reg                              |               13 |             32 |
|  hdmi_out0_pix_clk |                                                                                               | hdmi_out0_pix_rst                                      |               15 |             35 |
|  hdmi_out0_pix_clk | hdmi_out0_dram_port_cmd_buffer_sink_valid__0                                                  |                                                        |                5 |             40 |
|  sys_clk           | videosoc_controllerinjector_bandwidth_period                                                  | sys_rst                                                |               12 |             48 |
|  sys_clk           | videosoc_controllerinjector_bandwidth_nreads_status[23]_i_1_n_0                               | sys_rst                                                |               10 |             48 |
|  sys_clk           | ethmac_writer_fifo_wrport_we__0                                                               |                                                        |                6 |             48 |
|  sys_clk           | dma_mwords_remaining[0]_i_1_n_0                                                               | sys_rst                                                |               14 |             50 |
|  pix1p25x_clk      |                                                                                               |                                                        |               16 |             54 |
|  sys_clk           | videosoc_info_dna_status                                                                      | sys_rst                                                |               22 |             57 |
|  sys_clk           |                                                                                               | hdmi_in0_freq_sampler_counter                          |               16 |             64 |
|  sys_clk           | lm32_cpu/mc_arithmetic/cycles[5]_i_1_n_0                                                      | sys_rst                                                |               23 |             70 |
|  sys_clk           | lm32_cpu/load_store_unit/dcache/valid_f2                                                      | sys_rst                                                |               27 |             92 |
|  sys_clk           | lm32_cpu/load_store_unit/dcache/reg_write_enable_q_w                                          |                                                        |               12 |             96 |
|  sys_clk           | videosoc_controllerinjector_inti_p0_rddata_valid                                              | sys_rst                                                |               42 |            128 |
|  hdmi_out0_pix_clk |                                                                                               |                                                        |               35 |            133 |
|  sys_clk           | hdmi_out0_core_initiator_cdc_wrport_we                                                        |                                                        |               19 |            152 |
|  sys_clk           | lm32_cpu/load_store_unit/dcache/memories[0].data_memories.way_0_data_ram/byte_enable_m_reg[0] | sys_rst                                                |               60 |            161 |
|  sys_clk           | storage_19_reg_0_15_0_5_i_1_n_0                                                               |                                                        |               22 |            176 |
|  hdmi_in0_pix_clk  |                                                                                               |                                                        |               55 |            195 |
|  sys_clk           | lm32_cpu/mc_arithmetic/direction_m_reg                                                        | sys_rst                                                |               74 |            221 |
|  sys_clk           |                                                                                               |                                                        |              147 |            369 |
|  hdmi_in0_pix_clk  |                                                                                               | hdmi_in0_pix_rst                                       |              152 |            578 |
|  sys_clk           |                                                                                               | sys_rst                                                |              273 |            613 |
+--------------------+-----------------------------------------------------------------------------------------------+--------------------------------------------------------+------------------+----------------+


+--------+-----------------------+
| Fanout | Number of ControlSets |
+--------+-----------------------+
| 1      |                     6 |
| 2      |                     7 |
| 4      |                    42 |
| 5      |                     7 |
| 6      |                     6 |
| 7      |                     9 |
| 8      |                   106 |
| 9      |                     3 |
| 10     |                     7 |
| 11     |                     2 |
| 12     |                    15 |
| 13     |                     2 |
| 15     |                    10 |
| 16+    |                    96 |
+--------+-----------------------+


