Copyright 1986-2017 Xilinx, Inc. All Rights Reserved.
---------------------------------------------------------------------------------------------------
| Tool Version : Vivado v.2017.3 (lin64) Build 2018833 Wed Oct  4 19:58:07 MDT 2017
| Date         : Fri Oct 25 09:17:58 2019
| Host         : travis-job-1ca3d69f-bb2d-4c22-bf4b-ba713b6282e4 running 64-bit Ubuntu 16.04.6 LTS
| Command      : report_utilization -hierarchical -file top_utilization_hierarchical_synth.rpt
| Design       : top
| Device       : 7a35tcsg324-1
| Design State : Synthesized
---------------------------------------------------------------------------------------------------

Utilization Design Information

Table of Contents
-----------------
1. Utilization by Hierarchy

1. Utilization by Hierarchy
---------------------------

+----------------------------+------------------+------------+------------+---------+------+------+--------+--------+--------------+
|          Instance          |      Module      | Total LUTs | Logic LUTs | LUTRAMs | SRLs |  FFs | RAMB36 | RAMB18 | DSP48 Blocks |
+----------------------------+------------------+------------+------------+---------+------+------+--------+--------+--------------+
| top                        |            (top) |       3981 |       3835 |     144 |    2 | 3401 |     16 |     21 |            0 |
|   (top)                    |            (top) |       2181 |       2035 |     144 |    2 | 2406 |     16 |     17 |            0 |
|   VexRiscv                 |         VexRiscv |       1800 |       1800 |       0 |    0 |  995 |      0 |      4 |            0 |
|     (VexRiscv)             |         VexRiscv |       1086 |       1086 |       0 |    0 |  896 |      0 |      2 |            0 |
|     IBusCachedPlugin_cache | InstructionCache |        714 |        714 |       0 |    0 |   99 |      0 |      2 |            0 |
+----------------------------+------------------+------------+------------+---------+------+------+--------+--------+--------------+


