Copyright 1986-2017 Xilinx, Inc. All Rights Reserved.
---------------------------------------------------------------------------------------------------
| Tool Version : Vivado v.2017.3 (lin64) Build 2018833 Wed Oct  4 19:58:07 MDT 2017
| Date         : Fri Oct 25 07:43:55 2019
| Host         : travis-job-3f1cd269-182b-46e1-816f-0f93c1f275d7 running 64-bit Ubuntu 16.04.6 LTS
| Command      : report_control_sets -verbose -file top_control_sets.rpt
| Design       : top
| Device       : xc7a35t
---------------------------------------------------------------------------------------------------

Control Set Information

Table of Contents
-----------------
1. Summary
2. Flip-Flop Distribution
3. Detailed Control Set Information

1. Summary
----------

+----------------------------------------------------------+-------+
|                          Status                          | Count |
+----------------------------------------------------------+-------+
| Number of unique control sets                            |   204 |
| Unused register locations in slices containing registers |   389 |
+----------------------------------------------------------+-------+


2. Flip-Flop Distribution
-------------------------

+--------------+-----------------------+------------------------+-----------------+--------------+
| Clock Enable | Synchronous Set/Reset | Asynchronous Set/Reset | Total Registers | Total Slices |
+--------------+-----------------------+------------------------+-----------------+--------------+
| No           | No                    | No                     |             267 |          131 |
| No           | No                    | Yes                    |               4 |            2 |
| No           | Yes                   | No                     |             937 |          332 |
| Yes          | No                    | No                     |             867 |          313 |
| Yes          | No                    | Yes                    |               0 |            0 |
| Yes          | Yes                   | No                     |            1840 |          612 |
+--------------+-----------------------+------------------------+-----------------+--------------+


3. Detailed Control Set Information
-----------------------------------

+--------------+--------------------------------------------------------------------------------------------------------------------------------------+------------------------------------------------------------------------------------------------------------------------+------------------+----------------+
| Clock Signal |                                                             Enable Signal                                                            |                                                    Set/Reset Signal                                                    | Slice Load Count | Bel Load Count |
+--------------+--------------------------------------------------------------------------------------------------------------------------------------+------------------------------------------------------------------------------------------------------------------------+------------------+----------------+
|  sys_clk     | serial_tx_i_1_n_0                                                                                                                    | sys_rst                                                                                                                |                1 |              1 |
|  sys_clk     | spiflash_i_i_1_n_0                                                                                                                   | sys_rst                                                                                                                |                1 |              1 |
|  sys_clk     | basesoc_sdram_tfawcon_ready_reg023_in                                                                                                | basesoc_sdram_tfawcon_ready_i_1_n_0                                                                                    |                1 |              1 |
|  clk200_clk  |                                                                                                                                      |                                                                                                                        |                1 |              1 |
|  sys_clk     |                                                                                                                                      | basesoc_sdram_tccdcon_ready_i_1_n_0                                                                                    |                1 |              1 |
|  clk200_clk  |                                                                                                                                      | xilinxasyncresetsynchronizerimpl0                                                                                      |                1 |              2 |
|  sys_clk     | mor1kx/mor1kx_cpu/cappuccino.mor1kx_cpu/mor1kx_fetch_cappuccino/icache_gen.mor1kx_icache/tag_ram/ibus_adr_reg[3]                     |                                                                                                                        |                1 |              2 |
|  sys_clk     |                                                                                                                                      | xilinxasyncresetsynchronizerimpl0                                                                                      |                1 |              2 |
|  sys_clk     | mor1kx/mor1kx_cpu/cappuccino.mor1kx_cpu/mor1kx_lsu_cappuccino/basesoc_sdram_bankmachine4_cmd_buffer_lookahead_level_reg[0][0]        | sys_rst                                                                                                                |                2 |              4 |
|  sys_clk     | bankmachine5_next_state                                                                                                              | sys_rst                                                                                                                |                1 |              4 |
|  sys_clk     | bankmachine1_next_state                                                                                                              | sys_rst                                                                                                                |                1 |              4 |
|  sys_clk     | mor1kx/mor1kx_cpu/cappuccino.mor1kx_cpu/mor1kx_fetch_cappuccino/basesoc_sdram_bankmachine2_cmd_buffer_lookahead_level_reg[0][0]      | sys_rst                                                                                                                |                1 |              4 |
|  sys_clk     | multiplexer_next_state                                                                                                               | sys_rst                                                                                                                |                2 |              4 |
|  sys_clk     | bankmachine3_next_state                                                                                                              | sys_rst                                                                                                                |                2 |              4 |
|  sys_clk     | bankmachine7_next_state                                                                                                              | sys_rst                                                                                                                |                1 |              4 |
|  sys_clk     | basesoc_uart_phy_sink_ready1349_out                                                                                                  | basesoc_uart_phy_tx_bitcount[3]_i_1_n_0                                                                                |                1 |              4 |
|  sys_clk     | bankmachine4_next_state                                                                                                              | sys_rst                                                                                                                |                2 |              4 |
|  sys_clk     | mor1kx/mor1kx_cpu/cappuccino.mor1kx_cpu/mor1kx_lsu_cappuccino/basesoc_sdram_bankmachine0_cmd_buffer_lookahead_level_reg[0][0]        | sys_rst                                                                                                                |                1 |              4 |
|  sys_clk     | mor1kx/mor1kx_cpu/cappuccino.mor1kx_cpu/mor1kx_lsu_cappuccino/basesoc_sdram_bankmachine5_cmd_buffer_lookahead_level_reg[0][0]        | sys_rst                                                                                                                |                2 |              4 |
|  sys_clk     | basesoc_uart_tx_fifo_wrport_we                                                                                                       | sys_rst                                                                                                                |                1 |              4 |
|  sys_clk     | basesoc_uart_phy_rx_bitcount                                                                                                         | basesoc_uart_phy_rx_bitcount[3]_i_1_n_0                                                                                |                1 |              4 |
|  sys_clk     | mor1kx/mor1kx_cpu/cappuccino.mor1kx_cpu/mor1kx_lsu_cappuccino/basesoc_sdram_bankmachine1_cmd_buffer_lookahead_level_reg[0][0]        | sys_rst                                                                                                                |                1 |              4 |
|  sys_clk     | mor1kx/mor1kx_cpu/cappuccino.mor1kx_cpu/mor1kx_lsu_cappuccino/basesoc_sdram_bankmachine6_cmd_buffer_lookahead_level_reg[0][0]        | sys_rst                                                                                                                |                1 |              4 |
|  sys_clk     | mor1kx/mor1kx_cpu/cappuccino.mor1kx_cpu/mor1kx_lsu_cappuccino/store_buffer_gen.mor1kx_store_buffer/padv_decode_o                     | mor1kx/mor1kx_cpu/cappuccino.mor1kx_cpu/mor1kx_ctrl_cappuccino/pic.mor1kx_pic/spr_picmr_reg[0]_0                       |                4 |              4 |
|  sys_clk     | mor1kx/mor1kx_cpu/cappuccino.mor1kx_cpu/mor1kx_lsu_cappuccino/basesoc_sdram_bankmachine7_cmd_buffer_lookahead_level_reg[0][0]        | sys_rst                                                                                                                |                2 |              4 |
|  sys_clk     | mor1kx/mor1kx_cpu/cappuccino.mor1kx_cpu/mor1kx_lsu_cappuccino/basesoc_sdram_bankmachine3_cmd_buffer_lookahead_level_reg[0][0]        | sys_rst                                                                                                                |                2 |              4 |
|  sys_clk     | mor1kx/mor1kx_cpu/cappuccino.mor1kx_cpu/mor1kx_lsu_cappuccino/dcache_gen.mor1kx_dcache/p_8_in                                        | mor1kx/mor1kx_cpu/cappuccino.mor1kx_cpu/mor1kx_execute_ctrl_cappuccino/refill_valid_r_reg[3]_1                         |                1 |              4 |
|  sys_clk     | mor1kx/mor1kx_cpu/cappuccino.mor1kx_cpu/mor1kx_lsu_cappuccino/dbus_adr[3]_i_1_n_0                                                    |                                                                                                                        |                3 |              4 |
|  sys_clk     | eventmanager_storage_full[3]_i_1_n_0                                                                                                 | sys_rst                                                                                                                |                1 |              4 |
|  clk200_clk  | reset_counter[3]_i_1_n_0                                                                                                             | clk200_rst                                                                                                             |                1 |              4 |
|  sys_clk     |                                                                                                                                      | basesoc_csrbankarray_interface5_bank_bus_dat_r[3]_i_1_n_0                                                              |                2 |              4 |
|  sys_clk     | spiflash_bitbang_storage_full[3]_i_1_n_0                                                                                             | sys_rst                                                                                                                |                1 |              4 |
|  sys_clk     | basesoc_sdram_time1[3]_i_1_n_0                                                                                                       | sys_rst                                                                                                                |                2 |              4 |
|  sys_clk     | leds_storage_full[3]_i_1_n_0                                                                                                         | sys_rst                                                                                                                |                1 |              4 |
|  sys_clk     | basesoc_uart_rx_fifo_syncfifo_re                                                                                                     | sys_rst                                                                                                                |                1 |              4 |
|  sys_clk     |                                                                                                                                      | basesoc_csrbankarray_interface0_bank_bus_dat_r[3]_i_1_n_0                                                              |                2 |              4 |
|  sys_clk     |                                                                                                                                      | mor1kx/mor1kx_cpu/cappuccino.mor1kx_cpu/mor1kx_fetch_cappuccino/icache_gen.mor1kx_icache/tag_ram/refill_valid_r_reg[3] |                1 |              4 |
|  sys_clk     |                                                                                                                                      | mor1kx/mor1kx_cpu/ctrl_except_align_o_i_1_n_0                                                                          |                1 |              4 |
|  sys_clk     | basesoc_uart_rx_fifo_wrport_we                                                                                                       | sys_rst                                                                                                                |                1 |              4 |
|  sys_clk     | bankmachine2_next_state                                                                                                              | sys_rst                                                                                                                |                3 |              4 |
|  sys_clk     | basesoc_uart_tx_fifo_syncfifo_re                                                                                                     | sys_rst                                                                                                                |                1 |              4 |
|  sys_clk     | mor1kx/mor1kx_cpu/cappuccino.mor1kx_cpu/mor1kx_ctrl_cappuccino/pic.mor1kx_pic/I78                                                    | mor1kx/mor1kx_cpu/cappuccino.mor1kx_cpu/mor1kx_ctrl_cappuccino/pic.mor1kx_pic/spr_picmr_reg[0]_0                       |                2 |              4 |
|  sys_clk     | bankmachine6_next_state                                                                                                              | sys_rst                                                                                                                |                2 |              4 |
|  sys_clk     | bankmachine0_next_state                                                                                                              | sys_rst                                                                                                                |                1 |              4 |
|  sys_clk     | basesoc_uart_rx_fifo_level0[4]_i_1_n_0                                                                                               | sys_rst                                                                                                                |                2 |              5 |
|  sys_clk     | basesoc_csrbankarray_csrbank2_half_sys8x_taps0_re                                                                                    | sys_rst                                                                                                                |                1 |              5 |
|  sys_clk     | mor1kx/mor1kx_cpu/cappuccino.mor1kx_cpu/mor1kx_lsu_cappuccino/dbus_bsel_o[3]_i_1_n_0                                                 |                                                                                                                        |                2 |              5 |
|  sys_clk     | mor1kx/mor1kx_cpu/cappuccino.mor1kx_cpu/mor1kx_lsu_cappuccino/dcache_gen.mor1kx_dcache/state                                         | mor1kx/mor1kx_cpu/cappuccino.mor1kx_cpu/mor1kx_ctrl_cappuccino/pic.mor1kx_pic/spr_picmr_reg[0]_0                       |                1 |              5 |
|  sys_clk     | basesoc_csrbankarray_csrbank4_dfii_control0_re                                                                                       | sys_rst                                                                                                                |                3 |              5 |
|  sys_clk     | basesoc_uart_tx_fifo_level0[4]_i_1_n_0                                                                                               | sys_rst                                                                                                                |                1 |              5 |
|  sys_clk     | mor1kx/mor1kx_cpu/cappuccino.mor1kx_cpu/mor1kx_execute_alu/div_count[4]_i_2_n_0                                                      | mor1kx/mor1kx_cpu/cappuccino.mor1kx_cpu/mor1kx_decode_execute_cappuccino/div_count_reg[4]                              |                2 |              5 |
|  sys_clk     |                                                                                                                                      | basesoc_csrbankarray_interface2_bank_bus_dat_r[4]_i_1_n_0                                                              |                2 |              5 |
|  sys_clk     | basesoc_sdram_time0[4]_i_1_n_0                                                                                                       | sys_rst                                                                                                                |                2 |              5 |
|  sys_clk     | basesoc_sdram_phaseinjector0_address_storage_full[13]_i_1_n_0                                                                        | sys_rst                                                                                                                |                1 |              6 |
|  sys_clk     | basesoc_csrbankarray_csrbank4_dfii_pi3_command0_re                                                                                   | sys_rst                                                                                                                |                2 |              6 |
|  sys_clk     | basesoc_csrbankarray_csrbank4_dfii_pi2_command0_re                                                                                   | sys_rst                                                                                                                |                2 |              6 |
|  sys_clk     | basesoc_sdram_phaseinjector1_address_storage_full[13]_i_1_n_0                                                                        | sys_rst                                                                                                                |                1 |              6 |
|  sys_clk     | basesoc_sdram_phaseinjector0_command_storage_full[5]_i_1_n_0                                                                         | sys_rst                                                                                                                |                4 |              6 |
|  sys_clk     | basesoc_csrbankarray_csrbank4_dfii_pi1_command0_re                                                                                   | sys_rst                                                                                                                |                3 |              6 |
|  sys_clk     | basesoc_sdram_phaseinjector2_address_storage_full[13]_i_1_n_0                                                                        | sys_rst                                                                                                                |                1 |              6 |
|  sys_clk     | basesoc_sdram_phaseinjector3_address_storage_full[13]_i_1_n_0                                                                        | sys_rst                                                                                                                |                1 |              6 |
|  sys_clk     | basesoc_sdram_generator_counter                                                                                                      | sys_rst                                                                                                                |                2 |              6 |
|  sys_clk     | mor1kx/mor1kx_cpu/cappuccino.mor1kx_cpu/mor1kx_fetch_cappuccino/padv_execute_o                                                       | mor1kx/mor1kx_cpu/cappuccino.mor1kx_cpu/mor1kx_ctrl_cappuccino/pic.mor1kx_pic/spr_picmr_reg[0]_0                       |                3 |              7 |
|  sys_clk     | mor1kx/mor1kx_cpu/cappuccino.mor1kx_cpu/mor1kx_execute_ctrl_cappuccino/spr_sr[1]                                                     | mor1kx/mor1kx_cpu/cappuccino.mor1kx_cpu/mor1kx_ctrl_cappuccino/pic.mor1kx_pic/spr_picmr_reg[0]_0                       |                4 |              7 |
|  sys_clk     | dna_cnt[6]_i_1_n_0                                                                                                                   | sys_rst                                                                                                                |                2 |              7 |
|  sys_clk     | basesoc_ctrl_storage_full[23]_i_1_n_0                                                                                                | sys_rst                                                                                                                |                3 |              8 |
|  sys_clk     | mor1kx/mor1kx_cpu/cappuccino.mor1kx_cpu/mor1kx_lsu_cappuccino/dcache_gen.mor1kx_dcache/invalidate_adr_0                              |                                                                                                                        |                4 |              8 |
|  sys_clk     | basesoc_sdram_phaseinjector2_wrdata_storage_full[7]_i_1_n_0                                                                          | sys_rst                                                                                                                |                3 |              8 |
|  sys_clk     | mor1kx/mor1kx_cpu/cappuccino.mor1kx_cpu/mor1kx_fetch_cappuccino/icache_gen.mor1kx_icache/way_memories[0].way_data_ram/spr_bus_ack_o0 |                                                                                                                        |                2 |              8 |
|  sys_clk     | basesoc_timer0_reload_storage_full[7]_i_1_n_0                                                                                        | sys_rst                                                                                                                |                3 |              8 |
|  sys_clk     | basesoc_uart_rx_fifo_syncfifo_re                                                                                                     |                                                                                                                        |                2 |              8 |
|  sys_clk     | basesoc_sdram_phaseinjector0_wrdata_storage_full[23]_i_1_n_0                                                                         | sys_rst                                                                                                                |                2 |              8 |
|  sys_clk     | basesoc_sdram_phaseinjector3_wrdata_storage_full[7]_i_1_n_0                                                                          | sys_rst                                                                                                                |                2 |              8 |
|  sys_clk     | basesoc_sdram_phaseinjector3_wrdata_storage_full[15]_i_1_n_0                                                                         | sys_rst                                                                                                                |                4 |              8 |
|  sys_clk     | basesoc_sdram_phaseinjector2_wrdata_storage_full[31]_i_1_n_0                                                                         | sys_rst                                                                                                                |                5 |              8 |
|  sys_clk     | basesoc_sdram_phaseinjector2_wrdata_storage_full[15]_i_1_n_0                                                                         | sys_rst                                                                                                                |                4 |              8 |
|  sys_clk     | basesoc_sdram_phaseinjector3_wrdata_storage_full[31]_i_1_n_0                                                                         | sys_rst                                                                                                                |                5 |              8 |
|  sys_clk     | basesoc_ctrl_storage_full[31]_i_1_n_0                                                                                                | sys_rst                                                                                                                |                2 |              8 |
|  sys_clk     | p_3_out[15]                                                                                                                          | sys_rst                                                                                                                |                1 |              8 |
|  sys_clk     | p_3_out[23]                                                                                                                          | sys_rst                                                                                                                |                1 |              8 |
|  sys_clk     | p_3_out[31]                                                                                                                          | sys_rst                                                                                                                |                1 |              8 |
|  sys_clk     | mor1kx/mor1kx_cpu/cappuccino.mor1kx_cpu/mor1kx_lsu_cappuccino/E[0]                                                                   | sys_rst                                                                                                                |                3 |              8 |
|  sys_clk     | basesoc_uart_phy_rx_reg                                                                                                              | sys_rst                                                                                                                |                1 |              8 |
|  sys_clk     | basesoc_sdram_phaseinjector0_wrdata_storage_full[7]_i_1_n_0                                                                          | sys_rst                                                                                                                |                1 |              8 |
|  sys_clk     | basesoc_timer0_load_storage_full[7]_i_1_n_0                                                                                          | sys_rst                                                                                                                |                2 |              8 |
|  sys_clk     | basesoc_sdram_phaseinjector0_wrdata_storage_full[31]_i_1_n_0                                                                         | sys_rst                                                                                                                |                4 |              8 |
|  sys_clk     | p_3_out[7]                                                                                                                           | sys_rst                                                                                                                |                1 |              8 |
|  sys_clk     | basesoc_sdram_phaseinjector0_wrdata_storage_full[15]_i_1_n_0                                                                         | sys_rst                                                                                                                |                5 |              8 |
|  sys_clk     | basesoc_timer0_load_storage_full[15]_i_1_n_0                                                                                         | sys_rst                                                                                                                |                2 |              8 |
|  sys_clk     | basesoc_sdram_phaseinjector1_wrdata_storage_full[23]_i_1_n_0                                                                         | sys_rst                                                                                                                |                3 |              8 |
|  sys_clk     | basesoc_sdram_phaseinjector1_wrdata_storage_full[15]_i_1_n_0                                                                         | sys_rst                                                                                                                |                3 |              8 |
|  sys_clk     | basesoc_timer0_reload_storage_full[31]_i_1_n_0                                                                                       | sys_rst                                                                                                                |                2 |              8 |
|  sys_clk     | basesoc_timer0_reload_storage_full[23]_i_1_n_0                                                                                       | sys_rst                                                                                                                |                2 |              8 |
|  sys_clk     | basesoc_timer0_load_storage_full[23]_i_1_n_0                                                                                         | sys_rst                                                                                                                |                2 |              8 |
|  sys_clk     | basesoc_uart_phy_source_payload_data[7]_i_1_n_0                                                                                      | sys_rst                                                                                                                |                1 |              8 |
|  sys_clk     | basesoc_sdram_phaseinjector0_address_storage_full[7]_i_1_n_0                                                                         | sys_rst                                                                                                                |                2 |              8 |
|  sys_clk     | basesoc_timer0_load_storage_full[31]_i_1_n_0                                                                                         | sys_rst                                                                                                                |                2 |              8 |
|  sys_clk     | spiflash_i                                                                                                                           | sys_rst                                                                                                                |                2 |              8 |
|  sys_clk     | basesoc_sdram_phaseinjector1_wrdata_storage_full[31]_i_1_n_0                                                                         | sys_rst                                                                                                                |                3 |              8 |
|  sys_clk     | basesoc_sdram_phaseinjector2_address_storage_full[7]_i_1_n_0                                                                         | sys_rst                                                                                                                |                2 |              8 |
|  sys_clk     | basesoc_sdram_phaseinjector1_wrdata_storage_full[7]_i_1_n_0                                                                          | sys_rst                                                                                                                |                2 |              8 |
|  sys_clk     | basesoc_sdram_phaseinjector3_wrdata_storage_full[23]_i_1_n_0                                                                         | sys_rst                                                                                                                |                3 |              8 |
|  sys_clk     |                                                                                                                                      | basesoc_csrbankarray_interface7_bank_bus_dat_r[7]_i_1_n_0                                                              |                4 |              8 |
|  sys_clk     |                                                                                                                                      | basesoc_csrbankarray_interface3_bank_bus_dat_r[7]_i_1_n_0                                                              |                8 |              8 |
|  sys_clk     | basesoc_sdram_phaseinjector1_address_storage_full[7]_i_1_n_0                                                                         | sys_rst                                                                                                                |                2 |              8 |
|  sys_clk     |                                                                                                                                      | basesoc_csrbankarray_interface4_bank_bus_dat_r[7]_i_1_n_0                                                              |                7 |              8 |
|  sys_clk     | basesoc_uart_tx_fifo_syncfifo_re                                                                                                     |                                                                                                                        |                2 |              8 |
|  sys_clk     | basesoc_ctrl_storage_full[7]_i_1_n_0                                                                                                 | sys_rst                                                                                                                |                3 |              8 |
|  sys_clk     | basesoc_uart_phy_tx_reg[7]_i_1_n_0                                                                                                   | sys_rst                                                                                                                |                2 |              8 |
|  sys_clk     | basesoc_ctrl_storage_full[15]_i_1_n_0                                                                                                | sys_rst                                                                                                                |                5 |              8 |
|  sys_clk     |                                                                                                                                      | basesoc_csrbankarray_interface6_bank_bus_dat_r[7]_i_1_n_0                                                              |                7 |              8 |
|  sys_clk     |                                                                                                                                      | basesoc_csrbankarray_interface8_bank_bus_dat_r[7]_i_1_n_0                                                              |                3 |              8 |
|  sys_clk     | basesoc_sdram_phaseinjector2_wrdata_storage_full[23]_i_1_n_0                                                                         | sys_rst                                                                                                                |                3 |              8 |
|  sys_clk     | basesoc_sdram_phaseinjector3_address_storage_full[7]_i_1_n_0                                                                         | sys_rst                                                                                                                |                1 |              8 |
|  sys_clk     |                                                                                                                                      | basesoc_csrbankarray_interface1_bank_bus_dat_r[7]_i_1_n_0                                                              |                5 |              8 |
|  sys_clk     | basesoc_timer0_reload_storage_full[15]_i_1_n_0                                                                                       | sys_rst                                                                                                                |                2 |              8 |
|  sys_clk     | mor1kx/mor1kx_cpu/cappuccino.mor1kx_cpu/mor1kx_lsu_cappuccino/store_buffer_gen.mor1kx_store_buffer/fifo_ram/E[0]                     | mor1kx/mor1kx_cpu/cappuccino.mor1kx_cpu/mor1kx_ctrl_cappuccino/pic.mor1kx_pic/spr_picmr_reg[0]_0                       |                2 |              9 |
|  sys_clk     | mor1kx/mor1kx_cpu/cappuccino.mor1kx_cpu/mor1kx_lsu_cappuccino/store_buffer_gen.mor1kx_store_buffer/fifo_ram/we                       | mor1kx/mor1kx_cpu/cappuccino.mor1kx_cpu/mor1kx_ctrl_cappuccino/pic.mor1kx_pic/spr_picmr_reg[0]_0                       |                3 |              9 |
|  sys_clk     | basesoc_sdram_timer_count[9]_i_2_n_0                                                                                                 | basesoc_sdram_timer_count[9]_i_1_n_0                                                                                   |                3 |             10 |
|  sys_clk     | vccint_status                                                                                                                        | sys_rst                                                                                                                |                4 |             12 |
|  sys_clk     | vccaux_status                                                                                                                        | sys_rst                                                                                                                |                4 |             12 |
|  sys_clk     | vccbram_status                                                                                                                       | sys_rst                                                                                                                |                4 |             12 |
|  sys_clk     | temperature_status                                                                                                                   | sys_rst                                                                                                                |                4 |             12 |
|  sys_clk     | basesoc_sdram_bankmachine7_row                                                                                                       | sys_rst                                                                                                                |                4 |             14 |
|  sys_clk     | basesoc_sdram_bankmachine4_row                                                                                                       | sys_rst                                                                                                                |                5 |             14 |
|  sys_clk     | basesoc_sdram_bankmachine5_row                                                                                                       | sys_rst                                                                                                                |                6 |             14 |
|  sys_clk     | basesoc_sdram_bankmachine1_row                                                                                                       | sys_rst                                                                                                                |                3 |             14 |
|  sys_clk     | basesoc_sdram_bankmachine6_row                                                                                                       | sys_rst                                                                                                                |                5 |             14 |
|  sys_clk     | basesoc_sdram_bankmachine2_row                                                                                                       | sys_rst                                                                                                                |                5 |             14 |
|  sys_clk     | basesoc_sdram_bankmachine3_row                                                                                                       | sys_rst                                                                                                                |                5 |             14 |
|  sys_clk     | basesoc_sdram_bankmachine0_row[13]_i_1_n_0                                                                                           | sys_rst                                                                                                                |                7 |             14 |
|  sys_clk     | basesoc_uart_tx_fifo_wrport_we                                                                                                       |                                                                                                                        |                2 |             16 |
|  sys_clk     | basesoc_uart_rx_fifo_wrport_we                                                                                                       |                                                                                                                        |                2 |             16 |
|  sys_clk     | mor1kx/mor1kx_cpu/cappuccino.mor1kx_cpu/mor1kx_execute_ctrl_cappuccino/spr_esr_reg[15][0]                                            | mor1kx/mor1kx_cpu/cappuccino.mor1kx_cpu/mor1kx_ctrl_cappuccino/pic.mor1kx_pic/spr_picmr_reg[0]_0                       |                6 |             16 |
|  sys_clk     | mor1kx/mor1kx_cpu/cappuccino.mor1kx_cpu/mor1kx_execute_ctrl_cappuccino/spr_evbar_reg[31][0]                                          | mor1kx/mor1kx_cpu/cappuccino.mor1kx_cpu/mor1kx_ctrl_cappuccino/pic.mor1kx_pic/spr_picmr_reg[0]_0                       |                6 |             19 |
|  sys_clk     | eventsourceprocess2_trigger                                                                                                          | waittimer2_count[0]_i_1_n_0                                                                                            |                5 |             20 |
|  sys_clk     | eventsourceprocess3_trigger                                                                                                          | waittimer3_count[0]_i_1_n_0                                                                                            |                5 |             20 |
|  sys_clk     | mor1kx/mor1kx_cpu/cappuccino.mor1kx_cpu/mor1kx_lsu_cappuccino/dcache_gen.mor1kx_dcache/way_memories[0].way_data_ram/mem_reg_32       | mor1kx/mor1kx_cpu/cappuccino.mor1kx_cpu/mor1kx_lsu_cappuccino/basesoc_count_reg_0_sn_1                                 |                5 |             20 |
|  sys_clk     | eventsourceprocess0_trigger                                                                                                          | waittimer0_count[0]_i_1_n_0                                                                                            |                5 |             20 |
|  sys_clk     | eventsourceprocess1_trigger                                                                                                          | waittimer1_count[0]_i_1_n_0                                                                                            |                5 |             20 |
|  sys_clk     | mor1kx/mor1kx_cpu/cappuccino.mor1kx_cpu/mor1kx_fetch_cappuccino/icache_gen.mor1kx_icache/tag_ram/refill_valid_r_reg[3]               |                                                                                                                        |                4 |             21 |
|  sys_clk     | mor1kx/mor1kx_cpu/cappuccino.mor1kx_cpu/mor1kx_lsu_cappuccino/dcache_gen.mor1kx_dcache/tag_save_lru9_out                             |                                                                                                                        |                8 |             21 |
|  sys_clk     | mor1kx/mor1kx_cpu/cappuccino.mor1kx_cpu/mor1kx_lsu_cappuccino/store_buffer_gen.mor1kx_store_buffer/padv_decode_o                     | mor1kx/mor1kx_cpu/cappuccino.mor1kx_cpu/mor1kx_ctrl_cappuccino/pic.mor1kx_pic/execute_op_movhi_o_reg                   |               10 |             22 |
|  sys_clk     | spiflash_sr[31]_i_1_n_0                                                                                                              | sys_rst                                                                                                                |               11 |             22 |
|  sys_clk     | basesoc_sdram_bankmachine5_cmd_buffer_pipe_ce                                                                                        | sys_rst                                                                                                                |                7 |             23 |
|  sys_clk     | basesoc_sdram_bankmachine6_cmd_buffer_pipe_ce                                                                                        | sys_rst                                                                                                                |                5 |             23 |
|  sys_clk     | basesoc_sdram_bankmachine3_cmd_buffer_pipe_ce                                                                                        | sys_rst                                                                                                                |                7 |             23 |
|  sys_clk     | basesoc_sdram_bankmachine1_cmd_buffer_pipe_ce                                                                                        | sys_rst                                                                                                                |                6 |             23 |
|  sys_clk     | basesoc_sdram_bankmachine2_cmd_buffer_pipe_ce                                                                                        | sys_rst                                                                                                                |                7 |             23 |
|  sys_clk     | basesoc_sdram_bankmachine7_cmd_buffer_pipe_ce                                                                                        | sys_rst                                                                                                                |                8 |             23 |
|  sys_clk     | basesoc_sdram_bankmachine0_cmd_buffer_pipe_ce                                                                                        | sys_rst                                                                                                                |                7 |             23 |
|  sys_clk     | mor1kx/mor1kx_cpu/cappuccino.mor1kx_cpu/mor1kx_ctrl_cappuccino/pic.mor1kx_pic/E[0]                                                   |                                                                                                                        |                4 |             23 |
|  sys_clk     | basesoc_sdram_bankmachine4_cmd_buffer_pipe_ce                                                                                        | sys_rst                                                                                                                |                7 |             23 |
|  sys_clk     | a7ddrphy_bitslip0_value                                                                                                              | a7ddrphy_bitslip7_value                                                                                                |               11 |             24 |
|  sys_clk     | a7ddrphy_bitslip8_value                                                                                                              | a7ddrphy_bitslip15_value                                                                                               |                8 |             24 |
|  sys_clk     | basesoc_sdram_bandwidth_nwrites[0]_i_1_n_0                                                                                           | basesoc_sdram_bandwidth_nwrites                                                                                        |                6 |             24 |
|  sys_clk     | basesoc_sdram_bandwidth_nreads                                                                                                       | basesoc_sdram_bandwidth_nwrites                                                                                        |                6 |             24 |
|  sys_clk     | mor1kx/mor1kx_cpu/cappuccino.mor1kx_cpu/mor1kx_lsu_cappuccino/dbus_adr[31]_i_1_n_0                                                   |                                                                                                                        |                9 |             28 |
|  sys_clk     | mor1kx/mor1kx_cpu/cappuccino.mor1kx_cpu/mor1kx_fetch_cappuccino/icache_gen.mor1kx_icache/tag_ram/ibus_adr_reg[31]                    | mor1kx/mor1kx_cpu/cappuccino.mor1kx_cpu/mor1kx_fetch_cappuccino/icache_gen.mor1kx_icache/tag_ram/ibus_adr_reg[4]       |                5 |             28 |
|  sys_clk     | mor1kx/mor1kx_cpu/cappuccino.mor1kx_cpu/mor1kx_lsu_cappuccino/dcache_gen.mor1kx_dcache/tag_ram/mem_reg_64_127_0_2_i_1_n_0            |                                                                                                                        |                7 |             28 |
|  sys_clk     | mor1kx/mor1kx_cpu/cappuccino.mor1kx_cpu/mor1kx_lsu_cappuccino/dcache_gen.mor1kx_dcache/tag_ram/mem_reg_128_191_0_2_i_1_n_0           |                                                                                                                        |                7 |             28 |
|  sys_clk     | mor1kx/mor1kx_cpu/cappuccino.mor1kx_cpu/mor1kx_lsu_cappuccino/dcache_gen.mor1kx_dcache/tag_ram/mem_reg_0_63_0_2_i_4_n_0              |                                                                                                                        |                7 |             28 |
|  sys_clk     | mor1kx/mor1kx_cpu/cappuccino.mor1kx_cpu/mor1kx_lsu_cappuccino/dcache_gen.mor1kx_dcache/tag_ram/mem_reg_192_255_0_2_i_1_n_0           |                                                                                                                        |                7 |             28 |
|  sys_clk     | mor1kx/mor1kx_cpu/cappuccino.mor1kx_cpu/mor1kx_execute_ctrl_cappuccino/atomic_gen.atomic_addr_reg[2]_0[0]                            |                                                                                                                        |                8 |             30 |
|  sys_clk     |                                                                                                                                      | basesoc_uart_phy_phase_accumulator_rx[30]_i_1_n_0                                                                      |                8 |             31 |
|  sys_clk     | mor1kx/mor1kx_cpu/cappuccino.mor1kx_cpu/mor1kx_execute_alu/div_r[30]_i_1_n_0                                                         | mor1kx/mor1kx_cpu/cappuccino.mor1kx_cpu/mor1kx_decode_execute_cappuccino/div_done0                                     |                6 |             31 |
|  sys_clk     | mor1kx/mor1kx_cpu/cappuccino.mor1kx_cpu/mor1kx_ctrl_cappuccino/pic.mor1kx_pic/spr_eear_reg[0]                                        | mor1kx/mor1kx_cpu/cappuccino.mor1kx_cpu/mor1kx_ctrl_cappuccino/pic.mor1kx_pic/spr_picmr_reg[0]_0                       |               12 |             32 |
|  sys_clk     | basesoc_ctrl_bus_errors                                                                                                              | sys_rst                                                                                                                |                8 |             32 |
|  sys_clk     | mor1kx/mor1kx_cpu/cappuccino.mor1kx_cpu/mor1kx_execute_ctrl_cappuccino/wb_to_decode_result_b_reg[31][0]                              |                                                                                                                        |                9 |             32 |
|  sys_clk     | mor1kx/mor1kx_cpu/cappuccino.mor1kx_cpu/mor1kx_execute_ctrl_cappuccino/pc_fetch_reg[31]                                              | mor1kx/mor1kx_cpu/cappuccino.mor1kx_cpu/mor1kx_ctrl_cappuccino/pic.mor1kx_pic/spr_picmr_reg[0]_0                       |               14 |             32 |
|  sys_clk     |                                                                                                                                      | basesoc_uart_phy_phase_accumulator_tx[31]_i_1_n_0                                                                      |                8 |             32 |
|  sys_clk     | mor1kx/mor1kx_cpu/cappuccino.mor1kx_cpu/mor1kx_execute_ctrl_cappuccino/wb_to_decode_result_a_reg[31][0]                              |                                                                                                                        |                9 |             32 |
|  sys_clk     | mor1kx/mor1kx_cpu/cappuccino.mor1kx_cpu/mor1kx_ctrl_cappuccino/E[0]                                                                  | mor1kx/mor1kx_cpu/cappuccino.mor1kx_cpu/mor1kx_ctrl_cappuccino/pic.mor1kx_pic/spr_picmr_reg[0]_0                       |               11 |             32 |
|  sys_clk     | mor1kx/mor1kx_cpu/cappuccino.mor1kx_cpu/mor1kx_fetch_cappuccino/pc_ctrl_o_reg[0][0]                                                  | mor1kx/mor1kx_cpu/cappuccino.mor1kx_cpu/mor1kx_ctrl_cappuccino/pic.mor1kx_pic/spr_picmr_reg[0]_0                       |                9 |             32 |
|  sys_clk     | mor1kx/mor1kx_cpu/cappuccino.mor1kx_cpu/mor1kx_lsu_cappuccino/basesoc_sdram_bankmachine6_cmd_buffer_lookahead_level_reg[1]           |                                                                                                                        |                4 |             32 |
|  sys_clk     | mor1kx/mor1kx_cpu/cappuccino.mor1kx_cpu/mor1kx_lsu_cappuccino/basesoc_sdram_bankmachine7_cmd_buffer_lookahead_level_reg[1]           |                                                                                                                        |                4 |             32 |
|  sys_clk     | mor1kx/mor1kx_cpu/cappuccino.mor1kx_cpu/mor1kx_lsu_cappuccino/basesoc_sdram_bankmachine5_cmd_buffer_lookahead_level_reg[1]           |                                                                                                                        |                4 |             32 |
|  sys_clk     | mor1kx/mor1kx_cpu/cappuccino.mor1kx_cpu/mor1kx_lsu_cappuccino/basesoc_sdram_bankmachine4_cmd_buffer_lookahead_level_reg[1]           |                                                                                                                        |                4 |             32 |
|  sys_clk     | mor1kx/mor1kx_cpu/cappuccino.mor1kx_cpu/mor1kx_lsu_cappuccino/dbus_dat[31]_i_1_n_0                                                   |                                                                                                                        |               10 |             32 |
|  sys_clk     | mor1kx/mor1kx_cpu/cappuccino.mor1kx_cpu/mor1kx_decode_execute_cappuccino/div_n_reg[0][0]                                             |                                                                                                                        |               13 |             32 |
|  sys_clk     | basesoc_timer0_update_value_re                                                                                                       | sys_rst                                                                                                                |                8 |             32 |
|  sys_clk     | mor1kx/mor1kx_cpu/cappuccino.mor1kx_cpu/mor1kx_fetch_cappuccino/icache_gen.mor1kx_icache/tag_ram/E[0]                                | mor1kx/mor1kx_cpu/cappuccino.mor1kx_cpu/mor1kx_ctrl_cappuccino/pic.mor1kx_pic/SR[0]                                    |               13 |             32 |
|  sys_clk     | mor1kx/mor1kx_cpu/cappuccino.mor1kx_cpu/mor1kx_fetch_cappuccino/icache_gen.mor1kx_icache/tag_ram/E[0]                                |                                                                                                                        |                9 |             32 |
|  sys_clk     | mor1kx/mor1kx_cpu/cappuccino.mor1kx_cpu/mor1kx_execute_ctrl_cappuccino/spr_picmr_reg[0][0]                                           | mor1kx/mor1kx_cpu/cappuccino.mor1kx_cpu/mor1kx_ctrl_cappuccino/pic.mor1kx_pic/spr_picmr_reg[0]_0                       |               15 |             32 |
|  sys_clk     | mor1kx/mor1kx_cpu/cappuccino.mor1kx_cpu/mor1kx_lsu_cappuccino/basesoc_sdram_bankmachine0_cmd_buffer_lookahead_level_reg[1]           |                                                                                                                        |                4 |             32 |
|  sys_clk     | mor1kx/mor1kx_cpu/cappuccino.mor1kx_cpu/mor1kx_fetch_cappuccino/basesoc_sdram_bankmachine2_cmd_buffer_lookahead_level_reg[1]         |                                                                                                                        |                4 |             32 |
|  sys_clk     | mor1kx/mor1kx_cpu/cappuccino.mor1kx_cpu/mor1kx_lsu_cappuccino/basesoc_sdram_bankmachine1_cmd_buffer_lookahead_level_reg[1]           |                                                                                                                        |                4 |             32 |
|  sys_clk     | mor1kx/mor1kx_cpu/cappuccino.mor1kx_cpu/mor1kx_lsu_cappuccino/basesoc_sdram_bankmachine3_cmd_buffer_lookahead_level_reg[3]           |                                                                                                                        |                4 |             32 |
|  sys_clk     | mor1kx/mor1kx_cpu/cappuccino.mor1kx_cpu/mor1kx_decode_execute_cappuccino/ctrl_lsu_adr_o_reg[31]_0[0]                                 |                                                                                                                        |                8 |             32 |
|  sys_clk     | mor1kx/mor1kx_cpu/cappuccino.mor1kx_cpu/mor1kx_fetch_cappuccino/ibus_dat[31]_i_2_n_0                                                 | mor1kx/mor1kx_cpu/cappuccino.mor1kx_cpu/mor1kx_fetch_cappuccino/ibus_dat[31]_i_1_n_0                                   |               15 |             32 |
|  sys_clk     | mor1kx/mor1kx_cpu/cappuccino.mor1kx_cpu/mor1kx_execute_ctrl_cappuccino/spr_epcr_reg[31][0]                                           |                                                                                                                        |               16 |             32 |
|  sys_clk     | mor1kx/mor1kx_cpu/cappuccino.mor1kx_cpu/mor1kx_fetch_cappuccino/E[0]                                                                 |                                                                                                                        |               22 |             33 |
|  sys_clk     | mor1kx/mor1kx_cpu/cappuccino.mor1kx_cpu/mor1kx_decode_execute_cappuccino/div_done0                                                   |                                                                                                                        |               11 |             33 |
|  sys_clk     | basesoc_sdram_bandwidth_update_re                                                                                                    | sys_rst                                                                                                                |               15 |             48 |
|  sys_clk     | basesoc_sdram_bandwidth_period                                                                                                       | sys_rst                                                                                                                |               22 |             48 |
|  sys_clk     |                                                                                                                                      | mor1kx/mor1kx_cpu/cappuccino.mor1kx_cpu/mor1kx_ctrl_cappuccino/pic.mor1kx_pic/spr_picmr_reg[0]_0                       |               27 |             56 |
|  sys_clk     | dna_status                                                                                                                           | sys_rst                                                                                                                |               14 |             57 |
|  sys_clk     | mor1kx/mor1kx_cpu/cappuccino.mor1kx_cpu/mor1kx_decode_execute_cappuccino/decode_valid_o                                              |                                                                                                                        |               29 |             64 |
|  sys_clk     | mor1kx/mor1kx_cpu/cappuccino.mor1kx_cpu/mor1kx_lsu_cappuccino/store_buffer_gen.mor1kx_store_buffer/fifo_ram/E[0]                     |                                                                                                                        |               18 |             67 |
|  sys_clk     | mor1kx/mor1kx_cpu/cappuccino.mor1kx_cpu/mor1kx_fetch_cappuccino/padv_execute_o                                                       |                                                                                                                        |               36 |             72 |
|  sys_clk     | basesoc_sdram_inti_p0_rddata_valid                                                                                                   | sys_rst                                                                                                                |               49 |            128 |
|  sys_clk     | mor1kx/mor1kx_cpu/cappuccino.mor1kx_cpu/mor1kx_lsu_cappuccino/store_buffer_gen.mor1kx_store_buffer/padv_decode_o                     |                                                                                                                        |               74 |            208 |
|  sys_clk     |                                                                                                                                      |                                                                                                                        |              131 |            268 |
|  sys_clk     |                                                                                                                                      | sys_rst                                                                                                                |              246 |            748 |
+--------------+--------------------------------------------------------------------------------------------------------------------------------------+------------------------------------------------------------------------------------------------------------------------+------------------+----------------+


+--------+-----------------------+
| Fanout | Number of ControlSets |
+--------+-----------------------+
| 1      |                     5 |
| 2      |                     3 |
| 4      |                    36 |
| 5      |                     9 |
| 6      |                     9 |
| 7      |                     3 |
| 8      |                    51 |
| 9      |                     2 |
| 10     |                     1 |
| 12     |                     4 |
| 14     |                     8 |
| 16+    |                    73 |
+--------+-----------------------+


