Copyright 1986-2017 Xilinx, Inc. All Rights Reserved.
--------------------------------------------------------------------------------------------------------------
| Tool Version : Vivado v.2017.3 (lin64) Build 2018833 Wed Oct  4 19:58:07 MDT 2017
| Date         : Sun Sep 30 20:27:36 2018
| Host         : travis-job-timvideos-hdmi2usb-litex-435284876.travisci.net running 64-bit Ubuntu 14.04.5 LTS
| Command      : report_utilization -hierarchical -file top_utilization_hierarchical_place.rpt
| Design       : top
| Device       : 7a35tcsg324-1
| Design State : Fully Placed
--------------------------------------------------------------------------------------------------------------

Utilization Design Information

Table of Contents
-----------------
1. Utilization by Hierarchy

1. Utilization by Hierarchy
---------------------------

+----------------------------+------------------+------------+------------+---------+------+------+--------+--------+--------------+
|          Instance          |      Module      | Total LUTs | Logic LUTs | LUTRAMs | SRLs |  FFs | RAMB36 | RAMB18 | DSP48 Blocks |
+----------------------------+------------------+------------+------------+---------+------+------+--------+--------+--------------+
| top                        |            (top) |       3977 |       3807 |     168 |    2 | 3336 |     17 |     25 |            4 |
|   (top)                    |            (top) |       1882 |       1736 |     144 |    2 | 1879 |     16 |     17 |            0 |
|   VexRiscv                 |         VexRiscv |       2095 |       2071 |      24 |    0 | 1457 |      1 |      8 |            4 |
|     (VexRiscv)             |         VexRiscv |        775 |        775 |       0 |    0 |  904 |      0 |      2 |            4 |
|     IBusCachedPlugin_cache | InstructionCache |        370 |        370 |       0 |    0 |   97 |      1 |      1 |            0 |
|     dataCache_1            |        DataCache |        950 |        926 |      24 |    0 |  456 |      0 |      5 |            0 |
+----------------------------+------------------+------------+------------+---------+------+------+--------+--------+--------------+
* Note: The sum of lower-level cells may be larger than their parent cells total, due to cross-hierarchy LUT combining


