Copyright 1986-2017 Xilinx, Inc. All Rights Reserved.
---------------------------------------------------------------------------------------------------
| Tool Version : Vivado v.2017.3 (lin64) Build 2018833 Wed Oct  4 19:58:07 MDT 2017
| Date         : Sun Jul  7 09:33:19 2019
| Host         : travis-job-8d9c07aa-74bc-40a3-afab-afdc1a18b3a5 running 64-bit Ubuntu 14.04.5 LTS
| Command      : report_utilization -hierarchical -file top_utilization_hierarchical_place.rpt
| Design       : top
| Device       : 7a50tfgg484-1
| Design State : Fully Placed
---------------------------------------------------------------------------------------------------

Utilization Design Information

Table of Contents
-----------------
1. Utilization by Hierarchy

1. Utilization by Hierarchy
---------------------------

+----------------+-------------------+------------+------------+---------+------+------+--------+--------+--------------+
|    Instance    |       Module      | Total LUTs | Logic LUTs | LUTRAMs | SRLs |  FFs | RAMB36 | RAMB18 | DSP48 Blocks |
+----------------+-------------------+------------+------------+---------+------+------+--------+--------+--------------+
| top            |             (top) |       4910 |       4636 |     272 |    2 | 3955 |     26 |     27 |            0 |
|   (top)        |             (top) |       2554 |       2368 |     184 |    2 | 2786 |     26 |     27 |            0 |
|   picorv32     |          picorv32 |       2356 |       2268 |      88 |    0 | 1169 |      0 |      0 |            0 |
|     (picorv32) |          picorv32 |       1707 |       1619 |      88 |    0 |  714 |      0 |      0 |            0 |
|     pcpi_div   | picorv32_pcpi_div |        374 |        374 |       0 |    0 |  200 |      0 |      0 |            0 |
|     pcpi_mul   | picorv32_pcpi_mul |        275 |        275 |       0 |    0 |  255 |      0 |      0 |            0 |
+----------------+-------------------+------------+------------+---------+------+------+--------+--------+--------------+
* Note: The sum of lower-level cells may be larger than their parent cells total, due to cross-hierarchy LUT combining


