Copyright 1986-2017 Xilinx, Inc. All Rights Reserved.
---------------------------------------------------------------------------------------------------
| Tool Version : Vivado v.2017.3 (lin64) Build 2018833 Wed Oct  4 19:58:07 MDT 2017
| Date         : Sun Aug  4 00:37:33 2019
| Host         : travis-job-2fbb3aef-f63b-4d4d-938a-ee1ae562211e running 64-bit Ubuntu 16.04.6 LTS
| Command      : report_control_sets -verbose -file top_control_sets.rpt
| Design       : top
| Device       : xc7a35t
---------------------------------------------------------------------------------------------------

Control Set Information

Table of Contents
-----------------
1. Summary
2. Flip-Flop Distribution
3. Detailed Control Set Information

1. Summary
----------

+----------------------------------------------------------+-------+
|                          Status                          | Count |
+----------------------------------------------------------+-------+
| Number of unique control sets                            |   206 |
| Unused register locations in slices containing registers |   423 |
+----------------------------------------------------------+-------+


2. Flip-Flop Distribution
-------------------------

+--------------+-----------------------+------------------------+-----------------+--------------+
| Clock Enable | Synchronous Set/Reset | Asynchronous Set/Reset | Total Registers | Total Slices |
+--------------+-----------------------+------------------------+-----------------+--------------+
| No           | No                    | No                     |             177 |           83 |
| No           | No                    | Yes                    |               8 |            4 |
| No           | Yes                   | No                     |            1186 |          409 |
| Yes          | No                    | No                     |              94 |           21 |
| Yes          | No                    | Yes                    |               0 |            0 |
| Yes          | Yes                   | No                     |            2608 |          846 |
+--------------+-----------------------+------------------------+-----------------+--------------+


3. Detailed Control Set Information
-----------------------------------

+--------------+-----------------------------------------------------------------------------------------------+--------------------------------------------------------------------+------------------+----------------+
| Clock Signal |                                         Enable Signal                                         |                          Set/Reset Signal                          | Slice Load Count | Bel Load Count |
+--------------+-----------------------------------------------------------------------------------------------+--------------------------------------------------------------------+------------------+----------------+
|  sys_clk     | serial_tx_i_1_n_0                                                                             | sys_rst                                                            |                1 |              1 |
|  clk200_clk  |                                                                                               |                                                                    |                1 |              1 |
|  sys_clk     |                                                                                               | netsoc_sdram_tccdcon_ready_i_1_n_0                                 |                1 |              1 |
|  sys_clk     | netsoc_sdram_tfawcon_ready_reg016_in                                                          | netsoc_sdram_tfawcon_ready_i_1_n_0                                 |                1 |              1 |
|  sys_clk     | spiflash_i_i_1_n_0                                                                            | sys_rst                                                            |                1 |              1 |
|  eth_rx_clk  |                                                                                               | reset0                                                             |                1 |              2 |
|  sys_clk     |                                                                                               | xilinxasyncresetsynchronizerimpl0                                  |                1 |              2 |
|  sys_clk     | lm32_cpu/instruction_unit/icache/refill_offset[3]_i_1_n_0                                     | lm32_cpu/instruction_unit/icache/SR[0]                             |                1 |              2 |
|  eth_tx_clk  |                                                                                               | reset0                                                             |                1 |              2 |
|  clk200_clk  |                                                                                               | xilinxasyncresetsynchronizerimpl0                                  |                1 |              2 |
|  sys_clk     | bankmachine0_next_state                                                                       | sys_rst                                                            |                1 |              4 |
|  sys_clk     | eventmanager_storage_full[3]_i_1_n_0                                                          | sys_rst                                                            |                2 |              4 |
|  eth_rx_clk  | liteethphymiirx_converter_converter_source_payload_data[3]_i_1_n_0                            | liteethphymiirx_converter_converter_source_payload_data[7]_i_1_n_0 |                1 |              4 |
|  sys_clk     | bankmachine6_next_state                                                                       | sys_rst                                                            |                3 |              4 |
|  sys_clk     | netsoc_uart_tx_fifo_syncfifo_re                                                               | sys_rst                                                            |                1 |              4 |
|  sys_clk     | spiflash_bitbang_storage_full[3]_i_1_n_0                                                      | sys_rst                                                            |                1 |              4 |
|  sys_clk     | leds_storage_full[3]_i_1_n_0                                                                  | sys_rst                                                            |                1 |              4 |
|  sys_clk     | bankmachine4_next_state                                                                       | sys_rst                                                            |                2 |              4 |
|  sys_clk     | netsoc_uart_tx_fifo_wrport_we                                                                 | sys_rst                                                            |                1 |              4 |
|  sys_clk     | lm32_cpu/load_store_unit/netsoc_sdram_bankmachine3_cmd_buffer_lookahead_level_reg[3][0]       | sys_rst                                                            |                2 |              4 |
|  sys_clk     | bankmachine3_next_state                                                                       | sys_rst                                                            |                3 |              4 |
|  sys_clk     | netsoc_uart_rx_fifo_wrport_we                                                                 | sys_rst                                                            |                1 |              4 |
|  sys_clk     | lm32_cpu/load_store_unit/netsoc_sdram_bankmachine7_cmd_buffer_lookahead_level_reg[3]_0[0]     | sys_rst                                                            |                3 |              4 |
|  sys_clk     | lm32_cpu/instruction_unit/icache/state[3]_i_1_n_0                                             | lm32_cpu/instruction_unit/icache/SR[0]                             |                2 |              4 |
|  sys_clk     | bankmachine2_next_state                                                                       | sys_rst                                                            |                3 |              4 |
|  clk200_clk  | reset_counter[3]_i_1_n_0                                                                      | clk200_rst                                                         |                1 |              4 |
|  sys_clk     | lm32_cpu/load_store_unit/netsoc_sdram_bankmachine6_cmd_buffer_lookahead_level_reg[3]_0[0]     | sys_rst                                                            |                2 |              4 |
|  sys_clk     | lm32_cpu/load_store_unit/netsoc_sdram_bankmachine2_cmd_buffer_lookahead_level_reg[3]_0[0]     | sys_rst                                                            |                2 |              4 |
|  sys_clk     | lm32_cpu/load_store_unit/netsoc_sdram_bankmachine5_cmd_buffer_lookahead_level_reg[3]_1[0]     | sys_rst                                                            |                2 |              4 |
|  sys_clk     | lm32_cpu/instruction_unit/netsoc_sdram_bankmachine0_cmd_buffer_lookahead_level_reg[3]_0[0]    | sys_rst                                                            |                1 |              4 |
|  sys_clk     | bankmachine7_next_state                                                                       | sys_rst                                                            |                2 |              4 |
|  sys_clk     | lm32_cpu/instruction_unit/netsoc_sdram_bankmachine1_cmd_buffer_lookahead_level_reg[3]_1[0]    | sys_rst                                                            |                1 |              4 |
|  sys_clk     | netsoc_uart_rx_fifo_syncfifo_re                                                               | sys_rst                                                            |                1 |              4 |
|  sys_clk     | bankmachine1_next_state                                                                       | sys_rst                                                            |                1 |              4 |
|  sys_clk     | bankmachine5_next_state                                                                       | sys_rst                                                            |                3 |              4 |
|  sys_clk     | netsoc_uart_phy_rx_bitcount                                                                   | netsoc_uart_phy_rx_bitcount[3]_i_1_n_0                             |                1 |              4 |
|  eth_tx_clk  | liteethmacgap_state                                                                           | p_90_in                                                            |                1 |              4 |
|  sys_clk     | netsoc_uart_phy_sink_ready1392_out                                                            | netsoc_uart_phy_tx_bitcount[3]_i_1_n_0                             |                1 |              4 |
|  eth_rx_clk  | liteethphymiirx_converter_converter_source_payload_data[7]_i_2_n_0                            | liteethphymiirx_converter_converter_source_payload_data[7]_i_1_n_0 |                1 |              4 |
|  sys_clk     |                                                                                               | netsoc_csrbankarray_interface7_bank_bus_dat_r[3]_i_1_n_0           |                2 |              4 |
|  sys_clk     |                                                                                               | netsoc_csrbankarray_interface0_bank_bus_dat_r[3]_i_1_n_0           |                3 |              4 |
|  sys_clk     | lm32_cpu/instruction_unit/netsoc_sdram_bankmachine4_cmd_buffer_lookahead_level_reg[3][0]      | sys_rst                                                            |                1 |              4 |
|  sys_clk     | netsoc_sdram_time1[3]_i_1_n_0                                                                 | sys_rst                                                            |                2 |              4 |
|  sys_clk     | multiplexer_next_state                                                                        | sys_rst                                                            |                2 |              4 |
|  sys_clk     | netsoc_uart_tx_fifo_level0[4]_i_1_n_0                                                         | sys_rst                                                            |                1 |              5 |
|  sys_clk     | netsoc_sdram_time0[4]_i_1_n_0                                                                 | sys_rst                                                            |                2 |              5 |
|  sys_clk     |                                                                                               | netsoc_csrbankarray_interface2_bank_bus_dat_r[4]_i_1_n_0           |                2 |              5 |
|  sys_clk     | netsoc_csrbankarray_csrbank2_half_sys8x_taps0_re                                              | sys_rst                                                            |                1 |              5 |
|  sys_clk     | netsoc_csrbankarray_csrbank6_dfii_control0_re                                                 | sys_rst                                                            |                2 |              5 |
|  sys_clk     | netsoc_uart_rx_fifo_level0[4]_i_1_n_0                                                         | sys_rst                                                            |                3 |              5 |
|  sys_clk     | netsoc_sdram_phaseinjector3_address_storage_full[13]_i_1_n_0                                  | sys_rst                                                            |                1 |              6 |
|  sys_clk     | netsoc_sdram_phaseinjector2_address_storage_full[13]_i_1_n_0                                  | sys_rst                                                            |                1 |              6 |
|  sys_clk     | netsoc_csrbankarray_csrbank6_dfii_pi1_command0_re                                             | sys_rst                                                            |                2 |              6 |
|  sys_clk     | netsoc_sdram_phaseinjector1_address_storage_full[13]_i_1_n_0                                  | sys_rst                                                            |                1 |              6 |
|  sys_clk     | netsoc_sdram_generator_counter                                                                | sys_rst                                                            |                2 |              6 |
|  sys_clk     | netsoc_csrbankarray_csrbank6_dfii_pi2_command0_re                                             | sys_rst                                                            |                1 |              6 |
|  sys_clk     | lm32_cpu/load_store_unit/dcache/memories[0].data_memories.way_0_data_ram/byte_enable_m_reg[0] | lm32_cpu/load_store_unit/dcache/SR[0]                              |                4 |              6 |
|  sys_clk     | netsoc_sdram_phaseinjector0_command_storage_full[5]_i_1_n_0                                   | sys_rst                                                            |                2 |              6 |
|  sys_clk     | netsoc_sdram_phaseinjector0_address_storage_full[13]_i_1_n_0                                  | sys_rst                                                            |                1 |              6 |
|  sys_clk     | netsoc_csrbankarray_csrbank6_dfii_pi3_command0_re                                             | sys_rst                                                            |                2 |              6 |
|  sys_clk     | dna_cnt[6]_i_1_n_0                                                                            | sys_rst                                                            |                2 |              7 |
|  sys_clk     | netsoc_sdram_phaseinjector0_wrdata_storage_full[23]_i_1_n_0                                   | sys_rst                                                            |                3 |              8 |
|  sys_clk     | netsoc_sdram_phaseinjector0_wrdata_storage_full[31]_i_1_n_0                                   | sys_rst                                                            |                3 |              8 |
|  sys_clk     | p_4_out[23]                                                                                   | sys_rst                                                            |                2 |              8 |
|  sys_clk     | netsoc_sdram_phaseinjector0_wrdata_storage_full[15]_i_1_n_0                                   | sys_rst                                                            |                2 |              8 |
|  sys_clk     | netsoc_sdram_phaseinjector0_address_storage_full[7]_i_1_n_0                                   | sys_rst                                                            |                2 |              8 |
|  sys_clk     | netsoc_timer0_reload_storage_full[31]_i_1_n_0                                                 | sys_rst                                                            |                4 |              8 |
|  sys_clk     | netsoc_timer0_load_storage_full[7]_i_1_n_0                                                    | sys_rst                                                            |                2 |              8 |
|  sys_clk     | spiflash_i                                                                                    | sys_rst                                                            |                2 |              8 |
|  sys_clk     | netsoc_timer0_load_storage_full[15]_i_1_n_0                                                   | sys_rst                                                            |                3 |              8 |
|  sys_clk     | lm32_cpu/load_store_unit/E[0]                                                                 | sys_rst                                                            |                3 |              8 |
|  sys_clk     | netsoc_timer0_reload_storage_full[7]_i_1_n_0                                                  | sys_rst                                                            |                3 |              8 |
|  sys_clk     | netsoc_sdram_phaseinjector3_wrdata_storage_full[7]_i_1_n_0                                    | sys_rst                                                            |                3 |              8 |
|  sys_clk     | netsoc_sdram_phaseinjector3_wrdata_storage_full[15]_i_1_n_0                                   | sys_rst                                                            |                3 |              8 |
|  sys_clk     | netsoc_sdram_phaseinjector3_wrdata_storage_full[23]_i_1_n_0                                   | sys_rst                                                            |                5 |              8 |
|  sys_clk     | netsoc_uart_rx_fifo_syncfifo_re                                                               |                                                                    |                2 |              8 |
|  sys_clk     | netsoc_sdram_phaseinjector1_wrdata_storage_full[31]_i_1_n_0                                   | sys_rst                                                            |                3 |              8 |
|  sys_clk     | netsoc_ctrl_storage_full[23]_i_1_n_0                                                          | sys_rst                                                            |                3 |              8 |
|  sys_clk     | netsoc_timer0_reload_storage_full[23]_i_1_n_0                                                 | sys_rst                                                            |                3 |              8 |
|  sys_clk     | netsoc_sdram_phaseinjector1_wrdata_storage_full[7]_i_1_n_0                                    | sys_rst                                                            |                4 |              8 |
|  sys_clk     | netsoc_uart_phy_rx_reg                                                                        | sys_rst                                                            |                1 |              8 |
|  sys_clk     | netsoc_timer0_load_storage_full[31]_i_1_n_0                                                   | sys_rst                                                            |                2 |              8 |
|  sys_clk     | lm32_cpu/instruction_unit/icache/flush_set[7]_i_1_n_0                                         | lm32_cpu/instruction_unit/icache/SR[0]                             |                4 |              8 |
|  sys_clk     | netsoc_uart_phy_storage_full[31]_i_1_n_0                                                      | sys_rst                                                            |                1 |              8 |
|  sys_clk     | netsoc_sdram_phaseinjector2_wrdata_storage_full[31]_i_1_n_0                                   | sys_rst                                                            |                4 |              8 |
|  sys_clk     | netsoc_timer0_reload_storage_full[15]_i_1_n_0                                                 | sys_rst                                                            |                3 |              8 |
|  sys_clk     | netsoc_uart_tx_fifo_syncfifo_re                                                               |                                                                    |                2 |              8 |
|  sys_clk     | p_4_out[15]                                                                                   | sys_rst                                                            |                1 |              8 |
|  sys_clk     | netsoc_sdram_phaseinjector2_address_storage_full[7]_i_1_n_0                                   | sys_rst                                                            |                2 |              8 |
|  sys_clk     | netsoc_sdram_phaseinjector1_wrdata_storage_full[15]_i_1_n_0                                   | sys_rst                                                            |                5 |              8 |
|  sys_clk     | netsoc_ctrl_storage_full[15]_i_1_n_0                                                          | sys_rst                                                            |                3 |              8 |
|  sys_clk     | netsoc_sdram_phaseinjector2_wrdata_storage_full[7]_i_1_n_0                                    | sys_rst                                                            |                2 |              8 |
|  sys_clk     | reader_length_storage_full[7]_i_1_n_0                                                         | sys_rst                                                            |                2 |              8 |
|  sys_clk     | netsoc_sdram_phaseinjector0_wrdata_storage_full[7]_i_1_n_0                                    | sys_rst                                                            |                3 |              8 |
|  sys_clk     | netsoc_uart_phy_source_payload_data[7]_i_1_n_0                                                | sys_rst                                                            |                1 |              8 |
|  sys_clk     | netsoc_timer0_load_storage_full[23]_i_1_n_0                                                   | sys_rst                                                            |                3 |              8 |
|  sys_clk     | netsoc_sdram_phaseinjector2_wrdata_storage_full[15]_i_1_n_0                                   | sys_rst                                                            |                4 |              8 |
|  sys_clk     | netsoc_sdram_phaseinjector3_wrdata_storage_full[31]_i_1_n_0                                   | sys_rst                                                            |                6 |              8 |
|  sys_clk     | netsoc_sdram_phaseinjector3_address_storage_full[7]_i_1_n_0                                   | sys_rst                                                            |                2 |              8 |
|  sys_clk     | netsoc_sdram_phaseinjector1_address_storage_full[7]_i_1_n_0                                   | sys_rst                                                            |                2 |              8 |
|  sys_clk     | netsoc_uart_phy_tx_reg[7]_i_1_n_0                                                             | sys_rst                                                            |                2 |              8 |
|  sys_clk     |                                                                                               | netsoc_csrbankarray_interface10_bank_bus_dat_r[7]_i_1_n_0          |                3 |              8 |
|  sys_clk     |                                                                                               | netsoc_csrbankarray_interface9_bank_bus_dat_r[7]_i_1_n_0           |                5 |              8 |
|  sys_clk     |                                                                                               | netsoc_csrbankarray_interface6_bank_bus_dat_r[7]_i_1_n_0           |                7 |              8 |
|  sys_clk     | lm32_cpu/load_store_unit/dcache/flush_set[7]_i_1__0_n_0                                       | lm32_cpu/instruction_unit/icache/SR[0]                             |                3 |              8 |
|  sys_clk     | netsoc_sdram_phaseinjector1_wrdata_storage_full[23]_i_1_n_0                                   | sys_rst                                                            |                4 |              8 |
|  sys_clk     |                                                                                               | netsoc_csrbankarray_interface3_bank_bus_dat_r[7]_i_1_n_0           |                6 |              8 |
|  sys_clk     |                                                                                               | netsoc_csrbankarray_interface8_bank_bus_dat_r[7]_i_1_n_0           |                5 |              8 |
|  sys_clk     | netsoc_sdram_phaseinjector2_wrdata_storage_full[23]_i_1_n_0                                   | sys_rst                                                            |                5 |              8 |
|  sys_clk     |                                                                                               | netsoc_csrbankarray_interface1_bank_bus_dat_r[7]_i_1_n_0           |                6 |              8 |
|  sys_clk     | netsoc_ctrl_storage_full[31]_i_1_n_0                                                          | sys_rst                                                            |                4 |              8 |
|  sys_clk     | netsoc_ctrl_storage_full[7]_i_1_n_0                                                           | sys_rst                                                            |                2 |              8 |
|  sys_clk     | p_4_out[7]                                                                                    | sys_rst                                                            |                2 |              8 |
|  sys_clk     |                                                                                               | netsoc_csrbankarray_interface5_bank_bus_dat_r[7]_i_1_n_0           |                6 |              8 |
|  sys_clk     | reader_counter_ce                                                                             | reader_counter[10]_i_1_n_0                                         |                2 |              9 |
|  sys_clk     | counter_ce                                                                                    | sys_rst                                                            |                4 |              9 |
|  eth_rx_clk  |                                                                                               | crc32_checker_syncfifo_level                                       |                3 |              9 |
|  eth_rx_clk  | rx_converter_converter_source_payload_data[9]_i_1_n_0                                         | eth_rx_rst                                                         |                3 |             10 |
|  sys_clk     | netsoc_sdram_timer_count[9]_i_2_n_0                                                           | netsoc_sdram_timer_count[9]_i_1_n_0                                |                3 |             10 |
|  eth_rx_clk  | rx_converter_converter_source_payload_data[19]_i_1_n_0                                        | eth_rx_rst                                                         |                4 |             10 |
|  eth_rx_clk  | rx_converter_converter_source_payload_data[39]_i_1_n_0                                        | eth_rx_rst                                                         |                2 |             10 |
|  eth_rx_clk  | rx_converter_converter_source_payload_data[29]_i_1_n_0                                        | eth_rx_rst                                                         |                3 |             10 |
|  sys_clk     | lm32_cpu/load_store_unit/dcache/memories[0].data_memories.way_0_data_ram/mem_reg_0            |                                                                    |                5 |             10 |
|  sys_clk     | lm32_cpu/load_store_unit/dcache/valid_f2                                                      |                                                                    |                3 |             10 |
|  sys_clk     | temperature_status                                                                            | sys_rst                                                            |                4 |             12 |
|  sys_clk     | vccaux_status                                                                                 | sys_rst                                                            |                4 |             12 |
|  sys_clk     | vccint_status                                                                                 | sys_rst                                                            |                5 |             12 |
|  sys_clk     | vccbram_status                                                                                | sys_rst                                                            |                3 |             12 |
|  sys_clk     | netsoc_sdram_bankmachine0_row_open                                                            | sys_rst                                                            |                3 |             14 |
|  sys_clk     | netsoc_sdram_bankmachine6_row_open                                                            | sys_rst                                                            |                4 |             14 |
|  sys_clk     | netsoc_sdram_bankmachine1_row_open                                                            | sys_rst                                                            |                4 |             14 |
|  sys_clk     | netsoc_sdram_bankmachine7_row_open                                                            | sys_rst                                                            |                2 |             14 |
|  sys_clk     | netsoc_sdram_bankmachine5_row_open                                                            | sys_rst                                                            |                3 |             14 |
|  sys_clk     | netsoc_sdram_bankmachine3_row_open                                                            | sys_rst                                                            |                4 |             14 |
|  sys_clk     | netsoc_sdram_bankmachine2_row_open                                                            | sys_rst                                                            |                3 |             14 |
|  sys_clk     | netsoc_sdram_bankmachine4_row_open                                                            | sys_rst                                                            |                2 |             14 |
|  eth_tx_clk  | padding_inserter_counter_ce                                                                   | padding_inserter_counter[14]                                       |                4 |             15 |
|  eth_rx_clk  | crc32_checker_syncfifo_wrport_we                                                              |                                                                    |                2 |             16 |
|  sys_clk     | netsoc_uart_rx_fifo_wrport_we                                                                 |                                                                    |                2 |             16 |
|  sys_clk     | storage_15_reg_0_1_0_5_i_1_n_0                                                                |                                                                    |                2 |             16 |
|  sys_clk     | netsoc_uart_tx_fifo_wrport_we                                                                 |                                                                    |                2 |             16 |
|  sys_clk     | eventsourceprocess3_trigger                                                                   | waittimer3_count[0]_i_1_n_0                                        |                5 |             20 |
|  sys_clk     | lm32_cpu/instruction_unit/icache_refill_data_reg[31]_0                                        | lm32_cpu/load_store_unit/netsoc_count_reg[19]                      |                5 |             20 |
|  sys_clk     | eventsourceprocess0_trigger                                                                   | waittimer0_count[0]_i_1_n_0                                        |                5 |             20 |
|  sys_clk     | eventsourceprocess1_trigger                                                                   | waittimer1_count[0]_i_1_n_0                                        |                5 |             20 |
|  sys_clk     | eventsourceprocess2_trigger                                                                   | waittimer2_count[0]_i_1_n_0                                        |                5 |             20 |
|  sys_clk     | spiflash_sr[31]_i_1_n_0                                                                       | sys_rst                                                            |               10 |             22 |
|  eth_rx_clk  |                                                                                               |                                                                    |                8 |             22 |
|  eth_tx_clk  |                                                                                               | eth_tx_rst                                                         |                9 |             22 |
|  sys_clk     | netsoc_sdram_bankmachine3_cmd_buffer_pipe_ce                                                  | sys_rst                                                            |                6 |             23 |
|  sys_clk     | netsoc_sdram_bankmachine1_cmd_buffer_pipe_ce                                                  | sys_rst                                                            |                6 |             23 |
|  sys_clk     | netsoc_sdram_bankmachine0_cmd_buffer_pipe_ce                                                  | sys_rst                                                            |                8 |             23 |
|  sys_clk     | netsoc_sdram_bankmachine6_cmd_buffer_pipe_ce                                                  | sys_rst                                                            |                7 |             23 |
|  sys_clk     | netsoc_sdram_bankmachine2_cmd_buffer_pipe_ce                                                  | sys_rst                                                            |                6 |             23 |
|  sys_clk     | netsoc_sdram_bankmachine7_cmd_buffer_source_payload_we_i_1_n_0                                | sys_rst                                                            |                7 |             23 |
|  sys_clk     | netsoc_sdram_bankmachine4_cmd_buffer_pipe_ce                                                  | sys_rst                                                            |                6 |             23 |
|  sys_clk     | lm32_cpu/load_store_unit/dcache/eba_reg[9][0]                                                 | lm32_cpu/instruction_unit/icache/SR[0]                             |               11 |             23 |
|  sys_clk     | netsoc_sdram_bankmachine5_cmd_buffer_pipe_ce                                                  | sys_rst                                                            |                8 |             23 |
|  eth_rx_clk  |                                                                                               | eth_rx_rst                                                         |                8 |             24 |
|  sys_clk     | a7ddrphy_bitslip0_value                                                                       | a7ddrphy_bitslip7_value                                            |                9 |             24 |
|  sys_clk     | netsoc_sdram_bandwidth_nreads                                                                 | netsoc_sdram_bandwidth_nwrites                                     |                6 |             24 |
|  sys_clk     | a7ddrphy_bitslip8_value                                                                       | a7ddrphy_bitslip15_value                                           |                9 |             24 |
|  sys_clk     | netsoc_sdram_bandwidth_nwrites[0]_i_1_n_0                                                     | netsoc_sdram_bandwidth_nwrites                                     |                6 |             24 |
|  eth_tx_clk  |                                                                                               |                                                                    |               11 |             27 |
|  sys_clk     | lm32_cpu/instruction_unit/icache/i_adr_o_reg[30]                                              | lm32_cpu/instruction_unit/icache/SR[0]                             |                8 |             28 |
|  sys_clk     | lm32_cpu/load_store_unit/dcache/refill_address[31]_i_1_n_0                                    |                                                                    |                5 |             28 |
|  sys_clk     | lm32_cpu/instruction_unit/icache/refill_address[31]_i_1__0_n_0                                |                                                                    |                4 |             30 |
|  sys_clk     | lm32_cpu/load_store_unit/dcache/restart_address_reg[31][0]                                    | lm32_cpu/instruction_unit/icache/SR[0]                             |               10 |             30 |
|  sys_clk     |                                                                                               | netsoc_uart_phy_phase_accumulator_rx[30]_i_1_n_0                   |                8 |             31 |
|  eth_tx_clk  | crc32_inserter_ce                                                                             | crc32_inserter_reg                                                 |                9 |             32 |
|  eth_rx_clk  | crc32_checker_crc_ce                                                                          | crc32_checker_syncfifo_level                                       |               11 |             32 |
|  sys_clk     | lm32_cpu/mc_arithmetic/result_x_reg[0]_0                                                      | lm32_cpu/instruction_unit/icache/SR[0]                             |                8 |             32 |
|  sys_clk     |                                                                                               | netsoc_uart_phy_phase_accumulator_tx[31]_i_1_n_0                   |                8 |             32 |
|  sys_clk     | lm32_cpu/load_store_unit/dcache/d_cyc_o116_out                                                | lm32_cpu/instruction_unit/icache/SR[0]                             |                9 |             32 |
|  sys_clk     | lm32_cpu/load_store_unit/dcache/d_cyc_o6_out                                                  | lm32_cpu/instruction_unit/icache/SR[0]                             |               10 |             32 |
|  sys_clk     | lm32_cpu/instruction_unit/netsoc_sdram_bankmachine0_cmd_buffer_lookahead_level_reg[3]         |                                                                    |                4 |             32 |
|  sys_clk     | lm32_cpu/instruction_unit/netsoc_sdram_bankmachine1_cmd_buffer_lookahead_level_reg[3]         |                                                                    |                4 |             32 |
|  sys_clk     | lm32_cpu/instruction_unit/netsoc_sdram_bankmachine4_cmd_buffer_lookahead_level_reg[2]         |                                                                    |                4 |             32 |
|  sys_clk     | lm32_cpu/load_store_unit/netsoc_sdram_bankmachine7_cmd_buffer_lookahead_level_reg[3]          |                                                                    |                4 |             32 |
|  sys_clk     | lm32_cpu/load_store_unit/netsoc_sdram_bankmachine5_cmd_buffer_lookahead_level_reg[3]          |                                                                    |                4 |             32 |
|  sys_clk     | lm32_cpu/load_store_unit/netsoc_sdram_bankmachine3_cmd_buffer_lookahead_level_reg[2]          |                                                                    |                4 |             32 |
|  sys_clk     | lm32_cpu/load_store_unit/netsoc_sdram_bankmachine2_cmd_buffer_lookahead_level_reg[3]          |                                                                    |                4 |             32 |
|  sys_clk     | lm32_cpu/load_store_unit/netsoc_sdram_bankmachine6_cmd_buffer_lookahead_level_reg[3]          |                                                                    |                4 |             32 |
|  sys_clk     | lm32_cpu/load_store_unit/dcache/im_reg[31][0]                                                 | lm32_cpu/instruction_unit/icache/SR[0]                             |               19 |             32 |
|  sys_clk     | lm32_cpu/load_store_unit/icache_refill_data_reg[31]                                           | lm32_cpu/instruction_unit/icache/SR[0]                             |                6 |             32 |
|  sys_clk     | netsoc_ctrl_bus_errors                                                                        | sys_rst                                                            |                8 |             32 |
|  sys_clk     | lm32_cpu/load_store_unit/wb_load_complete                                                     | lm32_cpu/instruction_unit/icache/SR[0]                             |               10 |             32 |
|  sys_clk     | writer_errors_status_next_value_ce                                                            | sys_rst                                                            |                9 |             32 |
|  sys_clk     | p_438_out                                                                                     | writer_counter[0]_i_1_n_0                                          |                8 |             32 |
|  sys_clk     | netsoc_timer0_update_value_re                                                                 | sys_rst                                                            |                8 |             32 |
|  sys_clk     | lm32_cpu/instruction_unit/E[0]                                                                | lm32_cpu/instruction_unit/icache/SR[0]                             |                7 |             32 |
|  sys_clk     | ps_crc_error_o                                                                                | sys_rst                                                            |                8 |             32 |
|  sys_clk     | ps_preamble_error_o                                                                           | sys_rst                                                            |                8 |             32 |
|  sys_clk     | writer_fifo_wrport_we                                                                         |                                                                    |                6 |             48 |
|  sys_clk     | netsoc_sdram_bandwidth_period                                                                 | sys_rst                                                            |                9 |             48 |
|  sys_clk     | netsoc_sdram_bandwidth_update_re                                                              | sys_rst                                                            |               12 |             48 |
|  sys_clk     | dna_status                                                                                    | sys_rst                                                            |               16 |             57 |
|  sys_clk     | lm32_cpu/mc_arithmetic/cycles[5]_i_1_n_0                                                      | lm32_cpu/instruction_unit/icache/SR[0]                             |               24 |             70 |
|  sys_clk     | lm32_cpu/load_store_unit/dcache/valid_f2                                                      | lm32_cpu/instruction_unit/icache/SR[0]                             |               31 |             92 |
|  sys_clk     | lm32_cpu/load_store_unit/dcache/reg_write_enable_q_w                                          |                                                                    |               12 |             96 |
|  sys_clk     | netsoc_sdram_inti_p0_rddata_valid                                                             | sys_rst                                                            |               51 |            128 |
|  sys_clk     |                                                                                               |                                                                    |               64 |            129 |
|  sys_clk     | lm32_cpu/load_store_unit/dcache/memories[0].data_memories.way_0_data_ram/byte_enable_m_reg[0] | lm32_cpu/instruction_unit/icache/SR[0]                             |               61 |            161 |
|  sys_clk     |                                                                                               | lm32_cpu/instruction_unit/icache/SR[0]                             |               62 |            187 |
|  sys_clk     | lm32_cpu/load_store_unit/dcache/memories[0].data_memories.way_0_data_ram/mem_reg_0            | lm32_cpu/instruction_unit/icache/SR[0]                             |               80 |            221 |
|  sys_clk     |                                                                                               | sys_rst                                                            |              265 |            811 |
+--------------+-----------------------------------------------------------------------------------------------+--------------------------------------------------------------------+------------------+----------------+


+--------+-----------------------+
| Fanout | Number of ControlSets |
+--------+-----------------------+
| 1      |                     5 |
| 2      |                     5 |
| 4      |                    34 |
| 5      |                     6 |
| 6      |                    10 |
| 7      |                     1 |
| 8      |                    53 |
| 9      |                     3 |
| 10     |                     7 |
| 12     |                     4 |
| 14     |                     8 |
| 15     |                     1 |
| 16+    |                    69 |
+--------+-----------------------+


