Copyright 1986-2017 Xilinx, Inc. All Rights Reserved.
------------------------------------------------------------------------------------------------------------------
| Tool Version     : Vivado v.2017.3 (lin64) Build 2018833 Wed Oct  4 19:58:07 MDT 2017
| Date             : Tue Sep 11 06:38:46 2018
| Host             : travis-job-timvideos-hdmi2usb-litex-427038753.travisci.net running 64-bit Ubuntu 14.04.5 LTS
| Command          : report_power -file top_power.rpt
| Design           : top
| Device           : xc7a35tcsg324-1
| Design State     : routed
| Grade            : commercial
| Process          : typical
| Characterization : Production
------------------------------------------------------------------------------------------------------------------

Power Report

Table of Contents
-----------------
1. Summary
1.1 On-Chip Components
1.2 Power Supply Summary
1.3 Confidence Level
2. Settings
2.1 Environment
2.2 Clock Constraints
3. Detailed Reports
3.1 By Hierarchy

1. Summary
----------

+--------------------------+--------------+
| Total On-Chip Power (W)  | 0.572        |
| Design Power Budget (W)  | Unspecified* |
| Power Budget Margin (W)  | NA           |
| Dynamic (W)              | 0.496        |
| Device Static (W)        | 0.077        |
| Total Off-Chip Power (W) | 0.714        |
| Effective TJA (C/W)      | 4.8          |
| Max Ambient (C)          | 82.3         |
| Junction Temperature (C) | 27.7         |
| Confidence Level         | Low          |
| Setting File             | ---          |
| Simulation Activity File | ---          |
| Design Nets Matched      | NA           |
+--------------------------+--------------+
* Specify Design Power Budget using, set_operating_conditions -design_power_budget <value in Watts>


1.1 On-Chip Components
----------------------

+--------------------------+-----------+----------+-----------+-----------------+
| On-Chip                  | Power (W) | Used     | Available | Utilization (%) |
+--------------------------+-----------+----------+-----------+-----------------+
| Clocks                   |     0.021 |       12 |       --- |             --- |
| Slice Logic              |     0.018 |    10898 |       --- |             --- |
|   LUT as Logic           |     0.016 |     5430 |     20800 |           26.11 |
|   LUT as Distributed RAM |     0.001 |      184 |      9600 |            1.92 |
|   CARRY4                 |    <0.001 |      270 |      8150 |            3.31 |
|   Register               |    <0.001 |     3985 |     41600 |            9.58 |
|   F7/F8 Muxes            |    <0.001 |      123 |     32600 |            0.38 |
|   LUT as Shift Register  |    <0.001 |        2 |      9600 |            0.02 |
|   Others                 |     0.000 |       59 |       --- |             --- |
| Signals                  |     0.031 |    10047 |       --- |             --- |
| Block RAM                |     0.110 |       43 |        50 |           86.00 |
| PLL                      |     0.124 |        1 |         5 |           20.00 |
| DSPs                     |     0.003 |        3 |        90 |            3.33 |
| I/O                      |     0.186 |       85 |       210 |           40.48 |
| XADC                     |     0.002 |        1 |       --- |             --- |
| Static Power             |     0.077 |          |           |                 |
| Total                    |     0.572 |          |           |                 |
+--------------------------+-----------+----------+-----------+-----------------+


1.2 Power Supply Summary
------------------------

+-----------+-------------+-----------+-------------+------------+
| Source    | Voltage (V) | Total (A) | Dynamic (A) | Static (A) |
+-----------+-------------+-----------+-------------+------------+
| Vccint    |       1.000 |     0.202 |       0.190 |      0.012 |
| Vccaux    |       1.800 |     0.121 |       0.109 |      0.013 |
| Vcco33    |       3.300 |     0.003 |       0.002 |      0.001 |
| Vcco25    |       2.500 |     0.000 |       0.000 |      0.000 |
| Vcco18    |       1.800 |     0.000 |       0.000 |      0.000 |
| Vcco15    |       1.500 |     0.540 |       0.539 |      0.001 |
| Vcco135   |       1.350 |     0.000 |       0.000 |      0.000 |
| Vcco12    |       1.200 |     0.000 |       0.000 |      0.000 |
| Vccaux_io |       1.800 |     0.000 |       0.000 |      0.000 |
| Vccbram   |       1.000 |     0.009 |       0.008 |      0.001 |
| MGTAVcc   |       1.000 |     0.000 |       0.000 |      0.000 |
| MGTAVtt   |       1.200 |     0.000 |       0.000 |      0.000 |
| Vccadc    |       1.800 |     0.021 |       0.001 |      0.020 |
+-----------+-------------+-----------+-------------+------------+


1.3 Confidence Level
--------------------

+-----------------------------+------------+--------------------------------------------------------+------------------------------------------------------------------------------------------------------------+
| User Input Data             | Confidence | Details                                                | Action                                                                                                     |
+-----------------------------+------------+--------------------------------------------------------+------------------------------------------------------------------------------------------------------------+
| Design implementation state | High       | Design is routed                                       |                                                                                                            |
| Clock nodes activity        | High       | User specified more than 95% of clocks                 |                                                                                                            |
| I/O nodes activity          | Low        | More than 75% of inputs are missing user specification | Provide missing input activity with simulation results or by editing the "By Resource Type -> I/Os" view   |
| Internal nodes activity     | Medium     | User specified less than 25% of internal nodes         | Provide missing internal nodes activity with simulation results or by editing the "By Resource Type" views |
| Device models               | High       | Device models are Production                           |                                                                                                            |
|                             |            |                                                        |                                                                                                            |
| Overall confidence level    | Low        |                                                        |                                                                                                            |
+-----------------------------+------------+--------------------------------------------------------+------------------------------------------------------------------------------------------------------------+


2. Settings
-----------

2.1 Environment
---------------

+-----------------------+--------------------------+
| Ambient Temp (C)      | 25.0                     |
| ThetaJA (C/W)         | 4.8                      |
| Airflow (LFM)         | 250                      |
| Heat Sink             | medium (Medium Profile)  |
| ThetaSA (C/W)         | 4.6                      |
| Board Selection       | medium (10"x10")         |
| # of Board Layers     | 12to15 (12 to 15 Layers) |
| Board Temperature (C) | 25.0                     |
+-----------------------+--------------------------+


2.2 Clock Constraints
---------------------

+----------------------+----------------------+-----------------+
| Clock                | Domain               | Constraint (ns) |
+----------------------+----------------------+-----------------+
| clk100               | clk100               |            10.0 |
| eth_rx_clk           | eth_rx_clk           |            40.0 |
| eth_tx_clk           | eth_tx_clk           |            40.0 |
| netsoc_eth_clk       | netsoc_eth_clk       |            40.0 |
| netsoc_pll_clk200    | netsoc_pll_clk200    |             5.0 |
| netsoc_pll_fb        | netsoc_pll_fb        |            10.0 |
| netsoc_pll_sys       | netsoc_pll_sys       |            10.0 |
| netsoc_pll_sys4x     | netsoc_pll_sys4x     |             2.5 |
| netsoc_pll_sys4x_dqs | netsoc_pll_sys4x_dqs |             2.5 |
| sys_clk              | sys_clk              |            10.0 |
+----------------------+----------------------+-----------------+


3. Detailed Reports
-------------------

3.1 By Hierarchy
----------------

+------------------------------------------------+-----------+
| Name                                           | Power (W) |
+------------------------------------------------+-----------+
| top                                            |     0.496 |
|   IOBUF                                        |     0.003 |
|   IOBUF_1                                      |     0.003 |
|   IOBUF_10                                     |     0.003 |
|   IOBUF_11                                     |     0.003 |
|   IOBUF_12                                     |     0.003 |
|   IOBUF_13                                     |     0.003 |
|   IOBUF_14                                     |     0.003 |
|   IOBUF_15                                     |     0.003 |
|   IOBUF_2                                      |     0.003 |
|   IOBUF_3                                      |     0.003 |
|   IOBUF_4                                      |     0.003 |
|   IOBUF_5                                      |     0.003 |
|   IOBUF_6                                      |     0.003 |
|   IOBUF_7                                      |     0.003 |
|   IOBUF_8                                      |     0.003 |
|   IOBUF_9                                      |     0.003 |
|   OBUFDS                                       |     0.002 |
|   OBUFTDS                                      |     0.002 |
|   OBUFTDS_1                                    |     0.002 |
|   eth_mdio_IOBUF_inst                          |     0.000 |
|   mor1kx                                       |     0.064 |
|     mor1kx_cpu                                 |     0.064 |
|       cappuccino.mor1kx_cpu                    |     0.064 |
|         mor1kx_ctrl_cappuccino                 |     0.002 |
|           pic.mor1kx_pic                       |    <0.001 |
|           tt.mor1kx_ticktimer                  |    <0.001 |
|         mor1kx_decode_execute_cappuccino       |     0.004 |
|         mor1kx_execute_alu                     |     0.006 |
|         mor1kx_execute_ctrl_cappuccino         |     0.002 |
|         mor1kx_fetch_cappuccino                |     0.017 |
|           icache_gen.mor1kx_icache             |     0.005 |
|             tag_ram                            |     0.002 |
|             way_memories[0].way_data_ram       |     0.003 |
|           immu_gen.mor1kx_immu                 |     0.010 |
|             itlb[0].itlb_match_regs            |     0.005 |
|             itlb[0].itlb_translate_regs        |     0.005 |
|         mor1kx_lsu_cappuccino                  |     0.028 |
|           dcache_gen.mor1kx_dcache             |     0.009 |
|             tag_ram                            |     0.002 |
|             way_memories[0].way_data_ram       |     0.006 |
|           dmmu_gen.mor1kx_dmmu                 |     0.009 |
|             dtlb[0].dtlb_match_regs            |     0.004 |
|             dtlb[0].dtlb_translate_regs        |     0.005 |
|           store_buffer_gen.mor1kx_store_buffer |     0.006 |
|             fifo_ram                           |     0.006 |
|         mor1kx_rf_cappuccino                   |     0.004 |
|           rfa                                  |    <0.001 |
|           rfb                                  |    <0.001 |
|         mor1kx_wb_mux_cappuccino               |     0.002 |
|   storage_10_reg_0_7_0_5                       |    <0.001 |
|   storage_10_reg_0_7_6_7                       |    <0.001 |
|   storage_13_reg_0_1_0_5                       |    <0.001 |
|   storage_13_reg_0_1_12_17                     |    <0.001 |
|   storage_13_reg_0_1_18_23                     |    <0.001 |
|   storage_13_reg_0_1_24_29                     |    <0.001 |
|   storage_13_reg_0_1_30_32                     |    <0.001 |
|   storage_13_reg_0_1_6_11                      |    <0.001 |
|   storage_14_reg_0_1_0_5                       |    <0.001 |
|   storage_14_reg_0_1_6_11                      |    <0.001 |
|   storage_1_reg_0_15_0_5                       |    <0.001 |
|   storage_1_reg_0_15_6_7                       |    <0.001 |
|   storage_2_reg_0_7_0_5                        |    <0.001 |
|   storage_2_reg_0_7_12_17                      |    <0.001 |
|   storage_2_reg_0_7_18_21                      |    <0.001 |
|   storage_2_reg_0_7_6_11                       |    <0.001 |
|   storage_3_reg_0_7_0_5                        |    <0.001 |
|   storage_3_reg_0_7_12_17                      |    <0.001 |
|   storage_3_reg_0_7_18_21                      |    <0.001 |
|   storage_3_reg_0_7_6_11                       |    <0.001 |
|   storage_4_reg_0_7_0_5                        |    <0.001 |
|   storage_4_reg_0_7_12_17                      |    <0.001 |
|   storage_4_reg_0_7_18_21                      |    <0.001 |
|   storage_4_reg_0_7_6_11                       |    <0.001 |
|   storage_5_reg_0_7_0_5                        |    <0.001 |
|   storage_5_reg_0_7_12_17                      |    <0.001 |
|   storage_5_reg_0_7_18_21                      |    <0.001 |
|   storage_5_reg_0_7_6_11                       |    <0.001 |
|   storage_6_reg_0_7_0_5                        |    <0.001 |
|   storage_6_reg_0_7_12_17                      |    <0.001 |
|   storage_6_reg_0_7_18_21                      |    <0.001 |
|   storage_6_reg_0_7_6_11                       |    <0.001 |
|   storage_7_reg_0_7_0_5                        |    <0.001 |
|   storage_7_reg_0_7_12_17                      |    <0.001 |
|   storage_7_reg_0_7_18_21                      |    <0.001 |
|   storage_7_reg_0_7_6_11                       |    <0.001 |
|   storage_8_reg_0_7_0_5                        |    <0.001 |
|   storage_8_reg_0_7_12_17                      |    <0.001 |
|   storage_8_reg_0_7_18_21                      |    <0.001 |
|   storage_8_reg_0_7_6_11                       |    <0.001 |
|   storage_9_reg_0_7_0_5                        |    <0.001 |
|   storage_9_reg_0_7_12_17                      |    <0.001 |
|   storage_9_reg_0_7_18_21                      |    <0.001 |
|   storage_9_reg_0_7_6_11                       |    <0.001 |
|   storage_reg_0_15_0_5                         |    <0.001 |
|   storage_reg_0_15_6_7                         |    <0.001 |
+------------------------------------------------+-----------+


