Copyright 1986-2017 Xilinx, Inc. All Rights Reserved.
---------------------------------------------------------------------------------------------------
| Tool Version : Vivado v.2017.3 (lin64) Build 2018833 Wed Oct  4 19:58:07 MDT 2017
| Date         : Sun Jun  2 22:16:04 2019
| Host         : travis-job-e5944a71-2b3c-45f0-a634-e0505e3a0c78 running 64-bit Ubuntu 14.04.5 LTS
| Command      : report_utilization -hierarchical -file top_utilization_hierarchical_place.rpt
| Design       : top
| Device       : 7a50tfgg484-1
| Design State : Fully Placed
---------------------------------------------------------------------------------------------------

Utilization Design Information

Table of Contents
-----------------
1. Utilization by Hierarchy

1. Utilization by Hierarchy
---------------------------

+----------------+-------------------+------------+------------+---------+------+------+--------+--------+--------------+
|    Instance    |       Module      | Total LUTs | Logic LUTs | LUTRAMs | SRLs |  FFs | RAMB36 | RAMB18 | DSP48 Blocks |
+----------------+-------------------+------------+------------+---------+------+------+--------+--------+--------------+
| top            |             (top) |       4991 |       4717 |     272 |    2 | 3963 |     26 |     27 |            0 |
|   (top)        |             (top) |       2573 |       2387 |     184 |    2 | 2789 |     26 |     27 |            0 |
|   picorv32     |          picorv32 |       2418 |       2330 |      88 |    0 | 1174 |      0 |      0 |            0 |
|     (picorv32) |          picorv32 |       1771 |       1683 |      88 |    0 |  719 |      0 |      0 |            0 |
|     pcpi_div   | picorv32_pcpi_div |        389 |        389 |       0 |    0 |  200 |      0 |      0 |            0 |
|     pcpi_mul   | picorv32_pcpi_mul |        258 |        258 |       0 |    0 |  255 |      0 |      0 |            0 |
+----------------+-------------------+------------+------------+---------+------+------+--------+--------+--------------+
* Note: The sum of lower-level cells may be larger than their parent cells total, due to cross-hierarchy LUT combining


