make[1]: warning: jobserver unavailable: using -j1.  Add '+' to parent make rule.
make[1]: Entering directory '/home/travis/build/timvideos/HDMI2USB-litex-firmware/build/opsis_hdmi2usb_lm32/software/libcompiler_rt'
make[1]: Nothing to be done for 'all'.
make[1]: Leaving directory '/home/travis/build/timvideos/HDMI2USB-litex-firmware/build/opsis_hdmi2usb_lm32/software/libcompiler_rt'
make[1]: warning: jobserver unavailable: using -j1.  Add '+' to parent make rule.
make[1]: Entering directory '/home/travis/build/timvideos/HDMI2USB-litex-firmware/build/opsis_hdmi2usb_lm32/software/libbase'
 CC       exception.o
 CC       system.o
 CC       id.o
 CC       uart.o
 CC       time.o
 CC       spiflash.o
 AR       libbase.a
 AR       libbase-nofloat.a
make[1]: Leaving directory '/home/travis/build/timvideos/HDMI2USB-litex-firmware/build/opsis_hdmi2usb_lm32/software/libbase'
make[1]: warning: jobserver unavailable: using -j1.  Add '+' to parent make rule.
make[1]: Entering directory '/home/travis/build/timvideos/HDMI2USB-litex-firmware/build/opsis_hdmi2usb_lm32/software/libnet'
 CC       microudp.o
 AR       libnet.a
make[1]: Leaving directory '/home/travis/build/timvideos/HDMI2USB-litex-firmware/build/opsis_hdmi2usb_lm32/software/libnet'
make[1]: warning: jobserver unavailable: using -j1.  Add '+' to parent make rule.
make[1]: Entering directory '/home/travis/build/timvideos/HDMI2USB-litex-firmware/build/opsis_hdmi2usb_lm32/software/bios'
 CC       isr.o
 CC       sdram.o
 CC       main.o
 CC       boot.o
 LD       bios.elf
chmod -x bios.elf
 OBJCOPY  bios.bin
chmod -x bios.bin
python -m litex.soc.software.mkmscimg bios.bin
make[1]: Leaving directory '/home/travis/build/timvideos/HDMI2USB-litex-firmware/build/opsis_hdmi2usb_lm32/software/bios'
make[1]: warning: jobserver unavailable: using -j1.  Add '+' to parent make rule.
make[1]: Entering directory '/home/travis/build/timvideos/HDMI2USB-litex-firmware/build/opsis_hdmi2usb_lm32/software/uip'
 CC       clock-arch.o
 CC       liteethmac-drv.o
 AR       libuip.a
make[1]: Leaving directory '/home/travis/build/timvideos/HDMI2USB-litex-firmware/build/opsis_hdmi2usb_lm32/software/uip'
make[1]: warning: jobserver unavailable: using -j1.  Add '+' to parent make rule.
make[1]: Entering directory '/home/travis/build/timvideos/HDMI2USB-litex-firmware/build/opsis_hdmi2usb_lm32/software/firmware'
 CC       bist.o
 CC       ci.o
/home/travis/build/timvideos/HDMI2USB-litex-firmware/firmware/ci.c:992:21: warning: 'log2' defined but not used [-Wunused-function]
  992 | static unsigned int log2(unsigned int v)
      |                     ^~~~
 CC       config.o
 CC       encoder.o
 CC       etherbone.o
 CC       ethernet.o
 CC       fx2.o
 CC       hdmi_in0.o
 CC       hdmi_out0.o
 CC       hdmi_out1.o
 CC       heartbeat.o
 CC       isr.o
 CC       main.o
 CC       mdio.o
 CC       mmcm.o
/home/travis/build/timvideos/HDMI2USB-litex-firmware/firmware/mmcm.c: In function 'mmcm_dump_all':
/home/travis/build/timvideos/HDMI2USB-litex-firmware/firmware/mmcm.c:110:6: warning: unused variable 'i' [-Wunused-variable]
  110 |  int i;
      |      ^
 CC       oled.o
 CC       opsis_eeprom.o
bash /home/travis/build/timvideos/HDMI2USB-litex-firmware/firmware/version_data.sh
# Check the version files exist
[ -e /home/travis/build/timvideos/HDMI2USB-litex-firmware/build/opsis_hdmi2usb_lm32/software/include/../..//software/firmware/version_data.h ]
[ -e /home/travis/build/timvideos/HDMI2USB-litex-firmware/build/opsis_hdmi2usb_lm32/software/include/../..//software/firmware/version_data.c ]
 CC       pattern.o
 CC       pll.o
 CC       processor.o
 CC       reboot.o
 CC       stdio_wrap.o
 CC       tofe_eeprom.o
 CC       uptime.o
 CC       version.o
 CC       /home/travis/build/timvideos/HDMI2USB-litex-firmware/build/opsis_hdmi2usb_lm32/software/include/../..//software/firmware/hdmi_in1.o
 LD       firmware.elf
chmod -x firmware.elf
 OBJCOPY  firmware.bin
chmod -x firmware.bin
python -m litex.soc.software.mkmscimg -f firmware.bin -o firmware.fbi
make[1]: Leaving directory '/home/travis/build/timvideos/HDMI2USB-litex-firmware/build/opsis_hdmi2usb_lm32/software/firmware'
