Copyright 1986-2017 Xilinx, Inc. All Rights Reserved.
---------------------------------------------------------------------------------------------------
| Tool Version : Vivado v.2017.3 (lin64) Build 2018833 Wed Oct  4 19:58:07 MDT 2017
| Date         : Mon Jun  3 02:52:53 2019
| Host         : travis-job-84256f4f-6cc4-4b00-bfea-b05ca9183e4c running 64-bit Ubuntu 14.04.5 LTS
| Command      : report_timing_summary -file top_timing_synth.rpt
| Design       : top
| Device       : 7a35t-csg324
| Speed File   : -1  PRODUCTION 1.19 2017-08-11
---------------------------------------------------------------------------------------------------

Timing Summary Report

------------------------------------------------------------------------------------------------
| Timer Settings
| --------------
------------------------------------------------------------------------------------------------

  Enable Multi Corner Analysis               :  Yes
  Enable Pessimism Removal                   :  Yes
  Pessimism Removal Resolution               :  Nearest Common Node
  Enable Input Delay Default Clock           :  No
  Enable Preset / Clear Arcs                 :  No
  Disable Flight Delays                      :  No
  Ignore I/O Paths                           :  No
  Timing Early Launch at Borrowing Latches   :  false

  Corner  Analyze    Analyze    
  Name    Max Paths  Min Paths  
  ------  ---------  ---------  
  Slow    Yes        Yes        
  Fast    Yes        Yes        



check_timing report

Table of Contents
-----------------
1. checking no_clock
2. checking constant_clock
3. checking pulse_width_clock
4. checking unconstrained_internal_endpoints
5. checking no_input_delay
6. checking no_output_delay
7. checking multiple_clock
8. checking generated_clocks
9. checking loops
10. checking partial_input_delay
11. checking partial_output_delay
12. checking latch_loops

1. checking no_clock
--------------------
 There is 1 register/latch pin with no clock driven by root clock pin: soc_dna_cnt_reg[0]/Q (HIGH)


2. checking constant_clock
--------------------------
 There are 0 register/latch pins with constant_clock.


3. checking pulse_width_clock
-----------------------------
 There are 0 register/latch pins which need pulse_width check


4. checking unconstrained_internal_endpoints
--------------------------------------------
 There are 2 pins that are not constrained for maximum delay. (HIGH)

 There are 0 pins that are not constrained for maximum delay due to constant clock.


5. checking no_input_delay
--------------------------
 There are 27 input ports with no input delay specified. (HIGH)

 There are 0 input ports with no input delay but user has a false path constraint.


6. checking no_output_delay
---------------------------
 There are 52 ports with no output delay specified. (HIGH)

 There are 0 ports with no output delay but user has a false path constraint

 There are 0 ports with no output delay but with a timing clock defined on it or propagating through it


7. checking multiple_clock
--------------------------
 There are 0 register/latch pins with multiple clocks.


8. checking generated_clocks
----------------------------
 There are 0 generated clocks that are not connected to a clock source.


9. checking loops
-----------------
 There are 0 combinational loops in the design.


10. checking partial_input_delay
--------------------------------
 There are 0 input ports with partial input delay specified.


11. checking partial_output_delay
---------------------------------
 There are 0 ports with partial output delay specified.


12. checking latch_loops
------------------------
 There are 0 combinational latch loops in the design through latch input



------------------------------------------------------------------------------------------------
| Design Timing Summary
| ---------------------
------------------------------------------------------------------------------------------------

    WNS(ns)      TNS(ns)  TNS Failing Endpoints  TNS Total Endpoints      WHS(ns)      THS(ns)  THS Failing Endpoints  THS Total Endpoints     WPWS(ns)     TPWS(ns)  TPWS Failing Endpoints  TPWS Total Endpoints  
    -------      -------  ---------------------  -------------------      -------      -------  ---------------------  -------------------     --------     --------  ----------------------  --------------------  
     -0.073       -0.367                      5                10267       -0.173       -7.781                     45                10265        0.264        0.000                       0                  3467  


Timing constraints are not met.


------------------------------------------------------------------------------------------------
| Clock Summary
| -------------
------------------------------------------------------------------------------------------------

Clock                Waveform(ns)         Period(ns)      Frequency(MHz)
-----                ------------         ----------      --------------
clk100               {0.000 5.000}        10.000          100.000         
  soc_eth_clk        {0.000 20.000}       40.000          25.000          
  soc_pll_clk100     {0.000 5.000}        10.000          100.000         
  soc_pll_clk200     {0.000 2.500}        5.000           200.000         
  soc_pll_clk50      {0.000 10.000}       20.000          50.000          
  soc_pll_fb         {0.000 5.000}        10.000          100.000         
  soc_pll_sys        {0.000 5.000}        10.000          100.000         
  soc_pll_sys4x      {0.000 1.250}        2.500           400.000         
  soc_pll_sys4x_dqs  {0.625 1.875}        2.500           400.000         
sys_clk              {0.000 5.000}        10.000          100.000         


------------------------------------------------------------------------------------------------
| Intra Clock Table
| -----------------
------------------------------------------------------------------------------------------------

Clock                    WNS(ns)      TNS(ns)  TNS Failing Endpoints  TNS Total Endpoints      WHS(ns)      THS(ns)  THS Failing Endpoints  THS Total Endpoints     WPWS(ns)     TPWS(ns)  TPWS Failing Endpoints  TPWS Total Endpoints  
-----                    -------      -------  ---------------------  -------------------      -------      -------  ---------------------  -------------------     --------     --------  ----------------------  --------------------  
clk100                                                                                                                                                                 3.000        0.000                       0                     2  
  soc_eth_clk                                                                                                                                                         37.845        0.000                       0                     1  
  soc_pll_clk100                                                                                                                                                       7.845        0.000                       0                     2  
  soc_pll_clk200           2.579        0.000                      0                   13        0.144        0.000                      0                   13        0.264        0.000                       0                    10  
  soc_pll_clk50                                                                                                                                                       17.845        0.000                       0                     2  
  soc_pll_fb                                                                                                                                                           8.751        0.000                       0                     2  
  soc_pll_sys                                                                                                                                                          7.845        0.000                       0                     2  
  soc_pll_sys4x                                                                                                                                                        0.345        0.000                       0                    77  
  soc_pll_sys4x_dqs                                                                                                                                                    0.345        0.000                       0                     4  
sys_clk                   -0.073       -0.367                      5                10252       -0.173       -7.781                     45                10252        3.750        0.000                       0                  3365  


------------------------------------------------------------------------------------------------
| Inter Clock Table
| -----------------
------------------------------------------------------------------------------------------------

From Clock      To Clock            WNS(ns)      TNS(ns)  TNS Failing Endpoints  TNS Total Endpoints      WHS(ns)      THS(ns)  THS Failing Endpoints  THS Total Endpoints  
----------      --------            -------      -------  ---------------------  -------------------      -------      -------  ---------------------  -------------------  
                soc_pll_clk200        2.674        0.000                      0                    1                                                                        
                sys_clk               1.981        0.000                      0                    1                                                                        


------------------------------------------------------------------------------------------------
| Other Path Groups Table
| -----------------------
------------------------------------------------------------------------------------------------

Path Group    From Clock    To Clock          WNS(ns)      TNS(ns)  TNS Failing Endpoints  TNS Total Endpoints      WHS(ns)      THS(ns)  THS Failing Endpoints  THS Total Endpoints  
----------    ----------    --------          -------      -------  ---------------------  -------------------      -------      -------  ---------------------  -------------------  


------------------------------------------------------------------------------------------------
| Timing Details
| --------------
------------------------------------------------------------------------------------------------


---------------------------------------------------------------------------------------------------
From Clock:  clk100
  To Clock:  clk100

Setup :           NA  Failing Endpoints,  Worst Slack           NA  ,  Total Violation           NA
Hold  :           NA  Failing Endpoints,  Worst Slack           NA  ,  Total Violation           NA
PW    :            0  Failing Endpoints,  Worst Slack        3.000ns,  Total Violation        0.000ns
---------------------------------------------------------------------------------------------------


Pulse Width Checks
--------------------------------------------------------------------------------------
Clock Name:         clk100
Waveform(ns):       { 0.000 5.000 }
Period(ns):         10.000
Sources:            { clk100 }

Check Type        Corner  Lib Pin           Reference Pin  Required(ns)  Actual(ns)  Slack(ns)  Location  Pin
Min Period        n/a     BUFR/I            n/a            1.666         10.000      8.334                BUFR/I
Max Period        n/a     PLLE2_ADV/CLKIN1  n/a            52.633        10.000      42.633               PLLE2_BASE/CLKIN1
Low Pulse Width   Slow    PLLE2_ADV/CLKIN1  n/a            2.000         5.000       3.000                PLLE2_BASE/CLKIN1
High Pulse Width  Slow    PLLE2_ADV/CLKIN1  n/a            2.000         5.000       3.000                PLLE2_BASE/CLKIN1



---------------------------------------------------------------------------------------------------
From Clock:  soc_eth_clk
  To Clock:  soc_eth_clk

Setup :           NA  Failing Endpoints,  Worst Slack           NA  ,  Total Violation           NA
Hold  :           NA  Failing Endpoints,  Worst Slack           NA  ,  Total Violation           NA
PW    :            0  Failing Endpoints,  Worst Slack       37.845ns,  Total Violation        0.000ns
---------------------------------------------------------------------------------------------------


Pulse Width Checks
--------------------------------------------------------------------------------------
Clock Name:         soc_eth_clk
Waveform(ns):       { 0.000 20.000 }
Period(ns):         40.000
Sources:            { BUFR/O }

Check Type  Corner  Lib Pin  Reference Pin  Required(ns)  Actual(ns)  Slack(ns)  Location  Pin
Min Period  n/a     BUFG/I   n/a            2.155         40.000      37.845               BUFG_6/I



---------------------------------------------------------------------------------------------------
From Clock:  soc_pll_clk100
  To Clock:  soc_pll_clk100

Setup :           NA  Failing Endpoints,  Worst Slack           NA  ,  Total Violation           NA
Hold  :           NA  Failing Endpoints,  Worst Slack           NA  ,  Total Violation           NA
PW    :            0  Failing Endpoints,  Worst Slack        7.845ns,  Total Violation        0.000ns
---------------------------------------------------------------------------------------------------


Pulse Width Checks
--------------------------------------------------------------------------------------
Clock Name:         soc_pll_clk100
Waveform(ns):       { 0.000 5.000 }
Period(ns):         10.000
Sources:            { PLLE2_BASE/CLKOUT5 }

Check Type  Corner  Lib Pin            Reference Pin  Required(ns)  Actual(ns)  Slack(ns)  Location  Pin
Min Period  n/a     BUFG/I             n/a            2.155         10.000      7.845                BUFG_4/I
Max Period  n/a     PLLE2_ADV/CLKOUT5  n/a            160.000       10.000      150.000              PLLE2_BASE/CLKOUT5



---------------------------------------------------------------------------------------------------
From Clock:  soc_pll_clk200
  To Clock:  soc_pll_clk200

Setup :            0  Failing Endpoints,  Worst Slack        2.579ns,  Total Violation        0.000ns
Hold  :            0  Failing Endpoints,  Worst Slack        0.144ns,  Total Violation        0.000ns
PW    :            0  Failing Endpoints,  Worst Slack        0.264ns,  Total Violation        0.000ns
---------------------------------------------------------------------------------------------------


Max Delay Paths
--------------------------------------------------------------------------------------
Slack (MET) :             2.579ns  (required time - arrival time)
  Source:                 soc_reset_counter_reg[0]/C
                            (rising edge-triggered cell FDSE clocked by soc_pll_clk200  {rise@0.000ns fall@2.500ns period=5.000ns})
  Destination:            soc_reset_counter_reg[0]/CE
                            (rising edge-triggered cell FDSE clocked by soc_pll_clk200  {rise@0.000ns fall@2.500ns period=5.000ns})
  Path Group:             soc_pll_clk200
  Path Type:              Setup (Max at Slow Process Corner)
  Requirement:            5.000ns  (soc_pll_clk200 rise@5.000ns - soc_pll_clk200 rise@0.000ns)
  Data Path Delay:        2.021ns  (logic 0.751ns (37.160%)  route 1.270ns (62.840%))
  Logic Levels:           1  (LUT4=1)
  Clock Path Skew:        -0.145ns (DCD - SCD + CPR)
    Destination Clock Delay (DCD):    3.230ns = ( 8.230 - 5.000 ) 
    Source Clock Delay      (SCD):    3.641ns
    Clock Pessimism Removal (CPR):    0.266ns
  Clock Uncertainty:      0.053ns  ((TSJ^2 + DJ^2)^1/2) / 2 + PE
    Total System Jitter     (TSJ):    0.071ns
    Discrete Jitter          (DJ):    0.078ns
    Phase Error              (PE):    0.000ns

    Location             Delay type                Incr(ns)  Path(ns)    Netlist Resource(s)
  -------------------------------------------------------------------    -------------------
                         (clock soc_pll_clk200 rise edge)
                                                      0.000     0.000 r  
    E3                                                0.000     0.000 r  clk100 (IN)
                         net (fo=0)                   0.000     0.000    clk100
    E3                   IBUF (Prop_ibuf_I_O)         1.489     1.489 r  clk100_IBUF_inst/O
                         net (fo=2, unplaced)         0.584     2.073    clk100_IBUF
                         PLLE2_ADV (Prop_plle2_adv_CLKIN1_CLKOUT3)
                                                      0.088     2.161 r  PLLE2_BASE/CLKOUT3
                         net (fo=1, unplaced)         0.800     2.961    soc_pll_clk200
                         BUFG (Prop_bufg_I_O)         0.096     3.057 r  BUFG_3/O
                         net (fo=8, unplaced)         0.584     3.641    clk200_clk
                         FDSE                                         r  soc_reset_counter_reg[0]/C
  -------------------------------------------------------------------    -------------------
                         FDSE (Prop_fdse_C_Q)         0.456     4.097 r  soc_reset_counter_reg[0]/Q
                         net (fo=6, unplaced)         0.773     4.870    soc_reset_counter[0]
                         LUT4 (Prop_lut4_I1_O)        0.295     5.165 r  soc_reset_counter[3]_i_1/O
                         net (fo=4, unplaced)         0.497     5.662    soc_reset_counter[3]_i_1_n_0
                         FDSE                                         r  soc_reset_counter_reg[0]/CE
  -------------------------------------------------------------------    -------------------

                         (clock soc_pll_clk200 rise edge)
                                                      5.000     5.000 r  
    E3                                                0.000     5.000 r  clk100 (IN)
                         net (fo=0)                   0.000     5.000    clk100
    E3                   IBUF (Prop_ibuf_I_O)         1.418     6.418 r  clk100_IBUF_inst/O
                         net (fo=2, unplaced)         0.439     6.857    clk100_IBUF
                         PLLE2_ADV (Prop_plle2_adv_CLKIN1_CLKOUT3)
                                                      0.083     6.940 r  PLLE2_BASE/CLKOUT3
                         net (fo=1, unplaced)         0.760     7.700    soc_pll_clk200
                         BUFG (Prop_bufg_I_O)         0.091     7.791 r  BUFG_3/O
                         net (fo=8, unplaced)         0.439     8.230    clk200_clk
                         FDSE                                         r  soc_reset_counter_reg[0]/C
                         clock pessimism              0.266     8.496    
                         clock uncertainty           -0.053     8.443    
                         FDSE (Setup_fdse_C_CE)      -0.202     8.241    soc_reset_counter_reg[0]
  -------------------------------------------------------------------
                         required time                          8.241    
                         arrival time                          -5.662    
  -------------------------------------------------------------------
                         slack                                  2.579    





Min Delay Paths
--------------------------------------------------------------------------------------
Slack (MET) :             0.144ns  (arrival time - required time)
  Source:                 soc_reset_counter_reg[2]/C
                            (rising edge-triggered cell FDSE clocked by soc_pll_clk200  {rise@0.000ns fall@2.500ns period=5.000ns})
  Destination:            soc_reset_counter_reg[2]/D
                            (rising edge-triggered cell FDSE clocked by soc_pll_clk200  {rise@0.000ns fall@2.500ns period=5.000ns})
  Path Group:             soc_pll_clk200
  Path Type:              Hold (Min at Fast Process Corner)
  Requirement:            0.000ns  (soc_pll_clk200 rise@0.000ns - soc_pll_clk200 rise@0.000ns)
  Data Path Delay:        0.380ns  (logic 0.239ns (62.860%)  route 0.141ns (37.140%))
  Logic Levels:           1  (LUT3=1)
  Clock Path Skew:        0.145ns (DCD - SCD - CPR)
    Destination Clock Delay (DCD):    1.399ns
    Source Clock Delay      (SCD):    0.898ns
    Clock Pessimism Removal (CPR):    0.357ns

    Location             Delay type                Incr(ns)  Path(ns)    Netlist Resource(s)
  -------------------------------------------------------------------    -------------------
                         (clock soc_pll_clk200 rise edge)
                                                      0.000     0.000 r  
    E3                                                0.000     0.000 r  clk100 (IN)
                         net (fo=0)                   0.000     0.000    clk100
    E3                   IBUF (Prop_ibuf_I_O)         0.257     0.257 r  clk100_IBUF_inst/O
                         net (fo=2, unplaced)         0.114     0.371    clk100_IBUF
                         PLLE2_ADV (Prop_plle2_adv_CLKIN1_CLKOUT3)
                                                      0.050     0.421 r  PLLE2_BASE/CLKOUT3
                         net (fo=1, unplaced)         0.337     0.758    soc_pll_clk200
                         BUFG (Prop_bufg_I_O)         0.026     0.784 r  BUFG_3/O
                         net (fo=8, unplaced)         0.114     0.898    clk200_clk
                         FDSE                                         r  soc_reset_counter_reg[2]/C
  -------------------------------------------------------------------    -------------------
                         FDSE (Prop_fdse_C_Q)         0.141     1.039 r  soc_reset_counter_reg[2]/Q
                         net (fo=4, unplaced)         0.141     1.180    soc_reset_counter[2]
                         LUT3 (Prop_lut3_I2_O)        0.098     1.278 r  soc_reset_counter[2]_i_1/O
                         net (fo=1, unplaced)         0.000     1.278    soc_reset_counter[2]_i_1_n_0
                         FDSE                                         r  soc_reset_counter_reg[2]/D
  -------------------------------------------------------------------    -------------------

                         (clock soc_pll_clk200 rise edge)
                                                      0.000     0.000 r  
    E3                                                0.000     0.000 r  clk100 (IN)
                         net (fo=0)                   0.000     0.000    clk100
    E3                   IBUF (Prop_ibuf_I_O)         0.445     0.445 r  clk100_IBUF_inst/O
                         net (fo=2, unplaced)         0.259     0.704    clk100_IBUF
                         PLLE2_ADV (Prop_plle2_adv_CLKIN1_CLKOUT3)
                                                      0.053     0.757 r  PLLE2_BASE/CLKOUT3
                         net (fo=1, unplaced)         0.355     1.111    soc_pll_clk200
                         BUFG (Prop_bufg_I_O)         0.029     1.140 r  BUFG_3/O
                         net (fo=8, unplaced)         0.259     1.399    clk200_clk
                         FDSE                                         r  soc_reset_counter_reg[2]/C
                         clock pessimism             -0.357     1.043    
                         FDSE (Hold_fdse_C_D)         0.091     1.134    soc_reset_counter_reg[2]
  -------------------------------------------------------------------
                         required time                         -1.134    
                         arrival time                           1.278    
  -------------------------------------------------------------------
                         slack                                  0.144    





Pulse Width Checks
--------------------------------------------------------------------------------------
Clock Name:         soc_pll_clk200
Waveform(ns):       { 0.000 2.500 }
Period(ns):         5.000
Sources:            { PLLE2_BASE/CLKOUT3 }

Check Type        Corner  Lib Pin            Reference Pin  Required(ns)  Actual(ns)  Slack(ns)  Location  Pin
Min Period        n/a     IDELAYCTRL/REFCLK  n/a            3.225         5.000       1.775                IDELAYCTRL/REFCLK
Max Period        n/a     IDELAYCTRL/REFCLK  n/a            5.264         5.000       0.264                IDELAYCTRL/REFCLK
Low Pulse Width   Fast    FDPE/C             n/a            0.500         2.500       2.000                FDPE_2/C
High Pulse Width  Slow    FDPE/C             n/a            0.500         2.500       2.000                FDPE_2/C



---------------------------------------------------------------------------------------------------
From Clock:  soc_pll_clk50
  To Clock:  soc_pll_clk50

Setup :           NA  Failing Endpoints,  Worst Slack           NA  ,  Total Violation           NA
Hold  :           NA  Failing Endpoints,  Worst Slack           NA  ,  Total Violation           NA
PW    :            0  Failing Endpoints,  Worst Slack       17.845ns,  Total Violation        0.000ns
---------------------------------------------------------------------------------------------------


Pulse Width Checks
--------------------------------------------------------------------------------------
Clock Name:         soc_pll_clk50
Waveform(ns):       { 0.000 10.000 }
Period(ns):         20.000
Sources:            { PLLE2_BASE/CLKOUT4 }

Check Type  Corner  Lib Pin            Reference Pin  Required(ns)  Actual(ns)  Slack(ns)  Location  Pin
Min Period  n/a     BUFG/I             n/a            2.155         20.000      17.845               BUFG_5/I
Max Period  n/a     PLLE2_ADV/CLKOUT4  n/a            160.000       20.000      140.000              PLLE2_BASE/CLKOUT4



---------------------------------------------------------------------------------------------------
From Clock:  soc_pll_fb
  To Clock:  soc_pll_fb

Setup :           NA  Failing Endpoints,  Worst Slack           NA  ,  Total Violation           NA
Hold  :           NA  Failing Endpoints,  Worst Slack           NA  ,  Total Violation           NA
PW    :            0  Failing Endpoints,  Worst Slack        8.751ns,  Total Violation        0.000ns
---------------------------------------------------------------------------------------------------


Pulse Width Checks
--------------------------------------------------------------------------------------
Clock Name:         soc_pll_fb
Waveform(ns):       { 0.000 5.000 }
Period(ns):         10.000
Sources:            { PLLE2_BASE/CLKFBOUT }

Check Type  Corner  Lib Pin             Reference Pin  Required(ns)  Actual(ns)  Slack(ns)  Location  Pin
Min Period  n/a     PLLE2_ADV/CLKFBOUT  n/a            1.249         10.000      8.751                PLLE2_BASE/CLKFBOUT
Max Period  n/a     PLLE2_ADV/CLKFBIN   n/a            52.633        10.000      42.633               PLLE2_BASE/CLKFBIN



---------------------------------------------------------------------------------------------------
From Clock:  soc_pll_sys
  To Clock:  soc_pll_sys

Setup :           NA  Failing Endpoints,  Worst Slack           NA  ,  Total Violation           NA
Hold  :           NA  Failing Endpoints,  Worst Slack           NA  ,  Total Violation           NA
PW    :            0  Failing Endpoints,  Worst Slack        7.845ns,  Total Violation        0.000ns
---------------------------------------------------------------------------------------------------


Pulse Width Checks
--------------------------------------------------------------------------------------
Clock Name:         soc_pll_sys
Waveform(ns):       { 0.000 5.000 }
Period(ns):         10.000
Sources:            { PLLE2_BASE/CLKOUT0 }

Check Type  Corner  Lib Pin            Reference Pin  Required(ns)  Actual(ns)  Slack(ns)  Location  Pin
Min Period  n/a     BUFG/I             n/a            2.155         10.000      7.845                BUFG/I
Max Period  n/a     PLLE2_ADV/CLKOUT0  n/a            160.000       10.000      150.000              PLLE2_BASE/CLKOUT0



---------------------------------------------------------------------------------------------------
From Clock:  soc_pll_sys4x
  To Clock:  soc_pll_sys4x

Setup :           NA  Failing Endpoints,  Worst Slack           NA  ,  Total Violation           NA
Hold  :           NA  Failing Endpoints,  Worst Slack           NA  ,  Total Violation           NA
PW    :            0  Failing Endpoints,  Worst Slack        0.345ns,  Total Violation        0.000ns
---------------------------------------------------------------------------------------------------


Pulse Width Checks
--------------------------------------------------------------------------------------
Clock Name:         soc_pll_sys4x
Waveform(ns):       { 0.000 1.250 }
Period(ns):         2.500
Sources:            { PLLE2_BASE/CLKOUT1 }

Check Type  Corner  Lib Pin            Reference Pin  Required(ns)  Actual(ns)  Slack(ns)  Location  Pin
Min Period  n/a     BUFG/I             n/a            2.155         2.500       0.345                BUFG_1/I
Max Period  n/a     PLLE2_ADV/CLKOUT1  n/a            160.000       2.500       157.500              PLLE2_BASE/CLKOUT1



---------------------------------------------------------------------------------------------------
From Clock:  soc_pll_sys4x_dqs
  To Clock:  soc_pll_sys4x_dqs

Setup :           NA  Failing Endpoints,  Worst Slack           NA  ,  Total Violation           NA
Hold  :           NA  Failing Endpoints,  Worst Slack           NA  ,  Total Violation           NA
PW    :            0  Failing Endpoints,  Worst Slack        0.345ns,  Total Violation        0.000ns
---------------------------------------------------------------------------------------------------


Pulse Width Checks
--------------------------------------------------------------------------------------
Clock Name:         soc_pll_sys4x_dqs
Waveform(ns):       { 0.625 1.875 }
Period(ns):         2.500
Sources:            { PLLE2_BASE/CLKOUT2 }

Check Type  Corner  Lib Pin            Reference Pin  Required(ns)  Actual(ns)  Slack(ns)  Location  Pin
Min Period  n/a     BUFG/I             n/a            2.155         2.500       0.345                BUFG_2/I
Max Period  n/a     PLLE2_ADV/CLKOUT2  n/a            160.000       2.500       157.500              PLLE2_BASE/CLKOUT2



---------------------------------------------------------------------------------------------------
From Clock:  sys_clk
  To Clock:  sys_clk

Setup :            5  Failing Endpoints,  Worst Slack       -0.073ns,  Total Violation       -0.367ns
Hold  :           45  Failing Endpoints,  Worst Slack       -0.173ns,  Total Violation       -7.781ns
PW    :            0  Failing Endpoints,  Worst Slack        3.750ns,  Total Violation        0.000ns
---------------------------------------------------------------------------------------------------


Max Delay Paths
--------------------------------------------------------------------------------------
Slack (VIOLATED) :        -0.073ns  (required time - arrival time)
  Source:                 tag_mem_reg/CLKARDCLK
                            (rising edge-triggered cell RAMB18E1 clocked by sys_clk  {rise@0.000ns fall@5.000ns period=10.000ns})
  Destination:            picorv32/decoded_rs1_reg[0]/R
                            (rising edge-triggered cell FDRE clocked by sys_clk  {rise@0.000ns fall@5.000ns period=10.000ns})
  Path Group:             sys_clk
  Path Type:              Setup (Max at Slow Process Corner)
  Requirement:            10.000ns  (sys_clk rise@10.000ns - sys_clk rise@0.000ns)
  Data Path Delay:        9.439ns  (logic 3.862ns (40.917%)  route 5.577ns (59.083%))
  Logic Levels:           8  (CARRY4=2 LUT3=1 LUT4=1 LUT6=4)
  Clock Path Skew:        -0.145ns (DCD - SCD + CPR)
    Destination Clock Delay (DCD):    0.655ns = ( 10.655 - 10.000 ) 
    Source Clock Delay      (SCD):    0.800ns
    Clock Pessimism Removal (CPR):    0.000ns
  Clock Uncertainty:      0.057ns  ((TSJ^2 + DJ^2)^1/2) / 2 + PE
    Total System Jitter     (TSJ):    0.071ns
    Discrete Jitter          (DJ):    0.089ns
    Phase Error              (PE):    0.000ns

    Location             Delay type                Incr(ns)  Path(ns)    Netlist Resource(s)
  -------------------------------------------------------------------    -------------------
                         (clock sys_clk rise edge)    0.000     0.000 r  
                         BUFG                         0.000     0.000 r  BUFG/O
                         net (fo=3365, unplaced)      0.800     0.800    sys_clk
                         RAMB18E1                                     r  tag_mem_reg/CLKARDCLK
  -------------------------------------------------------------------    -------------------
                         RAMB18E1 (Prop_ramb18e1_CLKARDCLK_DOADO[3])
                                                      2.454     3.254 r  tag_mem_reg/DOADO[3]
                         net (fo=2, unplaced)         0.800     4.053    picorv32/tag_mem_reg[3]
                         LUT6 (Prop_lut6_I4_O)        0.124     4.177 r  picorv32/tag_mem_reg_i_12/O
                         net (fo=1, unplaced)         0.000     4.177    picorv32/tag_mem_reg_i_12_n_0
                         CARRY4 (Prop_carry4_S[1]_CO[3])
                                                      0.550     4.727 r  picorv32/tag_mem_reg_i_5/CO[3]
                         net (fo=1, unplaced)         0.009     4.736    picorv32/tag_mem_reg_i_5_n_0
                         CARRY4 (Prop_carry4_CI_CO[3])
                                                      0.114     4.850 r  picorv32/tag_mem_reg_i_3/CO[3]
                         net (fo=6, unplaced)         0.950     5.800    picorv32/soc_basesoc_interface0_wb_sdram_ack0
                         LUT6 (Prop_lut6_I3_O)        0.124     5.924 r  picorv32/vns_basesoc_count[0]_i_4/O
                         net (fo=2, unplaced)         0.460     6.384    picorv32/vns_basesoc_count[0]_i_4_n_0
                         LUT3 (Prop_lut3_I0_O)        0.124     6.508 r  picorv32/mem_rdata_q[31]_i_2/O
                         net (fo=13, unplaced)        0.499     7.007    picorv32/soc_basesoc_picorv32_mem_ready
                         LUT4 (Prop_lut4_I1_O)        0.124     7.131 f  picorv32/mem_rdata_q[28]_i_1/O
                         net (fo=4, unplaced)         1.135     8.266    picorv32/p_0_in__0[3]
                         LUT6 (Prop_lut6_I1_O)        0.124     8.390 f  picorv32/instr_retirq_i_4/O
                         net (fo=3, unplaced)         0.920     9.310    picorv32/instr_retirq_i_4_n_0
                         LUT6 (Prop_lut6_I3_O)        0.124     9.434 r  picorv32/decoded_rs1[0]_i_1/O
                         net (fo=5, unplaced)         0.804    10.238    picorv32/decoded_rs1[0]_i_1_n_0
                         FDRE                                         r  picorv32/decoded_rs1_reg[0]/R
  -------------------------------------------------------------------    -------------------

                         (clock sys_clk rise edge)   10.000    10.000 r  
                         BUFG                         0.000    10.000 r  BUFG/O
                         net (fo=3365, unplaced)      0.655    10.655    picorv32/clk100
                         FDRE                                         r  picorv32/decoded_rs1_reg[0]/C
                         clock pessimism              0.000    10.655    
                         clock uncertainty           -0.057    10.598    
                         FDRE (Setup_fdre_C_R)       -0.433    10.165    picorv32/decoded_rs1_reg[0]
  -------------------------------------------------------------------
                         required time                         10.165    
                         arrival time                         -10.238    
  -------------------------------------------------------------------
                         slack                                 -0.073    





Min Delay Paths
--------------------------------------------------------------------------------------
Slack (VIOLATED) :        -0.173ns  (arrival time - required time)
  Source:                 FDPE_1/C
                            (rising edge-triggered cell FDPE clocked by sys_clk  {rise@0.000ns fall@5.000ns period=10.000ns})
  Destination:            OSERDESE2/RST
                            (rising edge-triggered cell OSERDESE2 clocked by sys_clk  {rise@0.000ns fall@5.000ns period=10.000ns})
  Path Group:             sys_clk
  Path Type:              Hold (Min at Fast Process Corner)
  Requirement:            0.000ns  (sys_clk rise@0.000ns - sys_clk rise@0.000ns)
  Data Path Delay:        0.478ns  (logic 0.141ns (29.492%)  route 0.337ns (70.508%))
  Logic Levels:           0  
  Clock Path Skew:        0.145ns (DCD - SCD - CPR)
    Destination Clock Delay (DCD):    0.355ns
    Source Clock Delay      (SCD):    0.210ns
    Clock Pessimism Removal (CPR):    -0.000ns

    Location             Delay type                Incr(ns)  Path(ns)    Netlist Resource(s)
  -------------------------------------------------------------------    -------------------
                         (clock sys_clk rise edge)    0.000     0.000 r  
                         BUFG                         0.000     0.000 r  BUFG/O
                         net (fo=3365, unplaced)      0.210     0.210    sys_clk
                         FDPE                                         r  FDPE_1/C
  -------------------------------------------------------------------    -------------------
                         FDPE (Prop_fdpe_C_Q)         0.141     0.351 r  FDPE_1/Q
                         net (fo=2109, unplaced)      0.337     0.688    sys_rst
    OLOGIC_X1Y8          OSERDESE2                                    r  OSERDESE2/RST
  -------------------------------------------------------------------    -------------------

                         (clock sys_clk rise edge)    0.000     0.000 r  
                         BUFG                         0.000     0.000 r  BUFG/O
                         net (fo=3365, unplaced)      0.355     0.355    sys_clk
    OLOGIC_X1Y8          OSERDESE2                                    r  OSERDESE2/CLKDIV
                         clock pessimism              0.000     0.355    
    OLOGIC_X1Y8          OSERDESE2 (Hold_oserdese2_CLKDIV_RST)
                                                      0.506     0.861    OSERDESE2
  -------------------------------------------------------------------
                         required time                         -0.861    
                         arrival time                           0.688    
  -------------------------------------------------------------------
                         slack                                 -0.173    





Pulse Width Checks
--------------------------------------------------------------------------------------
Clock Name:         sys_clk
Waveform(ns):       { 0.000 5.000 }
Period(ns):         10.000
Sources:            { BUFG/O }

Check Type        Corner  Lib Pin     Reference Pin  Required(ns)  Actual(ns)  Slack(ns)  Location  Pin
Min Period        n/a     XADC/DCLK   n/a            4.000         10.000      6.000                XADC/DCLK
Low Pulse Width   Fast    RAMD32/CLK  n/a            1.250         5.000       3.750                storage_6_reg_0_7_6_11/RAMC/CLK
High Pulse Width  Slow    RAMD32/CLK  n/a            1.250         5.000       3.750                storage_6_reg_0_7_6_11/RAMC/CLK



---------------------------------------------------------------------------------------------------
From Clock:  
  To Clock:  soc_pll_clk200

Setup :            0  Failing Endpoints,  Worst Slack        2.674ns,  Total Violation        0.000ns
Hold  :           NA  Failing Endpoints,  Worst Slack           NA  ,  Total Violation           NA
---------------------------------------------------------------------------------------------------


Max Delay Paths
--------------------------------------------------------------------------------------
Slack (MET) :             2.674ns  (required time - arrival time)
  Source:                 FDPE_2/Q
                            (internal pin)
  Destination:            FDPE_3/D
                            (rising edge-triggered cell FDPE clocked by soc_pll_clk200  {rise@0.000ns fall@2.500ns period=5.000ns})
  Path Group:             soc_pll_clk200
  Path Type:              Setup (Max at Fast Process Corner)
  Requirement:            2.000ns  (MaxDelay Path 2.000ns)
  Data Path Delay:        0.085ns  (logic 0.000ns (0.000%)  route 0.085ns (100.000%))
  Logic Levels:           0  
  Clock Path Skew:        0.898ns (DCD - SCD + CPR)
    Destination Clock Delay (DCD):    0.898ns
    Source Clock Delay      (SCD):    0.000ns
    Clock Pessimism Removal (CPR):    0.000ns
  Clock Uncertainty:      0.125ns  ((TSJ^2 + DJ^2)^1/2) / 2 + PE
    Total System Jitter     (TSJ):    0.050ns
    Discrete Jitter          (DJ):    0.078ns
    Phase Error              (PE):    0.078ns
  Timing Exception:       MaxDelay Path 2.000ns

    Location             Delay type                Incr(ns)  Path(ns)    Netlist Resource(s)
  -------------------------------------------------------------------    -------------------
                         FDPE                         0.000     0.000 r  FDPE_2/Q
                         net (fo=1, unplaced)         0.085     0.085    vns_xilinxasyncresetsynchronizerimpl1_rst_meta
                         FDPE                                         r  FDPE_3/D
  -------------------------------------------------------------------    -------------------

                         max delay                    2.000     2.000    
    E3                                                0.000     2.000 r  clk100 (IN)
                         net (fo=0)                   0.000     2.000    clk100
    E3                   IBUF (Prop_ibuf_I_O)         0.257     2.257 r  clk100_IBUF_inst/O
                         net (fo=2, unplaced)         0.114     2.371    clk100_IBUF
                         PLLE2_ADV (Prop_plle2_adv_CLKIN1_CLKOUT3)
                                                      0.050     2.421 r  PLLE2_BASE/CLKOUT3
                         net (fo=1, unplaced)         0.337     2.758    soc_pll_clk200
                         BUFG (Prop_bufg_I_O)         0.026     2.784 r  BUFG_3/O
                         net (fo=8, unplaced)         0.114     2.898    clk200_clk
                         FDPE                                         r  FDPE_3/C
                         clock pessimism              0.000     2.898    
                         clock uncertainty           -0.125     2.773    
                         FDPE (Setup_fdpe_C_D)       -0.014     2.759    FDPE_3
  -------------------------------------------------------------------
                         required time                          2.759    
                         arrival time                          -0.085    
  -------------------------------------------------------------------
                         slack                                  2.674    





---------------------------------------------------------------------------------------------------
From Clock:  
  To Clock:  sys_clk

Setup :            0  Failing Endpoints,  Worst Slack        1.981ns,  Total Violation        0.000ns
Hold  :           NA  Failing Endpoints,  Worst Slack           NA  ,  Total Violation           NA
---------------------------------------------------------------------------------------------------


Max Delay Paths
--------------------------------------------------------------------------------------
Slack (MET) :             1.981ns  (required time - arrival time)
  Source:                 FDPE/Q
                            (internal pin)
  Destination:            FDPE_1/D
                            (rising edge-triggered cell FDPE clocked by sys_clk  {rise@0.000ns fall@5.000ns period=10.000ns})
  Path Group:             sys_clk
  Path Type:              Setup (Max at Fast Process Corner)
  Requirement:            2.000ns  (MaxDelay Path 2.000ns)
  Data Path Delay:        0.085ns  (logic 0.000ns (0.000%)  route 0.085ns (100.000%))
  Logic Levels:           0  
  Clock Path Skew:        0.210ns (DCD - SCD + CPR)
    Destination Clock Delay (DCD):    0.210ns
    Source Clock Delay      (SCD):    0.000ns
    Clock Pessimism Removal (CPR):    0.000ns
  Clock Uncertainty:      0.129ns  ((TSJ^2 + DJ^2)^1/2) / 2 + PE
    Total System Jitter     (TSJ):    0.050ns
    Discrete Jitter          (DJ):    0.089ns
    Phase Error              (PE):    0.078ns
  Timing Exception:       MaxDelay Path 2.000ns

    Location             Delay type                Incr(ns)  Path(ns)    Netlist Resource(s)
  -------------------------------------------------------------------    -------------------
                         FDPE                         0.000     0.000 r  FDPE/Q
                         net (fo=1, unplaced)         0.085     0.085    vns_xilinxasyncresetsynchronizerimpl0_rst_meta
                         FDPE                                         r  FDPE_1/D
  -------------------------------------------------------------------    -------------------

                         max delay                    2.000     2.000    
                         BUFG                         0.000     2.000 r  BUFG/O
                         net (fo=3365, unplaced)      0.210     2.210    sys_clk
                         FDPE                                         r  FDPE_1/C
                         clock pessimism              0.000     2.210    
                         clock uncertainty           -0.129     2.081    
                         FDPE (Setup_fdpe_C_D)       -0.014     2.067    FDPE_1
  -------------------------------------------------------------------
                         required time                          2.067    
                         arrival time                          -0.085    
  -------------------------------------------------------------------
                         slack                                  1.981    





