Copyright 1986-2017 Xilinx, Inc. All Rights Reserved.
---------------------------------------------------------------------------------------------------
| Tool Version : Vivado v.2017.3 (lin64) Build 2018833 Wed Oct  4 19:58:07 MDT 2017
| Date         : Fri Feb 15 03:36:14 2019
| Host         : travis-job-dbb5c2c0-6a82-4bc1-be61-581855348f44 running 64-bit Ubuntu 14.04.5 LTS
| Command      : report_timing_summary -datasheet -max_paths 10 -file top_timing.rpt
| Design       : top
| Device       : 7a35t-cpg236
| Speed File   : -1  PRODUCTION 1.19 2017-08-11
---------------------------------------------------------------------------------------------------

Timing Summary Report

------------------------------------------------------------------------------------------------
| Timer Settings
| --------------
------------------------------------------------------------------------------------------------

  Enable Multi Corner Analysis               :  Yes
  Enable Pessimism Removal                   :  Yes
  Pessimism Removal Resolution               :  Nearest Common Node
  Enable Input Delay Default Clock           :  No
  Enable Preset / Clear Arcs                 :  No
  Disable Flight Delays                      :  No
  Ignore I/O Paths                           :  No
  Timing Early Launch at Borrowing Latches   :  false

  Corner  Analyze    Analyze    
  Name    Max Paths  Min Paths  
  ------  ---------  ---------  
  Slow    Yes        Yes        
  Fast    Yes        Yes        



check_timing report

Table of Contents
-----------------
1. checking no_clock
2. checking constant_clock
3. checking pulse_width_clock
4. checking unconstrained_internal_endpoints
5. checking no_input_delay
6. checking no_output_delay
7. checking multiple_clock
8. checking generated_clocks
9. checking loops
10. checking partial_input_delay
11. checking partial_output_delay
12. checking latch_loops

1. checking no_clock
--------------------
 There is 1 register/latch pin with no clock driven by root clock pin: dna_cnt_reg[0]/Q (HIGH)


2. checking constant_clock
--------------------------
 There are 0 register/latch pins with constant_clock.


3. checking pulse_width_clock
-----------------------------
 There are 0 register/latch pins which need pulse_width check


4. checking unconstrained_internal_endpoints
--------------------------------------------
 There are 2 pins that are not constrained for maximum delay. (HIGH)

 There are 0 pins that are not constrained for maximum delay due to constant clock.


5. checking no_input_delay
--------------------------
 There are 3 input ports with no input delay specified. (HIGH)

 There are 0 input ports with no input delay but user has a false path constraint.


6. checking no_output_delay
---------------------------
 There are 3 ports with no output delay specified. (HIGH)

 There are 0 ports with no output delay but user has a false path constraint

 There are 0 ports with no output delay but with a timing clock defined on it or propagating through it


7. checking multiple_clock
--------------------------
 There are 0 register/latch pins with multiple clocks.


8. checking generated_clocks
----------------------------
 There are 0 generated clocks that are not connected to a clock source.


9. checking loops
-----------------
 There are 0 combinational loops in the design.


10. checking partial_input_delay
--------------------------------
 There are 0 input ports with partial input delay specified.


11. checking partial_output_delay
---------------------------------
 There are 0 ports with partial output delay specified.


12. checking latch_loops
------------------------
 There are 0 combinational latch loops in the design through latch input



------------------------------------------------------------------------------------------------
| Design Timing Summary
| ---------------------
------------------------------------------------------------------------------------------------

    WNS(ns)      TNS(ns)  TNS Failing Endpoints  TNS Total Endpoints      WHS(ns)      THS(ns)  THS Failing Endpoints  THS Total Endpoints     WPWS(ns)     TPWS(ns)  TPWS Failing Endpoints  TPWS Total Endpoints  
    -------      -------  ---------------------  -------------------      -------      -------  ---------------------  -------------------     --------     --------  ----------------------  --------------------  
      0.982        0.000                      0                 6222        0.027        0.000                      0                 6221        3.750        0.000                       0                  1956  


All user specified timing constraints are met.


------------------------------------------------------------------------------------------------
| Clock Summary
| -------------
------------------------------------------------------------------------------------------------

Clock    Waveform(ns)       Period(ns)      Frequency(MHz)
-----    ------------       ----------      --------------
clk12    {0.000 41.666}     83.333          12.000          
sys_clk  {0.000 5.000}      10.000          100.000         


------------------------------------------------------------------------------------------------
| Intra Clock Table
| -----------------
------------------------------------------------------------------------------------------------

Clock             WNS(ns)      TNS(ns)  TNS Failing Endpoints  TNS Total Endpoints      WHS(ns)      THS(ns)  THS Failing Endpoints  THS Total Endpoints     WPWS(ns)     TPWS(ns)  TPWS Failing Endpoints  TPWS Total Endpoints  
-----             -------      -------  ---------------------  -------------------      -------      -------  ---------------------  -------------------     --------     --------  ----------------------  --------------------  
clk12                                                                                                                                                          81.178        0.000                       0                     1  
sys_clk             0.982        0.000                      0                 6221        0.027        0.000                      0                 6221        3.750        0.000                       0                  1955  


------------------------------------------------------------------------------------------------
| Inter Clock Table
| -----------------
------------------------------------------------------------------------------------------------

From Clock    To Clock          WNS(ns)      TNS(ns)  TNS Failing Endpoints  TNS Total Endpoints      WHS(ns)      THS(ns)  THS Failing Endpoints  THS Total Endpoints  
----------    --------          -------      -------  ---------------------  -------------------      -------      -------  ---------------------  -------------------  
              sys_clk             2.568        0.000                      0                    1                                                                        


------------------------------------------------------------------------------------------------
| Other Path Groups Table
| -----------------------
------------------------------------------------------------------------------------------------

Path Group    From Clock    To Clock          WNS(ns)      TNS(ns)  TNS Failing Endpoints  TNS Total Endpoints      WHS(ns)      THS(ns)  THS Failing Endpoints  THS Total Endpoints  
----------    ----------    --------          -------      -------  ---------------------  -------------------      -------      -------  ---------------------  -------------------  


------------------------------------------------------------------------------------------------
| Timing Details
| --------------
------------------------------------------------------------------------------------------------


---------------------------------------------------------------------------------------------------
From Clock:  clk12
  To Clock:  clk12

Setup :           NA  Failing Endpoints,  Worst Slack           NA  ,  Total Violation           NA
Hold  :           NA  Failing Endpoints,  Worst Slack           NA  ,  Total Violation           NA
PW    :            0  Failing Endpoints,  Worst Slack       81.178ns,  Total Violation        0.000ns
---------------------------------------------------------------------------------------------------


Pulse Width Checks
--------------------------------------------------------------------------------------
Clock Name:         clk12
Waveform(ns):       { 0.000 41.667 }
Period(ns):         83.333
Sources:            { clk12 }

Check Type  Corner  Lib Pin  Reference Pin  Required(ns)  Actual(ns)  Slack(ns)  Location       Pin
Min Period  n/a     BUFG/I   n/a            2.155         83.333      81.178     BUFGCTRL_X0Y0  BUFG/I



---------------------------------------------------------------------------------------------------
From Clock:  sys_clk
  To Clock:  sys_clk

Setup :            0  Failing Endpoints,  Worst Slack        0.982ns,  Total Violation        0.000ns
Hold  :            0  Failing Endpoints,  Worst Slack        0.027ns,  Total Violation        0.000ns
PW    :            0  Failing Endpoints,  Worst Slack        3.750ns,  Total Violation        0.000ns
---------------------------------------------------------------------------------------------------


Max Delay Paths
--------------------------------------------------------------------------------------
Slack (MET) :             0.982ns  (required time - arrival time)
  Source:                 FDPE_1/C
                            (rising edge-triggered cell FDPE clocked by sys_clk  {rise@0.000ns fall@5.000ns period=10.000ns})
  Destination:            lm32_cpu/load_store_unit/d_dat_o_reg[12]/R
                            (rising edge-triggered cell FDRE clocked by sys_clk  {rise@0.000ns fall@5.000ns period=10.000ns})
  Path Group:             sys_clk
  Path Type:              Setup (Max at Slow Process Corner)
  Requirement:            10.000ns  (sys_clk rise@10.000ns - sys_clk rise@0.000ns)
  Data Path Delay:        8.088ns  (logic 0.718ns (8.877%)  route 7.370ns (91.123%))
  Logic Levels:           1  (LUT4=1)
  Clock Path Skew:        -0.370ns (DCD - SCD + CPR)
    Destination Clock Delay (DCD):    1.437ns = ( 11.437 - 10.000 ) 
    Source Clock Delay      (SCD):    1.807ns
    Clock Pessimism Removal (CPR):    0.000ns
  Clock Uncertainty:      0.035ns  ((TSJ^2 + TIJ^2)^1/2 + DJ) / 2 + PE
    Total System Jitter     (TSJ):    0.071ns
    Total Input Jitter      (TIJ):    0.000ns
    Discrete Jitter          (DJ):    0.000ns
    Phase Error              (PE):    0.000ns

    Location             Delay type                Incr(ns)  Path(ns)    Netlist Resource(s)
  -------------------------------------------------------------------    -------------------
                         (clock sys_clk rise edge)    0.000     0.000 r  
    BUFGCTRL_X0Y0        BUFG                         0.000     0.000 r  BUFG/O
                         net (fo=1956, routed)        1.807     1.807    sys_clk
    SLICE_X0Y110         FDPE                                         r  FDPE_1/C
  -------------------------------------------------------------------    -------------------
    SLICE_X0Y110         FDPE (Prop_fdpe_C_Q)         0.419     2.226 r  FDPE_1/Q
                         net (fo=509, routed)         4.605     6.831    lm32_cpu/instruction_unit/icache/sys_rst
    SLICE_X39Y52         LUT4 (Prop_lut4_I0_O)        0.299     7.130 r  lm32_cpu/instruction_unit/icache/pc_d[31]_i_1/O
                         net (fo=1075, routed)        2.766     9.896    lm32_cpu/load_store_unit/rst_i0
    SLICE_X52Y26         FDRE                                         r  lm32_cpu/load_store_unit/d_dat_o_reg[12]/R
  -------------------------------------------------------------------    -------------------

                         (clock sys_clk rise edge)   10.000    10.000 r  
    BUFGCTRL_X0Y0        BUFG                         0.000    10.000 r  BUFG/O
                         net (fo=1956, routed)        1.437    11.437    lm32_cpu/load_store_unit/out
    SLICE_X52Y26         FDRE                                         r  lm32_cpu/load_store_unit/d_dat_o_reg[12]/C
                         clock pessimism              0.000    11.437    
                         clock uncertainty           -0.035    11.402    
    SLICE_X52Y26         FDRE (Setup_fdre_C_R)       -0.524    10.878    lm32_cpu/load_store_unit/d_dat_o_reg[12]
  -------------------------------------------------------------------
                         required time                         10.878    
                         arrival time                          -9.896    
  -------------------------------------------------------------------
                         slack                                  0.982    

Slack (MET) :             0.982ns  (required time - arrival time)
  Source:                 FDPE_1/C
                            (rising edge-triggered cell FDPE clocked by sys_clk  {rise@0.000ns fall@5.000ns period=10.000ns})
  Destination:            lm32_cpu/load_store_unit/d_dat_o_reg[17]/R
                            (rising edge-triggered cell FDRE clocked by sys_clk  {rise@0.000ns fall@5.000ns period=10.000ns})
  Path Group:             sys_clk
  Path Type:              Setup (Max at Slow Process Corner)
  Requirement:            10.000ns  (sys_clk rise@10.000ns - sys_clk rise@0.000ns)
  Data Path Delay:        8.088ns  (logic 0.718ns (8.877%)  route 7.370ns (91.123%))
  Logic Levels:           1  (LUT4=1)
  Clock Path Skew:        -0.370ns (DCD - SCD + CPR)
    Destination Clock Delay (DCD):    1.437ns = ( 11.437 - 10.000 ) 
    Source Clock Delay      (SCD):    1.807ns
    Clock Pessimism Removal (CPR):    0.000ns
  Clock Uncertainty:      0.035ns  ((TSJ^2 + TIJ^2)^1/2 + DJ) / 2 + PE
    Total System Jitter     (TSJ):    0.071ns
    Total Input Jitter      (TIJ):    0.000ns
    Discrete Jitter          (DJ):    0.000ns
    Phase Error              (PE):    0.000ns

    Location             Delay type                Incr(ns)  Path(ns)    Netlist Resource(s)
  -------------------------------------------------------------------    -------------------
                         (clock sys_clk rise edge)    0.000     0.000 r  
    BUFGCTRL_X0Y0        BUFG                         0.000     0.000 r  BUFG/O
                         net (fo=1956, routed)        1.807     1.807    sys_clk
    SLICE_X0Y110         FDPE                                         r  FDPE_1/C
  -------------------------------------------------------------------    -------------------
    SLICE_X0Y110         FDPE (Prop_fdpe_C_Q)         0.419     2.226 r  FDPE_1/Q
                         net (fo=509, routed)         4.605     6.831    lm32_cpu/instruction_unit/icache/sys_rst
    SLICE_X39Y52         LUT4 (Prop_lut4_I0_O)        0.299     7.130 r  lm32_cpu/instruction_unit/icache/pc_d[31]_i_1/O
                         net (fo=1075, routed)        2.766     9.896    lm32_cpu/load_store_unit/rst_i0
    SLICE_X52Y26         FDRE                                         r  lm32_cpu/load_store_unit/d_dat_o_reg[17]/R
  -------------------------------------------------------------------    -------------------

                         (clock sys_clk rise edge)   10.000    10.000 r  
    BUFGCTRL_X0Y0        BUFG                         0.000    10.000 r  BUFG/O
                         net (fo=1956, routed)        1.437    11.437    lm32_cpu/load_store_unit/out
    SLICE_X52Y26         FDRE                                         r  lm32_cpu/load_store_unit/d_dat_o_reg[17]/C
                         clock pessimism              0.000    11.437    
                         clock uncertainty           -0.035    11.402    
    SLICE_X52Y26         FDRE (Setup_fdre_C_R)       -0.524    10.878    lm32_cpu/load_store_unit/d_dat_o_reg[17]
  -------------------------------------------------------------------
                         required time                         10.878    
                         arrival time                          -9.896    
  -------------------------------------------------------------------
                         slack                                  0.982    

Slack (MET) :             0.982ns  (required time - arrival time)
  Source:                 FDPE_1/C
                            (rising edge-triggered cell FDPE clocked by sys_clk  {rise@0.000ns fall@5.000ns period=10.000ns})
  Destination:            lm32_cpu/load_store_unit/d_dat_o_reg[18]/R
                            (rising edge-triggered cell FDRE clocked by sys_clk  {rise@0.000ns fall@5.000ns period=10.000ns})
  Path Group:             sys_clk
  Path Type:              Setup (Max at Slow Process Corner)
  Requirement:            10.000ns  (sys_clk rise@10.000ns - sys_clk rise@0.000ns)
  Data Path Delay:        8.088ns  (logic 0.718ns (8.877%)  route 7.370ns (91.123%))
  Logic Levels:           1  (LUT4=1)
  Clock Path Skew:        -0.370ns (DCD - SCD + CPR)
    Destination Clock Delay (DCD):    1.437ns = ( 11.437 - 10.000 ) 
    Source Clock Delay      (SCD):    1.807ns
    Clock Pessimism Removal (CPR):    0.000ns
  Clock Uncertainty:      0.035ns  ((TSJ^2 + TIJ^2)^1/2 + DJ) / 2 + PE
    Total System Jitter     (TSJ):    0.071ns
    Total Input Jitter      (TIJ):    0.000ns
    Discrete Jitter          (DJ):    0.000ns
    Phase Error              (PE):    0.000ns

    Location             Delay type                Incr(ns)  Path(ns)    Netlist Resource(s)
  -------------------------------------------------------------------    -------------------
                         (clock sys_clk rise edge)    0.000     0.000 r  
    BUFGCTRL_X0Y0        BUFG                         0.000     0.000 r  BUFG/O
                         net (fo=1956, routed)        1.807     1.807    sys_clk
    SLICE_X0Y110         FDPE                                         r  FDPE_1/C
  -------------------------------------------------------------------    -------------------
    SLICE_X0Y110         FDPE (Prop_fdpe_C_Q)         0.419     2.226 r  FDPE_1/Q
                         net (fo=509, routed)         4.605     6.831    lm32_cpu/instruction_unit/icache/sys_rst
    SLICE_X39Y52         LUT4 (Prop_lut4_I0_O)        0.299     7.130 r  lm32_cpu/instruction_unit/icache/pc_d[31]_i_1/O
                         net (fo=1075, routed)        2.766     9.896    lm32_cpu/load_store_unit/rst_i0
    SLICE_X52Y26         FDRE                                         r  lm32_cpu/load_store_unit/d_dat_o_reg[18]/R
  -------------------------------------------------------------------    -------------------

                         (clock sys_clk rise edge)   10.000    10.000 r  
    BUFGCTRL_X0Y0        BUFG                         0.000    10.000 r  BUFG/O
                         net (fo=1956, routed)        1.437    11.437    lm32_cpu/load_store_unit/out
    SLICE_X52Y26         FDRE                                         r  lm32_cpu/load_store_unit/d_dat_o_reg[18]/C
                         clock pessimism              0.000    11.437    
                         clock uncertainty           -0.035    11.402    
    SLICE_X52Y26         FDRE (Setup_fdre_C_R)       -0.524    10.878    lm32_cpu/load_store_unit/d_dat_o_reg[18]
  -------------------------------------------------------------------
                         required time                         10.878    
                         arrival time                          -9.896    
  -------------------------------------------------------------------
                         slack                                  0.982    

Slack (MET) :             0.982ns  (required time - arrival time)
  Source:                 FDPE_1/C
                            (rising edge-triggered cell FDPE clocked by sys_clk  {rise@0.000ns fall@5.000ns period=10.000ns})
  Destination:            lm32_cpu/load_store_unit/d_dat_o_reg[19]/R
                            (rising edge-triggered cell FDRE clocked by sys_clk  {rise@0.000ns fall@5.000ns period=10.000ns})
  Path Group:             sys_clk
  Path Type:              Setup (Max at Slow Process Corner)
  Requirement:            10.000ns  (sys_clk rise@10.000ns - sys_clk rise@0.000ns)
  Data Path Delay:        8.088ns  (logic 0.718ns (8.877%)  route 7.370ns (91.123%))
  Logic Levels:           1  (LUT4=1)
  Clock Path Skew:        -0.370ns (DCD - SCD + CPR)
    Destination Clock Delay (DCD):    1.437ns = ( 11.437 - 10.000 ) 
    Source Clock Delay      (SCD):    1.807ns
    Clock Pessimism Removal (CPR):    0.000ns
  Clock Uncertainty:      0.035ns  ((TSJ^2 + TIJ^2)^1/2 + DJ) / 2 + PE
    Total System Jitter     (TSJ):    0.071ns
    Total Input Jitter      (TIJ):    0.000ns
    Discrete Jitter          (DJ):    0.000ns
    Phase Error              (PE):    0.000ns

    Location             Delay type                Incr(ns)  Path(ns)    Netlist Resource(s)
  -------------------------------------------------------------------    -------------------
                         (clock sys_clk rise edge)    0.000     0.000 r  
    BUFGCTRL_X0Y0        BUFG                         0.000     0.000 r  BUFG/O
                         net (fo=1956, routed)        1.807     1.807    sys_clk
    SLICE_X0Y110         FDPE                                         r  FDPE_1/C
  -------------------------------------------------------------------    -------------------
    SLICE_X0Y110         FDPE (Prop_fdpe_C_Q)         0.419     2.226 r  FDPE_1/Q
                         net (fo=509, routed)         4.605     6.831    lm32_cpu/instruction_unit/icache/sys_rst
    SLICE_X39Y52         LUT4 (Prop_lut4_I0_O)        0.299     7.130 r  lm32_cpu/instruction_unit/icache/pc_d[31]_i_1/O
                         net (fo=1075, routed)        2.766     9.896    lm32_cpu/load_store_unit/rst_i0
    SLICE_X52Y26         FDRE                                         r  lm32_cpu/load_store_unit/d_dat_o_reg[19]/R
  -------------------------------------------------------------------    -------------------

                         (clock sys_clk rise edge)   10.000    10.000 r  
    BUFGCTRL_X0Y0        BUFG                         0.000    10.000 r  BUFG/O
                         net (fo=1956, routed)        1.437    11.437    lm32_cpu/load_store_unit/out
    SLICE_X52Y26         FDRE                                         r  lm32_cpu/load_store_unit/d_dat_o_reg[19]/C
                         clock pessimism              0.000    11.437    
                         clock uncertainty           -0.035    11.402    
    SLICE_X52Y26         FDRE (Setup_fdre_C_R)       -0.524    10.878    lm32_cpu/load_store_unit/d_dat_o_reg[19]
  -------------------------------------------------------------------
                         required time                         10.878    
                         arrival time                          -9.896    
  -------------------------------------------------------------------
                         slack                                  0.982    

Slack (MET) :             1.376ns  (required time - arrival time)
  Source:                 FDPE_1/C
                            (rising edge-triggered cell FDPE clocked by sys_clk  {rise@0.000ns fall@5.000ns period=10.000ns})
  Destination:            lm32_cpu/multiplier/product0__0/RSTA
                            (rising edge-triggered cell DSP48E1 clocked by sys_clk  {rise@0.000ns fall@5.000ns period=10.000ns})
  Path Group:             sys_clk
  Path Type:              Setup (Max at Slow Process Corner)
  Requirement:            10.000ns  (sys_clk rise@10.000ns - sys_clk rise@0.000ns)
  Data Path Delay:        7.811ns  (logic 0.718ns (9.192%)  route 7.093ns (90.808%))
  Logic Levels:           1  (LUT4=1)
  Clock Path Skew:        -0.270ns (DCD - SCD + CPR)
    Destination Clock Delay (DCD):    1.537ns = ( 11.537 - 10.000 ) 
    Source Clock Delay      (SCD):    1.807ns
    Clock Pessimism Removal (CPR):    0.000ns
  Clock Uncertainty:      0.035ns  ((TSJ^2 + TIJ^2)^1/2 + DJ) / 2 + PE
    Total System Jitter     (TSJ):    0.071ns
    Total Input Jitter      (TIJ):    0.000ns
    Discrete Jitter          (DJ):    0.000ns
    Phase Error              (PE):    0.000ns

    Location             Delay type                Incr(ns)  Path(ns)    Netlist Resource(s)
  -------------------------------------------------------------------    -------------------
                         (clock sys_clk rise edge)    0.000     0.000 r  
    BUFGCTRL_X0Y0        BUFG                         0.000     0.000 r  BUFG/O
                         net (fo=1956, routed)        1.807     1.807    sys_clk
    SLICE_X0Y110         FDPE                                         r  FDPE_1/C
  -------------------------------------------------------------------    -------------------
    SLICE_X0Y110         FDPE (Prop_fdpe_C_Q)         0.419     2.226 r  FDPE_1/Q
                         net (fo=509, routed)         4.605     6.831    lm32_cpu/instruction_unit/icache/sys_rst
    SLICE_X39Y52         LUT4 (Prop_lut4_I0_O)        0.299     7.130 r  lm32_cpu/instruction_unit/icache/pc_d[31]_i_1/O
                         net (fo=1075, routed)        2.489     9.619    lm32_cpu/multiplier/rst_i0
    DSP48_X1Y14          DSP48E1                                      r  lm32_cpu/multiplier/product0__0/RSTA
  -------------------------------------------------------------------    -------------------

                         (clock sys_clk rise edge)   10.000    10.000 r  
    BUFGCTRL_X0Y0        BUFG                         0.000    10.000 r  BUFG/O
                         net (fo=1956, routed)        1.537    11.537    lm32_cpu/multiplier/out
    DSP48_X1Y14          DSP48E1                                      r  lm32_cpu/multiplier/product0__0/CLK
                         clock pessimism              0.000    11.537    
                         clock uncertainty           -0.035    11.502    
    DSP48_X1Y14          DSP48E1 (Setup_dsp48e1_CLK_RSTA)
                                                     -0.507    10.995    lm32_cpu/multiplier/product0__0
  -------------------------------------------------------------------
                         required time                         10.995    
                         arrival time                          -9.619    
  -------------------------------------------------------------------
                         slack                                  1.376    

Slack (MET) :             1.407ns  (required time - arrival time)
  Source:                 FDPE_1/C
                            (rising edge-triggered cell FDPE clocked by sys_clk  {rise@0.000ns fall@5.000ns period=10.000ns})
  Destination:            lm32_cpu/load_store_unit/d_dat_o_reg[13]/R
                            (rising edge-triggered cell FDRE clocked by sys_clk  {rise@0.000ns fall@5.000ns period=10.000ns})
  Path Group:             sys_clk
  Path Type:              Setup (Max at Slow Process Corner)
  Requirement:            10.000ns  (sys_clk rise@10.000ns - sys_clk rise@0.000ns)
  Data Path Delay:        7.666ns  (logic 0.718ns (9.366%)  route 6.948ns (90.634%))
  Logic Levels:           1  (LUT4=1)
  Clock Path Skew:        -0.367ns (DCD - SCD + CPR)
    Destination Clock Delay (DCD):    1.440ns = ( 11.440 - 10.000 ) 
    Source Clock Delay      (SCD):    1.807ns
    Clock Pessimism Removal (CPR):    0.000ns
  Clock Uncertainty:      0.035ns  ((TSJ^2 + TIJ^2)^1/2 + DJ) / 2 + PE
    Total System Jitter     (TSJ):    0.071ns
    Total Input Jitter      (TIJ):    0.000ns
    Discrete Jitter          (DJ):    0.000ns
    Phase Error              (PE):    0.000ns

    Location             Delay type                Incr(ns)  Path(ns)    Netlist Resource(s)
  -------------------------------------------------------------------    -------------------
                         (clock sys_clk rise edge)    0.000     0.000 r  
    BUFGCTRL_X0Y0        BUFG                         0.000     0.000 r  BUFG/O
                         net (fo=1956, routed)        1.807     1.807    sys_clk
    SLICE_X0Y110         FDPE                                         r  FDPE_1/C
  -------------------------------------------------------------------    -------------------
    SLICE_X0Y110         FDPE (Prop_fdpe_C_Q)         0.419     2.226 r  FDPE_1/Q
                         net (fo=509, routed)         4.605     6.831    lm32_cpu/instruction_unit/icache/sys_rst
    SLICE_X39Y52         LUT4 (Prop_lut4_I0_O)        0.299     7.130 r  lm32_cpu/instruction_unit/icache/pc_d[31]_i_1/O
                         net (fo=1075, routed)        2.344     9.474    lm32_cpu/load_store_unit/rst_i0
    SLICE_X50Y28         FDRE                                         r  lm32_cpu/load_store_unit/d_dat_o_reg[13]/R
  -------------------------------------------------------------------    -------------------

                         (clock sys_clk rise edge)   10.000    10.000 r  
    BUFGCTRL_X0Y0        BUFG                         0.000    10.000 r  BUFG/O
                         net (fo=1956, routed)        1.440    11.440    lm32_cpu/load_store_unit/out
    SLICE_X50Y28         FDRE                                         r  lm32_cpu/load_store_unit/d_dat_o_reg[13]/C
                         clock pessimism              0.000    11.440    
                         clock uncertainty           -0.035    11.405    
    SLICE_X50Y28         FDRE (Setup_fdre_C_R)       -0.524    10.881    lm32_cpu/load_store_unit/d_dat_o_reg[13]
  -------------------------------------------------------------------
                         required time                         10.881    
                         arrival time                          -9.474    
  -------------------------------------------------------------------
                         slack                                  1.407    

Slack (MET) :             1.407ns  (required time - arrival time)
  Source:                 FDPE_1/C
                            (rising edge-triggered cell FDPE clocked by sys_clk  {rise@0.000ns fall@5.000ns period=10.000ns})
  Destination:            lm32_cpu/load_store_unit/d_dat_o_reg[14]/R
                            (rising edge-triggered cell FDRE clocked by sys_clk  {rise@0.000ns fall@5.000ns period=10.000ns})
  Path Group:             sys_clk
  Path Type:              Setup (Max at Slow Process Corner)
  Requirement:            10.000ns  (sys_clk rise@10.000ns - sys_clk rise@0.000ns)
  Data Path Delay:        7.666ns  (logic 0.718ns (9.366%)  route 6.948ns (90.634%))
  Logic Levels:           1  (LUT4=1)
  Clock Path Skew:        -0.367ns (DCD - SCD + CPR)
    Destination Clock Delay (DCD):    1.440ns = ( 11.440 - 10.000 ) 
    Source Clock Delay      (SCD):    1.807ns
    Clock Pessimism Removal (CPR):    0.000ns
  Clock Uncertainty:      0.035ns  ((TSJ^2 + TIJ^2)^1/2 + DJ) / 2 + PE
    Total System Jitter     (TSJ):    0.071ns
    Total Input Jitter      (TIJ):    0.000ns
    Discrete Jitter          (DJ):    0.000ns
    Phase Error              (PE):    0.000ns

    Location             Delay type                Incr(ns)  Path(ns)    Netlist Resource(s)
  -------------------------------------------------------------------    -------------------
                         (clock sys_clk rise edge)    0.000     0.000 r  
    BUFGCTRL_X0Y0        BUFG                         0.000     0.000 r  BUFG/O
                         net (fo=1956, routed)        1.807     1.807    sys_clk
    SLICE_X0Y110         FDPE                                         r  FDPE_1/C
  -------------------------------------------------------------------    -------------------
    SLICE_X0Y110         FDPE (Prop_fdpe_C_Q)         0.419     2.226 r  FDPE_1/Q
                         net (fo=509, routed)         4.605     6.831    lm32_cpu/instruction_unit/icache/sys_rst
    SLICE_X39Y52         LUT4 (Prop_lut4_I0_O)        0.299     7.130 r  lm32_cpu/instruction_unit/icache/pc_d[31]_i_1/O
                         net (fo=1075, routed)        2.344     9.474    lm32_cpu/load_store_unit/rst_i0
    SLICE_X50Y28         FDRE                                         r  lm32_cpu/load_store_unit/d_dat_o_reg[14]/R
  -------------------------------------------------------------------    -------------------

                         (clock sys_clk rise edge)   10.000    10.000 r  
    BUFGCTRL_X0Y0        BUFG                         0.000    10.000 r  BUFG/O
                         net (fo=1956, routed)        1.440    11.440    lm32_cpu/load_store_unit/out
    SLICE_X50Y28         FDRE                                         r  lm32_cpu/load_store_unit/d_dat_o_reg[14]/C
                         clock pessimism              0.000    11.440    
                         clock uncertainty           -0.035    11.405    
    SLICE_X50Y28         FDRE (Setup_fdre_C_R)       -0.524    10.881    lm32_cpu/load_store_unit/d_dat_o_reg[14]
  -------------------------------------------------------------------
                         required time                         10.881    
                         arrival time                          -9.474    
  -------------------------------------------------------------------
                         slack                                  1.407    

Slack (MET) :             1.407ns  (required time - arrival time)
  Source:                 FDPE_1/C
                            (rising edge-triggered cell FDPE clocked by sys_clk  {rise@0.000ns fall@5.000ns period=10.000ns})
  Destination:            lm32_cpu/load_store_unit/d_dat_o_reg[15]/R
                            (rising edge-triggered cell FDRE clocked by sys_clk  {rise@0.000ns fall@5.000ns period=10.000ns})
  Path Group:             sys_clk
  Path Type:              Setup (Max at Slow Process Corner)
  Requirement:            10.000ns  (sys_clk rise@10.000ns - sys_clk rise@0.000ns)
  Data Path Delay:        7.666ns  (logic 0.718ns (9.366%)  route 6.948ns (90.634%))
  Logic Levels:           1  (LUT4=1)
  Clock Path Skew:        -0.367ns (DCD - SCD + CPR)
    Destination Clock Delay (DCD):    1.440ns = ( 11.440 - 10.000 ) 
    Source Clock Delay      (SCD):    1.807ns
    Clock Pessimism Removal (CPR):    0.000ns
  Clock Uncertainty:      0.035ns  ((TSJ^2 + TIJ^2)^1/2 + DJ) / 2 + PE
    Total System Jitter     (TSJ):    0.071ns
    Total Input Jitter      (TIJ):    0.000ns
    Discrete Jitter          (DJ):    0.000ns
    Phase Error              (PE):    0.000ns

    Location             Delay type                Incr(ns)  Path(ns)    Netlist Resource(s)
  -------------------------------------------------------------------    -------------------
                         (clock sys_clk rise edge)    0.000     0.000 r  
    BUFGCTRL_X0Y0        BUFG                         0.000     0.000 r  BUFG/O
                         net (fo=1956, routed)        1.807     1.807    sys_clk
    SLICE_X0Y110         FDPE                                         r  FDPE_1/C
  -------------------------------------------------------------------    -------------------
    SLICE_X0Y110         FDPE (Prop_fdpe_C_Q)         0.419     2.226 r  FDPE_1/Q
                         net (fo=509, routed)         4.605     6.831    lm32_cpu/instruction_unit/icache/sys_rst
    SLICE_X39Y52         LUT4 (Prop_lut4_I0_O)        0.299     7.130 r  lm32_cpu/instruction_unit/icache/pc_d[31]_i_1/O
                         net (fo=1075, routed)        2.344     9.474    lm32_cpu/load_store_unit/rst_i0
    SLICE_X50Y28         FDRE                                         r  lm32_cpu/load_store_unit/d_dat_o_reg[15]/R
  -------------------------------------------------------------------    -------------------

                         (clock sys_clk rise edge)   10.000    10.000 r  
    BUFGCTRL_X0Y0        BUFG                         0.000    10.000 r  BUFG/O
                         net (fo=1956, routed)        1.440    11.440    lm32_cpu/load_store_unit/out
    SLICE_X50Y28         FDRE                                         r  lm32_cpu/load_store_unit/d_dat_o_reg[15]/C
                         clock pessimism              0.000    11.440    
                         clock uncertainty           -0.035    11.405    
    SLICE_X50Y28         FDRE (Setup_fdre_C_R)       -0.524    10.881    lm32_cpu/load_store_unit/d_dat_o_reg[15]
  -------------------------------------------------------------------
                         required time                         10.881    
                         arrival time                          -9.474    
  -------------------------------------------------------------------
                         slack                                  1.407    

Slack (MET) :             1.407ns  (required time - arrival time)
  Source:                 FDPE_1/C
                            (rising edge-triggered cell FDPE clocked by sys_clk  {rise@0.000ns fall@5.000ns period=10.000ns})
  Destination:            lm32_cpu/load_store_unit/d_dat_o_reg[16]/R
                            (rising edge-triggered cell FDRE clocked by sys_clk  {rise@0.000ns fall@5.000ns period=10.000ns})
  Path Group:             sys_clk
  Path Type:              Setup (Max at Slow Process Corner)
  Requirement:            10.000ns  (sys_clk rise@10.000ns - sys_clk rise@0.000ns)
  Data Path Delay:        7.666ns  (logic 0.718ns (9.366%)  route 6.948ns (90.634%))
  Logic Levels:           1  (LUT4=1)
  Clock Path Skew:        -0.367ns (DCD - SCD + CPR)
    Destination Clock Delay (DCD):    1.440ns = ( 11.440 - 10.000 ) 
    Source Clock Delay      (SCD):    1.807ns
    Clock Pessimism Removal (CPR):    0.000ns
  Clock Uncertainty:      0.035ns  ((TSJ^2 + TIJ^2)^1/2 + DJ) / 2 + PE
    Total System Jitter     (TSJ):    0.071ns
    Total Input Jitter      (TIJ):    0.000ns
    Discrete Jitter          (DJ):    0.000ns
    Phase Error              (PE):    0.000ns

    Location             Delay type                Incr(ns)  Path(ns)    Netlist Resource(s)
  -------------------------------------------------------------------    -------------------
                         (clock sys_clk rise edge)    0.000     0.000 r  
    BUFGCTRL_X0Y0        BUFG                         0.000     0.000 r  BUFG/O
                         net (fo=1956, routed)        1.807     1.807    sys_clk
    SLICE_X0Y110         FDPE                                         r  FDPE_1/C
  -------------------------------------------------------------------    -------------------
    SLICE_X0Y110         FDPE (Prop_fdpe_C_Q)         0.419     2.226 r  FDPE_1/Q
                         net (fo=509, routed)         4.605     6.831    lm32_cpu/instruction_unit/icache/sys_rst
    SLICE_X39Y52         LUT4 (Prop_lut4_I0_O)        0.299     7.130 r  lm32_cpu/instruction_unit/icache/pc_d[31]_i_1/O
                         net (fo=1075, routed)        2.344     9.474    lm32_cpu/load_store_unit/rst_i0
    SLICE_X50Y28         FDRE                                         r  lm32_cpu/load_store_unit/d_dat_o_reg[16]/R
  -------------------------------------------------------------------    -------------------

                         (clock sys_clk rise edge)   10.000    10.000 r  
    BUFGCTRL_X0Y0        BUFG                         0.000    10.000 r  BUFG/O
                         net (fo=1956, routed)        1.440    11.440    lm32_cpu/load_store_unit/out
    SLICE_X50Y28         FDRE                                         r  lm32_cpu/load_store_unit/d_dat_o_reg[16]/C
                         clock pessimism              0.000    11.440    
                         clock uncertainty           -0.035    11.405    
    SLICE_X50Y28         FDRE (Setup_fdre_C_R)       -0.524    10.881    lm32_cpu/load_store_unit/d_dat_o_reg[16]
  -------------------------------------------------------------------
                         required time                         10.881    
                         arrival time                          -9.474    
  -------------------------------------------------------------------
                         slack                                  1.407    

Slack (MET) :             1.424ns  (required time - arrival time)
  Source:                 basesoc_uart_eventmanager_storage_full_reg[0]/C
                            (rising edge-triggered cell FDRE clocked by sys_clk  {rise@0.000ns fall@5.000ns period=10.000ns})
  Destination:            lm32_cpu/instruction_unit/icache/memories[0].way_0_tag_ram/mem_reg/ADDRARDADDR[9]
                            (rising edge-triggered cell RAMB18E1 clocked by sys_clk  {rise@0.000ns fall@5.000ns period=10.000ns})
  Path Group:             sys_clk
  Path Type:              Setup (Max at Slow Process Corner)
  Requirement:            10.000ns  (sys_clk rise@10.000ns - sys_clk rise@0.000ns)
  Data Path Delay:        7.909ns  (logic 1.554ns (19.648%)  route 6.355ns (80.352%))
  Logic Levels:           7  (LUT3=1 LUT4=2 LUT5=3 LUT6=1)
  Clock Path Skew:        -0.065ns (DCD - SCD + CPR)
    Destination Clock Delay (DCD):    1.487ns = ( 11.487 - 10.000 ) 
    Source Clock Delay      (SCD):    1.552ns
    Clock Pessimism Removal (CPR):    0.000ns
  Clock Uncertainty:      0.035ns  ((TSJ^2 + TIJ^2)^1/2 + DJ) / 2 + PE
    Total System Jitter     (TSJ):    0.071ns
    Total Input Jitter      (TIJ):    0.000ns
    Discrete Jitter          (DJ):    0.000ns
    Phase Error              (PE):    0.000ns

    Location             Delay type                Incr(ns)  Path(ns)    Netlist Resource(s)
  -------------------------------------------------------------------    -------------------
                         (clock sys_clk rise edge)    0.000     0.000 r  
    BUFGCTRL_X0Y0        BUFG                         0.000     0.000 r  BUFG/O
                         net (fo=1956, routed)        1.552     1.552    sys_clk
    SLICE_X37Y58         FDRE                                         r  basesoc_uart_eventmanager_storage_full_reg[0]/C
  -------------------------------------------------------------------    -------------------
    SLICE_X37Y58         FDRE (Prop_fdre_C_Q)         0.456     2.008 f  basesoc_uart_eventmanager_storage_full_reg[0]/Q
                         net (fo=4, routed)           0.694     2.702    lm32_cpu/load_store_unit/dcache/memories[0].data_memories.way_0_data_ram/basesoc_uart_eventmanager_storage_full_reg[0]
    SLICE_X36Y58         LUT4 (Prop_lut4_I1_O)        0.124     2.826 f  lm32_cpu/load_store_unit/dcache/memories[0].data_memories.way_0_data_ram/pc_m[31]_i_5/O
                         net (fo=1, routed)           0.853     3.680    lm32_cpu/interrupt_unit/basesoc_lm32_interrupt[1]
    SLICE_X36Y45         LUT6 (Prop_lut6_I4_O)        0.124     3.804 r  lm32_cpu/interrupt_unit/pc_m[31]_i_2/O
                         net (fo=4, routed)           0.491     4.295    lm32_cpu/load_store_unit/dcache/memories[0].data_memories.way_0_data_ram/ie_reg
    SLICE_X33Y44         LUT5 (Prop_lut5_I2_O)        0.124     4.419 r  lm32_cpu/load_store_unit/dcache/memories[0].data_memories.way_0_data_ram/pc_m[31]_i_1/O
                         net (fo=187, routed)         0.627     5.046    lm32_cpu/mc_arithmetic/branch_flushX_m0
    SLICE_X35Y44         LUT5 (Prop_lut5_I4_O)        0.124     5.170 r  lm32_cpu/mc_arithmetic/pc_x[31]_i_2/O
                         net (fo=255, routed)         0.627     5.797    lm32_cpu/load_store_unit/dcache/state_reg[0]_0
    SLICE_X34Y43         LUT4 (Prop_lut4_I3_O)        0.150     5.947 f  lm32_cpu/load_store_unit/dcache/b[31]_i_8/O
                         net (fo=2, routed)           0.826     6.773    lm32_cpu/load_store_unit/dcache/b[31]_i_8_n_0
    SLICE_X34Y44         LUT5 (Prop_lut5_I0_O)        0.328     7.101 r  lm32_cpu/load_store_unit/dcache/mem_reg_i_12/O
                         net (fo=156, routed)         1.226     8.328    lm32_cpu/load_store_unit/dcache/valid_f2
    SLICE_X40Y27         LUT3 (Prop_lut3_I1_O)        0.124     8.452 r  lm32_cpu/load_store_unit/dcache/mem_reg_i_4__2/O
                         net (fo=2, routed)           1.010     9.461    lm32_cpu/instruction_unit/icache/memories[0].way_0_tag_ram/ADDRBWRADDR[4]
    RAMB18_X1Y12         RAMB18E1                                     r  lm32_cpu/instruction_unit/icache/memories[0].way_0_tag_ram/mem_reg/ADDRARDADDR[9]
  -------------------------------------------------------------------    -------------------

                         (clock sys_clk rise edge)   10.000    10.000 r  
    BUFGCTRL_X0Y0        BUFG                         0.000    10.000 r  BUFG/O
                         net (fo=1956, routed)        1.487    11.487    lm32_cpu/instruction_unit/icache/memories[0].way_0_tag_ram/out
    RAMB18_X1Y12         RAMB18E1                                     r  lm32_cpu/instruction_unit/icache/memories[0].way_0_tag_ram/mem_reg/CLKARDCLK
                         clock pessimism              0.000    11.487    
                         clock uncertainty           -0.035    11.452    
    RAMB18_X1Y12         RAMB18E1 (Setup_ramb18e1_CLKARDCLK_ADDRARDADDR[9])
                                                     -0.566    10.886    lm32_cpu/instruction_unit/icache/memories[0].way_0_tag_ram/mem_reg
  -------------------------------------------------------------------
                         required time                         10.886    
                         arrival time                          -9.461    
  -------------------------------------------------------------------
                         slack                                  1.424    





Min Delay Paths
--------------------------------------------------------------------------------------
Slack (MET) :             0.027ns  (arrival time - required time)
  Source:                 lm32_cpu/instruction_unit/pc_x_reg[4]/C
                            (rising edge-triggered cell FDRE clocked by sys_clk  {rise@0.000ns fall@5.000ns period=10.000ns})
  Destination:            lm32_cpu/instruction_unit/pc_m_reg[4]/D
                            (rising edge-triggered cell FDRE clocked by sys_clk  {rise@0.000ns fall@5.000ns period=10.000ns})
  Path Group:             sys_clk
  Path Type:              Hold (Min at Fast Process Corner)
  Requirement:            0.000ns  (sys_clk rise@0.000ns - sys_clk rise@0.000ns)
  Data Path Delay:        0.355ns  (logic 0.141ns (39.675%)  route 0.214ns (60.325%))
  Logic Levels:           0  
  Clock Path Skew:        0.262ns (DCD - SCD - CPR)
    Destination Clock Delay (DCD):    0.826ns
    Source Clock Delay      (SCD):    0.559ns
    Clock Pessimism Removal (CPR):    0.005ns

    Location             Delay type                Incr(ns)  Path(ns)    Netlist Resource(s)
  -------------------------------------------------------------------    -------------------
                         (clock sys_clk rise edge)    0.000     0.000 r  
    BUFGCTRL_X0Y0        BUFG                         0.000     0.000 r  BUFG/O
                         net (fo=1956, routed)        0.559     0.559    lm32_cpu/instruction_unit/out
    SLICE_X36Y36         FDRE                                         r  lm32_cpu/instruction_unit/pc_x_reg[4]/C
  -------------------------------------------------------------------    -------------------
    SLICE_X36Y36         FDRE (Prop_fdre_C_Q)         0.141     0.700 r  lm32_cpu/instruction_unit/pc_x_reg[4]/Q
                         net (fo=2, routed)           0.214     0.914    lm32_cpu/instruction_unit/pc_x_reg_n_0_[4]
    SLICE_X33Y34         FDRE                                         r  lm32_cpu/instruction_unit/pc_m_reg[4]/D
  -------------------------------------------------------------------    -------------------

                         (clock sys_clk rise edge)    0.000     0.000 r  
    BUFGCTRL_X0Y0        BUFG                         0.000     0.000 r  BUFG/O
                         net (fo=1956, routed)        0.826     0.826    lm32_cpu/instruction_unit/out
    SLICE_X33Y34         FDRE                                         r  lm32_cpu/instruction_unit/pc_m_reg[4]/C
                         clock pessimism             -0.005     0.821    
    SLICE_X33Y34         FDRE (Hold_fdre_C_D)         0.066     0.887    lm32_cpu/instruction_unit/pc_m_reg[4]
  -------------------------------------------------------------------
                         required time                         -0.887    
                         arrival time                           0.914    
  -------------------------------------------------------------------
                         slack                                  0.027    

Slack (MET) :             0.035ns  (arrival time - required time)
  Source:                 basesoc_uart_tx_fifo_produce_reg[0]/C
                            (rising edge-triggered cell FDRE clocked by sys_clk  {rise@0.000ns fall@5.000ns period=10.000ns})
  Destination:            storage_reg_0_15_0_5/RAMA/WADR0
                            (rising edge-triggered cell RAMD32 clocked by sys_clk  {rise@0.000ns fall@5.000ns period=10.000ns})
  Path Group:             sys_clk
  Path Type:              Hold (Min at Fast Process Corner)
  Requirement:            0.000ns  (sys_clk rise@0.000ns - sys_clk rise@0.000ns)
  Data Path Delay:        0.358ns  (logic 0.141ns (39.370%)  route 0.217ns (60.630%))
  Logic Levels:           0  
  Clock Path Skew:        0.013ns (DCD - SCD - CPR)
    Destination Clock Delay (DCD):    0.831ns
    Source Clock Delay      (SCD):    0.561ns
    Clock Pessimism Removal (CPR):    0.257ns

    Location             Delay type                Incr(ns)  Path(ns)    Netlist Resource(s)
  -------------------------------------------------------------------    -------------------
                         (clock sys_clk rise edge)    0.000     0.000 r  
    BUFGCTRL_X0Y0        BUFG                         0.000     0.000 r  BUFG/O
                         net (fo=1956, routed)        0.561     0.561    sys_clk
    SLICE_X47Y59         FDRE                                         r  basesoc_uart_tx_fifo_produce_reg[0]/C
  -------------------------------------------------------------------    -------------------
    SLICE_X47Y59         FDRE (Prop_fdre_C_Q)         0.141     0.702 r  basesoc_uart_tx_fifo_produce_reg[0]/Q
                         net (fo=20, routed)          0.217     0.919    storage_reg_0_15_0_5/ADDRD0
    SLICE_X46Y59         RAMD32                                       r  storage_reg_0_15_0_5/RAMA/WADR0
  -------------------------------------------------------------------    -------------------

                         (clock sys_clk rise edge)    0.000     0.000 r  
    BUFGCTRL_X0Y0        BUFG                         0.000     0.000 r  BUFG/O
                         net (fo=1956, routed)        0.831     0.831    storage_reg_0_15_0_5/WCLK
    SLICE_X46Y59         RAMD32                                       r  storage_reg_0_15_0_5/RAMA/CLK
                         clock pessimism             -0.257     0.574    
    SLICE_X46Y59         RAMD32 (Hold_ramd32_CLK_WADR0)
                                                      0.310     0.884    storage_reg_0_15_0_5/RAMA
  -------------------------------------------------------------------
                         required time                         -0.884    
                         arrival time                           0.919    
  -------------------------------------------------------------------
                         slack                                  0.035    

Slack (MET) :             0.035ns  (arrival time - required time)
  Source:                 basesoc_uart_tx_fifo_produce_reg[0]/C
                            (rising edge-triggered cell FDRE clocked by sys_clk  {rise@0.000ns fall@5.000ns period=10.000ns})
  Destination:            storage_reg_0_15_0_5/RAMA_D1/WADR0
                            (rising edge-triggered cell RAMD32 clocked by sys_clk  {rise@0.000ns fall@5.000ns period=10.000ns})
  Path Group:             sys_clk
  Path Type:              Hold (Min at Fast Process Corner)
  Requirement:            0.000ns  (sys_clk rise@0.000ns - sys_clk rise@0.000ns)
  Data Path Delay:        0.358ns  (logic 0.141ns (39.370%)  route 0.217ns (60.630%))
  Logic Levels:           0  
  Clock Path Skew:        0.013ns (DCD - SCD - CPR)
    Destination Clock Delay (DCD):    0.831ns
    Source Clock Delay      (SCD):    0.561ns
    Clock Pessimism Removal (CPR):    0.257ns

    Location             Delay type                Incr(ns)  Path(ns)    Netlist Resource(s)
  -------------------------------------------------------------------    -------------------
                         (clock sys_clk rise edge)    0.000     0.000 r  
    BUFGCTRL_X0Y0        BUFG                         0.000     0.000 r  BUFG/O
                         net (fo=1956, routed)        0.561     0.561    sys_clk
    SLICE_X47Y59         FDRE                                         r  basesoc_uart_tx_fifo_produce_reg[0]/C
  -------------------------------------------------------------------    -------------------
    SLICE_X47Y59         FDRE (Prop_fdre_C_Q)         0.141     0.702 r  basesoc_uart_tx_fifo_produce_reg[0]/Q
                         net (fo=20, routed)          0.217     0.919    storage_reg_0_15_0_5/ADDRD0
    SLICE_X46Y59         RAMD32                                       r  storage_reg_0_15_0_5/RAMA_D1/WADR0
  -------------------------------------------------------------------    -------------------

                         (clock sys_clk rise edge)    0.000     0.000 r  
    BUFGCTRL_X0Y0        BUFG                         0.000     0.000 r  BUFG/O
                         net (fo=1956, routed)        0.831     0.831    storage_reg_0_15_0_5/WCLK
    SLICE_X46Y59         RAMD32                                       r  storage_reg_0_15_0_5/RAMA_D1/CLK
                         clock pessimism             -0.257     0.574    
    SLICE_X46Y59         RAMD32 (Hold_ramd32_CLK_WADR0)
                                                      0.310     0.884    storage_reg_0_15_0_5/RAMA_D1
  -------------------------------------------------------------------
                         required time                         -0.884    
                         arrival time                           0.919    
  -------------------------------------------------------------------
                         slack                                  0.035    

Slack (MET) :             0.035ns  (arrival time - required time)
  Source:                 basesoc_uart_tx_fifo_produce_reg[0]/C
                            (rising edge-triggered cell FDRE clocked by sys_clk  {rise@0.000ns fall@5.000ns period=10.000ns})
  Destination:            storage_reg_0_15_0_5/RAMB/WADR0
                            (rising edge-triggered cell RAMD32 clocked by sys_clk  {rise@0.000ns fall@5.000ns period=10.000ns})
  Path Group:             sys_clk
  Path Type:              Hold (Min at Fast Process Corner)
  Requirement:            0.000ns  (sys_clk rise@0.000ns - sys_clk rise@0.000ns)
  Data Path Delay:        0.358ns  (logic 0.141ns (39.370%)  route 0.217ns (60.630%))
  Logic Levels:           0  
  Clock Path Skew:        0.013ns (DCD - SCD - CPR)
    Destination Clock Delay (DCD):    0.831ns
    Source Clock Delay      (SCD):    0.561ns
    Clock Pessimism Removal (CPR):    0.257ns

    Location             Delay type                Incr(ns)  Path(ns)    Netlist Resource(s)
  -------------------------------------------------------------------    -------------------
                         (clock sys_clk rise edge)    0.000     0.000 r  
    BUFGCTRL_X0Y0        BUFG                         0.000     0.000 r  BUFG/O
                         net (fo=1956, routed)        0.561     0.561    sys_clk
    SLICE_X47Y59         FDRE                                         r  basesoc_uart_tx_fifo_produce_reg[0]/C
  -------------------------------------------------------------------    -------------------
    SLICE_X47Y59         FDRE (Prop_fdre_C_Q)         0.141     0.702 r  basesoc_uart_tx_fifo_produce_reg[0]/Q
                         net (fo=20, routed)          0.217     0.919    storage_reg_0_15_0_5/ADDRD0
    SLICE_X46Y59         RAMD32                                       r  storage_reg_0_15_0_5/RAMB/WADR0
  -------------------------------------------------------------------    -------------------

                         (clock sys_clk rise edge)    0.000     0.000 r  
    BUFGCTRL_X0Y0        BUFG                         0.000     0.000 r  BUFG/O
                         net (fo=1956, routed)        0.831     0.831    storage_reg_0_15_0_5/WCLK
    SLICE_X46Y59         RAMD32                                       r  storage_reg_0_15_0_5/RAMB/CLK
                         clock pessimism             -0.257     0.574    
    SLICE_X46Y59         RAMD32 (Hold_ramd32_CLK_WADR0)
                                                      0.310     0.884    storage_reg_0_15_0_5/RAMB
  -------------------------------------------------------------------
                         required time                         -0.884    
                         arrival time                           0.919    
  -------------------------------------------------------------------
                         slack                                  0.035    

Slack (MET) :             0.035ns  (arrival time - required time)
  Source:                 basesoc_uart_tx_fifo_produce_reg[0]/C
                            (rising edge-triggered cell FDRE clocked by sys_clk  {rise@0.000ns fall@5.000ns period=10.000ns})
  Destination:            storage_reg_0_15_0_5/RAMB_D1/WADR0
                            (rising edge-triggered cell RAMD32 clocked by sys_clk  {rise@0.000ns fall@5.000ns period=10.000ns})
  Path Group:             sys_clk
  Path Type:              Hold (Min at Fast Process Corner)
  Requirement:            0.000ns  (sys_clk rise@0.000ns - sys_clk rise@0.000ns)
  Data Path Delay:        0.358ns  (logic 0.141ns (39.370%)  route 0.217ns (60.630%))
  Logic Levels:           0  
  Clock Path Skew:        0.013ns (DCD - SCD - CPR)
    Destination Clock Delay (DCD):    0.831ns
    Source Clock Delay      (SCD):    0.561ns
    Clock Pessimism Removal (CPR):    0.257ns

    Location             Delay type                Incr(ns)  Path(ns)    Netlist Resource(s)
  -------------------------------------------------------------------    -------------------
                         (clock sys_clk rise edge)    0.000     0.000 r  
    BUFGCTRL_X0Y0        BUFG                         0.000     0.000 r  BUFG/O
                         net (fo=1956, routed)        0.561     0.561    sys_clk
    SLICE_X47Y59         FDRE                                         r  basesoc_uart_tx_fifo_produce_reg[0]/C
  -------------------------------------------------------------------    -------------------
    SLICE_X47Y59         FDRE (Prop_fdre_C_Q)         0.141     0.702 r  basesoc_uart_tx_fifo_produce_reg[0]/Q
                         net (fo=20, routed)          0.217     0.919    storage_reg_0_15_0_5/ADDRD0
    SLICE_X46Y59         RAMD32                                       r  storage_reg_0_15_0_5/RAMB_D1/WADR0
  -------------------------------------------------------------------    -------------------

                         (clock sys_clk rise edge)    0.000     0.000 r  
    BUFGCTRL_X0Y0        BUFG                         0.000     0.000 r  BUFG/O
                         net (fo=1956, routed)        0.831     0.831    storage_reg_0_15_0_5/WCLK
    SLICE_X46Y59         RAMD32                                       r  storage_reg_0_15_0_5/RAMB_D1/CLK
                         clock pessimism             -0.257     0.574    
    SLICE_X46Y59         RAMD32 (Hold_ramd32_CLK_WADR0)
                                                      0.310     0.884    storage_reg_0_15_0_5/RAMB_D1
  -------------------------------------------------------------------
                         required time                         -0.884    
                         arrival time                           0.919    
  -------------------------------------------------------------------
                         slack                                  0.035    

Slack (MET) :             0.035ns  (arrival time - required time)
  Source:                 basesoc_uart_tx_fifo_produce_reg[0]/C
                            (rising edge-triggered cell FDRE clocked by sys_clk  {rise@0.000ns fall@5.000ns period=10.000ns})
  Destination:            storage_reg_0_15_0_5/RAMC/WADR0
                            (rising edge-triggered cell RAMD32 clocked by sys_clk  {rise@0.000ns fall@5.000ns period=10.000ns})
  Path Group:             sys_clk
  Path Type:              Hold (Min at Fast Process Corner)
  Requirement:            0.000ns  (sys_clk rise@0.000ns - sys_clk rise@0.000ns)
  Data Path Delay:        0.358ns  (logic 0.141ns (39.370%)  route 0.217ns (60.630%))
  Logic Levels:           0  
  Clock Path Skew:        0.013ns (DCD - SCD - CPR)
    Destination Clock Delay (DCD):    0.831ns
    Source Clock Delay      (SCD):    0.561ns
    Clock Pessimism Removal (CPR):    0.257ns

    Location             Delay type                Incr(ns)  Path(ns)    Netlist Resource(s)
  -------------------------------------------------------------------    -------------------
                         (clock sys_clk rise edge)    0.000     0.000 r  
    BUFGCTRL_X0Y0        BUFG                         0.000     0.000 r  BUFG/O
                         net (fo=1956, routed)        0.561     0.561    sys_clk
    SLICE_X47Y59         FDRE                                         r  basesoc_uart_tx_fifo_produce_reg[0]/C
  -------------------------------------------------------------------    -------------------
    SLICE_X47Y59         FDRE (Prop_fdre_C_Q)         0.141     0.702 r  basesoc_uart_tx_fifo_produce_reg[0]/Q
                         net (fo=20, routed)          0.217     0.919    storage_reg_0_15_0_5/ADDRD0
    SLICE_X46Y59         RAMD32                                       r  storage_reg_0_15_0_5/RAMC/WADR0
  -------------------------------------------------------------------    -------------------

                         (clock sys_clk rise edge)    0.000     0.000 r  
    BUFGCTRL_X0Y0        BUFG                         0.000     0.000 r  BUFG/O
                         net (fo=1956, routed)        0.831     0.831    storage_reg_0_15_0_5/WCLK
    SLICE_X46Y59         RAMD32                                       r  storage_reg_0_15_0_5/RAMC/CLK
                         clock pessimism             -0.257     0.574    
    SLICE_X46Y59         RAMD32 (Hold_ramd32_CLK_WADR0)
                                                      0.310     0.884    storage_reg_0_15_0_5/RAMC
  -------------------------------------------------------------------
                         required time                         -0.884    
                         arrival time                           0.919    
  -------------------------------------------------------------------
                         slack                                  0.035    

Slack (MET) :             0.035ns  (arrival time - required time)
  Source:                 basesoc_uart_tx_fifo_produce_reg[0]/C
                            (rising edge-triggered cell FDRE clocked by sys_clk  {rise@0.000ns fall@5.000ns period=10.000ns})
  Destination:            storage_reg_0_15_0_5/RAMC_D1/WADR0
                            (rising edge-triggered cell RAMD32 clocked by sys_clk  {rise@0.000ns fall@5.000ns period=10.000ns})
  Path Group:             sys_clk
  Path Type:              Hold (Min at Fast Process Corner)
  Requirement:            0.000ns  (sys_clk rise@0.000ns - sys_clk rise@0.000ns)
  Data Path Delay:        0.358ns  (logic 0.141ns (39.370%)  route 0.217ns (60.630%))
  Logic Levels:           0  
  Clock Path Skew:        0.013ns (DCD - SCD - CPR)
    Destination Clock Delay (DCD):    0.831ns
    Source Clock Delay      (SCD):    0.561ns
    Clock Pessimism Removal (CPR):    0.257ns

    Location             Delay type                Incr(ns)  Path(ns)    Netlist Resource(s)
  -------------------------------------------------------------------    -------------------
                         (clock sys_clk rise edge)    0.000     0.000 r  
    BUFGCTRL_X0Y0        BUFG                         0.000     0.000 r  BUFG/O
                         net (fo=1956, routed)        0.561     0.561    sys_clk
    SLICE_X47Y59         FDRE                                         r  basesoc_uart_tx_fifo_produce_reg[0]/C
  -------------------------------------------------------------------    -------------------
    SLICE_X47Y59         FDRE (Prop_fdre_C_Q)         0.141     0.702 r  basesoc_uart_tx_fifo_produce_reg[0]/Q
                         net (fo=20, routed)          0.217     0.919    storage_reg_0_15_0_5/ADDRD0
    SLICE_X46Y59         RAMD32                                       r  storage_reg_0_15_0_5/RAMC_D1/WADR0
  -------------------------------------------------------------------    -------------------

                         (clock sys_clk rise edge)    0.000     0.000 r  
    BUFGCTRL_X0Y0        BUFG                         0.000     0.000 r  BUFG/O
                         net (fo=1956, routed)        0.831     0.831    storage_reg_0_15_0_5/WCLK
    SLICE_X46Y59         RAMD32                                       r  storage_reg_0_15_0_5/RAMC_D1/CLK
                         clock pessimism             -0.257     0.574    
    SLICE_X46Y59         RAMD32 (Hold_ramd32_CLK_WADR0)
                                                      0.310     0.884    storage_reg_0_15_0_5/RAMC_D1
  -------------------------------------------------------------------
                         required time                         -0.884    
                         arrival time                           0.919    
  -------------------------------------------------------------------
                         slack                                  0.035    

Slack (MET) :             0.035ns  (arrival time - required time)
  Source:                 basesoc_uart_tx_fifo_produce_reg[0]/C
                            (rising edge-triggered cell FDRE clocked by sys_clk  {rise@0.000ns fall@5.000ns period=10.000ns})
  Destination:            storage_reg_0_15_0_5/RAMD/ADR0
                            (rising edge-triggered cell RAMS32 clocked by sys_clk  {rise@0.000ns fall@5.000ns period=10.000ns})
  Path Group:             sys_clk
  Path Type:              Hold (Min at Fast Process Corner)
  Requirement:            0.000ns  (sys_clk rise@0.000ns - sys_clk rise@0.000ns)
  Data Path Delay:        0.358ns  (logic 0.141ns (39.370%)  route 0.217ns (60.630%))
  Logic Levels:           0  
  Clock Path Skew:        0.013ns (DCD - SCD - CPR)
    Destination Clock Delay (DCD):    0.831ns
    Source Clock Delay      (SCD):    0.561ns
    Clock Pessimism Removal (CPR):    0.257ns

    Location             Delay type                Incr(ns)  Path(ns)    Netlist Resource(s)
  -------------------------------------------------------------------    -------------------
                         (clock sys_clk rise edge)    0.000     0.000 r  
    BUFGCTRL_X0Y0        BUFG                         0.000     0.000 r  BUFG/O
                         net (fo=1956, routed)        0.561     0.561    sys_clk
    SLICE_X47Y59         FDRE                                         r  basesoc_uart_tx_fifo_produce_reg[0]/C
  -------------------------------------------------------------------    -------------------
    SLICE_X47Y59         FDRE (Prop_fdre_C_Q)         0.141     0.702 r  basesoc_uart_tx_fifo_produce_reg[0]/Q
                         net (fo=20, routed)          0.217     0.919    storage_reg_0_15_0_5/ADDRD0
    SLICE_X46Y59         RAMS32                                       r  storage_reg_0_15_0_5/RAMD/ADR0
  -------------------------------------------------------------------    -------------------

                         (clock sys_clk rise edge)    0.000     0.000 r  
    BUFGCTRL_X0Y0        BUFG                         0.000     0.000 r  BUFG/O
                         net (fo=1956, routed)        0.831     0.831    storage_reg_0_15_0_5/WCLK
    SLICE_X46Y59         RAMS32                                       r  storage_reg_0_15_0_5/RAMD/CLK
                         clock pessimism             -0.257     0.574    
    SLICE_X46Y59         RAMS32 (Hold_rams32_CLK_ADR0)
                                                      0.310     0.884    storage_reg_0_15_0_5/RAMD
  -------------------------------------------------------------------
                         required time                         -0.884    
                         arrival time                           0.919    
  -------------------------------------------------------------------
                         slack                                  0.035    

Slack (MET) :             0.035ns  (arrival time - required time)
  Source:                 basesoc_uart_tx_fifo_produce_reg[0]/C
                            (rising edge-triggered cell FDRE clocked by sys_clk  {rise@0.000ns fall@5.000ns period=10.000ns})
  Destination:            storage_reg_0_15_0_5/RAMD_D1/ADR0
                            (rising edge-triggered cell RAMS32 clocked by sys_clk  {rise@0.000ns fall@5.000ns period=10.000ns})
  Path Group:             sys_clk
  Path Type:              Hold (Min at Fast Process Corner)
  Requirement:            0.000ns  (sys_clk rise@0.000ns - sys_clk rise@0.000ns)
  Data Path Delay:        0.358ns  (logic 0.141ns (39.370%)  route 0.217ns (60.630%))
  Logic Levels:           0  
  Clock Path Skew:        0.013ns (DCD - SCD - CPR)
    Destination Clock Delay (DCD):    0.831ns
    Source Clock Delay      (SCD):    0.561ns
    Clock Pessimism Removal (CPR):    0.257ns

    Location             Delay type                Incr(ns)  Path(ns)    Netlist Resource(s)
  -------------------------------------------------------------------    -------------------
                         (clock sys_clk rise edge)    0.000     0.000 r  
    BUFGCTRL_X0Y0        BUFG                         0.000     0.000 r  BUFG/O
                         net (fo=1956, routed)        0.561     0.561    sys_clk
    SLICE_X47Y59         FDRE                                         r  basesoc_uart_tx_fifo_produce_reg[0]/C
  -------------------------------------------------------------------    -------------------
    SLICE_X47Y59         FDRE (Prop_fdre_C_Q)         0.141     0.702 r  basesoc_uart_tx_fifo_produce_reg[0]/Q
                         net (fo=20, routed)          0.217     0.919    storage_reg_0_15_0_5/ADDRD0
    SLICE_X46Y59         RAMS32                                       r  storage_reg_0_15_0_5/RAMD_D1/ADR0
  -------------------------------------------------------------------    -------------------

                         (clock sys_clk rise edge)    0.000     0.000 r  
    BUFGCTRL_X0Y0        BUFG                         0.000     0.000 r  BUFG/O
                         net (fo=1956, routed)        0.831     0.831    storage_reg_0_15_0_5/WCLK
    SLICE_X46Y59         RAMS32                                       r  storage_reg_0_15_0_5/RAMD_D1/CLK
                         clock pessimism             -0.257     0.574    
    SLICE_X46Y59         RAMS32 (Hold_rams32_CLK_ADR0)
                                                      0.310     0.884    storage_reg_0_15_0_5/RAMD_D1
  -------------------------------------------------------------------
                         required time                         -0.884    
                         arrival time                           0.919    
  -------------------------------------------------------------------
                         slack                                  0.035    

Slack (MET) :             0.036ns  (arrival time - required time)
  Source:                 lm32_cpu/instruction_unit/pc_d_reg[7]/C
                            (rising edge-triggered cell FDRE clocked by sys_clk  {rise@0.000ns fall@5.000ns period=10.000ns})
  Destination:            lm32_cpu/instruction_unit/pc_x_reg[7]/D
                            (rising edge-triggered cell FDRE clocked by sys_clk  {rise@0.000ns fall@5.000ns period=10.000ns})
  Path Group:             sys_clk
  Path Type:              Hold (Min at Fast Process Corner)
  Requirement:            0.000ns  (sys_clk rise@0.000ns - sys_clk rise@0.000ns)
  Data Path Delay:        0.364ns  (logic 0.141ns (38.729%)  route 0.223ns (61.271%))
  Logic Levels:           0  
  Clock Path Skew:        0.262ns (DCD - SCD - CPR)
    Destination Clock Delay (DCD):    0.823ns
    Source Clock Delay      (SCD):    0.556ns
    Clock Pessimism Removal (CPR):    0.005ns

    Location             Delay type                Incr(ns)  Path(ns)    Netlist Resource(s)
  -------------------------------------------------------------------    -------------------
                         (clock sys_clk rise edge)    0.000     0.000 r  
    BUFGCTRL_X0Y0        BUFG                         0.000     0.000 r  BUFG/O
                         net (fo=1956, routed)        0.556     0.556    lm32_cpu/instruction_unit/out
    SLICE_X39Y31         FDRE                                         r  lm32_cpu/instruction_unit/pc_d_reg[7]/C
  -------------------------------------------------------------------    -------------------
    SLICE_X39Y31         FDRE (Prop_fdre_C_Q)         0.141     0.697 r  lm32_cpu/instruction_unit/pc_d_reg[7]/Q
                         net (fo=4, routed)           0.223     0.920    lm32_cpu/instruction_unit/pc_d[7]
    SLICE_X35Y32         FDRE                                         r  lm32_cpu/instruction_unit/pc_x_reg[7]/D
  -------------------------------------------------------------------    -------------------

                         (clock sys_clk rise edge)    0.000     0.000 r  
    BUFGCTRL_X0Y0        BUFG                         0.000     0.000 r  BUFG/O
                         net (fo=1956, routed)        0.823     0.823    lm32_cpu/instruction_unit/out
    SLICE_X35Y32         FDRE                                         r  lm32_cpu/instruction_unit/pc_x_reg[7]/C
                         clock pessimism             -0.005     0.818    
    SLICE_X35Y32         FDRE (Hold_fdre_C_D)         0.066     0.884    lm32_cpu/instruction_unit/pc_x_reg[7]
  -------------------------------------------------------------------
                         required time                         -0.884    
                         arrival time                           0.920    
  -------------------------------------------------------------------
                         slack                                  0.036    





Pulse Width Checks
--------------------------------------------------------------------------------------
Clock Name:         sys_clk
Waveform(ns):       { 0.000 5.000 }
Period(ns):         10.000
Sources:            { BUFG/O }

Check Type        Corner  Lib Pin             Reference Pin  Required(ns)  Actual(ns)  Slack(ns)  Location      Pin
Min Period        n/a     XADC/DCLK           n/a            4.000         10.000      6.000      XADC_X0Y0     XADC/DCLK
Min Period        n/a     DSP48E1/CLK         n/a            3.884         10.000      6.116      DSP48_X1Y15   lm32_cpu/multiplier/product_reg__0/CLK
Min Period        n/a     DSP48E1/CLK         n/a            3.884         10.000      6.116      DSP48_X1Y16   lm32_cpu/multiplier/product0/CLK
Min Period        n/a     RAMB36E1/CLKARDCLK  n/a            2.576         10.000      7.424      RAMB36_X1Y8   mem_1_reg_3_0/CLKARDCLK
Min Period        n/a     RAMB36E1/CLKARDCLK  n/a            2.576         10.000      7.424      RAMB36_X2Y8   mem_1_reg_3_1/CLKARDCLK
Min Period        n/a     RAMB36E1/CLKARDCLK  n/a            2.576         10.000      7.424      RAMB36_X1Y7   lm32_cpu/load_store_unit/dcache/memories[0].data_memories.way_0_data_ram/mem_reg/CLKARDCLK
Min Period        n/a     RAMB36E1/CLKBWRCLK  n/a            2.576         10.000      7.424      RAMB36_X1Y7   lm32_cpu/load_store_unit/dcache/memories[0].data_memories.way_0_data_ram/mem_reg/CLKBWRCLK
Min Period        n/a     RAMB36E1/CLKARDCLK  n/a            2.576         10.000      7.424      RAMB36_X0Y9   memadr_reg_0/CLKARDCLK
Min Period        n/a     RAMB36E1/CLKARDCLK  n/a            2.576         10.000      7.424      RAMB36_X2Y6   memadr_reg_1/CLKARDCLK
Min Period        n/a     RAMB18E1/CLKARDCLK  n/a            2.576         10.000      7.424      RAMB18_X1Y13  lm32_cpu/load_store_unit/dcache/memories[0].way_0_tag_ram/mem_reg/CLKARDCLK
Low Pulse Width   Fast    RAMD32/CLK          n/a            1.250         5.000       3.750      SLICE_X34Y40  lm32_cpu/registers_reg_r1_0_31_12_17/RAMA/CLK
Low Pulse Width   Fast    RAMD32/CLK          n/a            1.250         5.000       3.750      SLICE_X34Y40  lm32_cpu/registers_reg_r1_0_31_12_17/RAMA_D1/CLK
Low Pulse Width   Fast    RAMD32/CLK          n/a            1.250         5.000       3.750      SLICE_X34Y40  lm32_cpu/registers_reg_r1_0_31_12_17/RAMB/CLK
Low Pulse Width   Fast    RAMD32/CLK          n/a            1.250         5.000       3.750      SLICE_X34Y40  lm32_cpu/registers_reg_r1_0_31_12_17/RAMB_D1/CLK
Low Pulse Width   Fast    RAMD32/CLK          n/a            1.250         5.000       3.750      SLICE_X34Y40  lm32_cpu/registers_reg_r1_0_31_12_17/RAMC/CLK
Low Pulse Width   Fast    RAMD32/CLK          n/a            1.250         5.000       3.750      SLICE_X34Y40  lm32_cpu/registers_reg_r1_0_31_12_17/RAMC_D1/CLK
Low Pulse Width   Fast    RAMS32/CLK          n/a            1.250         5.000       3.750      SLICE_X34Y40  lm32_cpu/registers_reg_r1_0_31_12_17/RAMD/CLK
Low Pulse Width   Fast    RAMS32/CLK          n/a            1.250         5.000       3.750      SLICE_X34Y40  lm32_cpu/registers_reg_r1_0_31_12_17/RAMD_D1/CLK
Low Pulse Width   Fast    RAMD32/CLK          n/a            1.250         5.000       3.750      SLICE_X38Y41  lm32_cpu/registers_reg_r1_0_31_24_29/RAMA/CLK
Low Pulse Width   Fast    RAMD32/CLK          n/a            1.250         5.000       3.750      SLICE_X38Y41  lm32_cpu/registers_reg_r1_0_31_24_29/RAMA_D1/CLK
High Pulse Width  Fast    RAMD32/CLK          n/a            1.250         5.000       3.750      SLICE_X34Y38  lm32_cpu/registers_reg_r1_0_31_0_5/RAMA/CLK
High Pulse Width  Fast    RAMD32/CLK          n/a            1.250         5.000       3.750      SLICE_X34Y38  lm32_cpu/registers_reg_r1_0_31_0_5/RAMA_D1/CLK
High Pulse Width  Fast    RAMD32/CLK          n/a            1.250         5.000       3.750      SLICE_X34Y38  lm32_cpu/registers_reg_r1_0_31_0_5/RAMB/CLK
High Pulse Width  Fast    RAMD32/CLK          n/a            1.250         5.000       3.750      SLICE_X34Y38  lm32_cpu/registers_reg_r1_0_31_0_5/RAMB_D1/CLK
High Pulse Width  Fast    RAMD32/CLK          n/a            1.250         5.000       3.750      SLICE_X34Y38  lm32_cpu/registers_reg_r1_0_31_0_5/RAMC/CLK
High Pulse Width  Fast    RAMD32/CLK          n/a            1.250         5.000       3.750      SLICE_X34Y38  lm32_cpu/registers_reg_r1_0_31_0_5/RAMC_D1/CLK
High Pulse Width  Fast    RAMS32/CLK          n/a            1.250         5.000       3.750      SLICE_X34Y38  lm32_cpu/registers_reg_r1_0_31_0_5/RAMD/CLK
High Pulse Width  Fast    RAMS32/CLK          n/a            1.250         5.000       3.750      SLICE_X34Y38  lm32_cpu/registers_reg_r1_0_31_0_5/RAMD_D1/CLK
High Pulse Width  Fast    RAMD32/CLK          n/a            1.250         5.000       3.750      SLICE_X34Y39  lm32_cpu/registers_reg_r2_0_31_12_17/RAMA/CLK
High Pulse Width  Fast    RAMD32/CLK          n/a            1.250         5.000       3.750      SLICE_X34Y39  lm32_cpu/registers_reg_r2_0_31_12_17/RAMA_D1/CLK



---------------------------------------------------------------------------------------------------
From Clock:  
  To Clock:  sys_clk

Setup :            0  Failing Endpoints,  Worst Slack        2.568ns,  Total Violation        0.000ns
Hold  :           NA  Failing Endpoints,  Worst Slack           NA  ,  Total Violation           NA
---------------------------------------------------------------------------------------------------


Max Delay Paths
--------------------------------------------------------------------------------------
Slack (MET) :             2.568ns  (required time - arrival time)
  Source:                 FDPE/Q
                            (internal pin)
  Destination:            FDPE_1/D
                            (rising edge-triggered cell FDPE clocked by sys_clk  {rise@0.000ns fall@5.000ns period=10.000ns})
  Path Group:             sys_clk
  Path Type:              Setup (Max at Fast Process Corner)
  Requirement:            2.000ns  (MaxDelay Path 2.000ns)
  Data Path Delay:        0.075ns  (logic 0.000ns (0.000%)  route 0.075ns (100.000%))
  Logic Levels:           0  
  Clock Path Skew:        0.673ns (DCD - SCD + CPR)
    Destination Clock Delay (DCD):    0.673ns
    Source Clock Delay      (SCD):    0.000ns
    Clock Pessimism Removal (CPR):    0.000ns
  Clock Uncertainty:      0.025ns  ((TSJ^2 + TIJ^2)^1/2 + DJ) / 2 + PE
    Total System Jitter     (TSJ):    0.050ns
    Total Input Jitter      (TIJ):    0.000ns
    Discrete Jitter          (DJ):    0.000ns
    Phase Error              (PE):    0.000ns
  Timing Exception:       MaxDelay Path 2.000ns

    Location             Delay type                Incr(ns)  Path(ns)    Netlist Resource(s)
  -------------------------------------------------------------------    -------------------
    SLICE_X0Y110         FDPE                         0.000     0.000 r  FDPE/Q
                         net (fo=1, routed)           0.075     0.075    rst_meta
    SLICE_X0Y110         FDPE                                         r  FDPE_1/D
  -------------------------------------------------------------------    -------------------

                         max delay                    2.000     2.000    
    BUFGCTRL_X0Y0        BUFG                         0.000     2.000 r  BUFG/O
                         net (fo=1956, routed)        0.673     2.673    sys_clk
    SLICE_X0Y110         FDPE                                         r  FDPE_1/C
                         clock pessimism              0.000     2.673    
                         clock uncertainty           -0.025     2.648    
    SLICE_X0Y110         FDPE (Setup_fdpe_C_D)       -0.005     2.643    FDPE_1
  -------------------------------------------------------------------
                         required time                          2.643    
                         arrival time                          -0.075    
  -------------------------------------------------------------------
                         slack                                  2.568    





------------------------------------------------------------------------------------------------
| Data sheet
| ----------
------------------------------------------------------------------------------------------------

Input Ports Setup/Hold

----------+------------------+---------+-------+---------------+---------+---------------+---------+----------+
Reference | Input            | IO Reg  | Delay |     Setup(ns) | Process |      Hold(ns) | Process | Internal |
Clock     | Port             | Type    | Type  | to Clk (Edge) | Corner  | to Clk (Edge) | Corner  | Clock    |
----------+------------------+---------+-------+---------------+---------+---------------+---------+----------+
sys_clk   | serial_rx        | FDRE    | -     |     2.164 (r) | SLOW    |    -0.237 (r) | FAST    |          |
sys_clk   | spiflash_1x_miso | FDRE    | -     |     2.435 (r) | SLOW    |    -0.112 (r) | FAST    |          |
sys_clk   | user_btn0        | FDPE    | -     |     1.182 (r) | SLOW    |     0.218 (r) | FAST    |          |
----------+------------------+---------+-------+---------------+---------+---------------+---------+----------+


Output Ports Clock-to-out

----------+------------------+--------+-------+----------------+---------+----------------+---------+----------+
Reference | Output           | IO Reg | Delay | Max Clk (Edge) | Process | Min Clk (Edge) | Process | Internal |
Clock     | Port             | Type   | Type  |    to port(ns) | Corner  |    to port(ns) | Corner  | Clock    |
----------+------------------+--------+-------+----------------+---------+----------------+---------+----------+
sys_clk   | serial_tx        | FDSE   | -     |      8.979 (r) | SLOW    |      3.100 (r) | FAST    |          |
sys_clk   | spiflash_1x_cs_n | FDRE   | -     |      9.881 (r) | SLOW    |      3.273 (r) | FAST    |          |
sys_clk   | spiflash_1x_mosi | FDRE   | -     |      9.379 (r) | SLOW    |      2.897 (r) | FAST    |          |
----------+------------------+--------+-------+----------------+---------+----------------+---------+----------+


Setup between Clocks

--------+-------------+---------------+---------+---------------+---------+---------------+---------+---------------+---------+
Source  | Destination |  Src:Rise     | Process |  Src:Rise     | Process |  Src:Fall     | Process |  Src:Fall     | Process |
Clock   | Clock       | Dest:Rise(ns) | Corner  | Dest:Fall(ns) | Corner  | Dest:Rise(ns) | Corner  | Dest:Fall(ns) | Corner  |
--------+-------------+---------------+---------+---------------+---------+---------------+---------+---------------+---------+
sys_clk | sys_clk     |         9.018 | SLOW    |               |         |               |         |               |         |
--------+-------------+---------------+---------+---------------+---------+---------------+---------+---------------+---------+



