Copyright 1986-2017 Xilinx, Inc. All Rights Reserved.
--------------------------------------------------------------------------------------------------------------
| Tool Version : Vivado v.2017.3 (lin64) Build 2018833 Wed Oct  4 19:58:07 MDT 2017
| Date         : Fri Oct 12 22:49:22 2018
| Host         : travis-job-timvideos-hdmi2usb-litex-440814539.travisci.net running 64-bit Ubuntu 14.04.5 LTS
| Command      : report_utilization -hierarchical -file top_utilization_hierarchical_synth.rpt
| Design       : top
| Device       : 7a35tcsg324-1
| Design State : Synthesized
--------------------------------------------------------------------------------------------------------------

Utilization Design Information

Table of Contents
-----------------
1. Utilization by Hierarchy

1. Utilization by Hierarchy
---------------------------

+----------------------------+------------------+------------+------------+---------+------+------+--------+--------+--------------+
|          Instance          |      Module      | Total LUTs | Logic LUTs | LUTRAMs | SRLs |  FFs | RAMB36 | RAMB18 | DSP48 Blocks |
+----------------------------+------------------+------------+------------+---------+------+------+--------+--------+--------------+
| top                        |            (top) |       4032 |       3862 |     168 |    2 | 3355 |     17 |     25 |            4 |
|   (top)                    |            (top) |       1931 |       1785 |     144 |    2 | 1898 |     16 |     17 |            0 |
|   VexRiscv                 |         VexRiscv |       2101 |       2077 |      24 |    0 | 1457 |      1 |      8 |            4 |
|     (VexRiscv)             |         VexRiscv |        775 |        775 |       0 |    0 |  904 |      0 |      2 |            4 |
|     IBusCachedPlugin_cache | InstructionCache |        376 |        376 |       0 |    0 |   97 |      1 |      1 |            0 |
|     dataCache_1            |        DataCache |        950 |        926 |      24 |    0 |  456 |      0 |      5 |            0 |
+----------------------------+------------------+------------+------------+---------+------+------+--------+--------+--------------+


