Copyright 1986-2017 Xilinx, Inc. All Rights Reserved.
---------------------------------------------------------------------------------------------------
| Tool Version : Vivado v.2017.3 (lin64) Build 2018833 Wed Oct  4 19:58:07 MDT 2017
| Date         : Sat Dec 29 01:51:42 2018
| Host         : travis-job-ddfe80c2-59b7-4b1f-8101-53e3f960e4c2 running 64-bit Ubuntu 14.04.5 LTS
| Command      : report_utilization -hierarchical -file top_utilization_hierarchical_synth.rpt
| Design       : top
| Device       : 7a50tfgg484-1
| Design State : Synthesized
---------------------------------------------------------------------------------------------------

Utilization Design Information

Table of Contents
-----------------
1. Utilization by Hierarchy

1. Utilization by Hierarchy
---------------------------

+----------------------------+------------------+------------+------------+---------+------+------+--------+--------+--------------+
|          Instance          |      Module      | Total LUTs | Logic LUTs | LUTRAMs | SRLs |  FFs | RAMB36 | RAMB18 | DSP48 Blocks |
+----------------------------+------------------+------------+------------+---------+------+------+--------+--------+--------------+
| top                        |            (top) |       4213 |       4043 |     168 |    2 | 3754 |     25 |     25 |            4 |
|   (top)                    |            (top) |       2041 |       1895 |     144 |    2 | 2297 |     24 |     17 |            0 |
|   VexRiscv                 |         VexRiscv |       2172 |       2148 |      24 |    0 | 1457 |      1 |      8 |            4 |
|     (VexRiscv)             |         VexRiscv |        784 |        784 |       0 |    0 |  901 |      0 |      2 |            4 |
|     IBusCachedPlugin_cache | InstructionCache |        393 |        393 |       0 |    0 |  100 |      1 |      1 |            0 |
|     dataCache_1            |        DataCache |        995 |        971 |      24 |    0 |  456 |      0 |      5 |            0 |
+----------------------------+------------------+------------+------------+---------+------+------+--------+--------+--------------+


