Copyright 1986-2017 Xilinx, Inc. All Rights Reserved.
---------------------------------------------------------------------------------------------------
| Tool Version : Vivado v.2017.3 (lin64) Build 2018833 Wed Oct  4 19:58:07 MDT 2017
| Date         : Fri Oct 25 05:47:55 2019
| Host         : travis-job-6daa42cf-dd62-43c1-9049-cd1745ce24a3 running 64-bit Ubuntu 16.04.6 LTS
| Command      : report_utilization -hierarchical -file top_utilization_hierarchical_place.rpt
| Design       : top
| Device       : 7a35tcsg324-1
| Design State : Fully Placed
---------------------------------------------------------------------------------------------------

Utilization Design Information

Table of Contents
-----------------
1. Utilization by Hierarchy

1. Utilization by Hierarchy
---------------------------

+--------------------------------------------------+----------------------------+------------+------------+---------+------+------+--------+--------+--------------+
|                     Instance                     |           Module           | Total LUTs | Logic LUTs | LUTRAMs | SRLs |  FFs | RAMB36 | RAMB18 | DSP48 Blocks |
+--------------------------------------------------+----------------------------+------------+------------+---------+------+------+--------+--------+--------------+
| top                                              |                      (top) |       4551 |       4317 |     232 |    2 | 4078 |     20 |     29 |            3 |
|   (top)                                          |                      (top) |       2685 |       2499 |     184 |    2 | 2938 |     18 |     27 |            0 |
|   lm32_cpu                                       |                   lm32_cpu |       1866 |       1818 |      48 |    0 | 1140 |      2 |      2 |            3 |
|     (lm32_cpu)                                   |                   lm32_cpu |        115 |         67 |      48 |    0 |  340 |      0 |      0 |            0 |
|     instruction_unit                             |      lm32_instruction_unit |        649 |        649 |       0 |    0 |  323 |      1 |      1 |            0 |
|       (instruction_unit)                         |      lm32_instruction_unit |        482 |        482 |       0 |    0 |  277 |      0 |      0 |            0 |
|       icache                                     |                lm32_icache |        167 |        167 |       0 |    0 |   46 |      1 |      1 |            0 |
|         (icache)                                 |                lm32_icache |         89 |         89 |       0 |    0 |   46 |      0 |      0 |            0 |
|         memories[0].way_0_data_ram               |                 lm32_ram_0 |         61 |         61 |       0 |    0 |    0 |      1 |      0 |            0 |
|         memories[0].way_0_tag_ram                | lm32_ram__parameterized0_1 |         17 |         17 |       0 |    0 |    0 |      0 |      1 |            0 |
|     interrupt_unit                               |             lm32_interrupt |         39 |         39 |       0 |    0 |   34 |      0 |      0 |            0 |
|     load_store_unit                              |       lm32_load_store_unit |        646 |        646 |       0 |    0 |  224 |      1 |      1 |            0 |
|       (load_store_unit)                          |       lm32_load_store_unit |        450 |        450 |       0 |    0 |  180 |      0 |      0 |            0 |
|       dcache                                     |                lm32_dcache |        197 |        197 |       0 |    0 |   44 |      1 |      1 |            0 |
|         (dcache)                                 |                lm32_dcache |         87 |         87 |       0 |    0 |   44 |      0 |      0 |            0 |
|         memories[0].data_memories.way_0_data_ram |                   lm32_ram |         92 |         92 |       0 |    0 |    0 |      1 |      0 |            0 |
|         memories[0].way_0_tag_ram                |   lm32_ram__parameterized0 |         18 |         18 |       0 |    0 |    0 |      0 |      1 |            0 |
|     mc_arithmetic                                |         lm32_mc_arithmetic |        189 |        189 |       0 |    0 |  137 |      0 |      0 |            0 |
|     multiplier                                   |            lm32_multiplier |         93 |         93 |       0 |    0 |   49 |      0 |      0 |            3 |
|     shifter                                      |               lm32_shifter |        135 |        135 |       0 |    0 |   33 |      0 |      0 |            0 |
+--------------------------------------------------+----------------------------+------------+------------+---------+------+------+--------+--------+--------------+
* Note: The sum of lower-level cells may be larger than their parent cells total, due to cross-hierarchy LUT combining


