make[1]: Entering directory `/home/travis/build/timvideos/HDMI2USB-litex-firmware/build/nexys_video_net_lm32/software/libcompiler_rt'
make[1]: warning: jobserver unavailable: using -j1.  Add `+' to parent make rule.
make[1]: Nothing to be done for `all'.
make[1]: Leaving directory `/home/travis/build/timvideos/HDMI2USB-litex-firmware/build/nexys_video_net_lm32/software/libcompiler_rt'
make[1]: Entering directory `/home/travis/build/timvideos/HDMI2USB-litex-firmware/build/nexys_video_net_lm32/software/libbase'
make[1]: warning: jobserver unavailable: using -j1.  Add `+' to parent make rule.
 CC       exception.o
 CC       system.o
 CC       id.o
 CC       uart.o
 CC       time.o
 CC       spiflash.o
 AR       libbase.a
 AR       libbase-nofloat.a
make[1]: Leaving directory `/home/travis/build/timvideos/HDMI2USB-litex-firmware/build/nexys_video_net_lm32/software/libbase'
make[1]: Entering directory `/home/travis/build/timvideos/HDMI2USB-litex-firmware/build/nexys_video_net_lm32/software/libnet'
make[1]: warning: jobserver unavailable: using -j1.  Add `+' to parent make rule.
 CC       microudp.o
 AR       libnet.a
make[1]: Leaving directory `/home/travis/build/timvideos/HDMI2USB-litex-firmware/build/nexys_video_net_lm32/software/libnet'
make[1]: Entering directory `/home/travis/build/timvideos/HDMI2USB-litex-firmware/build/nexys_video_net_lm32/software/bios'
make[1]: warning: jobserver unavailable: using -j1.  Add `+' to parent make rule.
 CC       isr.o
 CC       sdram.o
/home/travis/build/timvideos/HDMI2USB-litex-firmware/third_party/litex/litex/soc/software/bios/sdram.c: In function 'sdrlevel':
/home/travis/build/timvideos/HDMI2USB-litex-firmware/third_party/litex/litex/soc/software/bios/sdram.c:723:6: warning: variable 'high_skew' set but not used [-Wunused-but-set-variable]
  int high_skew[DFII_PIX_DATA_SIZE/2];
      ^
/home/travis/build/timvideos/HDMI2USB-litex-firmware/third_party/litex/litex/soc/software/bios/sdram.c:722:6: warning: variable 'delay' set but not used [-Wunused-but-set-variable]
  int delay[DFII_PIX_DATA_SIZE/2];
      ^
In file included from /home/travis/build/timvideos/HDMI2USB-litex-firmware/third_party/litex/litex/soc/software/bios/sdram.c:7:0:
/home/travis/build/timvideos/HDMI2USB-litex-firmware/third_party/litex/litex/soc/software/bios/sdram.c: At top level:
/home/travis/build/timvideos/HDMI2USB-litex-firmware/build/nexys_video_net_lm32/software/include/generated/sdram_phy.h:16:13: warning: 'command_p1' defined but not used [-Wunused-function]
 static void command_p1(int cmd)
             ^
/home/travis/build/timvideos/HDMI2USB-litex-firmware/build/nexys_video_net_lm32/software/include/generated/sdram_phy.h:21:13: warning: 'command_p2' defined but not used [-Wunused-function]
 static void command_p2(int cmd)
             ^
/home/travis/build/timvideos/HDMI2USB-litex-firmware/third_party/litex/litex/soc/software/bios/sdram.c:353:13: warning: 'read_bitslip' defined but not used [-Wunused-function]
 static void read_bitslip(int *delay, int *high_skew)
             ^
 CC       main.o
 CC       boot.o
 LD       bios.elf
chmod -x bios.elf
 OBJCOPY  bios.bin
chmod -x bios.bin
python -m litex.soc.tools.mkmscimg bios.bin
make[1]: Leaving directory `/home/travis/build/timvideos/HDMI2USB-litex-firmware/build/nexys_video_net_lm32/software/bios'
make[1]: Entering directory `/home/travis/build/timvideos/HDMI2USB-litex-firmware/build/nexys_video_net_lm32/software/uip'
make[1]: warning: jobserver unavailable: using -j1.  Add `+' to parent make rule.
 CC       clock-arch.o
 CC       liteethmac-drv.o
 AR       libuip.a
make[1]: Leaving directory `/home/travis/build/timvideos/HDMI2USB-litex-firmware/build/nexys_video_net_lm32/software/uip'
make[1]: Entering directory `/home/travis/build/timvideos/HDMI2USB-litex-firmware/build/nexys_video_net_lm32/software/firmware'
make[1]: warning: jobserver unavailable: using -j1.  Add `+' to parent make rule.
 CC       bist.o
 CC       ci.o
/home/travis/build/timvideos/HDMI2USB-litex-firmware/firmware/ci.c: In function 'status_short_print':
/home/travis/build/timvideos/HDMI2USB-litex-firmware/firmware/ci.c:355:15: warning: unused variable 'underflows' [-Wunused-variable]
  unsigned int underflows;
               ^
/home/travis/build/timvideos/HDMI2USB-litex-firmware/firmware/ci.c: In function 'status_print':
/home/travis/build/timvideos/HDMI2USB-litex-firmware/firmware/ci.c:454:15: warning: unused variable 'underflows' [-Wunused-variable]
  unsigned int underflows;
               ^
/home/travis/build/timvideos/HDMI2USB-litex-firmware/firmware/ci.c: At top level:
/home/travis/build/timvideos/HDMI2USB-litex-firmware/firmware/ci.c:979:21: warning: 'log2' defined but not used [-Wunused-function]
 static unsigned int log2(unsigned int v)
                     ^
 CC       config.o
 CC       encoder.o
 CC       etherbone.o
 CC       ethernet.o
 CC       fx2.o
 CC       hdmi_in0.o
 CC       hdmi_out0.o
 CC       hdmi_out1.o
 CC       heartbeat.o
 CC       isr.o
 CC       main.o
 CC       mdio.o
 CC       mmcm.o
/home/travis/build/timvideos/HDMI2USB-litex-firmware/firmware/mmcm.c: In function 'mmcm_dump_all':
/home/travis/build/timvideos/HDMI2USB-litex-firmware/firmware/mmcm.c:110:6: warning: unused variable 'i' [-Wunused-variable]
  int i;
      ^
 CC       oled.o
 CC       opsis_eeprom.o
bash /home/travis/build/timvideos/HDMI2USB-litex-firmware/firmware/version_data.sh
# Check the version files exist
[ -e /home/travis/build/timvideos/HDMI2USB-litex-firmware/build/nexys_video_net_lm32/software/include/../..//software/firmware/version_data.h ]
[ -e /home/travis/build/timvideos/HDMI2USB-litex-firmware/build/nexys_video_net_lm32/software/include/../..//software/firmware/version_data.c ]
 CC       pattern.o
 CC       pll.o
 CC       processor.o
/home/travis/build/timvideos/HDMI2USB-litex-firmware/firmware/processor.c: In function 'fb_set_mode':
/home/travis/build/timvideos/HDMI2USB-litex-firmware/firmware/processor.c:516:15: warning: unused variable 'hdmi_out1_enabled' [-Wunused-variable]
  unsigned int hdmi_out1_enabled;
               ^
/home/travis/build/timvideos/HDMI2USB-litex-firmware/firmware/processor.c:515:15: warning: unused variable 'hdmi_out0_enabled' [-Wunused-variable]
  unsigned int hdmi_out0_enabled;
               ^
/home/travis/build/timvideos/HDMI2USB-litex-firmware/firmware/processor.c: In function 'processor_service':
/home/travis/build/timvideos/HDMI2USB-litex-firmware/firmware/processor.c:758:29: warning: unused variable 'm' [-Wunused-variable]
  const struct video_timing *m = &video_modes[processor_mode];
                             ^
/home/travis/build/timvideos/HDMI2USB-litex-firmware/firmware/processor.c: At top level:
/home/travis/build/timvideos/HDMI2USB-litex-firmware/firmware/processor.c:433:13: warning: 'fb_clkgen_write' defined but not used [-Wunused-function]
 static void fb_clkgen_write(int m, int d)
             ^
 CC       reboot.o
 CC       stdio_wrap.o
 CC       tofe_eeprom.o
 CC       uptime.o
 CC       version.o
 CC       /home/travis/build/timvideos/HDMI2USB-litex-firmware/build/nexys_video_net_lm32/software/include/../..//software/firmware/hdmi_in1.o
 LD       firmware.elf
chmod -x firmware.elf
 OBJCOPY  firmware.bin
chmod -x firmware.bin
python -m litex.soc.tools.mkmscimg -f firmware.bin -o firmware.fbi
make[1]: Leaving directory `/home/travis/build/timvideos/HDMI2USB-litex-firmware/build/nexys_video_net_lm32/software/firmware'
